--------------- Build Started: 02/27/2016 23:46:55 Project: Troughput_Central_Peripheral, Configuration: ARM GCC 4.9-2015-q1-update Debug ---------------
The code generation step is up to date.
arm-none-eabi-gcc.exe -mcpu=cortex-m0 -mthumb -Wno-main -I. -IGenerated_Source\PSoC4 -Wa,-alh=.\CortexM0\ARM_GCC_493\Debug/BLEApplication.lst -g -D DEBUG -Wall -ffunction-sections -Og -ffat-lto-objects -c .\BLEApplication.c -o .\CortexM0\ARM_GCC_493\Debug\BLEApplication.o
.\BLEApplication.c: In function 'Parser_UartData':
.\BLEApplication.c:817:50: warning: passing argument 2 of 'WriteUserSFlashRow' from incompatible pointer type
                             WriteUserSFlashRow(1,DeviceNameLen,1,0x00);//灏嗚澶囧悕瀛楅暱搴﹀啓鍏Flash涓紝鎺夌數鏈夋晥
                                                  ^
In file included from .\BLEApplication.c:17:0:
.\WriteUserSFlash.h:51:8: note: expected 'uint32 *' but argument is of type 'uint8 *'
 uint32 WriteUserSFlashRow(uint8 userRowNUmber, uint32 *dataPointer,uint8_t datalength,uint8_t address);     
        ^
.\BLEApplication.c:818:50: warning: passing argument 2 of 'WriteUserSFlashRow' from incompatible pointer type
                             WriteUserSFlashRow(2,Name,DeviceNameLen[0],0x00);//灏嗚澶囧悕鍐欏叆SFlash涓紝鎺夌數鏈夋晥
                                                  ^
In file included from .\BLEApplication.c:17:0:
.\WriteUserSFlash.h:51:8: note: expected 'uint32 *' but argument is of type 'char8 *'
 uint32 WriteUserSFlashRow(uint8 userRowNUmber, uint32 *dataPointer,uint8_t datalength,uint8_t address);     
        ^
arm-none-eabi-ar.exe -rs .\CortexM0\ARM_GCC_493\Debug\Troughput_Central_Peripheral.a .\CortexM0\ARM_GCC_493\Debug\cyfitter_cfg.o .\CortexM0\ARM_GCC_493\Debug\BLE.o .\CortexM0\ARM_GCC_493\Debug\BLE_gatt.o .\CortexM0\ARM_GCC_493\Debug\BLE_eventHandler.o .\CortexM0\ARM_GCC_493\Debug\BLE_HAL_INT.o .\CortexM0\ARM_GCC_493\Debug\BLE_HAL_PVT.o .\CortexM0\ARM_GCC_493\Debug\BLE_custom.o .\CortexM0\ARM_GCC_493\Debug\UART.o .\CortexM0\ARM_GCC_493\Debug\UART_SPI_UART.o .\CortexM0\ARM_GCC_493\Debug\UART_SPI_UART_INT.o .\CortexM0\ARM_GCC_493\Debug\UART_PM.o .\CortexM0\ARM_GCC_493\Debug\UART_UART.o .\CortexM0\ARM_GCC_493\Debug\UART_BOOT.o .\CortexM0\ARM_GCC_493\Debug\UART_UART_BOOT.o .\CortexM0\ARM_GCC_493\Debug\Status_LED.o .\CortexM0\ARM_GCC_493\Debug\Connected_LED.o .\CortexM0\ARM_GCC_493\Debug\BLE_bless_isr.o .\CortexM0\ARM_GCC_493\Debug\UART_SCB_IRQ.o .\CortexM0\ARM_GCC_493\Debug\CyBootAsmGnu.o .\CortexM0\ARM_GCC_493\Debug\CyFlash.o .\CortexM0\ARM_GCC_493\Debug\CyLib.o .\CortexM0\ARM_GCC_493\Debug\cyPm.o .\CortexM0\ARM_GCC_493\Debug\cyutils.o .\CortexM0\ARM_GCC_493\Debug\CyLFClk.o .\CortexM0\ARM_GCC_493\Debug\TimerInterrupt.o .\CortexM0\ARM_GCC_493\Debug\TimerClock.o .\CortexM0\ARM_GCC_493\Debug\Timer.o .\CortexM0\ARM_GCC_493\Debug\Timer_PM.o .\CortexM0\ARM_GCC_493\Debug\UART_SCBCLK.o .\CortexM0\ARM_GCC_493\Debug\UART_tx.o .\CortexM0\ARM_GCC_493\Debug\CTS.o .\CortexM0\ARM_GCC_493\Debug\UART_rx_wake.o .\CortexM0\ARM_GCC_493\Debug\UART_RX_WAKEUP_IRQ.o
arm-none-eabi-ar.exe: creating .\CortexM0\ARM_GCC_493\Debug\Troughput_Central_Peripheral.a
arm-none-eabi-gcc.exe -Wl,--start-group -o .\CortexM0\ARM_GCC_493\Debug\Troughput_Central_Peripheral.elf .\CortexM0\ARM_GCC_493\Debug\main.o .\CortexM0\ARM_GCC_493\Debug\BLEApplication.o .\CortexM0\ARM_GCC_493\Debug\BLEClient.o .\CortexM0\ARM_GCC_493\Debug\WriteUserSFlash.o .\CortexM0\ARM_GCC_493\Debug\cymetadata.o .\CortexM0\ARM_GCC_493\Debug\Cm0Start.o .\CortexM0\ARM_GCC_493\Debug\Troughput_Central_Peripheral.a "C:\Program Files (x86)\Cypress\PSoC Creator\3.3\PSoC Creator\psoc\content\cycomponentlibrary\CyComponentLibrary.cylib\BLE_v2_30\Library\gccCyBLEStack_BLE_SOC_CENTRAL_PERIPHERAL.a" "C:\Program Files (x86)\Cypress\PSoC Creator\3.3\PSoC Creator\psoc\content\cycomponentlibrary\CyComponentLibrary.cylib\CortexM0\ARM_GCC_493\Debug\CyComponentLibrary.a" -mcpu=cortex-m0 -mthumb -g -ffunction-sections -Og -L Generated_Source\PSoC4 -Wl,-Map,.\CortexM0\ARM_GCC_493\Debug/Troughput_Central_Peripheral.map -T Generated_Source\PSoC4\cm0gcc.ld -specs=nano.specs -Wl,--gc-sections -Wl,--end-group
cyelftool.exe -C G:\Company\Jetronic\CYPRESS\Customer\Troughpur_Central_Peripheral_V2.9\Troughput_Central_Peripheral.cydsn\CortexM0\ARM_GCC_493\Debug\Troughput_Central_Peripheral.elf --flash_row_size 128 --flash_size 131072
cyelftool.exe -S G:\Company\Jetronic\CYPRESS\Customer\Troughpur_Central_Peripheral_V2.9\Troughput_Central_Peripheral.cydsn\CortexM0\ARM_GCC_493\Debug\Troughput_Central_Peripheral.elf
Flash used: 103808 of 131072 bytes (79.2%).
SRAM used: 13772 of 16384 bytes (84.1%). Stack: 1024 bytes. Heap: 512 bytes.
--------------- Build Succeeded: 02/27/2016 23:46:58 ---------------
