ARM GAS  C:\Users\Helon\AppData\Local\Temp\cccxcKep.s 			page 1


   1              		.cpu cortex-m0
   2              		.fpu softvfp
   3              		.eabi_attribute 20, 1
   4              		.eabi_attribute 21, 1
   5              		.eabi_attribute 23, 3
   6              		.eabi_attribute 24, 1
   7              		.eabi_attribute 25, 1
   8              		.eabi_attribute 26, 1
   9              		.eabi_attribute 30, 1
  10              		.eabi_attribute 34, 0
  11              		.eabi_attribute 18, 4
  12              		.code	16
  13              		.file	"main.c"
  14              		.text
  15              	.Ltext0:
  16              		.cfi_sections	.debug_frame
  17              		.section	.text.main,"ax",%progbits
  18              		.align	2
  19              		.global	main
  20              		.code	16
  21              		.thumb_func
  22              		.type	main, %function
  23              	main:
  24              	.LFB35:
  25              		.file 1 ".\\main.c"
   1:.\main.c      **** /* ========================================
   2:.\main.c      ****  *
   3:.\main.c      ****  * Copyright YOUR COMPANY, THE YEAR
   4:.\main.c      ****  * All Rights Reserved
   5:.\main.c      ****  * UNPUBLISHED, LICENSED SOFTWARE.
   6:.\main.c      ****  *
   7:.\main.c      ****  * CONFIDENTIAL AND PROPRIETARY INFORMATION
   8:.\main.c      ****  * WHICH IS THE PROPERTY OF your company.
   9:.\main.c      ****  *
  10:.\main.c      ****  * ========================================
  11:.\main.c      **** */
  12:.\main.c      **** #include <project.h>
  13:.\main.c      **** #include "BLEApplication.h"
  14:.\main.c      **** #include "BLEClient.h"
  15:.\main.c      **** #include<stdio.h>
  16:.\main.c      **** #include<string.h>
  17:.\main.c      **** /***************************************
  18:.\main.c      **** * Â§ñÈÉ®ÂÖ®Â±ÄÂèòÈáèÂ£∞Êòé
  19:.\main.c      **** ***************************************/
  20:.\main.c      **** //extern uint8_t  StartScan;
  21:.\main.c      **** //extern uint8_t DeviceList[DeviceListCount];
  22:.\main.c      **** //extern AdvDataInfo DeviceInfo;
  23:.\main.c      **** extern uint8_t DeviceCount;
  24:.\main.c      **** extern uint8_t LowPower_EN;
  25:.\main.c      **** //extern char* StringArry[];
  26:.\main.c      **** extern uint8_t rx_isover;
  27:.\main.c      **** extern uint8_t RX_BUFFER[BUFFER_LENGHTH];
  28:.\main.c      **** extern uint8_t Buffer_Length;
  29:.\main.c      **** extern uint8_t charNotificationEnabled;
  30:.\main.c      **** extern uint8_t _10sIsOver;
  31:.\main.c      **** extern CYBLE_GATTC_WRITE_REQ_T writeRequestData;
  32:.\main.c      **** extern uint8_t Role;
ARM GAS  C:\Users\Helon\AppData\Local\Temp\cccxcKep.s 			page 2


  33:.\main.c      **** extern uint8_t TroughtTest_Flag;
  34:.\main.c      **** extern uint8_t CommandMode;
  35:.\main.c      **** extern uint8 buffer[20];
  36:.\main.c      **** extern uint16 negotiatedMtu;
  37:.\main.c      **** //extern CYBLE_CONN_HANDLE_T	connHandle;
  38:.\main.c      **** int main()
  39:.\main.c      **** {
  26              		.loc 1 39 0
  27              		.cfi_startproc
  28 0000 10B5     		push	{r4, lr}
  29              		.cfi_def_cfa_offset 8
  30              		.cfi_offset 4, -8
  31              		.cfi_offset 14, -4
  32 0002 86B0     		sub	sp, sp, #24
  33              		.cfi_def_cfa_offset 32
  40:.\main.c      ****     CyGlobalIntEnable; /* Enable global interrupts. */
  34              		.loc 1 40 0
  35              	@ 40 ".\main.c" 1
  36 0004 62B6     		CPSIE   i
  37              	@ 0 "" 2
  41:.\main.c      ****     /* Place your initialization/startup code here (e.g. MyInst_Start()) */
  42:.\main.c      ****     uint8_t test[20]={0};
  38              		.loc 1 42 0
  39              		.code	16
  40 0006 0023     		mov	r3, #0
  41 0008 0193     		str	r3, [sp, #4]
  42 000a 0293     		str	r3, [sp, #8]
  43 000c 0393     		str	r3, [sp, #12]
  44 000e 0493     		str	r3, [sp, #16]
  45 0010 0593     		str	r3, [sp, #20]
  43:.\main.c      ****     SystemInitialization();  
  46              		.loc 1 43 0
  47 0012 FFF7FEFF 		bl	SystemInitialization
  48              	.LVL0:
  49              	.L4:
  44:.\main.c      ****     for(;;)
  45:.\main.c      ****     {
  46:.\main.c      ****         
  47:.\main.c      ****         /* Place your application code here. */ 
  48:.\main.c      **** //        CyDelay(10);
  49:.\main.c      **** //        if(rx_isover)
  50:.\main.c      **** //        {
  51:.\main.c      **** //            rx_isover=FALSE;
  52:.\main.c      **** //            while(0!=UART_SpiUartGetRxBufferSize())
  53:.\main.c      **** //            {                
  54:.\main.c      **** //                RX_BUFFER[Buffer_Length]=UART_UartGetByte();//ËØªÂèñ‰∏≤Âè£Êé•Êî∂ÁºìÂÜ≤Âå∫ÁöÑÊï∞Êç
  55:.\main.c      **** //                Buffer_Length++;
  56:.\main.c      **** ////                UART_UartPutChar(UART_UartGetByte());
  57:.\main.c      **** //            }
  58:.\main.c      **** //            //‰∏≤Âè£Êé•Êî∂ÁöÑÊï∞ÊçÆÈïøÂ∫¶Ê∏ÖÈõ∂,‰ª•‰æø‰∏ã‰∏ÄÊù°ÂëΩ‰ª§ËøáÊù•Êó∂ËøòÊòØÂ≠òÊîæÂú®Êï∞Á
  59:.\main.c      **** //            Buffer_Length=0;
  60:.\main.c      **** //            Parser_UartData((char*)RX_BUFFER);
  61:.\main.c      **** //            memset(RX_BUFFER,0,sizeof(RX_BUFFER));
  62:.\main.c      **** //        }
  63:.\main.c      **** //        if(UART_GetRxInterruptSourceMasked()&UART_INTR_RX_NOT_EMPTY)
  64:.\main.c      **** //        {
  65:.\main.c      **** //            
ARM GAS  C:\Users\Helon\AppData\Local\Temp\cccxcKep.s 			page 3


  66:.\main.c      **** //        }
  67:.\main.c      ****         Master_Slave_UartHandler(Role);
  50              		.loc 1 67 0
  51 0016 154B     		ldr	r3, .L5
  52 0018 1878     		ldrb	r0, [r3]
  53 001a FFF7FEFF 		bl	Master_Slave_UartHandler
  54              	.LVL1:
  68:.\main.c      ****         //‰∏ªÊú∫Â§ÑÁêÜ10sÂÆöÊó∂Âô®,10ÁßíÂÜÖÁªô‰ªéÊú∫ÂèëÈÄÅÁöÑÊï∞ÊçÆÔºåÊµãËØïÈÄè‰º†ÈÄüÁéá‰ΩøÁî®
  69:.\main.c      ****         if(_10sIsOver)
  55              		.loc 1 69 0
  56 001e 144B     		ldr	r3, .L5+4
  57 0020 1B78     		ldrb	r3, [r3]
  58 0022 002B     		cmp	r3, #0
  59 0024 17D0     		beq	.L2
  70:.\main.c      ****         {
  71:.\main.c      ****             _10sIsOver=FALSE;
  60              		.loc 1 71 0
  61 0026 0022     		mov	r2, #0
  62 0028 114B     		ldr	r3, .L5+4
  63 002a 1A70     		strb	r2, [r3]
  72:.\main.c      ****             memcpy(test,buffer,20);
  64              		.loc 1 72 0
  65 002c 01AC     		add	r4, sp, #4
  66 002e 201C     		mov	r0, r4
  67 0030 1049     		ldr	r1, .L5+8
  68 0032 1432     		add	r2, r2, #20
  69 0034 FFF7FEFF 		bl	memcpy
  70              	.LVL2:
  73:.\main.c      ****             writeRequestData.value.val=test;
  71              		.loc 1 73 0
  72 0038 0F49     		ldr	r1, .L5+12
  73 003a 0C60     		str	r4, [r1]
  74:.\main.c      ****             writeRequestData.value.len=20;
  74              		.loc 1 74 0
  75 003c 1423     		mov	r3, #20
  76 003e 8B80     		strh	r3, [r1, #4]
  75:.\main.c      ****             writeRequestData.attrHandle=CYBLE_TROUGHPUT_SERVICE_CUSTOM_CHARACTERISTIC_CHAR_HANDLE;
  77              		.loc 1 75 0
  78 0040 063B     		sub	r3, r3, #6
  79 0042 0B81     		strh	r3, [r1, #8]
  76:.\main.c      ****             CyBle_GattcWriteWithoutResponse(cyBle_connHandle, &writeRequestData);
  80              		.loc 1 76 0
  81 0044 0D4A     		ldr	r2, .L5+16
  82 0046 1378     		ldrb	r3, [r2]
  83 0048 5078     		ldrb	r0, [r2, #1]
  84 004a 0002     		lsl	r0, r0, #8
  85 004c 1843     		orr	r0, r3
  86 004e FFF7FEFF 		bl	CyBle_GattcWriteWithoutResponse
  87              	.LVL3:
  77:.\main.c      **** //            writeRequestData.value.val[0]=0x00;
  78:.\main.c      **** //            writeRequestData.attrHandle=CYBLE_TROUGHPUT_SERVICE_SPEEDTEST_CHAR_HANDLE;
  79:.\main.c      **** //            CyBle_GattcWriteCharacteristicValue(cyBle_connHandle, &writeRequestData);   
  80:.\main.c      ****             CyBle_ProcessEvents(); 
  88              		.loc 1 80 0
  89 0052 FFF7FEFF 		bl	CyBle_ProcessEvents
  90              	.LVL4:
  91              	.L2:
ARM GAS  C:\Users\Helon\AppData\Local\Temp\cccxcKep.s 			page 4


  81:.\main.c      ****         }
  82:.\main.c      ****         //        ÊµãËØïÈÄè‰º†ÈÄüÁéáÁî®
  83:.\main.c      **** //        if((TroughtTest_Flag == TURE)&&(Role == Peripheral))
  84:.\main.c      **** //        {
  85:.\main.c      **** //            /* Send new data only when the previous data has gone out, 
  86:.\main.c      **** //             * which is indicated by Stack being Free.
  87:.\main.c      **** //             */
  88:.\main.c      **** ////            printf("SendNotification\r\n");
  89:.\main.c      **** //            if(CyBle_GattGetBusStatus() == CYBLE_STACK_STATE_FREE)
  90:.\main.c      **** //            {
  91:.\main.c      **** //                SendNotification(buffer,negotiatedMtu);                
  92:.\main.c      **** //            }
  93:.\main.c      **** //        }
  94:.\main.c      ****         if(LowPower_EN)
  92              		.loc 1 94 0
  93 0056 0A4B     		ldr	r3, .L5+20
  94 0058 1B78     		ldrb	r3, [r3]
  95 005a 002B     		cmp	r3, #0
  96 005c 03D0     		beq	.L3
  95:.\main.c      ****         {
  96:.\main.c      ****             CyBle_ProcessEvents();            
  97              		.loc 1 96 0
  98 005e FFF7FEFF 		bl	CyBle_ProcessEvents
  99              	.LVL5:
  97:.\main.c      ****             LowPowerManagement();
 100              		.loc 1 97 0
 101 0062 FFF7FEFF 		bl	LowPowerManagement
 102              	.LVL6:
 103              	.L3:
  98:.\main.c      ****         }
  99:.\main.c      ****         
 100:.\main.c      ****         #ifdef LOW_POWER_EN
 101:.\main.c      ****         /* Call CyBle_ProcessEvents to process all events before going to sleep. */
 102:.\main.c      **** 		CyBle_ProcessEvents();            
 103:.\main.c      ****         LowPowerManagement();
 104:.\main.c      ****         #endif    
 105:.\main.c      ****         CyBle_ProcessEvents();
 104              		.loc 1 105 0
 105 0066 FFF7FEFF 		bl	CyBle_ProcessEvents
 106              	.LVL7:
 106:.\main.c      ****     }
 107              		.loc 1 106 0
 108 006a D4E7     		b	.L4
 109              	.L6:
 110              		.align	2
 111              	.L5:
 112 006c 00000000 		.word	Role
 113 0070 00000000 		.word	_10sIsOver
 114 0074 00000000 		.word	buffer
 115 0078 00000000 		.word	writeRequestData
 116 007c 00000000 		.word	cyBle_connHandle
 117 0080 00000000 		.word	LowPower_EN
 118              		.cfi_endproc
 119              	.LFE35:
 120              		.size	main, .-main
 121              		.text
 122              	.Letext0:
ARM GAS  C:\Users\Helon\AppData\Local\Temp\cccxcKep.s 			page 5


 123              		.file 2 "c:\\program files (x86)\\cypress\\psoc creator\\3.3\\psoc creator\\import\\gnu\\arm\\4.9.
 124              		.file 3 "c:\\program files (x86)\\cypress\\psoc creator\\3.3\\psoc creator\\import\\gnu\\arm\\4.9.
 125              		.file 4 "Generated_Source\\PSoC4/cytypes.h"
 126              		.file 5 "Generated_Source\\PSoC4/BLE_Stack.h"
 127              		.file 6 "Generated_Source\\PSoC4/BLE_StackGatt.h"
 128              		.file 7 "Generated_Source\\PSoC4/BLE_StackGattClient.h"
 129              		.file 8 "Generated_Source\\PSoC4/BLE_eventHandler.h"
 130              		.file 9 ".\\BLEApplication.h"
 131              		.section	.debug_info,"",%progbits
 132              	.Ldebug_info0:
 133 0000 89030000 		.4byte	0x389
 134 0004 0400     		.2byte	0x4
 135 0006 00000000 		.4byte	.Ldebug_abbrev0
 136 000a 04       		.byte	0x4
 137 000b 01       		.uleb128 0x1
 138 000c A1020000 		.4byte	.LASF68
 139 0010 01       		.byte	0x1
 140 0011 7F050000 		.4byte	.LASF69
 141 0015 C3050000 		.4byte	.LASF70
 142 0019 00000000 		.4byte	.Ldebug_ranges0+0
 143 001d 00000000 		.4byte	0
 144 0021 00000000 		.4byte	.Ldebug_line0
 145 0025 02       		.uleb128 0x2
 146 0026 01       		.byte	0x1
 147 0027 06       		.byte	0x6
 148 0028 5A030000 		.4byte	.LASF0
 149 002c 03       		.uleb128 0x3
 150 002d 5D020000 		.4byte	.LASF9
 151 0031 02       		.byte	0x2
 152 0032 1D       		.byte	0x1d
 153 0033 37000000 		.4byte	0x37
 154 0037 02       		.uleb128 0x2
 155 0038 01       		.byte	0x1
 156 0039 08       		.byte	0x8
 157 003a 4C030000 		.4byte	.LASF1
 158 003e 02       		.uleb128 0x2
 159 003f 02       		.byte	0x2
 160 0040 05       		.byte	0x5
 161 0041 92000000 		.4byte	.LASF2
 162 0045 02       		.uleb128 0x2
 163 0046 02       		.byte	0x2
 164 0047 07       		.byte	0x7
 165 0048 3C040000 		.4byte	.LASF3
 166 004c 02       		.uleb128 0x2
 167 004d 04       		.byte	0x4
 168 004e 05       		.byte	0x5
 169 004f 54020000 		.4byte	.LASF4
 170 0053 02       		.uleb128 0x2
 171 0054 04       		.byte	0x4
 172 0055 07       		.byte	0x7
 173 0056 C9040000 		.4byte	.LASF5
 174 005a 02       		.uleb128 0x2
 175 005b 08       		.byte	0x8
 176 005c 05       		.byte	0x5
 177 005d 15020000 		.4byte	.LASF6
 178 0061 02       		.uleb128 0x2
 179 0062 08       		.byte	0x8
ARM GAS  C:\Users\Helon\AppData\Local\Temp\cccxcKep.s 			page 6


 180 0063 07       		.byte	0x7
 181 0064 66030000 		.4byte	.LASF7
 182 0068 04       		.uleb128 0x4
 183 0069 04       		.byte	0x4
 184 006a 05       		.byte	0x5
 185 006b 696E7400 		.ascii	"int\000"
 186 006f 02       		.uleb128 0x2
 187 0070 04       		.byte	0x4
 188 0071 07       		.byte	0x7
 189 0072 A9030000 		.4byte	.LASF8
 190 0076 03       		.uleb128 0x3
 191 0077 73010000 		.4byte	.LASF10
 192 007b 03       		.byte	0x3
 193 007c 15       		.byte	0x15
 194 007d 2C000000 		.4byte	0x2c
 195 0081 03       		.uleb128 0x3
 196 0082 7B010000 		.4byte	.LASF11
 197 0086 04       		.byte	0x4
 198 0087 C2       		.byte	0xc2
 199 0088 37000000 		.4byte	0x37
 200 008c 03       		.uleb128 0x3
 201 008d 4E010000 		.4byte	.LASF12
 202 0091 04       		.byte	0x4
 203 0092 C3       		.byte	0xc3
 204 0093 45000000 		.4byte	0x45
 205 0097 02       		.uleb128 0x2
 206 0098 04       		.byte	0x4
 207 0099 04       		.byte	0x4
 208 009a 4E000000 		.4byte	.LASF13
 209 009e 02       		.uleb128 0x2
 210 009f 08       		.byte	0x8
 211 00a0 04       		.byte	0x4
 212 00a1 E6040000 		.4byte	.LASF14
 213 00a5 02       		.uleb128 0x2
 214 00a6 01       		.byte	0x1
 215 00a7 08       		.byte	0x8
 216 00a8 4F040000 		.4byte	.LASF15
 217 00ac 02       		.uleb128 0x2
 218 00ad 04       		.byte	0x4
 219 00ae 07       		.byte	0x7
 220 00af A7000000 		.4byte	.LASF16
 221 00b3 05       		.uleb128 0x5
 222 00b4 04       		.byte	0x4
 223 00b5 06       		.uleb128 0x6
 224 00b6 02       		.byte	0x2
 225 00b7 05       		.byte	0x5
 226 00b8 0C02     		.2byte	0x20c
 227 00ba 6C010000 		.4byte	0x16c
 228 00be 07       		.uleb128 0x7
 229 00bf B0000000 		.4byte	.LASF17
 230 00c3 00       		.sleb128 0
 231 00c4 07       		.uleb128 0x7
 232 00c5 0C010000 		.4byte	.LASF18
 233 00c9 01       		.sleb128 1
 234 00ca 07       		.uleb128 0x7
 235 00cb 55010000 		.4byte	.LASF19
 236 00cf 02       		.sleb128 2
ARM GAS  C:\Users\Helon\AppData\Local\Temp\cccxcKep.s 			page 7


 237 00d0 07       		.uleb128 0x7
 238 00d1 7C040000 		.4byte	.LASF20
 239 00d5 03       		.sleb128 3
 240 00d6 07       		.uleb128 0x7
 241 00d7 ED010000 		.4byte	.LASF21
 242 00db 04       		.sleb128 4
 243 00dc 07       		.uleb128 0x7
 244 00dd 2A010000 		.4byte	.LASF22
 245 00e1 05       		.sleb128 5
 246 00e2 07       		.uleb128 0x7
 247 00e3 CA010000 		.4byte	.LASF23
 248 00e7 06       		.sleb128 6
 249 00e8 07       		.uleb128 0x7
 250 00e9 2F030000 		.4byte	.LASF24
 251 00ed 07       		.sleb128 7
 252 00ee 07       		.uleb128 0x7
 253 00ef 67020000 		.4byte	.LASF25
 254 00f3 08       		.sleb128 8
 255 00f4 07       		.uleb128 0x7
 256 00f5 94030000 		.4byte	.LASF26
 257 00f9 09       		.sleb128 9
 258 00fa 07       		.uleb128 0x7
 259 00fb 54000000 		.4byte	.LASF27
 260 00ff 0A       		.sleb128 10
 261 0100 07       		.uleb128 0x7
 262 0101 23020000 		.4byte	.LASF28
 263 0105 0B       		.sleb128 11
 264 0106 07       		.uleb128 0x7
 265 0107 7D030000 		.4byte	.LASF29
 266 010b 0C       		.sleb128 12
 267 010c 07       		.uleb128 0x7
 268 010d B6030000 		.4byte	.LASF30
 269 0111 0D       		.sleb128 13
 270 0112 07       		.uleb128 0x7
 271 0113 25000000 		.4byte	.LASF31
 272 0117 0E       		.sleb128 14
 273 0118 07       		.uleb128 0x7
 274 0119 00000000 		.4byte	.LASF32
 275 011d 0F       		.sleb128 15
 276 011e 07       		.uleb128 0x7
 277 011f 74060000 		.4byte	.LASF33
 278 0123 10       		.sleb128 16
 279 0124 07       		.uleb128 0x7
 280 0125 6E000000 		.4byte	.LASF34
 281 0129 11       		.sleb128 17
 282 012a 07       		.uleb128 0x7
 283 012b 5C050000 		.4byte	.LASF35
 284 012f 12       		.sleb128 18
 285 0130 07       		.uleb128 0x7
 286 0131 ED040000 		.4byte	.LASF36
 287 0135 13       		.sleb128 19
 288 0136 07       		.uleb128 0x7
 289 0137 A1050000 		.4byte	.LASF37
 290 013b 27       		.sleb128 39
 291 013c 07       		.uleb128 0x7
 292 013d BF000000 		.4byte	.LASF38
 293 0141 28       		.sleb128 40
ARM GAS  C:\Users\Helon\AppData\Local\Temp\cccxcKep.s 			page 8


 294 0142 07       		.uleb128 0x7
 295 0143 F0000000 		.4byte	.LASF39
 296 0147 29       		.sleb128 41
 297 0148 07       		.uleb128 0x7
 298 0149 40060000 		.4byte	.LASF40
 299 014d FF01     		.sleb128 255
 300 014f 07       		.uleb128 0x7
 301 0150 88050000 		.4byte	.LASF41
 302 0154 8002     		.sleb128 256
 303 0156 07       		.uleb128 0x7
 304 0157 A2060000 		.4byte	.LASF42
 305 015b 8102     		.sleb128 257
 306 015d 07       		.uleb128 0x7
 307 015e 19040000 		.4byte	.LASF43
 308 0162 8202     		.sleb128 258
 309 0164 07       		.uleb128 0x7
 310 0165 50060000 		.4byte	.LASF44
 311 0169 8302     		.sleb128 259
 312 016b 00       		.byte	0
 313 016c 08       		.uleb128 0x8
 314 016d 81010000 		.4byte	.LASF45
 315 0171 05       		.byte	0x5
 316 0172 6902     		.2byte	0x269
 317 0174 B5000000 		.4byte	0xb5
 318 0178 09       		.uleb128 0x9
 319 0179 04       		.byte	0x4
 320 017a 81000000 		.4byte	0x81
 321 017e 08       		.uleb128 0x8
 322 017f AD040000 		.4byte	.LASF46
 323 0183 06       		.byte	0x6
 324 0184 8801     		.2byte	0x188
 325 0186 8C000000 		.4byte	0x8c
 326 018a 0A       		.uleb128 0xa
 327 018b 02       		.byte	0x2
 328 018c 06       		.byte	0x6
 329 018d 9201     		.2byte	0x192
 330 018f AE010000 		.4byte	0x1ae
 331 0193 0B       		.uleb128 0xb
 332 0194 E4010000 		.4byte	.LASF47
 333 0198 06       		.byte	0x6
 334 0199 9901     		.2byte	0x199
 335 019b 81000000 		.4byte	0x81
 336 019f 00       		.byte	0
 337 01a0 0B       		.uleb128 0xb
 338 01a1 13040000 		.4byte	.LASF48
 339 01a5 06       		.byte	0x6
 340 01a6 9F01     		.2byte	0x19f
 341 01a8 81000000 		.4byte	0x81
 342 01ac 01       		.byte	0x1
 343 01ad 00       		.byte	0
 344 01ae 08       		.uleb128 0x8
 345 01af 15050000 		.4byte	.LASF49
 346 01b3 06       		.byte	0x6
 347 01b4 A101     		.2byte	0x1a1
 348 01b6 8A010000 		.4byte	0x18a
 349 01ba 0A       		.uleb128 0xa
 350 01bb 08       		.byte	0x8
ARM GAS  C:\Users\Helon\AppData\Local\Temp\cccxcKep.s 			page 9


 351 01bc 06       		.byte	0x6
 352 01bd BD01     		.2byte	0x1bd
 353 01bf EB010000 		.4byte	0x1eb
 354 01c3 0C       		.uleb128 0xc
 355 01c4 76616C00 		.ascii	"val\000"
 356 01c8 06       		.byte	0x6
 357 01c9 C001     		.2byte	0x1c0
 358 01cb 78010000 		.4byte	0x178
 359 01cf 00       		.byte	0
 360 01d0 0C       		.uleb128 0xc
 361 01d1 6C656E00 		.ascii	"len\000"
 362 01d5 06       		.byte	0x6
 363 01d6 C301     		.2byte	0x1c3
 364 01d8 8C000000 		.4byte	0x8c
 365 01dc 04       		.byte	0x4
 366 01dd 0B       		.uleb128 0xb
 367 01de 6A060000 		.4byte	.LASF50
 368 01e2 06       		.byte	0x6
 369 01e3 CA01     		.2byte	0x1ca
 370 01e5 8C000000 		.4byte	0x8c
 371 01e9 06       		.byte	0x6
 372 01ea 00       		.byte	0
 373 01eb 08       		.uleb128 0x8
 374 01ec 54040000 		.4byte	.LASF51
 375 01f0 06       		.byte	0x6
 376 01f1 CC01     		.2byte	0x1cc
 377 01f3 BA010000 		.4byte	0x1ba
 378 01f7 0A       		.uleb128 0xa
 379 01f8 0C       		.byte	0xc
 380 01f9 06       		.byte	0x6
 381 01fa CF01     		.2byte	0x1cf
 382 01fc 1B020000 		.4byte	0x21b
 383 0200 0B       		.uleb128 0xb
 384 0201 48010000 		.4byte	.LASF52
 385 0205 06       		.byte	0x6
 386 0206 D201     		.2byte	0x1d2
 387 0208 EB010000 		.4byte	0x1eb
 388 020c 00       		.byte	0
 389 020d 0B       		.uleb128 0xb
 390 020e DB040000 		.4byte	.LASF53
 391 0212 06       		.byte	0x6
 392 0213 D501     		.2byte	0x1d5
 393 0215 7E010000 		.4byte	0x17e
 394 0219 08       		.byte	0x8
 395 021a 00       		.byte	0
 396 021b 08       		.uleb128 0x8
 397 021c 29050000 		.4byte	.LASF54
 398 0220 06       		.byte	0x6
 399 0221 D701     		.2byte	0x1d7
 400 0223 F7010000 		.4byte	0x1f7
 401 0227 03       		.uleb128 0x3
 402 0228 85020000 		.4byte	.LASF55
 403 022c 07       		.byte	0x7
 404 022d 74       		.byte	0x74
 405 022e 1B020000 		.4byte	0x21b
 406 0232 03       		.uleb128 0x3
 407 0233 DB030000 		.4byte	.LASF56
ARM GAS  C:\Users\Helon\AppData\Local\Temp\cccxcKep.s 			page 10


 408 0237 07       		.byte	0x7
 409 0238 77       		.byte	0x77
 410 0239 1B020000 		.4byte	0x21b
 411 023d 0D       		.uleb128 0xd
 412 023e E4000000 		.4byte	.LASF71
 413 0242 01       		.byte	0x1
 414 0243 26       		.byte	0x26
 415 0244 68000000 		.4byte	0x68
 416 0248 00000000 		.4byte	.LFB35
 417 024c 84000000 		.4byte	.LFE35-.LFB35
 418 0250 01       		.uleb128 0x1
 419 0251 9C       		.byte	0x9c
 420 0252 BD020000 		.4byte	0x2bd
 421 0256 0E       		.uleb128 0xe
 422 0257 A1040000 		.4byte	.LASF72
 423 025b 01       		.byte	0x1
 424 025c 2A       		.byte	0x2a
 425 025d BD020000 		.4byte	0x2bd
 426 0261 02       		.uleb128 0x2
 427 0262 91       		.byte	0x91
 428 0263 64       		.sleb128 -28
 429 0264 0F       		.uleb128 0xf
 430 0265 16000000 		.4byte	.LVL0
 431 0269 20030000 		.4byte	0x320
 432 026d 0F       		.uleb128 0xf
 433 026e 1E000000 		.4byte	.LVL1
 434 0272 27030000 		.4byte	0x327
 435 0276 10       		.uleb128 0x10
 436 0277 38000000 		.4byte	.LVL2
 437 027b 38030000 		.4byte	0x338
 438 027f 8F020000 		.4byte	0x28f
 439 0283 11       		.uleb128 0x11
 440 0284 01       		.uleb128 0x1
 441 0285 52       		.byte	0x52
 442 0286 01       		.uleb128 0x1
 443 0287 44       		.byte	0x44
 444 0288 11       		.uleb128 0x11
 445 0289 01       		.uleb128 0x1
 446 028a 50       		.byte	0x50
 447 028b 02       		.uleb128 0x2
 448 028c 74       		.byte	0x74
 449 028d 00       		.sleb128 0
 450 028e 00       		.byte	0
 451 028f 0F       		.uleb128 0xf
 452 0290 52000000 		.4byte	.LVL3
 453 0294 5C030000 		.4byte	0x35c
 454 0298 0F       		.uleb128 0xf
 455 0299 56000000 		.4byte	.LVL4
 456 029d 7D030000 		.4byte	0x37d
 457 02a1 0F       		.uleb128 0xf
 458 02a2 62000000 		.4byte	.LVL5
 459 02a6 7D030000 		.4byte	0x37d
 460 02aa 0F       		.uleb128 0xf
 461 02ab 66000000 		.4byte	.LVL6
 462 02af 85030000 		.4byte	0x385
 463 02b3 0F       		.uleb128 0xf
 464 02b4 6A000000 		.4byte	.LVL7
ARM GAS  C:\Users\Helon\AppData\Local\Temp\cccxcKep.s 			page 11


 465 02b8 7D030000 		.4byte	0x37d
 466 02bc 00       		.byte	0
 467 02bd 12       		.uleb128 0x12
 468 02be 76000000 		.4byte	0x76
 469 02c2 CD020000 		.4byte	0x2cd
 470 02c6 13       		.uleb128 0x13
 471 02c7 AC000000 		.4byte	0xac
 472 02cb 13       		.byte	0x13
 473 02cc 00       		.byte	0
 474 02cd 14       		.uleb128 0x14
 475 02ce 94010000 		.4byte	.LASF57
 476 02d2 08       		.byte	0x8
 477 02d3 2D09     		.2byte	0x92d
 478 02d5 AE010000 		.4byte	0x1ae
 479 02d9 15       		.uleb128 0x15
 480 02da BE010000 		.4byte	.LASF58
 481 02de 01       		.byte	0x1
 482 02df 18       		.byte	0x18
 483 02e0 76000000 		.4byte	0x76
 484 02e4 15       		.uleb128 0x15
 485 02e5 9C000000 		.4byte	.LASF59
 486 02e9 01       		.byte	0x1
 487 02ea 1E       		.byte	0x1e
 488 02eb 76000000 		.4byte	0x76
 489 02ef 15       		.uleb128 0x15
 490 02f0 43020000 		.4byte	.LASF60
 491 02f4 01       		.byte	0x1
 492 02f5 1F       		.byte	0x1f
 493 02f6 32020000 		.4byte	0x232
 494 02fa 15       		.uleb128 0x15
 495 02fb 10020000 		.4byte	.LASF61
 496 02ff 01       		.byte	0x1
 497 0300 20       		.byte	0x20
 498 0301 76000000 		.4byte	0x76
 499 0305 12       		.uleb128 0x12
 500 0306 81000000 		.4byte	0x81
 501 030a 15030000 		.4byte	0x315
 502 030e 13       		.uleb128 0x13
 503 030f AC000000 		.4byte	0xac
 504 0313 13       		.byte	0x13
 505 0314 00       		.byte	0
 506 0315 15       		.uleb128 0x15
 507 0316 A6040000 		.4byte	.LASF62
 508 031a 01       		.byte	0x1
 509 031b 23       		.byte	0x23
 510 031c 05030000 		.4byte	0x305
 511 0320 16       		.uleb128 0x16
 512 0321 67040000 		.4byte	.LASF65
 513 0325 09       		.byte	0x9
 514 0326 16       		.byte	0x16
 515 0327 17       		.uleb128 0x17
 516 0328 A5010000 		.4byte	.LASF63
 517 032c 09       		.byte	0x9
 518 032d 20       		.byte	0x20
 519 032e 38030000 		.4byte	0x338
 520 0332 18       		.uleb128 0x18
 521 0333 76000000 		.4byte	0x76
ARM GAS  C:\Users\Helon\AppData\Local\Temp\cccxcKep.s 			page 12


 522 0337 00       		.byte	0
 523 0338 19       		.uleb128 0x19
 524 0339 E9000000 		.4byte	.LASF64
 525 033d B3000000 		.4byte	0xb3
 526 0341 55030000 		.4byte	0x355
 527 0345 18       		.uleb128 0x18
 528 0346 B3000000 		.4byte	0xb3
 529 034a 18       		.uleb128 0x18
 530 034b 55030000 		.4byte	0x355
 531 034f 18       		.uleb128 0x18
 532 0350 AC000000 		.4byte	0xac
 533 0354 00       		.byte	0
 534 0355 09       		.uleb128 0x9
 535 0356 04       		.byte	0x4
 536 0357 5B030000 		.4byte	0x35b
 537 035b 1A       		.uleb128 0x1a
 538 035c 1B       		.uleb128 0x1b
 539 035d F3030000 		.4byte	.LASF73
 540 0361 07       		.byte	0x7
 541 0362 6003     		.2byte	0x360
 542 0364 6C010000 		.4byte	0x16c
 543 0368 77030000 		.4byte	0x377
 544 036c 18       		.uleb128 0x18
 545 036d AE010000 		.4byte	0x1ae
 546 0371 18       		.uleb128 0x18
 547 0372 77030000 		.4byte	0x377
 548 0376 00       		.byte	0
 549 0377 09       		.uleb128 0x9
 550 0378 04       		.byte	0x4
 551 0379 27020000 		.4byte	0x227
 552 037d 1C       		.uleb128 0x1c
 553 037e 48050000 		.4byte	.LASF66
 554 0382 05       		.byte	0x5
 555 0383 A304     		.2byte	0x4a3
 556 0385 16       		.uleb128 0x16
 557 0386 BB060000 		.4byte	.LASF67
 558 038a 09       		.byte	0x9
 559 038b 13       		.byte	0x13
 560 038c 00       		.byte	0
 561              		.section	.debug_abbrev,"",%progbits
 562              	.Ldebug_abbrev0:
 563 0000 01       		.uleb128 0x1
 564 0001 11       		.uleb128 0x11
 565 0002 01       		.byte	0x1
 566 0003 25       		.uleb128 0x25
 567 0004 0E       		.uleb128 0xe
 568 0005 13       		.uleb128 0x13
 569 0006 0B       		.uleb128 0xb
 570 0007 03       		.uleb128 0x3
 571 0008 0E       		.uleb128 0xe
 572 0009 1B       		.uleb128 0x1b
 573 000a 0E       		.uleb128 0xe
 574 000b 55       		.uleb128 0x55
 575 000c 17       		.uleb128 0x17
 576 000d 11       		.uleb128 0x11
 577 000e 01       		.uleb128 0x1
 578 000f 10       		.uleb128 0x10
ARM GAS  C:\Users\Helon\AppData\Local\Temp\cccxcKep.s 			page 13


 579 0010 17       		.uleb128 0x17
 580 0011 00       		.byte	0
 581 0012 00       		.byte	0
 582 0013 02       		.uleb128 0x2
 583 0014 24       		.uleb128 0x24
 584 0015 00       		.byte	0
 585 0016 0B       		.uleb128 0xb
 586 0017 0B       		.uleb128 0xb
 587 0018 3E       		.uleb128 0x3e
 588 0019 0B       		.uleb128 0xb
 589 001a 03       		.uleb128 0x3
 590 001b 0E       		.uleb128 0xe
 591 001c 00       		.byte	0
 592 001d 00       		.byte	0
 593 001e 03       		.uleb128 0x3
 594 001f 16       		.uleb128 0x16
 595 0020 00       		.byte	0
 596 0021 03       		.uleb128 0x3
 597 0022 0E       		.uleb128 0xe
 598 0023 3A       		.uleb128 0x3a
 599 0024 0B       		.uleb128 0xb
 600 0025 3B       		.uleb128 0x3b
 601 0026 0B       		.uleb128 0xb
 602 0027 49       		.uleb128 0x49
 603 0028 13       		.uleb128 0x13
 604 0029 00       		.byte	0
 605 002a 00       		.byte	0
 606 002b 04       		.uleb128 0x4
 607 002c 24       		.uleb128 0x24
 608 002d 00       		.byte	0
 609 002e 0B       		.uleb128 0xb
 610 002f 0B       		.uleb128 0xb
 611 0030 3E       		.uleb128 0x3e
 612 0031 0B       		.uleb128 0xb
 613 0032 03       		.uleb128 0x3
 614 0033 08       		.uleb128 0x8
 615 0034 00       		.byte	0
 616 0035 00       		.byte	0
 617 0036 05       		.uleb128 0x5
 618 0037 0F       		.uleb128 0xf
 619 0038 00       		.byte	0
 620 0039 0B       		.uleb128 0xb
 621 003a 0B       		.uleb128 0xb
 622 003b 00       		.byte	0
 623 003c 00       		.byte	0
 624 003d 06       		.uleb128 0x6
 625 003e 04       		.uleb128 0x4
 626 003f 01       		.byte	0x1
 627 0040 0B       		.uleb128 0xb
 628 0041 0B       		.uleb128 0xb
 629 0042 3A       		.uleb128 0x3a
 630 0043 0B       		.uleb128 0xb
 631 0044 3B       		.uleb128 0x3b
 632 0045 05       		.uleb128 0x5
 633 0046 01       		.uleb128 0x1
 634 0047 13       		.uleb128 0x13
 635 0048 00       		.byte	0
ARM GAS  C:\Users\Helon\AppData\Local\Temp\cccxcKep.s 			page 14


 636 0049 00       		.byte	0
 637 004a 07       		.uleb128 0x7
 638 004b 28       		.uleb128 0x28
 639 004c 00       		.byte	0
 640 004d 03       		.uleb128 0x3
 641 004e 0E       		.uleb128 0xe
 642 004f 1C       		.uleb128 0x1c
 643 0050 0D       		.uleb128 0xd
 644 0051 00       		.byte	0
 645 0052 00       		.byte	0
 646 0053 08       		.uleb128 0x8
 647 0054 16       		.uleb128 0x16
 648 0055 00       		.byte	0
 649 0056 03       		.uleb128 0x3
 650 0057 0E       		.uleb128 0xe
 651 0058 3A       		.uleb128 0x3a
 652 0059 0B       		.uleb128 0xb
 653 005a 3B       		.uleb128 0x3b
 654 005b 05       		.uleb128 0x5
 655 005c 49       		.uleb128 0x49
 656 005d 13       		.uleb128 0x13
 657 005e 00       		.byte	0
 658 005f 00       		.byte	0
 659 0060 09       		.uleb128 0x9
 660 0061 0F       		.uleb128 0xf
 661 0062 00       		.byte	0
 662 0063 0B       		.uleb128 0xb
 663 0064 0B       		.uleb128 0xb
 664 0065 49       		.uleb128 0x49
 665 0066 13       		.uleb128 0x13
 666 0067 00       		.byte	0
 667 0068 00       		.byte	0
 668 0069 0A       		.uleb128 0xa
 669 006a 13       		.uleb128 0x13
 670 006b 01       		.byte	0x1
 671 006c 0B       		.uleb128 0xb
 672 006d 0B       		.uleb128 0xb
 673 006e 3A       		.uleb128 0x3a
 674 006f 0B       		.uleb128 0xb
 675 0070 3B       		.uleb128 0x3b
 676 0071 05       		.uleb128 0x5
 677 0072 01       		.uleb128 0x1
 678 0073 13       		.uleb128 0x13
 679 0074 00       		.byte	0
 680 0075 00       		.byte	0
 681 0076 0B       		.uleb128 0xb
 682 0077 0D       		.uleb128 0xd
 683 0078 00       		.byte	0
 684 0079 03       		.uleb128 0x3
 685 007a 0E       		.uleb128 0xe
 686 007b 3A       		.uleb128 0x3a
 687 007c 0B       		.uleb128 0xb
 688 007d 3B       		.uleb128 0x3b
 689 007e 05       		.uleb128 0x5
 690 007f 49       		.uleb128 0x49
 691 0080 13       		.uleb128 0x13
 692 0081 38       		.uleb128 0x38
ARM GAS  C:\Users\Helon\AppData\Local\Temp\cccxcKep.s 			page 15


 693 0082 0B       		.uleb128 0xb
 694 0083 00       		.byte	0
 695 0084 00       		.byte	0
 696 0085 0C       		.uleb128 0xc
 697 0086 0D       		.uleb128 0xd
 698 0087 00       		.byte	0
 699 0088 03       		.uleb128 0x3
 700 0089 08       		.uleb128 0x8
 701 008a 3A       		.uleb128 0x3a
 702 008b 0B       		.uleb128 0xb
 703 008c 3B       		.uleb128 0x3b
 704 008d 05       		.uleb128 0x5
 705 008e 49       		.uleb128 0x49
 706 008f 13       		.uleb128 0x13
 707 0090 38       		.uleb128 0x38
 708 0091 0B       		.uleb128 0xb
 709 0092 00       		.byte	0
 710 0093 00       		.byte	0
 711 0094 0D       		.uleb128 0xd
 712 0095 2E       		.uleb128 0x2e
 713 0096 01       		.byte	0x1
 714 0097 3F       		.uleb128 0x3f
 715 0098 19       		.uleb128 0x19
 716 0099 03       		.uleb128 0x3
 717 009a 0E       		.uleb128 0xe
 718 009b 3A       		.uleb128 0x3a
 719 009c 0B       		.uleb128 0xb
 720 009d 3B       		.uleb128 0x3b
 721 009e 0B       		.uleb128 0xb
 722 009f 49       		.uleb128 0x49
 723 00a0 13       		.uleb128 0x13
 724 00a1 11       		.uleb128 0x11
 725 00a2 01       		.uleb128 0x1
 726 00a3 12       		.uleb128 0x12
 727 00a4 06       		.uleb128 0x6
 728 00a5 40       		.uleb128 0x40
 729 00a6 18       		.uleb128 0x18
 730 00a7 9742     		.uleb128 0x2117
 731 00a9 19       		.uleb128 0x19
 732 00aa 01       		.uleb128 0x1
 733 00ab 13       		.uleb128 0x13
 734 00ac 00       		.byte	0
 735 00ad 00       		.byte	0
 736 00ae 0E       		.uleb128 0xe
 737 00af 34       		.uleb128 0x34
 738 00b0 00       		.byte	0
 739 00b1 03       		.uleb128 0x3
 740 00b2 0E       		.uleb128 0xe
 741 00b3 3A       		.uleb128 0x3a
 742 00b4 0B       		.uleb128 0xb
 743 00b5 3B       		.uleb128 0x3b
 744 00b6 0B       		.uleb128 0xb
 745 00b7 49       		.uleb128 0x49
 746 00b8 13       		.uleb128 0x13
 747 00b9 02       		.uleb128 0x2
 748 00ba 18       		.uleb128 0x18
 749 00bb 00       		.byte	0
ARM GAS  C:\Users\Helon\AppData\Local\Temp\cccxcKep.s 			page 16


 750 00bc 00       		.byte	0
 751 00bd 0F       		.uleb128 0xf
 752 00be 898201   		.uleb128 0x4109
 753 00c1 00       		.byte	0
 754 00c2 11       		.uleb128 0x11
 755 00c3 01       		.uleb128 0x1
 756 00c4 31       		.uleb128 0x31
 757 00c5 13       		.uleb128 0x13
 758 00c6 00       		.byte	0
 759 00c7 00       		.byte	0
 760 00c8 10       		.uleb128 0x10
 761 00c9 898201   		.uleb128 0x4109
 762 00cc 01       		.byte	0x1
 763 00cd 11       		.uleb128 0x11
 764 00ce 01       		.uleb128 0x1
 765 00cf 31       		.uleb128 0x31
 766 00d0 13       		.uleb128 0x13
 767 00d1 01       		.uleb128 0x1
 768 00d2 13       		.uleb128 0x13
 769 00d3 00       		.byte	0
 770 00d4 00       		.byte	0
 771 00d5 11       		.uleb128 0x11
 772 00d6 8A8201   		.uleb128 0x410a
 773 00d9 00       		.byte	0
 774 00da 02       		.uleb128 0x2
 775 00db 18       		.uleb128 0x18
 776 00dc 9142     		.uleb128 0x2111
 777 00de 18       		.uleb128 0x18
 778 00df 00       		.byte	0
 779 00e0 00       		.byte	0
 780 00e1 12       		.uleb128 0x12
 781 00e2 01       		.uleb128 0x1
 782 00e3 01       		.byte	0x1
 783 00e4 49       		.uleb128 0x49
 784 00e5 13       		.uleb128 0x13
 785 00e6 01       		.uleb128 0x1
 786 00e7 13       		.uleb128 0x13
 787 00e8 00       		.byte	0
 788 00e9 00       		.byte	0
 789 00ea 13       		.uleb128 0x13
 790 00eb 21       		.uleb128 0x21
 791 00ec 00       		.byte	0
 792 00ed 49       		.uleb128 0x49
 793 00ee 13       		.uleb128 0x13
 794 00ef 2F       		.uleb128 0x2f
 795 00f0 0B       		.uleb128 0xb
 796 00f1 00       		.byte	0
 797 00f2 00       		.byte	0
 798 00f3 14       		.uleb128 0x14
 799 00f4 34       		.uleb128 0x34
 800 00f5 00       		.byte	0
 801 00f6 03       		.uleb128 0x3
 802 00f7 0E       		.uleb128 0xe
 803 00f8 3A       		.uleb128 0x3a
 804 00f9 0B       		.uleb128 0xb
 805 00fa 3B       		.uleb128 0x3b
 806 00fb 05       		.uleb128 0x5
ARM GAS  C:\Users\Helon\AppData\Local\Temp\cccxcKep.s 			page 17


 807 00fc 49       		.uleb128 0x49
 808 00fd 13       		.uleb128 0x13
 809 00fe 3F       		.uleb128 0x3f
 810 00ff 19       		.uleb128 0x19
 811 0100 3C       		.uleb128 0x3c
 812 0101 19       		.uleb128 0x19
 813 0102 00       		.byte	0
 814 0103 00       		.byte	0
 815 0104 15       		.uleb128 0x15
 816 0105 34       		.uleb128 0x34
 817 0106 00       		.byte	0
 818 0107 03       		.uleb128 0x3
 819 0108 0E       		.uleb128 0xe
 820 0109 3A       		.uleb128 0x3a
 821 010a 0B       		.uleb128 0xb
 822 010b 3B       		.uleb128 0x3b
 823 010c 0B       		.uleb128 0xb
 824 010d 49       		.uleb128 0x49
 825 010e 13       		.uleb128 0x13
 826 010f 3F       		.uleb128 0x3f
 827 0110 19       		.uleb128 0x19
 828 0111 3C       		.uleb128 0x3c
 829 0112 19       		.uleb128 0x19
 830 0113 00       		.byte	0
 831 0114 00       		.byte	0
 832 0115 16       		.uleb128 0x16
 833 0116 2E       		.uleb128 0x2e
 834 0117 00       		.byte	0
 835 0118 3F       		.uleb128 0x3f
 836 0119 19       		.uleb128 0x19
 837 011a 03       		.uleb128 0x3
 838 011b 0E       		.uleb128 0xe
 839 011c 3A       		.uleb128 0x3a
 840 011d 0B       		.uleb128 0xb
 841 011e 3B       		.uleb128 0x3b
 842 011f 0B       		.uleb128 0xb
 843 0120 27       		.uleb128 0x27
 844 0121 19       		.uleb128 0x19
 845 0122 3C       		.uleb128 0x3c
 846 0123 19       		.uleb128 0x19
 847 0124 00       		.byte	0
 848 0125 00       		.byte	0
 849 0126 17       		.uleb128 0x17
 850 0127 2E       		.uleb128 0x2e
 851 0128 01       		.byte	0x1
 852 0129 3F       		.uleb128 0x3f
 853 012a 19       		.uleb128 0x19
 854 012b 03       		.uleb128 0x3
 855 012c 0E       		.uleb128 0xe
 856 012d 3A       		.uleb128 0x3a
 857 012e 0B       		.uleb128 0xb
 858 012f 3B       		.uleb128 0x3b
 859 0130 0B       		.uleb128 0xb
 860 0131 27       		.uleb128 0x27
 861 0132 19       		.uleb128 0x19
 862 0133 3C       		.uleb128 0x3c
 863 0134 19       		.uleb128 0x19
ARM GAS  C:\Users\Helon\AppData\Local\Temp\cccxcKep.s 			page 18


 864 0135 01       		.uleb128 0x1
 865 0136 13       		.uleb128 0x13
 866 0137 00       		.byte	0
 867 0138 00       		.byte	0
 868 0139 18       		.uleb128 0x18
 869 013a 05       		.uleb128 0x5
 870 013b 00       		.byte	0
 871 013c 49       		.uleb128 0x49
 872 013d 13       		.uleb128 0x13
 873 013e 00       		.byte	0
 874 013f 00       		.byte	0
 875 0140 19       		.uleb128 0x19
 876 0141 2E       		.uleb128 0x2e
 877 0142 01       		.byte	0x1
 878 0143 3F       		.uleb128 0x3f
 879 0144 19       		.uleb128 0x19
 880 0145 03       		.uleb128 0x3
 881 0146 0E       		.uleb128 0xe
 882 0147 27       		.uleb128 0x27
 883 0148 19       		.uleb128 0x19
 884 0149 49       		.uleb128 0x49
 885 014a 13       		.uleb128 0x13
 886 014b 34       		.uleb128 0x34
 887 014c 19       		.uleb128 0x19
 888 014d 3C       		.uleb128 0x3c
 889 014e 19       		.uleb128 0x19
 890 014f 01       		.uleb128 0x1
 891 0150 13       		.uleb128 0x13
 892 0151 00       		.byte	0
 893 0152 00       		.byte	0
 894 0153 1A       		.uleb128 0x1a
 895 0154 26       		.uleb128 0x26
 896 0155 00       		.byte	0
 897 0156 00       		.byte	0
 898 0157 00       		.byte	0
 899 0158 1B       		.uleb128 0x1b
 900 0159 2E       		.uleb128 0x2e
 901 015a 01       		.byte	0x1
 902 015b 3F       		.uleb128 0x3f
 903 015c 19       		.uleb128 0x19
 904 015d 03       		.uleb128 0x3
 905 015e 0E       		.uleb128 0xe
 906 015f 3A       		.uleb128 0x3a
 907 0160 0B       		.uleb128 0xb
 908 0161 3B       		.uleb128 0x3b
 909 0162 05       		.uleb128 0x5
 910 0163 27       		.uleb128 0x27
 911 0164 19       		.uleb128 0x19
 912 0165 49       		.uleb128 0x49
 913 0166 13       		.uleb128 0x13
 914 0167 3C       		.uleb128 0x3c
 915 0168 19       		.uleb128 0x19
 916 0169 01       		.uleb128 0x1
 917 016a 13       		.uleb128 0x13
 918 016b 00       		.byte	0
 919 016c 00       		.byte	0
 920 016d 1C       		.uleb128 0x1c
ARM GAS  C:\Users\Helon\AppData\Local\Temp\cccxcKep.s 			page 19


 921 016e 2E       		.uleb128 0x2e
 922 016f 00       		.byte	0
 923 0170 3F       		.uleb128 0x3f
 924 0171 19       		.uleb128 0x19
 925 0172 03       		.uleb128 0x3
 926 0173 0E       		.uleb128 0xe
 927 0174 3A       		.uleb128 0x3a
 928 0175 0B       		.uleb128 0xb
 929 0176 3B       		.uleb128 0x3b
 930 0177 05       		.uleb128 0x5
 931 0178 27       		.uleb128 0x27
 932 0179 19       		.uleb128 0x19
 933 017a 3C       		.uleb128 0x3c
 934 017b 19       		.uleb128 0x19
 935 017c 00       		.byte	0
 936 017d 00       		.byte	0
 937 017e 00       		.byte	0
 938              		.section	.debug_aranges,"",%progbits
 939 0000 1C000000 		.4byte	0x1c
 940 0004 0200     		.2byte	0x2
 941 0006 00000000 		.4byte	.Ldebug_info0
 942 000a 04       		.byte	0x4
 943 000b 00       		.byte	0
 944 000c 0000     		.2byte	0
 945 000e 0000     		.2byte	0
 946 0010 00000000 		.4byte	.LFB35
 947 0014 84000000 		.4byte	.LFE35-.LFB35
 948 0018 00000000 		.4byte	0
 949 001c 00000000 		.4byte	0
 950              		.section	.debug_ranges,"",%progbits
 951              	.Ldebug_ranges0:
 952 0000 00000000 		.4byte	.LFB35
 953 0004 84000000 		.4byte	.LFE35
 954 0008 00000000 		.4byte	0
 955 000c 00000000 		.4byte	0
 956              		.section	.debug_line,"",%progbits
 957              	.Ldebug_line0:
 958 0000 CC010000 		.section	.debug_str,"MS",%progbits,1
 958      0200A201 
 958      00000201 
 958      FB0E0D00 
 958      01010101 
 959              	.LASF32:
 960 0000 4359424C 		.ascii	"CYBLE_ERROR_L2CAP_PSM_NOT_REGISTERED\000"
 960      455F4552 
 960      524F525F 
 960      4C324341 
 960      505F5053 
 961              	.LASF31:
 962 0025 4359424C 		.ascii	"CYBLE_ERROR_L2CAP_PSM_ALREADY_REGISTERED\000"
 962      455F4552 
 962      524F525F 
 962      4C324341 
 962      505F5053 
 963              	.LASF13:
 964 004e 666C6F61 		.ascii	"float\000"
 964      7400
ARM GAS  C:\Users\Helon\AppData\Local\Temp\cccxcKep.s 			page 20


 965              	.LASF27:
 966 0054 4359424C 		.ascii	"CYBLE_ERROR_TX_POWER_READ\000"
 966      455F4552 
 966      524F525F 
 966      54585F50 
 966      4F574552 
 967              	.LASF34:
 968 006e 4359424C 		.ascii	"CYBLE_ERROR_L2CAP_CHANNEL_NOT_FOUND\000"
 968      455F4552 
 968      524F525F 
 968      4C324341 
 968      505F4348 
 969              	.LASF2:
 970 0092 73686F72 		.ascii	"short int\000"
 970      7420696E 
 970      7400
 971              	.LASF59:
 972 009c 5F313073 		.ascii	"_10sIsOver\000"
 972      49734F76 
 972      657200
 973              	.LASF16:
 974 00a7 73697A65 		.ascii	"sizetype\000"
 974      74797065 
 974      00
 975              	.LASF17:
 976 00b0 4359424C 		.ascii	"CYBLE_ERROR_OK\000"
 976      455F4552 
 976      524F525F 
 976      4F4B00
 977              	.LASF38:
 978 00bf 4359424C 		.ascii	"CYBLE_ERROR_FLASH_WRITE_NOT_PERMITED\000"
 978      455F4552 
 978      524F525F 
 978      464C4153 
 978      485F5752 
 979              	.LASF71:
 980 00e4 6D61696E 		.ascii	"main\000"
 980      00
 981              	.LASF64:
 982 00e9 6D656D63 		.ascii	"memcpy\000"
 982      707900
 983              	.LASF39:
 984 00f0 4359424C 		.ascii	"CYBLE_ERROR_MIC_AUTH_FAILED\000"
 984      455F4552 
 984      524F525F 
 984      4D49435F 
 984      41555448 
 985              	.LASF18:
 986 010c 4359424C 		.ascii	"CYBLE_ERROR_INVALID_PARAMETER\000"
 986      455F4552 
 986      524F525F 
 986      494E5641 
 986      4C49445F 
 987              	.LASF22:
 988 012a 4359424C 		.ascii	"CYBLE_ERROR_OOB_NOT_AVAILABLE\000"
 988      455F4552 
 988      524F525F 
ARM GAS  C:\Users\Helon\AppData\Local\Temp\cccxcKep.s 			page 21


 988      4F4F425F 
 988      4E4F545F 
 989              	.LASF52:
 990 0148 76616C75 		.ascii	"value\000"
 990      6500
 991              	.LASF12:
 992 014e 75696E74 		.ascii	"uint16\000"
 992      313600
 993              	.LASF19:
 994 0155 4359424C 		.ascii	"CYBLE_ERROR_INVALID_OPERATION\000"
 994      455F4552 
 994      524F525F 
 994      494E5641 
 994      4C49445F 
 995              	.LASF10:
 996 0173 75696E74 		.ascii	"uint8_t\000"
 996      385F7400 
 997              	.LASF11:
 998 017b 75696E74 		.ascii	"uint8\000"
 998      3800
 999              	.LASF45:
 1000 0181 4359424C 		.ascii	"CYBLE_API_RESULT_T\000"
 1000      455F4150 
 1000      495F5245 
 1000      53554C54 
 1000      5F5400
 1001              	.LASF57:
 1002 0194 6379426C 		.ascii	"cyBle_connHandle\000"
 1002      655F636F 
 1002      6E6E4861 
 1002      6E646C65 
 1002      00
 1003              	.LASF63:
 1004 01a5 4D617374 		.ascii	"Master_Slave_UartHandler\000"
 1004      65725F53 
 1004      6C617665 
 1004      5F556172 
 1004      7448616E 
 1005              	.LASF58:
 1006 01be 4C6F7750 		.ascii	"LowPower_EN\000"
 1006      6F776572 
 1006      5F454E00 
 1007              	.LASF23:
 1008 01ca 4359424C 		.ascii	"CYBLE_ERROR_NO_CONNECTION\000"
 1008      455F4552 
 1008      524F525F 
 1008      4E4F5F43 
 1008      4F4E4E45 
 1009              	.LASF47:
 1010 01e4 62644861 		.ascii	"bdHandle\000"
 1010      6E646C65 
 1010      00
 1011              	.LASF21:
 1012 01ed 4359424C 		.ascii	"CYBLE_ERROR_INSUFFICIENT_RESOURCES\000"
 1012      455F4552 
 1012      524F525F 
 1012      494E5355 
ARM GAS  C:\Users\Helon\AppData\Local\Temp\cccxcKep.s 			page 22


 1012      46464943 
 1013              	.LASF61:
 1014 0210 526F6C65 		.ascii	"Role\000"
 1014      00
 1015              	.LASF6:
 1016 0215 6C6F6E67 		.ascii	"long long int\000"
 1016      206C6F6E 
 1016      6720696E 
 1016      7400
 1017              	.LASF28:
 1018 0223 4359424C 		.ascii	"CYBLE_ERROR_BT_ON_NOT_COMPLETED\000"
 1018      455F4552 
 1018      524F525F 
 1018      42545F4F 
 1018      4E5F4E4F 
 1019              	.LASF60:
 1020 0243 77726974 		.ascii	"writeRequestData\000"
 1020      65526571 
 1020      75657374 
 1020      44617461 
 1020      00
 1021              	.LASF4:
 1022 0254 6C6F6E67 		.ascii	"long int\000"
 1022      20696E74 
 1022      00
 1023              	.LASF9:
 1024 025d 5F5F7569 		.ascii	"__uint8_t\000"
 1024      6E74385F 
 1024      7400
 1025              	.LASF25:
 1026 0267 4359424C 		.ascii	"CYBLE_ERROR_REPEATED_ATTEMPTS\000"
 1026      455F4552 
 1026      524F525F 
 1026      52455045 
 1026      41544544 
 1027              	.LASF55:
 1028 0285 4359424C 		.ascii	"CYBLE_GATTC_WRITE_CMD_REQ_T\000"
 1028      455F4741 
 1028      5454435F 
 1028      57524954 
 1028      455F434D 
 1029              	.LASF68:
 1030 02a1 474E5520 		.ascii	"GNU C 4.9.3 20150303 (release) [ARM/embedded-4_9-br"
 1030      4320342E 
 1030      392E3320 
 1030      32303135 
 1030      30333033 
 1031 02d4 616E6368 		.ascii	"anch revision 221220] -mcpu=cortex-m0 -mthumb -g -O"
 1031      20726576 
 1031      6973696F 
 1031      6E203232 
 1031      31323230 
 1032 0307 67202D66 		.ascii	"g -ffunction-sections -ffat-lto-objects\000"
 1032      66756E63 
 1032      74696F6E 
 1032      2D736563 
 1032      74696F6E 
ARM GAS  C:\Users\Helon\AppData\Local\Temp\cccxcKep.s 			page 23


 1033              	.LASF24:
 1034 032f 4359424C 		.ascii	"CYBLE_ERROR_NO_DEVICE_ENTITY\000"
 1034      455F4552 
 1034      524F525F 
 1034      4E4F5F44 
 1034      45564943 
 1035              	.LASF1:
 1036 034c 756E7369 		.ascii	"unsigned char\000"
 1036      676E6564 
 1036      20636861 
 1036      7200
 1037              	.LASF0:
 1038 035a 7369676E 		.ascii	"signed char\000"
 1038      65642063 
 1038      68617200 
 1039              	.LASF7:
 1040 0366 6C6F6E67 		.ascii	"long long unsigned int\000"
 1040      206C6F6E 
 1040      6720756E 
 1040      7369676E 
 1040      65642069 
 1041              	.LASF29:
 1042 037d 4359424C 		.ascii	"CYBLE_ERROR_SEC_FAILED\000"
 1042      455F4552 
 1042      524F525F 
 1042      5345435F 
 1042      4641494C 
 1043              	.LASF26:
 1044 0394 4359424C 		.ascii	"CYBLE_ERROR_GAP_ROLE\000"
 1044      455F4552 
 1044      524F525F 
 1044      4741505F 
 1044      524F4C45 
 1045              	.LASF8:
 1046 03a9 756E7369 		.ascii	"unsigned int\000"
 1046      676E6564 
 1046      20696E74 
 1046      00
 1047              	.LASF30:
 1048 03b6 4359424C 		.ascii	"CYBLE_ERROR_L2CAP_PSM_WRONG_ENCODING\000"
 1048      455F4552 
 1048      524F525F 
 1048      4C324341 
 1048      505F5053 
 1049              	.LASF56:
 1050 03db 4359424C 		.ascii	"CYBLE_GATTC_WRITE_REQ_T\000"
 1050      455F4741 
 1050      5454435F 
 1050      57524954 
 1050      455F5245 
 1051              	.LASF73:
 1052 03f3 4379426C 		.ascii	"CyBle_GattcWriteWithoutResponse\000"
 1052      655F4761 
 1052      74746357 
 1052      72697465 
 1052      57697468 
 1053              	.LASF48:
ARM GAS  C:\Users\Helon\AppData\Local\Temp\cccxcKep.s 			page 24


 1054 0413 61747449 		.ascii	"attId\000"
 1054      6400
 1055              	.LASF43:
 1056 0419 4359424C 		.ascii	"CYBLE_ERROR_CHAR_IS_NOT_DISCOVERED\000"
 1056      455F4552 
 1056      524F525F 
 1056      43484152 
 1056      5F49535F 
 1057              	.LASF3:
 1058 043c 73686F72 		.ascii	"short unsigned int\000"
 1058      7420756E 
 1058      7369676E 
 1058      65642069 
 1058      6E7400
 1059              	.LASF15:
 1060 044f 63686172 		.ascii	"char\000"
 1060      00
 1061              	.LASF51:
 1062 0454 4359424C 		.ascii	"CYBLE_GATT_VALUE_T\000"
 1062      455F4741 
 1062      54545F56 
 1062      414C5545 
 1062      5F5400
 1063              	.LASF65:
 1064 0467 53797374 		.ascii	"SystemInitialization\000"
 1064      656D496E 
 1064      69746961 
 1064      6C697A61 
 1064      74696F6E 
 1065              	.LASF20:
 1066 047c 4359424C 		.ascii	"CYBLE_ERROR_MEMORY_ALLOCATION_FAILED\000"
 1066      455F4552 
 1066      524F525F 
 1066      4D454D4F 
 1066      52595F41 
 1067              	.LASF72:
 1068 04a1 74657374 		.ascii	"test\000"
 1068      00
 1069              	.LASF62:
 1070 04a6 62756666 		.ascii	"buffer\000"
 1070      657200
 1071              	.LASF46:
 1072 04ad 4359424C 		.ascii	"CYBLE_GATT_DB_ATTR_HANDLE_T\000"
 1072      455F4741 
 1072      54545F44 
 1072      425F4154 
 1072      54525F48 
 1073              	.LASF5:
 1074 04c9 6C6F6E67 		.ascii	"long unsigned int\000"
 1074      20756E73 
 1074      69676E65 
 1074      6420696E 
 1074      7400
 1075              	.LASF53:
 1076 04db 61747472 		.ascii	"attrHandle\000"
 1076      48616E64 
 1076      6C6500
ARM GAS  C:\Users\Helon\AppData\Local\Temp\cccxcKep.s 			page 25


 1077              	.LASF14:
 1078 04e6 646F7562 		.ascii	"double\000"
 1078      6C6500
 1079              	.LASF36:
 1080 04ed 4359424C 		.ascii	"CYBLE_ERROR_GATT_DB_INVALID_ATTR_HANDLE\000"
 1080      455F4552 
 1080      524F525F 
 1080      47415454 
 1080      5F44425F 
 1081              	.LASF49:
 1082 0515 4359424C 		.ascii	"CYBLE_CONN_HANDLE_T\000"
 1082      455F434F 
 1082      4E4E5F48 
 1082      414E444C 
 1082      455F5400 
 1083              	.LASF54:
 1084 0529 4359424C 		.ascii	"CYBLE_GATT_HANDLE_VALUE_PAIR_T\000"
 1084      455F4741 
 1084      54545F48 
 1084      414E444C 
 1084      455F5641 
 1085              	.LASF66:
 1086 0548 4379426C 		.ascii	"CyBle_ProcessEvents\000"
 1086      655F5072 
 1086      6F636573 
 1086      73457665 
 1086      6E747300 
 1087              	.LASF35:
 1088 055c 4359424C 		.ascii	"CYBLE_ERROR_L2CAP_PSM_NOT_IN_RANGE\000"
 1088      455F4552 
 1088      524F525F 
 1088      4C324341 
 1088      505F5053 
 1089              	.LASF69:
 1090 057f 2E5C6D61 		.ascii	".\\main.c\000"
 1090      696E2E63 
 1090      00
 1091              	.LASF41:
 1092 0588 4359424C 		.ascii	"CYBLE_ERROR_NTF_DISABLED\000"
 1092      455F4552 
 1092      524F525F 
 1092      4E54465F 
 1092      44495341 
 1093              	.LASF37:
 1094 05a1 4359424C 		.ascii	"CYBLE_ERROR_DEVICE_ALREADY_EXISTS\000"
 1094      455F4552 
 1094      524F525F 
 1094      44455649 
 1094      43455F41 
 1095              	.LASF70:
 1096 05c3 473A5C43 		.ascii	"G:\\Company\\Jetronic\\CYPRESS\\CYPRESS_BLE_Study\\"
 1096      6F6D7061 
 1096      6E795C4A 
 1096      6574726F 
 1096      6E69635C 
 1097 05f1 54726F75 		.ascii	"Troughput\\Troughpur_Central_Peripheral_V2.0\\Troug"
 1097      67687075 
ARM GAS  C:\Users\Helon\AppData\Local\Temp\cccxcKep.s 			page 26


 1097      745C5472 
 1097      6F756768 
 1097      7075725F 
 1098 0622 68707574 		.ascii	"hput_Central_Peripheral.cydsn\000"
 1098      5F43656E 
 1098      7472616C 
 1098      5F506572 
 1098      69706865 
 1099              	.LASF40:
 1100 0640 4359424C 		.ascii	"CYBLE_ERROR_MAX\000"
 1100      455F4552 
 1100      524F525F 
 1100      4D415800 
 1101              	.LASF44:
 1102 0650 4359424C 		.ascii	"CYBLE_ERROR_INVALID_STATE\000"
 1102      455F4552 
 1102      524F525F 
 1102      494E5641 
 1102      4C49445F 
 1103              	.LASF50:
 1104 066a 61637475 		.ascii	"actualLen\000"
 1104      616C4C65 
 1104      6E00
 1105              	.LASF33:
 1106 0674 4359424C 		.ascii	"CYBLE_ERROR_L2CAP_CONNECTION_ENTITY_NOT_FOUND\000"
 1106      455F4552 
 1106      524F525F 
 1106      4C324341 
 1106      505F434F 
 1107              	.LASF42:
 1108 06a2 4359424C 		.ascii	"CYBLE_ERROR_IND_DISABLED\000"
 1108      455F4552 
 1108      524F525F 
 1108      494E445F 
 1108      44495341 
 1109              	.LASF67:
 1110 06bb 4C6F7750 		.ascii	"LowPowerManagement\000"
 1110      6F776572 
 1110      4D616E61 
 1110      67656D65 
 1110      6E7400
 1111              		.ident	"GCC: (GNU Tools for ARM Embedded Processors) 4.9.3 20150303 (release) [ARM/embedded-4_9-br
