ARM GAS  C:\Users\Helon\AppData\Local\Temp\cc0C4lo7.s 			page 1


   1              		.cpu cortex-m0
   2              		.fpu softvfp
   3              		.eabi_attribute 20, 1
   4              		.eabi_attribute 21, 1
   5              		.eabi_attribute 23, 3
   6              		.eabi_attribute 24, 1
   7              		.eabi_attribute 25, 1
   8              		.eabi_attribute 26, 1
   9              		.eabi_attribute 30, 1
  10              		.eabi_attribute 34, 0
  11              		.eabi_attribute 18, 4
  12              		.code	16
  13              		.file	"UART_SPI_UART_INT.c"
  14              		.text
  15              	.Ltext0:
  16              		.cfi_sections	.debug_frame
  17              		.section	.text.UART_SPI_UART_ISR,"ax",%progbits
  18              		.align	2
  19              		.global	UART_SPI_UART_ISR
  20              		.code	16
  21              		.thumb_func
  22              		.type	UART_SPI_UART_ISR, %function
  23              	UART_SPI_UART_ISR:
  24              	.LFB2:
  25              		.file 1 ".\\Generated_Source\\PSoC4\\UART_SPI_UART_INT.c"
   1:.\Generated_Source\PSoC4/UART_SPI_UART_INT.c **** /*******************************************************************************
   2:.\Generated_Source\PSoC4/UART_SPI_UART_INT.c **** * File Name: UART_SPI_UART_INT.c
   3:.\Generated_Source\PSoC4/UART_SPI_UART_INT.c **** * Version 3.0
   4:.\Generated_Source\PSoC4/UART_SPI_UART_INT.c **** *
   5:.\Generated_Source\PSoC4/UART_SPI_UART_INT.c **** * Description:
   6:.\Generated_Source\PSoC4/UART_SPI_UART_INT.c **** *  This file provides the source code to the Interrupt Service Routine for
   7:.\Generated_Source\PSoC4/UART_SPI_UART_INT.c **** *  the SCB Component in SPI and UART modes.
   8:.\Generated_Source\PSoC4/UART_SPI_UART_INT.c **** *
   9:.\Generated_Source\PSoC4/UART_SPI_UART_INT.c **** * Note:
  10:.\Generated_Source\PSoC4/UART_SPI_UART_INT.c **** *
  11:.\Generated_Source\PSoC4/UART_SPI_UART_INT.c **** ********************************************************************************
  12:.\Generated_Source\PSoC4/UART_SPI_UART_INT.c **** * Copyright 2013-2015, Cypress Semiconductor Corporation.  All rights reserved.
  13:.\Generated_Source\PSoC4/UART_SPI_UART_INT.c **** * You may use this file only in accordance with the license, terms, conditions,
  14:.\Generated_Source\PSoC4/UART_SPI_UART_INT.c **** * disclaimers, and limitations in the end user license agreement accompanying
  15:.\Generated_Source\PSoC4/UART_SPI_UART_INT.c **** * the software package with which this file was provided.
  16:.\Generated_Source\PSoC4/UART_SPI_UART_INT.c **** *******************************************************************************/
  17:.\Generated_Source\PSoC4/UART_SPI_UART_INT.c **** 
  18:.\Generated_Source\PSoC4/UART_SPI_UART_INT.c **** #include "UART_PVT.h"
  19:.\Generated_Source\PSoC4/UART_SPI_UART_INT.c **** #include "UART_SPI_UART_PVT.h"
  20:.\Generated_Source\PSoC4/UART_SPI_UART_INT.c **** #include "cyapicallbacks.h"
  21:.\Generated_Source\PSoC4/UART_SPI_UART_INT.c **** 
  22:.\Generated_Source\PSoC4/UART_SPI_UART_INT.c **** #if (UART_SCB_IRQ_INTERNAL)
  23:.\Generated_Source\PSoC4/UART_SPI_UART_INT.c **** /*******************************************************************************
  24:.\Generated_Source\PSoC4/UART_SPI_UART_INT.c **** * Function Name: UART_SPI_UART_ISR
  25:.\Generated_Source\PSoC4/UART_SPI_UART_INT.c **** ********************************************************************************
  26:.\Generated_Source\PSoC4/UART_SPI_UART_INT.c **** *
  27:.\Generated_Source\PSoC4/UART_SPI_UART_INT.c **** * Summary:
  28:.\Generated_Source\PSoC4/UART_SPI_UART_INT.c **** *  Handles the Interrupt Service Routine for the SCB SPI or UART modes.
  29:.\Generated_Source\PSoC4/UART_SPI_UART_INT.c **** *
  30:.\Generated_Source\PSoC4/UART_SPI_UART_INT.c **** * Parameters:
  31:.\Generated_Source\PSoC4/UART_SPI_UART_INT.c **** *  None
  32:.\Generated_Source\PSoC4/UART_SPI_UART_INT.c **** *
ARM GAS  C:\Users\Helon\AppData\Local\Temp\cc0C4lo7.s 			page 2


  33:.\Generated_Source\PSoC4/UART_SPI_UART_INT.c **** * Return:
  34:.\Generated_Source\PSoC4/UART_SPI_UART_INT.c **** *  None
  35:.\Generated_Source\PSoC4/UART_SPI_UART_INT.c **** *
  36:.\Generated_Source\PSoC4/UART_SPI_UART_INT.c **** *******************************************************************************/
  37:.\Generated_Source\PSoC4/UART_SPI_UART_INT.c **** CY_ISR(UART_SPI_UART_ISR)
  38:.\Generated_Source\PSoC4/UART_SPI_UART_INT.c **** {
  26              		.loc 1 38 0
  27              		.cfi_startproc
  28 0000 08B5     		push	{r3, lr}
  29              		.cfi_def_cfa_offset 8
  30              		.cfi_offset 3, -8
  31              		.cfi_offset 14, -4
  39:.\Generated_Source\PSoC4/UART_SPI_UART_INT.c **** #if (UART_INTERNAL_RX_SW_BUFFER_CONST)
  40:.\Generated_Source\PSoC4/UART_SPI_UART_INT.c ****     uint32 locHead;
  41:.\Generated_Source\PSoC4/UART_SPI_UART_INT.c **** #endif /* (UART_INTERNAL_RX_SW_BUFFER_CONST) */
  42:.\Generated_Source\PSoC4/UART_SPI_UART_INT.c **** 
  43:.\Generated_Source\PSoC4/UART_SPI_UART_INT.c **** #if (UART_INTERNAL_TX_SW_BUFFER_CONST)
  44:.\Generated_Source\PSoC4/UART_SPI_UART_INT.c ****     uint32 locTail;
  45:.\Generated_Source\PSoC4/UART_SPI_UART_INT.c **** #endif /* (UART_INTERNAL_TX_SW_BUFFER_CONST) */
  46:.\Generated_Source\PSoC4/UART_SPI_UART_INT.c **** 
  47:.\Generated_Source\PSoC4/UART_SPI_UART_INT.c **** #ifdef UART_SPI_UART_ISR_ENTRY_CALLBACK
  48:.\Generated_Source\PSoC4/UART_SPI_UART_INT.c ****     UART_SPI_UART_ISR_EntryCallback();
  49:.\Generated_Source\PSoC4/UART_SPI_UART_INT.c **** #endif /* UART_SPI_UART_ISR_ENTRY_CALLBACK */
  50:.\Generated_Source\PSoC4/UART_SPI_UART_INT.c **** 
  51:.\Generated_Source\PSoC4/UART_SPI_UART_INT.c ****     if (NULL != UART_customIntrHandler)
  32              		.loc 1 51 0
  33 0002 144B     		ldr	r3, .L9
  34 0004 1B68     		ldr	r3, [r3]
  35 0006 002B     		cmp	r3, #0
  36 0008 00D0     		beq	.L2
  52:.\Generated_Source\PSoC4/UART_SPI_UART_INT.c ****     {
  53:.\Generated_Source\PSoC4/UART_SPI_UART_INT.c ****         UART_customIntrHandler();
  37              		.loc 1 53 0
  38 000a 9847     		blx	r3
  39              	.LVL0:
  40              	.L2:
  54:.\Generated_Source\PSoC4/UART_SPI_UART_INT.c ****     }
  55:.\Generated_Source\PSoC4/UART_SPI_UART_INT.c **** 
  56:.\Generated_Source\PSoC4/UART_SPI_UART_INT.c ****     #if (UART_CHECK_SPI_WAKE_ENABLE)
  57:.\Generated_Source\PSoC4/UART_SPI_UART_INT.c ****     {
  58:.\Generated_Source\PSoC4/UART_SPI_UART_INT.c ****         /* Clear SPI wakeup source */
  59:.\Generated_Source\PSoC4/UART_SPI_UART_INT.c ****         UART_ClearSpiExtClkInterruptSource(UART_INTR_SPI_EC_WAKE_UP);
  60:.\Generated_Source\PSoC4/UART_SPI_UART_INT.c ****     }
  61:.\Generated_Source\PSoC4/UART_SPI_UART_INT.c ****     #endif
  62:.\Generated_Source\PSoC4/UART_SPI_UART_INT.c **** 
  63:.\Generated_Source\PSoC4/UART_SPI_UART_INT.c ****     #if (UART_CHECK_RX_SW_BUFFER)
  64:.\Generated_Source\PSoC4/UART_SPI_UART_INT.c ****     {
  65:.\Generated_Source\PSoC4/UART_SPI_UART_INT.c ****         if (UART_CHECK_INTR_RX_MASKED(UART_INTR_RX_NOT_EMPTY))
  41              		.loc 1 65 0
  42 000c 124B     		ldr	r3, .L9+4
  43 000e 1B68     		ldr	r3, [r3]
  44 0010 5B07     		lsl	r3, r3, #29
  45 0012 1ED5     		bpl	.L1
  46              	.L7:
  66:.\Generated_Source\PSoC4/UART_SPI_UART_INT.c ****         {
  67:.\Generated_Source\PSoC4/UART_SPI_UART_INT.c ****             do
  68:.\Generated_Source\PSoC4/UART_SPI_UART_INT.c ****             {
ARM GAS  C:\Users\Helon\AppData\Local\Temp\cc0C4lo7.s 			page 3


  69:.\Generated_Source\PSoC4/UART_SPI_UART_INT.c ****                 /* Move local head index */
  70:.\Generated_Source\PSoC4/UART_SPI_UART_INT.c ****                 locHead = (UART_rxBufferHead + 1u);
  47              		.loc 1 70 0
  48 0014 114B     		ldr	r3, .L9+8
  49 0016 1B68     		ldr	r3, [r3]
  50 0018 0133     		add	r3, r3, #1
  51              	.LVL1:
  71:.\Generated_Source\PSoC4/UART_SPI_UART_INT.c **** 
  72:.\Generated_Source\PSoC4/UART_SPI_UART_INT.c ****                 /* Adjust local head index */
  73:.\Generated_Source\PSoC4/UART_SPI_UART_INT.c ****                 if (UART_INTERNAL_RX_BUFFER_SIZE == locHead)
  52              		.loc 1 73 0
  53 001a 114A     		ldr	r2, .L9+12
  54 001c 9342     		cmp	r3, r2
  55 001e 00D1     		bne	.L4
  74:.\Generated_Source\PSoC4/UART_SPI_UART_INT.c ****                 {
  75:.\Generated_Source\PSoC4/UART_SPI_UART_INT.c ****                     locHead = 0u;
  56              		.loc 1 75 0
  57 0020 0023     		mov	r3, #0
  58              	.LVL2:
  59              	.L4:
  76:.\Generated_Source\PSoC4/UART_SPI_UART_INT.c ****                 }
  77:.\Generated_Source\PSoC4/UART_SPI_UART_INT.c **** 
  78:.\Generated_Source\PSoC4/UART_SPI_UART_INT.c ****                 if (locHead == UART_rxBufferTail)
  60              		.loc 1 78 0
  61 0022 104A     		ldr	r2, .L9+16
  62 0024 1268     		ldr	r2, [r2]
  63 0026 9342     		cmp	r3, r2
  64 0028 05D1     		bne	.L5
  79:.\Generated_Source\PSoC4/UART_SPI_UART_INT.c ****                 {
  80:.\Generated_Source\PSoC4/UART_SPI_UART_INT.c ****                     #if (UART_CHECK_UART_RTS_CONTROL_FLOW)
  81:.\Generated_Source\PSoC4/UART_SPI_UART_INT.c ****                     {
  82:.\Generated_Source\PSoC4/UART_SPI_UART_INT.c ****                         /* There is no space in the software buffer - disable the
  83:.\Generated_Source\PSoC4/UART_SPI_UART_INT.c ****                         * RX Not Empty interrupt source. The data elements are
  84:.\Generated_Source\PSoC4/UART_SPI_UART_INT.c ****                         * still being received into the RX FIFO until the RTS signal
  85:.\Generated_Source\PSoC4/UART_SPI_UART_INT.c ****                         * stops the transmitter. After the data element is read from the
  86:.\Generated_Source\PSoC4/UART_SPI_UART_INT.c ****                         * buffer, the RX Not Empty interrupt source is enabled to
  87:.\Generated_Source\PSoC4/UART_SPI_UART_INT.c ****                         * move the next data element in the software buffer.
  88:.\Generated_Source\PSoC4/UART_SPI_UART_INT.c ****                         */
  89:.\Generated_Source\PSoC4/UART_SPI_UART_INT.c ****                         UART_INTR_RX_MASK_REG &= ~UART_INTR_RX_NOT_EMPTY;
  90:.\Generated_Source\PSoC4/UART_SPI_UART_INT.c ****                         break;
  91:.\Generated_Source\PSoC4/UART_SPI_UART_INT.c ****                     }
  92:.\Generated_Source\PSoC4/UART_SPI_UART_INT.c ****                     #else
  93:.\Generated_Source\PSoC4/UART_SPI_UART_INT.c ****                     {
  94:.\Generated_Source\PSoC4/UART_SPI_UART_INT.c ****                         /* Overflow: through away received data element */
  95:.\Generated_Source\PSoC4/UART_SPI_UART_INT.c ****                         (void) UART_RX_FIFO_RD_REG;
  65              		.loc 1 95 0
  66 002a 0F4B     		ldr	r3, .L9+20
  67              	.LVL3:
  68 002c 1B68     		ldr	r3, [r3]
  96:.\Generated_Source\PSoC4/UART_SPI_UART_INT.c ****                         UART_rxBufferOverflow = (uint8) UART_INTR_RX_OVERFLOW;
  69              		.loc 1 96 0
  70 002e 2022     		mov	r2, #32
  71 0030 0E4B     		ldr	r3, .L9+24
  72 0032 1A70     		strb	r2, [r3]
  73 0034 06E0     		b	.L6
  74              	.LVL4:
  75              	.L5:
ARM GAS  C:\Users\Helon\AppData\Local\Temp\cc0C4lo7.s 			page 4


  97:.\Generated_Source\PSoC4/UART_SPI_UART_INT.c ****                     }
  98:.\Generated_Source\PSoC4/UART_SPI_UART_INT.c ****                     #endif
  99:.\Generated_Source\PSoC4/UART_SPI_UART_INT.c ****                 }
 100:.\Generated_Source\PSoC4/UART_SPI_UART_INT.c ****                 else
 101:.\Generated_Source\PSoC4/UART_SPI_UART_INT.c ****                 {
 102:.\Generated_Source\PSoC4/UART_SPI_UART_INT.c ****                     /* Store received data */
 103:.\Generated_Source\PSoC4/UART_SPI_UART_INT.c ****                     UART_PutWordInRxBuffer(locHead, UART_RX_FIFO_RD_REG);
  76              		.loc 1 103 0
  77 0036 0C4A     		ldr	r2, .L9+20
  78 0038 1268     		ldr	r2, [r2]
  79 003a D2B2     		uxtb	r2, r2
  80 003c 0C49     		ldr	r1, .L9+28
  81 003e CA54     		strb	r2, [r1, r3]
 104:.\Generated_Source\PSoC4/UART_SPI_UART_INT.c **** 
 105:.\Generated_Source\PSoC4/UART_SPI_UART_INT.c ****                     /* Move head index */
 106:.\Generated_Source\PSoC4/UART_SPI_UART_INT.c ****                     UART_rxBufferHead = locHead;
  82              		.loc 1 106 0
  83 0040 064A     		ldr	r2, .L9+8
  84 0042 1360     		str	r3, [r2]
  85              	.LVL5:
  86              	.L6:
 107:.\Generated_Source\PSoC4/UART_SPI_UART_INT.c ****                 }
 108:.\Generated_Source\PSoC4/UART_SPI_UART_INT.c ****             }
 109:.\Generated_Source\PSoC4/UART_SPI_UART_INT.c ****             while(0u != UART_GET_RX_FIFO_ENTRIES);
  87              		.loc 1 109 0
  88 0044 0B4B     		ldr	r3, .L9+32
  89 0046 1B68     		ldr	r3, [r3]
  90 0048 DB06     		lsl	r3, r3, #27
  91 004a E3D1     		bne	.L7
 110:.\Generated_Source\PSoC4/UART_SPI_UART_INT.c **** 
 111:.\Generated_Source\PSoC4/UART_SPI_UART_INT.c ****             UART_ClearRxInterruptSource(UART_INTR_RX_NOT_EMPTY);
  92              		.loc 1 111 0
  93 004c 0422     		mov	r2, #4
  94 004e 0A4B     		ldr	r3, .L9+36
  95 0050 1A60     		str	r2, [r3]
  96              	.L1:
 112:.\Generated_Source\PSoC4/UART_SPI_UART_INT.c ****         }
 113:.\Generated_Source\PSoC4/UART_SPI_UART_INT.c ****     }
 114:.\Generated_Source\PSoC4/UART_SPI_UART_INT.c ****     #endif
 115:.\Generated_Source\PSoC4/UART_SPI_UART_INT.c **** 
 116:.\Generated_Source\PSoC4/UART_SPI_UART_INT.c **** 
 117:.\Generated_Source\PSoC4/UART_SPI_UART_INT.c ****     #if (UART_CHECK_TX_SW_BUFFER)
 118:.\Generated_Source\PSoC4/UART_SPI_UART_INT.c ****     {
 119:.\Generated_Source\PSoC4/UART_SPI_UART_INT.c ****         if (UART_CHECK_INTR_TX_MASKED(UART_INTR_TX_NOT_FULL))
 120:.\Generated_Source\PSoC4/UART_SPI_UART_INT.c ****         {
 121:.\Generated_Source\PSoC4/UART_SPI_UART_INT.c ****             do
 122:.\Generated_Source\PSoC4/UART_SPI_UART_INT.c ****             {
 123:.\Generated_Source\PSoC4/UART_SPI_UART_INT.c ****                 /* Check for room in TX software buffer */
 124:.\Generated_Source\PSoC4/UART_SPI_UART_INT.c ****                 if (UART_txBufferHead != UART_txBufferTail)
 125:.\Generated_Source\PSoC4/UART_SPI_UART_INT.c ****                 {
 126:.\Generated_Source\PSoC4/UART_SPI_UART_INT.c ****                     /* Move local tail index */
 127:.\Generated_Source\PSoC4/UART_SPI_UART_INT.c ****                     locTail = (UART_txBufferTail + 1u);
 128:.\Generated_Source\PSoC4/UART_SPI_UART_INT.c **** 
 129:.\Generated_Source\PSoC4/UART_SPI_UART_INT.c ****                     /* Adjust local tail index */
 130:.\Generated_Source\PSoC4/UART_SPI_UART_INT.c ****                     if (UART_TX_BUFFER_SIZE == locTail)
 131:.\Generated_Source\PSoC4/UART_SPI_UART_INT.c ****                     {
 132:.\Generated_Source\PSoC4/UART_SPI_UART_INT.c ****                         locTail = 0u;
ARM GAS  C:\Users\Helon\AppData\Local\Temp\cc0C4lo7.s 			page 5


 133:.\Generated_Source\PSoC4/UART_SPI_UART_INT.c ****                     }
 134:.\Generated_Source\PSoC4/UART_SPI_UART_INT.c **** 
 135:.\Generated_Source\PSoC4/UART_SPI_UART_INT.c ****                     /* Put data into TX FIFO */
 136:.\Generated_Source\PSoC4/UART_SPI_UART_INT.c ****                     UART_TX_FIFO_WR_REG = UART_GetWordFromTxBuffer(locTail);
 137:.\Generated_Source\PSoC4/UART_SPI_UART_INT.c **** 
 138:.\Generated_Source\PSoC4/UART_SPI_UART_INT.c ****                     /* Move tail index */
 139:.\Generated_Source\PSoC4/UART_SPI_UART_INT.c ****                     UART_txBufferTail = locTail;
 140:.\Generated_Source\PSoC4/UART_SPI_UART_INT.c ****                 }
 141:.\Generated_Source\PSoC4/UART_SPI_UART_INT.c ****                 else
 142:.\Generated_Source\PSoC4/UART_SPI_UART_INT.c ****                 {
 143:.\Generated_Source\PSoC4/UART_SPI_UART_INT.c ****                     /* TX software buffer is empty: complete transfer */
 144:.\Generated_Source\PSoC4/UART_SPI_UART_INT.c ****                     UART_DISABLE_INTR_TX(UART_INTR_TX_NOT_FULL);
 145:.\Generated_Source\PSoC4/UART_SPI_UART_INT.c ****                     break;
 146:.\Generated_Source\PSoC4/UART_SPI_UART_INT.c ****                 }
 147:.\Generated_Source\PSoC4/UART_SPI_UART_INT.c ****             }
 148:.\Generated_Source\PSoC4/UART_SPI_UART_INT.c ****             while (UART_SPI_UART_FIFO_SIZE != UART_GET_TX_FIFO_ENTRIES);
 149:.\Generated_Source\PSoC4/UART_SPI_UART_INT.c **** 
 150:.\Generated_Source\PSoC4/UART_SPI_UART_INT.c ****             UART_ClearTxInterruptSource(UART_INTR_TX_NOT_FULL);
 151:.\Generated_Source\PSoC4/UART_SPI_UART_INT.c ****         }
 152:.\Generated_Source\PSoC4/UART_SPI_UART_INT.c ****     }
 153:.\Generated_Source\PSoC4/UART_SPI_UART_INT.c ****     #endif
 154:.\Generated_Source\PSoC4/UART_SPI_UART_INT.c ****     
 155:.\Generated_Source\PSoC4/UART_SPI_UART_INT.c **** #ifdef UART_SPI_UART_ISR_EXIT_CALLBACK
 156:.\Generated_Source\PSoC4/UART_SPI_UART_INT.c ****     UART_SPI_UART_ISR_ExitCallback();
 157:.\Generated_Source\PSoC4/UART_SPI_UART_INT.c **** #endif /* UART_SPI_UART_ISR_EXIT_CALLBACK */
 158:.\Generated_Source\PSoC4/UART_SPI_UART_INT.c ****     
 159:.\Generated_Source\PSoC4/UART_SPI_UART_INT.c **** }
  97              		.loc 1 159 0
  98              		@ sp needed
  99 0052 08BD     		pop	{r3, pc}
 100              	.L10:
 101              		.align	2
 102              	.L9:
 103 0054 00000000 		.word	UART_customIntrHandler
 104 0058 CC0F2440 		.word	1076105164
 105 005c 00000000 		.word	UART_rxBufferHead
 106 0060 01080000 		.word	2049
 107 0064 00000000 		.word	UART_rxBufferTail
 108 0068 40032440 		.word	1076101952
 109 006c 00000000 		.word	UART_rxBufferOverflow
 110 0070 00000000 		.word	UART_rxBufferInternal
 111 0074 08032440 		.word	1076101896
 112 0078 C00F2440 		.word	1076105152
 113              		.cfi_endproc
 114              	.LFE2:
 115              		.size	UART_SPI_UART_ISR, .-UART_SPI_UART_ISR
 116              		.text
 117              	.Letext0:
 118              		.file 2 "Generated_Source\\PSoC4/cytypes.h"
 119              		.file 3 ".\\Generated_Source\\PSoC4\\UART_PVT.h"
 120              		.file 4 ".\\Generated_Source\\PSoC4\\UART_SPI_UART_PVT.h"
 121              		.section	.debug_info,"",%progbits
 122              	.Ldebug_info0:
 123 0000 35010000 		.4byte	0x135
 124 0004 0400     		.2byte	0x4
 125 0006 00000000 		.4byte	.Ldebug_abbrev0
 126 000a 04       		.byte	0x4
ARM GAS  C:\Users\Helon\AppData\Local\Temp\cc0C4lo7.s 			page 6


 127 000b 01       		.uleb128 0x1
 128 000c B6010000 		.4byte	.LASF22
 129 0010 01       		.byte	0x1
 130 0011 8C000000 		.4byte	.LASF23
 131 0015 22000000 		.4byte	.LASF24
 132 0019 00000000 		.4byte	.Ldebug_ranges0+0
 133 001d 00000000 		.4byte	0
 134 0021 00000000 		.4byte	.Ldebug_line0
 135 0025 02       		.uleb128 0x2
 136 0026 01       		.byte	0x1
 137 0027 06       		.byte	0x6
 138 0028 AA010000 		.4byte	.LASF0
 139 002c 02       		.uleb128 0x2
 140 002d 01       		.byte	0x1
 141 002e 08       		.byte	0x8
 142 002f 40010000 		.4byte	.LASF1
 143 0033 02       		.uleb128 0x2
 144 0034 02       		.byte	0x2
 145 0035 05       		.byte	0x5
 146 0036 80010000 		.4byte	.LASF2
 147 003a 02       		.uleb128 0x2
 148 003b 02       		.byte	0x2
 149 003c 07       		.byte	0x7
 150 003d 97010000 		.4byte	.LASF3
 151 0041 02       		.uleb128 0x2
 152 0042 04       		.byte	0x4
 153 0043 05       		.byte	0x5
 154 0044 6A010000 		.4byte	.LASF4
 155 0048 02       		.uleb128 0x2
 156 0049 04       		.byte	0x4
 157 004a 07       		.byte	0x7
 158 004b D5000000 		.4byte	.LASF5
 159 004f 02       		.uleb128 0x2
 160 0050 08       		.byte	0x8
 161 0051 05       		.byte	0x5
 162 0052 00000000 		.4byte	.LASF6
 163 0056 02       		.uleb128 0x2
 164 0057 08       		.byte	0x8
 165 0058 07       		.byte	0x7
 166 0059 EF000000 		.4byte	.LASF7
 167 005d 03       		.uleb128 0x3
 168 005e 04       		.byte	0x4
 169 005f 05       		.byte	0x5
 170 0060 696E7400 		.ascii	"int\000"
 171 0064 02       		.uleb128 0x2
 172 0065 04       		.byte	0x4
 173 0066 07       		.byte	0x7
 174 0067 15000000 		.4byte	.LASF8
 175 006b 04       		.uleb128 0x4
 176 006c CF000000 		.4byte	.LASF9
 177 0070 02       		.byte	0x2
 178 0071 C2       		.byte	0xc2
 179 0072 2C000000 		.4byte	0x2c
 180 0076 04       		.uleb128 0x4
 181 0077 0E000000 		.4byte	.LASF10
 182 007b 02       		.byte	0x2
 183 007c C4       		.byte	0xc4
ARM GAS  C:\Users\Helon\AppData\Local\Temp\cc0C4lo7.s 			page 7


 184 007d 48000000 		.4byte	0x48
 185 0081 02       		.uleb128 0x2
 186 0082 04       		.byte	0x4
 187 0083 04       		.byte	0x4
 188 0084 56020000 		.4byte	.LASF11
 189 0088 02       		.uleb128 0x2
 190 0089 08       		.byte	0x8
 191 008a 04       		.byte	0x4
 192 008b 8A010000 		.4byte	.LASF12
 193 008f 02       		.uleb128 0x2
 194 0090 01       		.byte	0x1
 195 0091 08       		.byte	0x8
 196 0092 65010000 		.4byte	.LASF13
 197 0096 05       		.uleb128 0x5
 198 0097 6B000000 		.4byte	0x6b
 199 009b 06       		.uleb128 0x6
 200 009c 91010000 		.4byte	.LASF14
 201 00a0 02       		.byte	0x2
 202 00a1 6E01     		.2byte	0x16e
 203 00a3 A7000000 		.4byte	0xa7
 204 00a7 05       		.uleb128 0x5
 205 00a8 76000000 		.4byte	0x76
 206 00ac 06       		.uleb128 0x6
 207 00ad 73010000 		.4byte	.LASF15
 208 00b1 02       		.byte	0x2
 209 00b2 7E01     		.2byte	0x17e
 210 00b4 B8000000 		.4byte	0xb8
 211 00b8 07       		.uleb128 0x7
 212 00b9 04       		.byte	0x4
 213 00ba BE000000 		.4byte	0xbe
 214 00be 08       		.uleb128 0x8
 215 00bf 02       		.uleb128 0x2
 216 00c0 04       		.byte	0x4
 217 00c1 07       		.byte	0x7
 218 00c2 5C020000 		.4byte	.LASF16
 219 00c6 09       		.uleb128 0x9
 220 00c7 44020000 		.4byte	.LASF25
 221 00cb 01       		.byte	0x1
 222 00cc 25       		.byte	0x25
 223 00cd 00000000 		.4byte	.LFB2
 224 00d1 7C000000 		.4byte	.LFE2-.LFB2
 225 00d5 01       		.uleb128 0x1
 226 00d6 9C       		.byte	0x9c
 227 00d7 EB000000 		.4byte	0xeb
 228 00db 0A       		.uleb128 0xa
 229 00dc E7000000 		.4byte	.LASF26
 230 00e0 01       		.byte	0x1
 231 00e1 28       		.byte	0x28
 232 00e2 76000000 		.4byte	0x76
 233 00e6 00000000 		.4byte	.LLST0
 234 00ea 00       		.byte	0
 235 00eb 0B       		.uleb128 0xb
 236 00ec 4E010000 		.4byte	.LASF17
 237 00f0 03       		.byte	0x3
 238 00f1 3A       		.byte	0x3a
 239 00f2 AC000000 		.4byte	0xac
 240 00f6 0B       		.uleb128 0xb
ARM GAS  C:\Users\Helon\AppData\Local\Temp\cc0C4lo7.s 			page 8


 241 00f7 06010000 		.4byte	.LASF18
 242 00fb 04       		.byte	0x4
 243 00fc 1E       		.byte	0x1e
 244 00fd A7000000 		.4byte	0xa7
 245 0101 0B       		.uleb128 0xb
 246 0102 18010000 		.4byte	.LASF19
 247 0106 04       		.byte	0x4
 248 0107 1F       		.byte	0x1f
 249 0108 A7000000 		.4byte	0xa7
 250 010c 0B       		.uleb128 0xb
 251 010d B9000000 		.4byte	.LASF20
 252 0111 04       		.byte	0x4
 253 0112 20       		.byte	0x20
 254 0113 96000000 		.4byte	0x96
 255 0117 0C       		.uleb128 0xc
 256 0118 6B000000 		.4byte	0x6b
 257 011c 28010000 		.4byte	0x128
 258 0120 0D       		.uleb128 0xd
 259 0121 BF000000 		.4byte	0xbf
 260 0125 0008     		.2byte	0x800
 261 0127 00       		.byte	0
 262 0128 0B       		.uleb128 0xb
 263 0129 2A010000 		.4byte	.LASF21
 264 012d 04       		.byte	0x4
 265 012e 29       		.byte	0x29
 266 012f 33010000 		.4byte	0x133
 267 0133 05       		.uleb128 0x5
 268 0134 17010000 		.4byte	0x117
 269 0138 00       		.byte	0
 270              		.section	.debug_abbrev,"",%progbits
 271              	.Ldebug_abbrev0:
 272 0000 01       		.uleb128 0x1
 273 0001 11       		.uleb128 0x11
 274 0002 01       		.byte	0x1
 275 0003 25       		.uleb128 0x25
 276 0004 0E       		.uleb128 0xe
 277 0005 13       		.uleb128 0x13
 278 0006 0B       		.uleb128 0xb
 279 0007 03       		.uleb128 0x3
 280 0008 0E       		.uleb128 0xe
 281 0009 1B       		.uleb128 0x1b
 282 000a 0E       		.uleb128 0xe
 283 000b 55       		.uleb128 0x55
 284 000c 17       		.uleb128 0x17
 285 000d 11       		.uleb128 0x11
 286 000e 01       		.uleb128 0x1
 287 000f 10       		.uleb128 0x10
 288 0010 17       		.uleb128 0x17
 289 0011 00       		.byte	0
 290 0012 00       		.byte	0
 291 0013 02       		.uleb128 0x2
 292 0014 24       		.uleb128 0x24
 293 0015 00       		.byte	0
 294 0016 0B       		.uleb128 0xb
 295 0017 0B       		.uleb128 0xb
 296 0018 3E       		.uleb128 0x3e
 297 0019 0B       		.uleb128 0xb
ARM GAS  C:\Users\Helon\AppData\Local\Temp\cc0C4lo7.s 			page 9


 298 001a 03       		.uleb128 0x3
 299 001b 0E       		.uleb128 0xe
 300 001c 00       		.byte	0
 301 001d 00       		.byte	0
 302 001e 03       		.uleb128 0x3
 303 001f 24       		.uleb128 0x24
 304 0020 00       		.byte	0
 305 0021 0B       		.uleb128 0xb
 306 0022 0B       		.uleb128 0xb
 307 0023 3E       		.uleb128 0x3e
 308 0024 0B       		.uleb128 0xb
 309 0025 03       		.uleb128 0x3
 310 0026 08       		.uleb128 0x8
 311 0027 00       		.byte	0
 312 0028 00       		.byte	0
 313 0029 04       		.uleb128 0x4
 314 002a 16       		.uleb128 0x16
 315 002b 00       		.byte	0
 316 002c 03       		.uleb128 0x3
 317 002d 0E       		.uleb128 0xe
 318 002e 3A       		.uleb128 0x3a
 319 002f 0B       		.uleb128 0xb
 320 0030 3B       		.uleb128 0x3b
 321 0031 0B       		.uleb128 0xb
 322 0032 49       		.uleb128 0x49
 323 0033 13       		.uleb128 0x13
 324 0034 00       		.byte	0
 325 0035 00       		.byte	0
 326 0036 05       		.uleb128 0x5
 327 0037 35       		.uleb128 0x35
 328 0038 00       		.byte	0
 329 0039 49       		.uleb128 0x49
 330 003a 13       		.uleb128 0x13
 331 003b 00       		.byte	0
 332 003c 00       		.byte	0
 333 003d 06       		.uleb128 0x6
 334 003e 16       		.uleb128 0x16
 335 003f 00       		.byte	0
 336 0040 03       		.uleb128 0x3
 337 0041 0E       		.uleb128 0xe
 338 0042 3A       		.uleb128 0x3a
 339 0043 0B       		.uleb128 0xb
 340 0044 3B       		.uleb128 0x3b
 341 0045 05       		.uleb128 0x5
 342 0046 49       		.uleb128 0x49
 343 0047 13       		.uleb128 0x13
 344 0048 00       		.byte	0
 345 0049 00       		.byte	0
 346 004a 07       		.uleb128 0x7
 347 004b 0F       		.uleb128 0xf
 348 004c 00       		.byte	0
 349 004d 0B       		.uleb128 0xb
 350 004e 0B       		.uleb128 0xb
 351 004f 49       		.uleb128 0x49
 352 0050 13       		.uleb128 0x13
 353 0051 00       		.byte	0
 354 0052 00       		.byte	0
ARM GAS  C:\Users\Helon\AppData\Local\Temp\cc0C4lo7.s 			page 10


 355 0053 08       		.uleb128 0x8
 356 0054 15       		.uleb128 0x15
 357 0055 00       		.byte	0
 358 0056 27       		.uleb128 0x27
 359 0057 19       		.uleb128 0x19
 360 0058 00       		.byte	0
 361 0059 00       		.byte	0
 362 005a 09       		.uleb128 0x9
 363 005b 2E       		.uleb128 0x2e
 364 005c 01       		.byte	0x1
 365 005d 3F       		.uleb128 0x3f
 366 005e 19       		.uleb128 0x19
 367 005f 03       		.uleb128 0x3
 368 0060 0E       		.uleb128 0xe
 369 0061 3A       		.uleb128 0x3a
 370 0062 0B       		.uleb128 0xb
 371 0063 3B       		.uleb128 0x3b
 372 0064 0B       		.uleb128 0xb
 373 0065 27       		.uleb128 0x27
 374 0066 19       		.uleb128 0x19
 375 0067 11       		.uleb128 0x11
 376 0068 01       		.uleb128 0x1
 377 0069 12       		.uleb128 0x12
 378 006a 06       		.uleb128 0x6
 379 006b 40       		.uleb128 0x40
 380 006c 18       		.uleb128 0x18
 381 006d 9642     		.uleb128 0x2116
 382 006f 19       		.uleb128 0x19
 383 0070 01       		.uleb128 0x1
 384 0071 13       		.uleb128 0x13
 385 0072 00       		.byte	0
 386 0073 00       		.byte	0
 387 0074 0A       		.uleb128 0xa
 388 0075 34       		.uleb128 0x34
 389 0076 00       		.byte	0
 390 0077 03       		.uleb128 0x3
 391 0078 0E       		.uleb128 0xe
 392 0079 3A       		.uleb128 0x3a
 393 007a 0B       		.uleb128 0xb
 394 007b 3B       		.uleb128 0x3b
 395 007c 0B       		.uleb128 0xb
 396 007d 49       		.uleb128 0x49
 397 007e 13       		.uleb128 0x13
 398 007f 02       		.uleb128 0x2
 399 0080 17       		.uleb128 0x17
 400 0081 00       		.byte	0
 401 0082 00       		.byte	0
 402 0083 0B       		.uleb128 0xb
 403 0084 34       		.uleb128 0x34
 404 0085 00       		.byte	0
 405 0086 03       		.uleb128 0x3
 406 0087 0E       		.uleb128 0xe
 407 0088 3A       		.uleb128 0x3a
 408 0089 0B       		.uleb128 0xb
 409 008a 3B       		.uleb128 0x3b
 410 008b 0B       		.uleb128 0xb
 411 008c 49       		.uleb128 0x49
ARM GAS  C:\Users\Helon\AppData\Local\Temp\cc0C4lo7.s 			page 11


 412 008d 13       		.uleb128 0x13
 413 008e 3F       		.uleb128 0x3f
 414 008f 19       		.uleb128 0x19
 415 0090 3C       		.uleb128 0x3c
 416 0091 19       		.uleb128 0x19
 417 0092 00       		.byte	0
 418 0093 00       		.byte	0
 419 0094 0C       		.uleb128 0xc
 420 0095 01       		.uleb128 0x1
 421 0096 01       		.byte	0x1
 422 0097 49       		.uleb128 0x49
 423 0098 13       		.uleb128 0x13
 424 0099 01       		.uleb128 0x1
 425 009a 13       		.uleb128 0x13
 426 009b 00       		.byte	0
 427 009c 00       		.byte	0
 428 009d 0D       		.uleb128 0xd
 429 009e 21       		.uleb128 0x21
 430 009f 00       		.byte	0
 431 00a0 49       		.uleb128 0x49
 432 00a1 13       		.uleb128 0x13
 433 00a2 2F       		.uleb128 0x2f
 434 00a3 05       		.uleb128 0x5
 435 00a4 00       		.byte	0
 436 00a5 00       		.byte	0
 437 00a6 00       		.byte	0
 438              		.section	.debug_loc,"",%progbits
 439              	.Ldebug_loc0:
 440              	.LLST0:
 441 0000 1A000000 		.4byte	.LVL1
 442 0004 2C000000 		.4byte	.LVL3
 443 0008 0100     		.2byte	0x1
 444 000a 53       		.byte	0x53
 445 000b 36000000 		.4byte	.LVL4
 446 000f 44000000 		.4byte	.LVL5
 447 0013 0100     		.2byte	0x1
 448 0015 53       		.byte	0x53
 449 0016 00000000 		.4byte	0
 450 001a 00000000 		.4byte	0
 451              		.section	.debug_aranges,"",%progbits
 452 0000 1C000000 		.4byte	0x1c
 453 0004 0200     		.2byte	0x2
 454 0006 00000000 		.4byte	.Ldebug_info0
 455 000a 04       		.byte	0x4
 456 000b 00       		.byte	0
 457 000c 0000     		.2byte	0
 458 000e 0000     		.2byte	0
 459 0010 00000000 		.4byte	.LFB2
 460 0014 7C000000 		.4byte	.LFE2-.LFB2
 461 0018 00000000 		.4byte	0
 462 001c 00000000 		.4byte	0
 463              		.section	.debug_ranges,"",%progbits
 464              	.Ldebug_ranges0:
 465 0000 00000000 		.4byte	.LFB2
 466 0004 7C000000 		.4byte	.LFE2
 467 0008 00000000 		.4byte	0
 468 000c 00000000 		.4byte	0
ARM GAS  C:\Users\Helon\AppData\Local\Temp\cc0C4lo7.s 			page 12


 469              		.section	.debug_line,"",%progbits
 470              	.Ldebug_line0:
 471 0000 B7000000 		.section	.debug_str,"MS",%progbits,1
 471      02008C00 
 471      00000201 
 471      FB0E0D00 
 471      01010101 
 472              	.LASF6:
 473 0000 6C6F6E67 		.ascii	"long long int\000"
 473      206C6F6E 
 473      6720696E 
 473      7400
 474              	.LASF10:
 475 000e 75696E74 		.ascii	"uint32\000"
 475      333200
 476              	.LASF8:
 477 0015 756E7369 		.ascii	"unsigned int\000"
 477      676E6564 
 477      20696E74 
 477      00
 478              	.LASF24:
 479 0022 473A5C43 		.ascii	"G:\\Company\\Jetronic\\CYPRESS\\Customer\\Troughpur"
 479      6F6D7061 
 479      6E795C4A 
 479      6574726F 
 479      6E69635C 
 480 0050 5F43656E 		.ascii	"_Central_Peripheral_V2.9\\Troughput_Central_Periphe"
 480      7472616C 
 480      5F506572 
 480      69706865 
 480      72616C5F 
 481 0082 72616C2E 		.ascii	"ral.cydsn\000"
 481      63796473 
 481      6E00
 482              	.LASF23:
 483 008c 2E5C4765 		.ascii	".\\Generated_Source\\PSoC4\\UART_SPI_UART_INT.c\000"
 483      6E657261 
 483      7465645F 
 483      536F7572 
 483      63655C50 
 484              	.LASF20:
 485 00b9 55415254 		.ascii	"UART_rxBufferOverflow\000"
 485      5F727842 
 485      75666665 
 485      724F7665 
 485      72666C6F 
 486              	.LASF9:
 487 00cf 75696E74 		.ascii	"uint8\000"
 487      3800
 488              	.LASF5:
 489 00d5 6C6F6E67 		.ascii	"long unsigned int\000"
 489      20756E73 
 489      69676E65 
 489      6420696E 
 489      7400
 490              	.LASF26:
 491 00e7 6C6F6348 		.ascii	"locHead\000"
ARM GAS  C:\Users\Helon\AppData\Local\Temp\cc0C4lo7.s 			page 13


 491      65616400 
 492              	.LASF7:
 493 00ef 6C6F6E67 		.ascii	"long long unsigned int\000"
 493      206C6F6E 
 493      6720756E 
 493      7369676E 
 493      65642069 
 494              	.LASF18:
 495 0106 55415254 		.ascii	"UART_rxBufferHead\000"
 495      5F727842 
 495      75666665 
 495      72486561 
 495      6400
 496              	.LASF19:
 497 0118 55415254 		.ascii	"UART_rxBufferTail\000"
 497      5F727842 
 497      75666665 
 497      72546169 
 497      6C00
 498              	.LASF21:
 499 012a 55415254 		.ascii	"UART_rxBufferInternal\000"
 499      5F727842 
 499      75666665 
 499      72496E74 
 499      65726E61 
 500              	.LASF1:
 501 0140 756E7369 		.ascii	"unsigned char\000"
 501      676E6564 
 501      20636861 
 501      7200
 502              	.LASF17:
 503 014e 55415254 		.ascii	"UART_customIntrHandler\000"
 503      5F637573 
 503      746F6D49 
 503      6E747248 
 503      616E646C 
 504              	.LASF13:
 505 0165 63686172 		.ascii	"char\000"
 505      00
 506              	.LASF4:
 507 016a 6C6F6E67 		.ascii	"long int\000"
 507      20696E74 
 507      00
 508              	.LASF15:
 509 0173 63796973 		.ascii	"cyisraddress\000"
 509      72616464 
 509      72657373 
 509      00
 510              	.LASF2:
 511 0180 73686F72 		.ascii	"short int\000"
 511      7420696E 
 511      7400
 512              	.LASF12:
 513 018a 646F7562 		.ascii	"double\000"
 513      6C6500
 514              	.LASF14:
 515 0191 72656733 		.ascii	"reg32\000"
ARM GAS  C:\Users\Helon\AppData\Local\Temp\cc0C4lo7.s 			page 14


 515      3200
 516              	.LASF3:
 517 0197 73686F72 		.ascii	"short unsigned int\000"
 517      7420756E 
 517      7369676E 
 517      65642069 
 517      6E7400
 518              	.LASF0:
 519 01aa 7369676E 		.ascii	"signed char\000"
 519      65642063 
 519      68617200 
 520              	.LASF22:
 521 01b6 474E5520 		.ascii	"GNU C 4.9.3 20150303 (release) [ARM/embedded-4_9-br"
 521      4320342E 
 521      392E3320 
 521      32303135 
 521      30333033 
 522 01e9 616E6368 		.ascii	"anch revision 221220] -mcpu=cortex-m0 -mthumb -g -O"
 522      20726576 
 522      6973696F 
 522      6E203232 
 522      31323230 
 523 021c 67202D66 		.ascii	"g -ffunction-sections -ffat-lto-objects\000"
 523      66756E63 
 523      74696F6E 
 523      2D736563 
 523      74696F6E 
 524              	.LASF25:
 525 0244 55415254 		.ascii	"UART_SPI_UART_ISR\000"
 525      5F535049 
 525      5F554152 
 525      545F4953 
 525      5200
 526              	.LASF11:
 527 0256 666C6F61 		.ascii	"float\000"
 527      7400
 528              	.LASF16:
 529 025c 73697A65 		.ascii	"sizetype\000"
 529      74797065 
 529      00
 530              		.ident	"GCC: (GNU Tools for ARM Embedded Processors) 4.9.3 20150303 (release) [ARM/embedded-4_9-br
