ARM GAS  C:\Users\Helon\AppData\Local\Temp\ccRTSz3E.s 			page 1


   1              		.cpu cortex-m0
   2              		.fpu softvfp
   3              		.eabi_attribute 20, 1
   4              		.eabi_attribute 21, 1
   5              		.eabi_attribute 23, 3
   6              		.eabi_attribute 24, 1
   7              		.eabi_attribute 25, 1
   8              		.eabi_attribute 26, 1
   9              		.eabi_attribute 30, 1
  10              		.eabi_attribute 34, 0
  11              		.eabi_attribute 18, 4
  12              		.code	16
  13              		.file	"WriteUserSFlash.c"
  14              		.text
  15              	.Ltext0:
  16              		.cfi_sections	.debug_frame
  17              		.section	.text.WriteUserSFlashRow,"ax",%progbits
  18              		.align	2
  19              		.global	WriteUserSFlashRow
  20              		.code	16
  21              		.thumb_func
  22              		.type	WriteUserSFlashRow, %function
  23              	WriteUserSFlashRow:
  24              	.LFB35:
  25              		.file 1 ".\\WriteUserSFlash.c"
   1:.\WriteUserSFlash.c **** /*******************************************************************************
   2:.\WriteUserSFlash.c **** * File Name: WriteUserSFlash.c
   3:.\WriteUserSFlash.c **** *
   4:.\WriteUserSFlash.c **** * Version: 1.0
   5:.\WriteUserSFlash.c **** *
   6:.\WriteUserSFlash.c **** * Description:
   7:.\WriteUserSFlash.c **** *  This file contains the source code for User SFlash Write API.
   8:.\WriteUserSFlash.c **** *
   9:.\WriteUserSFlash.c **** * Owner:
  10:.\WriteUserSFlash.c **** *  sey@cypress.com, kris@cypress.com
  11:.\WriteUserSFlash.c **** *
  12:.\WriteUserSFlash.c **** * Hardware Dependency:
  13:.\WriteUserSFlash.c **** *  1. PSoC 4 BLE device
  14:.\WriteUserSFlash.c **** *
  15:.\WriteUserSFlash.c **** * Code Tested With:
  16:.\WriteUserSFlash.c **** *  1. PSoC Creator 3.1 SP1
  17:.\WriteUserSFlash.c **** *  2. ARM GCC 4.8.4
  18:.\WriteUserSFlash.c **** *
  19:.\WriteUserSFlash.c **** ********************************************************************************
  20:.\WriteUserSFlash.c **** * Copyright 2015, Cypress Semiconductor Corporation.  All rights reserved.
  21:.\WriteUserSFlash.c **** * You may use this file only in accordance with the license, terms, conditions,
  22:.\WriteUserSFlash.c **** * disclaimers, and limitations in the end user license agreement accompanying
  23:.\WriteUserSFlash.c **** * the software package with which this file was provided.
  24:.\WriteUserSFlash.c **** *******************************************************************************/
  25:.\WriteUserSFlash.c **** 
  26:.\WriteUserSFlash.c **** #include <Project.h>
  27:.\WriteUserSFlash.c **** #include <WriteUserSFlash.h>
  28:.\WriteUserSFlash.c **** 
  29:.\WriteUserSFlash.c **** /***************************************
  30:.\WriteUserSFlash.c **** * 全局变量
  31:.\WriteUserSFlash.c **** ***************************************/
  32:.\WriteUserSFlash.c **** char SetDeviceName[23]={0};
ARM GAS  C:\Users\Helon\AppData\Local\Temp\ccRTSz3E.s 			page 2


  33:.\WriteUserSFlash.c **** /*******************************************************************************
  34:.\WriteUserSFlash.c **** * Function Name: WriteUserSFlashRow
  35:.\WriteUserSFlash.c **** ********************************************************************************
  36:.\WriteUserSFlash.c **** * Summary:
  37:.\WriteUserSFlash.c **** *        This routine calls the PSoC 4 BLE device supervisory ROM APIs to update
  38:.\WriteUserSFlash.c **** * the user configuration area of Supervisory Flash (SFlash).  
  39:.\WriteUserSFlash.c **** *
  40:.\WriteUserSFlash.c **** * Parameters:
  41:.\WriteUserSFlash.c **** *  userRowNUmber - User config SFlash row number to which data is to be written
  42:.\WriteUserSFlash.c **** *  dataPointer - Pointer to the data to be written. This API writes one row of
  43:.\WriteUserSFlash.c **** *                user config SFlash row at a time.
  44:.\WriteUserSFlash.c **** *
  45:.\WriteUserSFlash.c **** * Return:
  46:.\WriteUserSFlash.c **** *  uint32 - state of the user config SFlash write operation.
  47:.\WriteUserSFlash.c **** *
  48:.\WriteUserSFlash.c **** *******************************************************************************/
  49:.\WriteUserSFlash.c **** #if defined (__GNUC__)
  50:.\WriteUserSFlash.c **** #pragma GCC optimize ("O0")
  51:.\WriteUserSFlash.c **** #endif /* End of #if defined (__GNUC__) */
  52:.\WriteUserSFlash.c **** uint32 WriteUserSFlashRow(uint8 userRowNUmber, uint32 *dataPointer,uint8_t datalength,uint8_t addre
  53:.\WriteUserSFlash.c **** {    
  26              		.loc 1 53 0
  27              		.cfi_startproc
  28              	.LVL0:
  29 0000 F0B5     		push	{r4, r5, r6, r7, lr}
  30              		.cfi_def_cfa_offset 20
  31              		.cfi_offset 4, -20
  32              		.cfi_offset 5, -16
  33              		.cfi_offset 6, -12
  34              		.cfi_offset 7, -8
  35              		.cfi_offset 14, -4
  36 0002 93B0     		sub	sp, sp, #76
  37              		.cfi_def_cfa_offset 96
  38 0004 00AF     		add	r7, sp, #0
  39              		.cfi_def_cfa_register 7
  40 0006 061C     		mov	r6, r0
  41 0008 B961     		str	r1, [r7, #24]
  42 000a 101C     		mov	r0, r2
  43              	.LVL1:
  44 000c 191C     		mov	r1, r3
  45              	.LVL2:
  46 000e 1F23     		mov	r3, #31
  47              	.LVL3:
  48 0010 FB18     		add	r3, r7, r3
  49 0012 321C     		add	r2, r6, #0
  50              	.LVL4:
  51 0014 1A70     		strb	r2, [r3]
  52 0016 1E23     		mov	r3, #30
  53 0018 FB18     		add	r3, r7, r3
  54 001a 021C     		add	r2, r0, #0
  55 001c 1A70     		strb	r2, [r3]
  56 001e 1D23     		mov	r3, #29
  57 0020 FB18     		add	r3, r7, r3
  58 0022 0A1C     		add	r2, r1, #0
  59 0024 1A70     		strb	r2, [r3]
  60 0026 6B46     		mov	r3, sp
  61 0028 181C     		mov	r0, r3
ARM GAS  C:\Users\Helon\AppData\Local\Temp\ccRTSz3E.s 			page 3


  54:.\WriteUserSFlash.c ****     if(userRowNUmber==0)
  62              		.loc 1 54 0
  63 002a 1F23     		mov	r3, #31
  64 002c FB18     		add	r3, r7, r3
  65 002e 1B78     		ldrb	r3, [r3]
  66 0030 002B     		cmp	r3, #0
  67 0032 07D1     		bne	.L2
  55:.\WriteUserSFlash.c ****     {
  56:.\WriteUserSFlash.c ****         if(address<6)
  68              		.loc 1 56 0
  69 0034 1D23     		mov	r3, #29
  70 0036 FB18     		add	r3, r7, r3
  71 0038 1B78     		ldrb	r3, [r3]
  72 003a 052B     		cmp	r3, #5
  73 003c 02D8     		bhi	.L2
  57:.\WriteUserSFlash.c ****             return USER_SFLASH_WRITE_FAIL;
  74              		.loc 1 57 0
  75 003e 0123     		mov	r3, #1
  76 0040 5B42     		neg	r3, r3
  77 0042 B3E0     		b	.L3
  78              	.L2:
  58:.\WriteUserSFlash.c ****     }
  59:.\WriteUserSFlash.c ****     uint8 localCount;
  60:.\WriteUserSFlash.c **** 	volatile uint32 retValue=0;
  79              		.loc 1 60 0
  80 0044 0023     		mov	r3, #0
  81 0046 BB63     		str	r3, [r7, #56]
  61:.\WriteUserSFlash.c **** //	volatile uint32 cmdDataBuffer[(CY_FLASH_SIZEOF_ROW/4) + 2];
  62:.\WriteUserSFlash.c ****     volatile uint32 cmdDataBuffer[datalength+2];
  82              		.loc 1 62 0
  83 0048 1E23     		mov	r3, #30
  84 004a FB18     		add	r3, r7, r3
  85 004c 1B78     		ldrb	r3, [r3]
  86 004e 0233     		add	r3, r3, #2
  87 0050 5A1E     		sub	r2, r3, #1
  88 0052 3A64     		str	r2, [r7, #64]
  89              	.LVL5:
  90 0054 1A1C     		mov	r2, r3
  91              	.LVL6:
  92 0056 3A61     		str	r2, [r7, #16]
  93 0058 0022     		mov	r2, #0
  94 005a 7A61     		str	r2, [r7, #20]
  95 005c 3A69     		ldr	r2, [r7, #16]
  96 005e D20E     		lsr	r2, r2, #27
  97 0060 7969     		ldr	r1, [r7, #20]
  98 0062 4901     		lsl	r1, r1, #5
  99 0064 7960     		str	r1, [r7, #4]
 100 0066 7968     		ldr	r1, [r7, #4]
 101 0068 1143     		orr	r1, r2
 102 006a 7960     		str	r1, [r7, #4]
 103 006c 3A69     		ldr	r2, [r7, #16]
 104 006e 5201     		lsl	r2, r2, #5
 105 0070 3A60     		str	r2, [r7]
 106 0072 1A1C     		mov	r2, r3
 107 0074 BA60     		str	r2, [r7, #8]
 108 0076 0022     		mov	r2, #0
 109 0078 FA60     		str	r2, [r7, #12]
ARM GAS  C:\Users\Helon\AppData\Local\Temp\ccRTSz3E.s 			page 4


 110 007a BA68     		ldr	r2, [r7, #8]
 111 007c D20E     		lsr	r2, r2, #27
 112 007e F968     		ldr	r1, [r7, #12]
 113 0080 4D01     		lsl	r5, r1, #5
 114 0082 1543     		orr	r5, r2
 115 0084 BA68     		ldr	r2, [r7, #8]
 116 0086 5401     		lsl	r4, r2, #5
 117 0088 9B00     		lsl	r3, r3, #2
 118 008a 0333     		add	r3, r3, #3
 119 008c 0733     		add	r3, r3, #7
 120 008e DB08     		lsr	r3, r3, #3
 121 0090 DB00     		lsl	r3, r3, #3
 122 0092 6A46     		mov	r2, sp
 123 0094 D31A     		sub	r3, r2, r3
 124 0096 9D46     		mov	sp, r3
 125              	.LVL7:
 126 0098 6B46     		mov	r3, sp
 127 009a 0333     		add	r3, r3, #3
 128 009c 9B08     		lsr	r3, r3, #2
 129 009e 9B00     		lsl	r3, r3, #2
 130 00a0 FB63     		str	r3, [r7, #60]
 131              	.LVL8:
  63:.\WriteUserSFlash.c **** 	volatile uint32 reg1,reg2,reg3,reg4,reg5,reg6;
  64:.\WriteUserSFlash.c **** 	
  65:.\WriteUserSFlash.c **** 	/* Store the clock settings temporarily */
  66:.\WriteUserSFlash.c ****     reg1 =	CY_GET_XTND_REG32((void CYFAR *)(CYREG_CLK_SELECT));
 132              		.loc 1 66 0
 133 00a2 454B     		ldr	r3, .L7
 134              	.LVL9:
 135 00a4 1B68     		ldr	r3, [r3]
 136 00a6 7B63     		str	r3, [r7, #52]
  67:.\WriteUserSFlash.c ****     reg2 =  CY_GET_XTND_REG32((void CYFAR *)(CYREG_CLK_IMO_CONFIG));
 137              		.loc 1 67 0
 138 00a8 444B     		ldr	r3, .L7+4
 139 00aa 1B68     		ldr	r3, [r3]
 140 00ac 3B63     		str	r3, [r7, #48]
  68:.\WriteUserSFlash.c ****     reg3 =  CY_GET_XTND_REG32((void CYFAR *)(CYREG_PWR_BG_TRIM4));
 141              		.loc 1 68 0
 142 00ae 444B     		ldr	r3, .L7+8
 143 00b0 1B68     		ldr	r3, [r3]
 144 00b2 FB62     		str	r3, [r7, #44]
  69:.\WriteUserSFlash.c ****     reg4 =  CY_GET_XTND_REG32((void CYFAR *)(CYREG_PWR_BG_TRIM5));
 145              		.loc 1 69 0
 146 00b4 434B     		ldr	r3, .L7+12
 147 00b6 1B68     		ldr	r3, [r3]
 148 00b8 BB62     		str	r3, [r7, #40]
  70:.\WriteUserSFlash.c ****     reg5 =  CY_GET_XTND_REG32((void CYFAR *)(CYREG_CLK_IMO_TRIM1));
 149              		.loc 1 70 0
 150 00ba 434B     		ldr	r3, .L7+16
 151 00bc 1B68     		ldr	r3, [r3]
 152 00be 7B62     		str	r3, [r7, #36]
  71:.\WriteUserSFlash.c ****     reg6 =  CY_GET_XTND_REG32((void CYFAR *)(CYREG_CLK_IMO_TRIM2));
 153              		.loc 1 71 0
 154 00c0 424B     		ldr	r3, .L7+20
 155 00c2 1B68     		ldr	r3, [r3]
 156 00c4 3B62     		str	r3, [r7, #32]
  72:.\WriteUserSFlash.c **** 	
ARM GAS  C:\Users\Helon\AppData\Local\Temp\ccRTSz3E.s 			page 5


  73:.\WriteUserSFlash.c **** 	/* Initialize the clock necessary for flash programming */
  74:.\WriteUserSFlash.c **** 	CY_SET_REG32(CYREG_CPUSS_SYSARG, 0x0000e8b6);
 157              		.loc 1 74 0
 158 00c6 424B     		ldr	r3, .L7+24
 159 00c8 424A     		ldr	r2, .L7+28
 160              	.LVL10:
 161 00ca 1A60     		str	r2, [r3]
  75:.\WriteUserSFlash.c **** 	CY_SET_REG32(CYREG_CPUSS_SYSREQ, 0x80000015);
 162              		.loc 1 75 0
 163 00cc 424B     		ldr	r3, .L7+32
 164 00ce 434A     		ldr	r2, .L7+36
 165 00d0 1A60     		str	r2, [r3]
  76:.\WriteUserSFlash.c **** 	
  77:.\WriteUserSFlash.c **** 	/******* Initialize SRAM parameters for the LOAD FLASH command ******/
  78:.\WriteUserSFlash.c **** 	/* byte 3 (i.e. 00) is the Macro_select */
  79:.\WriteUserSFlash.c **** 	/* byte 2 (i.e. 00) is the Start addr of page latch 
  80:.\WriteUserSFlash.c ****        如果是第0行，前6个字节不能修改，否则MAC地址会丢失*/
  81:.\WriteUserSFlash.c **** 	/* byte 1 (i.e. d7) is the key 2  */
  82:.\WriteUserSFlash.c **** 	/* byte 0 (i.e. b6) is the key 1  */
  83:.\WriteUserSFlash.c ****   	cmdDataBuffer[0]=0x0000d7b6|(address<<16);
 166              		.loc 1 83 0
 167 00d2 1D23     		mov	r3, #29
 168 00d4 FB18     		add	r3, r7, r3
 169 00d6 1B78     		ldrb	r3, [r3]
 170 00d8 1B04     		lsl	r3, r3, #16
 171 00da 414A     		ldr	r2, .L7+40
 172 00dc 1343     		orr	r3, r2
 173 00de 1A1C     		mov	r2, r3
 174 00e0 FB6B     		ldr	r3, [r7, #60]
 175 00e2 1A60     		str	r2, [r3]
  84:.\WriteUserSFlash.c **** 	/****** Initialize SRAM parameters for the LOAD FLASH command ******/
  85:.\WriteUserSFlash.c **** 	/* byte 3,2 and 1 are null */
  86:.\WriteUserSFlash.c **** 	/* byte 0 (i.e. 7F) is the number of bytes to be written */
  87:.\WriteUserSFlash.c **** 	cmdDataBuffer[1]=(0x00000000|datalength)-1;	     
 176              		.loc 1 87 0
 177 00e4 1E23     		mov	r3, #30
 178 00e6 FB18     		add	r3, r7, r3
 179 00e8 1B78     		ldrb	r3, [r3]
 180 00ea 013B     		sub	r3, r3, #1
 181 00ec 1A1C     		mov	r2, r3
 182 00ee FB6B     		ldr	r3, [r7, #60]
 183 00f0 5A60     		str	r2, [r3, #4]
  88:.\WriteUserSFlash.c **** 	/* Initialize the SRAM buffer with data bytes */
  89:.\WriteUserSFlash.c **** //    cmdDataBuffer[2] = *dataPointer;
  90:.\WriteUserSFlash.c ****     for(localCount = 0; localCount < datalength; localCount++)    
 184              		.loc 1 90 0
 185 00f2 2F23     		mov	r3, #47
 186 00f4 1822     		mov	r2, #24
 187 00f6 9446     		mov	ip, r2
 188 00f8 BC44     		add	ip, ip, r7
 189 00fa 6344     		add	r3, r3, ip
 190 00fc 0022     		mov	r2, #0
 191 00fe 1A70     		strb	r2, [r3]
 192              	.LVL11:
 193 0100 20E0     		b	.L4
 194              	.L5:
  91:.\WriteUserSFlash.c **** 	{
ARM GAS  C:\Users\Helon\AppData\Local\Temp\ccRTSz3E.s 			page 6


  92:.\WriteUserSFlash.c **** 		cmdDataBuffer[localCount + 2] = dataPointer[localCount]; 
 195              		.loc 1 92 0 discriminator 3
 196 0102 2F23     		mov	r3, #47
 197 0104 1822     		mov	r2, #24
 198 0106 9446     		mov	ip, r2
 199 0108 BC44     		add	ip, ip, r7
 200 010a 6344     		add	r3, r3, ip
 201 010c 1B78     		ldrb	r3, [r3]
 202 010e 9A1C     		add	r2, r3, #2
 203 0110 2F23     		mov	r3, #47
 204 0112 1821     		mov	r1, #24
 205 0114 8C46     		mov	ip, r1
 206 0116 BC44     		add	ip, ip, r7
 207 0118 6344     		add	r3, r3, ip
 208 011a 1B78     		ldrb	r3, [r3]
 209 011c 9B00     		lsl	r3, r3, #2
 210 011e B969     		ldr	r1, [r7, #24]
 211 0120 CB18     		add	r3, r1, r3
 212 0122 1968     		ldr	r1, [r3]
 213 0124 FB6B     		ldr	r3, [r7, #60]
 214 0126 9200     		lsl	r2, r2, #2
 215 0128 D150     		str	r1, [r2, r3]
  90:.\WriteUserSFlash.c **** 	{
 216              		.loc 1 90 0 discriminator 3
 217 012a 2F23     		mov	r3, #47
 218 012c 1822     		mov	r2, #24
 219 012e 9446     		mov	ip, r2
 220 0130 BC44     		add	ip, ip, r7
 221 0132 6344     		add	r3, r3, ip
 222 0134 1A78     		ldrb	r2, [r3]
 223 0136 2F23     		mov	r3, #47
 224 0138 1821     		mov	r1, #24
 225 013a 8C46     		mov	ip, r1
 226 013c BC44     		add	ip, ip, r7
 227 013e 6344     		add	r3, r3, ip
 228 0140 0132     		add	r2, r2, #1
 229 0142 1A70     		strb	r2, [r3]
 230              	.LVL12:
 231              	.L4:
  90:.\WriteUserSFlash.c **** 	{
 232              		.loc 1 90 0 is_stmt 0 discriminator 1
 233 0144 2F23     		mov	r3, #47
 234 0146 1822     		mov	r2, #24
 235 0148 BA18     		add	r2, r7, r2
 236 014a D218     		add	r2, r2, r3
 237 014c 1E23     		mov	r3, #30
 238 014e FB18     		add	r3, r7, r3
 239 0150 1278     		ldrb	r2, [r2]
 240 0152 1B78     		ldrb	r3, [r3]
 241 0154 9A42     		cmp	r2, r3
 242 0156 D4D3     		bcc	.L5
  93:.\WriteUserSFlash.c **** 	}
  94:.\WriteUserSFlash.c **** 	
  95:.\WriteUserSFlash.c **** 	/* Write the following to registers to execute a LOAD FLASH bytes */
  96:.\WriteUserSFlash.c **** 	CY_SET_REG32(CYREG_CPUSS_SYSARG, &cmdDataBuffer[0]);
 243              		.loc 1 96 0 is_stmt 1
 244 0158 1D4B     		ldr	r3, .L7+24
ARM GAS  C:\Users\Helon\AppData\Local\Temp\ccRTSz3E.s 			page 7


 245 015a FA6B     		ldr	r2, [r7, #60]
 246 015c 1A60     		str	r2, [r3]
  97:.\WriteUserSFlash.c **** 	CY_SET_REG32(CYREG_CPUSS_SYSREQ, LOAD_FLASH);
 247              		.loc 1 97 0
 248 015e 1E4B     		ldr	r3, .L7+32
 249 0160 204A     		ldr	r2, .L7+44
 250 0162 1A60     		str	r2, [r3]
  98:.\WriteUserSFlash.c **** 	
  99:.\WriteUserSFlash.c ****     /****** Initialize SRAM parameters for the WRITE ROW command ******/
 100:.\WriteUserSFlash.c **** 	/* byte 3 & 2 are null */
 101:.\WriteUserSFlash.c **** 	/* byte 1 (i.e. 0xeb) is the key 2  */
 102:.\WriteUserSFlash.c **** 	/* byte 0 (i.e. 0xb6) is the key 1  */
 103:.\WriteUserSFlash.c **** 	cmdDataBuffer[0] = 0x0000ebb6;
 251              		.loc 1 103 0
 252 0164 FB6B     		ldr	r3, [r7, #60]
 253 0166 204A     		ldr	r2, .L7+48
 254 0168 1A60     		str	r2, [r3]
 104:.\WriteUserSFlash.c ****     
 105:.\WriteUserSFlash.c **** 	/* byte 7,6 and 5 are null */
 106:.\WriteUserSFlash.c **** 	/* byte 4 is desired SFlash user row 
 107:.\WriteUserSFlash.c **** 	 * Allowed values 0 - row 4
 108:.\WriteUserSFlash.c **** 	                  1 - row 5 
 109:.\WriteUserSFlash.c **** 					  2 - row 6
 110:.\WriteUserSFlash.c **** 					  3 - row 7 */
 111:.\WriteUserSFlash.c **** 	cmdDataBuffer[1] = (uint32) userRowNUmber;
 255              		.loc 1 111 0
 256 016a 1F23     		mov	r3, #31
 257 016c FB18     		add	r3, r7, r3
 258 016e 1A78     		ldrb	r2, [r3]
 259 0170 FB6B     		ldr	r3, [r7, #60]
 260 0172 5A60     		str	r2, [r3, #4]
 112:.\WriteUserSFlash.c **** 	
 113:.\WriteUserSFlash.c **** 	/* Write the following to registers to execute a WRITE USER SFlash ROW command */
 114:.\WriteUserSFlash.c **** 	CY_SET_REG32(CYREG_CPUSS_SYSARG, &cmdDataBuffer[0]);
 261              		.loc 1 114 0
 262 0174 164B     		ldr	r3, .L7+24
 263 0176 FA6B     		ldr	r2, [r7, #60]
 264 0178 1A60     		str	r2, [r3]
 115:.\WriteUserSFlash.c **** 	CY_SET_REG32(CYREG_CPUSS_SYSREQ, WRITE_USER_SFLASH_ROW);
 265              		.loc 1 115 0
 266 017a 174B     		ldr	r3, .L7+32
 267 017c 1B4A     		ldr	r2, .L7+52
 268 017e 1A60     		str	r2, [r3]
 116:.\WriteUserSFlash.c ****     
 117:.\WriteUserSFlash.c **** 	/* Read back SYSARG for the result. 0xA0000000 = SUCCESS; */
 118:.\WriteUserSFlash.c **** 	retValue = CY_GET_REG32(CYREG_CPUSS_SYSARG);
 269              		.loc 1 118 0
 270 0180 134B     		ldr	r3, .L7+24
 271 0182 1B68     		ldr	r3, [r3]
 272 0184 BB63     		str	r3, [r7, #56]
 119:.\WriteUserSFlash.c **** 	
 120:.\WriteUserSFlash.c **** 	/* Restore the clock settings after the flash programming is done */
 121:.\WriteUserSFlash.c ****     CY_SET_XTND_REG32((void CYFAR *)(CYREG_CLK_SELECT),reg1);
 273              		.loc 1 121 0
 274 0186 0C4B     		ldr	r3, .L7
 275 0188 7A6B     		ldr	r2, [r7, #52]
 276 018a 1A60     		str	r2, [r3]
ARM GAS  C:\Users\Helon\AppData\Local\Temp\ccRTSz3E.s 			page 8


 122:.\WriteUserSFlash.c ****     CY_SET_XTND_REG32((void CYFAR *)(CYREG_CLK_IMO_CONFIG),reg2);
 277              		.loc 1 122 0
 278 018c 0B4B     		ldr	r3, .L7+4
 279 018e 3A6B     		ldr	r2, [r7, #48]
 280 0190 1A60     		str	r2, [r3]
 123:.\WriteUserSFlash.c ****     CY_SET_XTND_REG32((void CYFAR *)(CYREG_PWR_BG_TRIM4),reg3);
 281              		.loc 1 123 0
 282 0192 0B4B     		ldr	r3, .L7+8
 283 0194 FA6A     		ldr	r2, [r7, #44]
 284 0196 1A60     		str	r2, [r3]
 124:.\WriteUserSFlash.c ****     CY_SET_XTND_REG32((void CYFAR *)(CYREG_PWR_BG_TRIM5),reg4);
 285              		.loc 1 124 0
 286 0198 0A4B     		ldr	r3, .L7+12
 287 019a BA6A     		ldr	r2, [r7, #40]
 288 019c 1A60     		str	r2, [r3]
 125:.\WriteUserSFlash.c ****     CY_SET_XTND_REG32((void CYFAR *)(CYREG_CLK_IMO_TRIM1),reg5);
 289              		.loc 1 125 0
 290 019e 0A4B     		ldr	r3, .L7+16
 291 01a0 7A6A     		ldr	r2, [r7, #36]
 292 01a2 1A60     		str	r2, [r3]
 126:.\WriteUserSFlash.c ****     CY_SET_XTND_REG32((void CYFAR *)(CYREG_CLK_IMO_TRIM2),reg6);  
 293              		.loc 1 126 0
 294 01a4 094B     		ldr	r3, .L7+20
 295 01a6 3A6A     		ldr	r2, [r7, #32]
 296 01a8 1A60     		str	r2, [r3]
 127:.\WriteUserSFlash.c **** 	
 128:.\WriteUserSFlash.c **** 	return retValue;
 297              		.loc 1 128 0
 298 01aa BB6B     		ldr	r3, [r7, #56]
 299              	.LVL13:
 300              	.L3:
 301 01ac 8546     		mov	sp, r0
 129:.\WriteUserSFlash.c **** }
 302              		.loc 1 129 0
 303 01ae 181C     		mov	r0, r3
 304 01b0 BD46     		mov	sp, r7
 305 01b2 13B0     		add	sp, sp, #76
 306              		@ sp needed
 307              	.LVL14:
 308 01b4 F0BD     		pop	{r4, r5, r6, r7, pc}
 309              	.L8:
 310 01b6 C046     		.align	2
 311              	.L7:
 312 01b8 00010B40 		.word	1074462976
 313 01bc 08010B40 		.word	1074462984
 314 01c0 1CFF0B40 		.word	1074528028
 315 01c4 20FF0B40 		.word	1074528032
 316 01c8 28FF0B40 		.word	1074528040
 317 01cc 2CFF0B40 		.word	1074528044
 318 01d0 08001040 		.word	1074790408
 319 01d4 B6E80000 		.word	59574
 320 01d8 04001040 		.word	1074790404
 321 01dc 15000080 		.word	-2147483627
 322 01e0 B6D70000 		.word	55222
 323 01e4 04000080 		.word	-2147483644
 324 01e8 B6EB0000 		.word	60342
 325 01ec 18000080 		.word	-2147483624
ARM GAS  C:\Users\Helon\AppData\Local\Temp\ccRTSz3E.s 			page 9


 326              		.cfi_endproc
 327              	.LFE35:
 328              		.size	WriteUserSFlashRow, .-WriteUserSFlashRow
 329              		.section	.text.ReadDataFromSFlash,"ax",%progbits
 330              		.align	2
 331              		.global	ReadDataFromSFlash
 332              		.code	16
 333              		.thumb_func
 334              		.type	ReadDataFromSFlash, %function
 335              	ReadDataFromSFlash:
 336              	.LFB36:
 130:.\WriteUserSFlash.c **** #if defined (__GNUC__)
 131:.\WriteUserSFlash.c **** #pragma GCC reset_options
 132:.\WriteUserSFlash.c **** #endif /* End of #if defined (__GNUC__) */
 133:.\WriteUserSFlash.c **** 
 134:.\WriteUserSFlash.c **** /*******************************************************************************
 135:.\WriteUserSFlash.c **** * Function Name: ReadDataFromSFlash
 136:.\WriteUserSFlash.c **** ********************************************************************************
 137:.\WriteUserSFlash.c **** *
 138:.\WriteUserSFlash.c **** *
 139:.\WriteUserSFlash.c **** * 
 140:.\WriteUserSFlash.c **** *  读取SFlash中的第一个数据
 141:.\WriteUserSFlash.c **** * \param  none
 142:.\WriteUserSFlash.c **** * \return
 143:.\WriteUserSFlash.c **** *  None
 144:.\WriteUserSFlash.c **** *       SFlash中有506Bytes字节的用户可配置的空间
 145:.\WriteUserSFlash.c **** ******************************************************************************/
 146:.\WriteUserSFlash.c **** uint8_t ReadDataFromSFlash()
 147:.\WriteUserSFlash.c **** {
 337              		.loc 1 147 0
 338              		.cfi_startproc
 339              	.LVL15:
 148:.\WriteUserSFlash.c ****     
 149:.\WriteUserSFlash.c ****     uint8_t FlashData=0;
 150:.\WriteUserSFlash.c ****     uint8_t *sflashPtr=(uint8_t *)USER_SFLASH_BASE_ADDRESS;//SFlash的首地址
 151:.\WriteUserSFlash.c ****     sflashPtr=sflashPtr+6;
 152:.\WriteUserSFlash.c ****     FlashData=*sflashPtr;
 153:.\WriteUserSFlash.c ****     return FlashData;    
 340              		.loc 1 153 0
 341 0000 014B     		ldr	r3, .L10
 342              	.LVL16:
 343 0002 1878     		ldrb	r0, [r3]
 154:.\WriteUserSFlash.c **** }
 344              		.loc 1 154 0
 345              		@ sp needed
 346 0004 7047     		bx	lr
 347              	.L11:
 348 0006 C046     		.align	2
 349              	.L10:
 350 0008 06F2FF0F 		.word	268431878
 351              		.cfi_endproc
 352              	.LFE36:
 353              		.size	ReadDataFromSFlash, .-ReadDataFromSFlash
 354              		.section	.text.ReadDeviceNameFromSFlash,"ax",%progbits
 355              		.align	2
 356              		.global	ReadDeviceNameFromSFlash
 357              		.code	16
ARM GAS  C:\Users\Helon\AppData\Local\Temp\ccRTSz3E.s 			page 10


 358              		.thumb_func
 359              		.type	ReadDeviceNameFromSFlash, %function
 360              	ReadDeviceNameFromSFlash:
 361              	.LFB37:
 155:.\WriteUserSFlash.c **** 
 156:.\WriteUserSFlash.c **** /*******************************************************************************
 157:.\WriteUserSFlash.c **** * Function Name: ReadDeviceNameFromSFlash
 158:.\WriteUserSFlash.c **** ********************************************************************************
 159:.\WriteUserSFlash.c **** *
 160:.\WriteUserSFlash.c **** *
 161:.\WriteUserSFlash.c **** * 
 162:.\WriteUserSFlash.c **** *  读取存放在SFlash中的设备名
 163:.\WriteUserSFlash.c **** * \param  none
 164:.\WriteUserSFlash.c **** * \return
 165:.\WriteUserSFlash.c **** *  None
 166:.\WriteUserSFlash.c **** *       SFlash中有506Bytes字节的用户可配置的空间
 167:.\WriteUserSFlash.c **** ******************************************************************************/
 168:.\WriteUserSFlash.c **** uint8_t ReadDeviceNameFromSFlash()
 169:.\WriteUserSFlash.c **** {
 362              		.loc 1 169 0
 363              		.cfi_startproc
 364 0000 08B5     		push	{r3, lr}
 365              		.cfi_def_cfa_offset 8
 366              		.cfi_offset 3, -8
 367              		.cfi_offset 14, -4
 368              	.LVL17:
 170:.\WriteUserSFlash.c ****     uint8_t FlashData=0;
 171:.\WriteUserSFlash.c ****     uint8_t *sflashPtr=(uint8_t *)USER_SFLASH_BASE_ADDRESS;//SFlash的首地址
 172:.\WriteUserSFlash.c ****     FlashData=*(sflashPtr+128);//取得存放在SFlash的设备名的长度
 369              		.loc 1 172 0
 370 0002 8023     		mov	r3, #128
 371 0004 054A     		ldr	r2, .L15
 372 0006 D25C     		ldrb	r2, [r2, r3]
 373              	.LVL18:
 173:.\WriteUserSFlash.c ****     if(FlashData==0)
 374              		.loc 1 173 0
 375 0008 002A     		cmp	r2, #0
 376 000a 05D0     		beq	.L14
 174:.\WriteUserSFlash.c ****         return 0;
 175:.\WriteUserSFlash.c ****     else
 176:.\WriteUserSFlash.c ****     {
 177:.\WriteUserSFlash.c ****         memcpy(SetDeviceName,sflashPtr+128*2,FlashData); 
 377              		.loc 1 177 0
 378 000c 0448     		ldr	r0, .L15+4
 379 000e 0549     		ldr	r1, .L15+8
 380 0010 FFF7FEFF 		bl	memcpy
 381              	.LVL19:
 178:.\WriteUserSFlash.c ****         return 1;
 382              		.loc 1 178 0
 383 0014 0120     		mov	r0, #1
 384 0016 00E0     		b	.L13
 385              	.LVL20:
 386              	.L14:
 174:.\WriteUserSFlash.c ****         return 0;
 387              		.loc 1 174 0
 388 0018 0020     		mov	r0, #0
 389              	.LVL21:
ARM GAS  C:\Users\Helon\AppData\Local\Temp\ccRTSz3E.s 			page 11


 390              	.L13:
 179:.\WriteUserSFlash.c ****     }
 180:.\WriteUserSFlash.c **** }
 391              		.loc 1 180 0
 392              		@ sp needed
 393 001a 08BD     		pop	{r3, pc}
 394              	.L16:
 395              		.align	2
 396              	.L15:
 397 001c 00F2FF0F 		.word	268431872
 398 0020 00000000 		.word	.LANCHOR0
 399 0024 00F3FF0F 		.word	268432128
 400              		.cfi_endproc
 401              	.LFE37:
 402              		.size	ReadDeviceNameFromSFlash, .-ReadDeviceNameFromSFlash
 403              		.global	SetDeviceName
 404              		.bss
 405              		.align	2
 406              		.set	.LANCHOR0,. + 0
 407              		.type	SetDeviceName, %object
 408              		.size	SetDeviceName, 23
 409              	SetDeviceName:
 410 0000 00000000 		.space	23
 410      00000000 
 410      00000000 
 410      00000000 
 410      00000000 
 411 0017 00       		.text
 412              	.Letext0:
 413              		.file 2 "c:\\program files (x86)\\cypress\\psoc creator\\3.3\\psoc creator\\import\\gnu\\arm\\4.9.
 414              		.file 3 "c:\\program files (x86)\\cypress\\psoc creator\\3.3\\psoc creator\\import\\gnu\\arm\\4.9.
 415              		.file 4 "Generated_Source\\PSoC4/cytypes.h"
 416              		.file 5 "Generated_Source\\PSoC4/BLE_Stack.h"
 417              		.section	.debug_info,"",%progbits
 418              	.Ldebug_info0:
 419 0000 21040000 		.4byte	0x421
 420 0004 0400     		.2byte	0x4
 421 0006 00000000 		.4byte	.Ldebug_abbrev0
 422 000a 04       		.byte	0x4
 423 000b 01       		.uleb128 0x1
 424 000c 2E030000 		.4byte	.LASF92
 425 0010 01       		.byte	0x1
 426 0011 4E080000 		.4byte	.LASF93
 427 0015 A0050000 		.4byte	.LASF94
 428 0019 00000000 		.4byte	.Ldebug_ranges0+0
 429 001d 00000000 		.4byte	0
 430 0021 00000000 		.4byte	.Ldebug_line0
 431 0025 02       		.uleb128 0x2
 432 0026 01       		.byte	0x1
 433 0027 06       		.byte	0x6
 434 0028 98040000 		.4byte	.LASF0
 435 002c 03       		.uleb128 0x3
 436 002d B5020000 		.4byte	.LASF9
 437 0031 02       		.byte	0x2
 438 0032 1D       		.byte	0x1d
 439 0033 37000000 		.4byte	0x37
 440 0037 02       		.uleb128 0x2
ARM GAS  C:\Users\Helon\AppData\Local\Temp\ccRTSz3E.s 			page 12


 441 0038 01       		.byte	0x1
 442 0039 08       		.byte	0x8
 443 003a 14040000 		.4byte	.LASF1
 444 003e 02       		.uleb128 0x2
 445 003f 02       		.byte	0x2
 446 0040 05       		.byte	0x5
 447 0041 49000000 		.4byte	.LASF2
 448 0045 02       		.uleb128 0x2
 449 0046 02       		.byte	0x2
 450 0047 07       		.byte	0x7
 451 0048 0A060000 		.4byte	.LASF3
 452 004c 02       		.uleb128 0x2
 453 004d 04       		.byte	0x4
 454 004e 05       		.byte	0x5
 455 004f 59020000 		.4byte	.LASF4
 456 0053 02       		.uleb128 0x2
 457 0054 04       		.byte	0x4
 458 0055 07       		.byte	0x7
 459 0056 33050000 		.4byte	.LASF5
 460 005a 02       		.uleb128 0x2
 461 005b 08       		.byte	0x8
 462 005c 05       		.byte	0x5
 463 005d 2A020000 		.4byte	.LASF6
 464 0061 02       		.uleb128 0x2
 465 0062 08       		.byte	0x8
 466 0063 07       		.byte	0x7
 467 0064 38020000 		.4byte	.LASF7
 468 0068 04       		.uleb128 0x4
 469 0069 04       		.byte	0x4
 470 006a 05       		.byte	0x5
 471 006b 696E7400 		.ascii	"int\000"
 472 006f 02       		.uleb128 0x2
 473 0070 04       		.byte	0x4
 474 0071 07       		.byte	0x7
 475 0072 FD040000 		.4byte	.LASF8
 476 0076 03       		.uleb128 0x3
 477 0077 26010000 		.4byte	.LASF10
 478 007b 03       		.byte	0x3
 479 007c 15       		.byte	0x15
 480 007d 2C000000 		.4byte	0x2c
 481 0081 03       		.uleb128 0x3
 482 0082 E8030000 		.4byte	.LASF11
 483 0086 04       		.byte	0x4
 484 0087 C2       		.byte	0xc2
 485 0088 37000000 		.4byte	0x37
 486 008c 03       		.uleb128 0x3
 487 008d B3060000 		.4byte	.LASF12
 488 0091 04       		.byte	0x4
 489 0092 C4       		.byte	0xc4
 490 0093 53000000 		.4byte	0x53
 491 0097 02       		.uleb128 0x2
 492 0098 04       		.byte	0x4
 493 0099 04       		.byte	0x4
 494 009a FC010000 		.4byte	.LASF13
 495 009e 02       		.uleb128 0x2
 496 009f 08       		.byte	0x8
 497 00a0 04       		.byte	0x4
ARM GAS  C:\Users\Helon\AppData\Local\Temp\ccRTSz3E.s 			page 13


 498 00a1 EB060000 		.4byte	.LASF14
 499 00a5 02       		.uleb128 0x2
 500 00a6 01       		.byte	0x1
 501 00a7 08       		.byte	0x8
 502 00a8 46060000 		.4byte	.LASF15
 503 00ac 05       		.uleb128 0x5
 504 00ad 9A050000 		.4byte	.LASF16
 505 00b1 04       		.byte	0x4
 506 00b2 6E01     		.2byte	0x16e
 507 00b4 B8000000 		.4byte	0xb8
 508 00b8 06       		.uleb128 0x6
 509 00b9 8C000000 		.4byte	0x8c
 510 00bd 02       		.uleb128 0x2
 511 00be 04       		.byte	0x4
 512 00bf 07       		.byte	0x7
 513 00c0 6D000000 		.4byte	.LASF17
 514 00c4 07       		.uleb128 0x7
 515 00c5 04       		.byte	0x4
 516 00c6 08       		.uleb128 0x8
 517 00c7 01       		.byte	0x1
 518 00c8 05       		.byte	0x5
 519 00c9 A4       		.byte	0xa4
 520 00ca 4B020000 		.4byte	0x24b
 521 00ce 09       		.uleb128 0x9
 522 00cf 92010000 		.4byte	.LASF18
 523 00d3 00       		.sleb128 0
 524 00d4 09       		.uleb128 0x9
 525 00d5 F5000000 		.4byte	.LASF19
 526 00d9 01       		.sleb128 1
 527 00da 09       		.uleb128 0x9
 528 00db 62080000 		.4byte	.LASF20
 529 00df 02       		.sleb128 2
 530 00e0 09       		.uleb128 0x9
 531 00e1 69070000 		.4byte	.LASF21
 532 00e5 03       		.sleb128 3
 533 00e6 09       		.uleb128 0x9
 534 00e7 A1000000 		.4byte	.LASF22
 535 00eb 04       		.sleb128 4
 536 00ec 09       		.uleb128 0x9
 537 00ed E0020000 		.4byte	.LASF23
 538 00f1 05       		.sleb128 5
 539 00f2 09       		.uleb128 0x9
 540 00f3 C7070000 		.4byte	.LASF24
 541 00f7 20       		.sleb128 32
 542 00f8 09       		.uleb128 0x9
 543 00f9 45050000 		.4byte	.LASF25
 544 00fd 21       		.sleb128 33
 545 00fe 09       		.uleb128 0x9
 546 00ff 00000000 		.4byte	.LASF26
 547 0103 22       		.sleb128 34
 548 0104 09       		.uleb128 0x9
 549 0105 08030000 		.4byte	.LASF27
 550 0109 23       		.sleb128 35
 551 010a 09       		.uleb128 0x9
 552 010b E1040000 		.4byte	.LASF28
 553 010f 24       		.sleb128 36
 554 0110 09       		.uleb128 0x9
ARM GAS  C:\Users\Helon\AppData\Local\Temp\ccRTSz3E.s 			page 14


 555 0111 53000000 		.4byte	.LASF29
 556 0115 25       		.sleb128 37
 557 0116 09       		.uleb128 0x9
 558 0117 41070000 		.4byte	.LASF30
 559 011b 26       		.sleb128 38
 560 011c 09       		.uleb128 0x9
 561 011d 83020000 		.4byte	.LASF31
 562 0121 27       		.sleb128 39
 563 0122 09       		.uleb128 0x9
 564 0123 21090000 		.4byte	.LASF32
 565 0127 28       		.sleb128 40
 566 0128 09       		.uleb128 0x9
 567 0129 7D050000 		.4byte	.LASF33
 568 012d 29       		.sleb128 41
 569 012e 09       		.uleb128 0x9
 570 012f 1D060000 		.4byte	.LASF34
 571 0133 2A       		.sleb128 42
 572 0134 09       		.uleb128 0x9
 573 0135 98080000 		.4byte	.LASF35
 574 0139 2B       		.sleb128 43
 575 013a 09       		.uleb128 0x9
 576 013b 2E010000 		.4byte	.LASF36
 577 013f 2C       		.sleb128 44
 578 0140 09       		.uleb128 0x9
 579 0141 76000000 		.4byte	.LASF37
 580 0145 C000     		.sleb128 64
 581 0147 09       		.uleb128 0x9
 582 0148 18050000 		.4byte	.LASF38
 583 014c C100     		.sleb128 65
 584 014e 09       		.uleb128 0x9
 585 014f 67090000 		.4byte	.LASF39
 586 0153 C200     		.sleb128 66
 587 0155 09       		.uleb128 0x9
 588 0156 08010000 		.4byte	.LASF40
 589 015a C300     		.sleb128 67
 590 015c 09       		.uleb128 0x9
 591 015d 30080000 		.4byte	.LASF41
 592 0161 C400     		.sleb128 68
 593 0163 09       		.uleb128 0x9
 594 0164 EB070000 		.4byte	.LASF42
 595 0168 C500     		.sleb128 69
 596 016a 09       		.uleb128 0x9
 597 016b B6000000 		.4byte	.LASF43
 598 016f C600     		.sleb128 70
 599 0171 09       		.uleb128 0x9
 600 0172 7A040000 		.4byte	.LASF44
 601 0176 C700     		.sleb128 71
 602 0178 09       		.uleb128 0x9
 603 0179 AC040000 		.4byte	.LASF45
 604 017d C800     		.sleb128 72
 605 017f 09       		.uleb128 0x9
 606 0180 02020000 		.4byte	.LASF46
 607 0184 C900     		.sleb128 73
 608 0186 09       		.uleb128 0x9
 609 0187 6C060000 		.4byte	.LASF47
 610 018b CA00     		.sleb128 74
 611 018d 09       		.uleb128 0x9
ARM GAS  C:\Users\Helon\AppData\Local\Temp\ccRTSz3E.s 			page 15


 612 018e 52010000 		.4byte	.LASF48
 613 0192 CB00     		.sleb128 75
 614 0194 09       		.uleb128 0x9
 615 0195 60040000 		.4byte	.LASF49
 616 0199 CC00     		.sleb128 76
 617 019b 09       		.uleb128 0x9
 618 019c 2F000000 		.4byte	.LASF50
 619 01a0 CD00     		.sleb128 77
 620 01a2 09       		.uleb128 0x9
 621 01a3 12080000 		.4byte	.LASF51
 622 01a7 CE00     		.sleb128 78
 623 01a9 09       		.uleb128 0x9
 624 01aa 22040000 		.4byte	.LASF52
 625 01ae CF00     		.sleb128 79
 626 01b0 09       		.uleb128 0x9
 627 01b1 02090000 		.4byte	.LASF53
 628 01b5 D000     		.sleb128 80
 629 01b7 09       		.uleb128 0x9
 630 01b8 94060000 		.4byte	.LASF54
 631 01bc D100     		.sleb128 81
 632 01be 09       		.uleb128 0x9
 633 01bf BF020000 		.4byte	.LASF55
 634 01c3 D200     		.sleb128 82
 635 01c5 09       		.uleb128 0x9
 636 01c6 62020000 		.4byte	.LASF56
 637 01ca D300     		.sleb128 83
 638 01cc 09       		.uleb128 0x9
 639 01cd 71010000 		.4byte	.LASF57
 640 01d1 D400     		.sleb128 84
 641 01d3 09       		.uleb128 0x9
 642 01d4 43090000 		.4byte	.LASF58
 643 01d8 D500     		.sleb128 85
 644 01da 09       		.uleb128 0x9
 645 01db E0080000 		.4byte	.LASF59
 646 01df D600     		.sleb128 86
 647 01e1 09       		.uleb128 0x9
 648 01e2 B7080000 		.4byte	.LASF60
 649 01e6 D700     		.sleb128 87
 650 01e8 09       		.uleb128 0x9
 651 01e9 EE030000 		.4byte	.LASF61
 652 01ed F000     		.sleb128 112
 653 01ef 09       		.uleb128 0x9
 654 01f0 A1070000 		.4byte	.LASF62
 655 01f4 F100     		.sleb128 113
 656 01f6 09       		.uleb128 0x9
 657 01f7 4B060000 		.4byte	.LASF63
 658 01fb F200     		.sleb128 114
 659 01fd 09       		.uleb128 0x9
 660 01fe A9010000 		.4byte	.LASF64
 661 0202 F300     		.sleb128 115
 662 0204 09       		.uleb128 0x9
 663 0205 BC030000 		.4byte	.LASF65
 664 0209 F400     		.sleb128 116
 665 020b 09       		.uleb128 0x9
 666 020c 5C050000 		.4byte	.LASF66
 667 0210 F500     		.sleb128 117
 668 0212 09       		.uleb128 0x9
ARM GAS  C:\Users\Helon\AppData\Local\Temp\ccRTSz3E.s 			page 16


 669 0213 C7010000 		.4byte	.LASF67
 670 0217 F600     		.sleb128 118
 671 0219 09       		.uleb128 0x9
 672 021a 82070000 		.4byte	.LASF68
 673 021e F700     		.sleb128 119
 674 0220 09       		.uleb128 0x9
 675 0221 C8060000 		.4byte	.LASF69
 676 0225 F800     		.sleb128 120
 677 0227 09       		.uleb128 0x9
 678 0228 F2060000 		.4byte	.LASF70
 679 022c F900     		.sleb128 121
 680 022e 09       		.uleb128 0x9
 681 022f 74080000 		.4byte	.LASF71
 682 0233 FA00     		.sleb128 122
 683 0235 09       		.uleb128 0x9
 684 0236 D7000000 		.4byte	.LASF72
 685 023a FA01     		.sleb128 250
 686 023c 09       		.uleb128 0x9
 687 023d 41040000 		.4byte	.LASF73
 688 0241 FB01     		.sleb128 251
 689 0243 09       		.uleb128 0x9
 690 0244 DA030000 		.4byte	.LASF74
 691 0248 FF01     		.sleb128 255
 692 024a 00       		.byte	0
 693 024b 0A       		.uleb128 0xa
 694 024c A2020000 		.4byte	.LASF95
 695 0250 01       		.byte	0x1
 696 0251 34       		.byte	0x34
 697 0252 8C000000 		.4byte	0x8c
 698 0256 00000000 		.4byte	.LFB35
 699 025a F0010000 		.4byte	.LFE35-.LFB35
 700 025e 01       		.uleb128 0x1
 701 025f 9C       		.byte	0x9c
 702 0260 2A030000 		.4byte	0x32a
 703 0264 0B       		.uleb128 0xb
 704 0265 0A050000 		.4byte	.LASF75
 705 0269 01       		.byte	0x1
 706 026a 34       		.byte	0x34
 707 026b 81000000 		.4byte	0x81
 708 026f 00000000 		.4byte	.LLST0
 709 0273 0B       		.uleb128 0xb
 710 0274 FC020000 		.4byte	.LASF76
 711 0278 01       		.byte	0x1
 712 0279 34       		.byte	0x34
 713 027a 2A030000 		.4byte	0x32a
 714 027e 21000000 		.4byte	.LLST1
 715 0282 0B       		.uleb128 0xb
 716 0283 24000000 		.4byte	.LASF77
 717 0287 01       		.byte	0x1
 718 0288 34       		.byte	0x34
 719 0289 76000000 		.4byte	0x76
 720 028d 67000000 		.4byte	.LLST2
 721 0291 0B       		.uleb128 0xb
 722 0292 A4040000 		.4byte	.LASF78
 723 0296 01       		.byte	0x1
 724 0297 34       		.byte	0x34
 725 0298 76000000 		.4byte	0x76
ARM GAS  C:\Users\Helon\AppData\Local\Temp\ccRTSz3E.s 			page 17


 726 029c 88000000 		.4byte	.LLST3
 727 02a0 0C       		.uleb128 0xc
 728 02a1 E8010000 		.4byte	.LASF79
 729 02a5 01       		.byte	0x1
 730 02a6 3B       		.byte	0x3b
 731 02a7 81000000 		.4byte	0x81
 732 02ab A9000000 		.4byte	.LLST4
 733 02af 0D       		.uleb128 0xd
 734 02b0 F3010000 		.4byte	.LASF80
 735 02b4 01       		.byte	0x1
 736 02b5 3C       		.byte	0x3c
 737 02b6 B8000000 		.4byte	0xb8
 738 02ba 02       		.uleb128 0x2
 739 02bb 91       		.byte	0x91
 740 02bc 58       		.sleb128 -40
 741 02bd 0E       		.uleb128 0xe
 742 02be 43030000 		.4byte	0x343
 743 02c2 BE000000 		.4byte	.LLST5
 744 02c6 0C       		.uleb128 0xc
 745 02c7 D3040000 		.4byte	.LASF81
 746 02cb 01       		.byte	0x1
 747 02cc 3E       		.byte	0x3e
 748 02cd 48030000 		.4byte	0x348
 749 02d1 F8000000 		.4byte	.LLST6
 750 02d5 0D       		.uleb128 0xd
 751 02d6 67060000 		.4byte	.LASF82
 752 02da 01       		.byte	0x1
 753 02db 3F       		.byte	0x3f
 754 02dc B8000000 		.4byte	0xb8
 755 02e0 02       		.uleb128 0x2
 756 02e1 91       		.byte	0x91
 757 02e2 54       		.sleb128 -44
 758 02e3 0D       		.uleb128 0xd
 759 02e4 25020000 		.4byte	.LASF83
 760 02e8 01       		.byte	0x1
 761 02e9 3F       		.byte	0x3f
 762 02ea B8000000 		.4byte	0xb8
 763 02ee 02       		.uleb128 0x2
 764 02ef 91       		.byte	0x91
 765 02f0 50       		.sleb128 -48
 766 02f1 0D       		.uleb128 0xd
 767 02f2 8A060000 		.4byte	.LASF84
 768 02f6 01       		.byte	0x1
 769 02f7 3F       		.byte	0x3f
 770 02f8 B8000000 		.4byte	0xb8
 771 02fc 02       		.uleb128 0x2
 772 02fd 91       		.byte	0x91
 773 02fe 4C       		.sleb128 -52
 774 02ff 0D       		.uleb128 0xd
 775 0300 8F060000 		.4byte	.LASF85
 776 0304 01       		.byte	0x1
 777 0305 3F       		.byte	0x3f
 778 0306 B8000000 		.4byte	0xb8
 779 030a 02       		.uleb128 0x2
 780 030b 91       		.byte	0x91
 781 030c 48       		.sleb128 -56
 782 030d 0D       		.uleb128 0xd
ARM GAS  C:\Users\Helon\AppData\Local\Temp\ccRTSz3E.s 			page 18


 783 030e 4F020000 		.4byte	.LASF86
 784 0312 01       		.byte	0x1
 785 0313 3F       		.byte	0x3f
 786 0314 B8000000 		.4byte	0xb8
 787 0318 02       		.uleb128 0x2
 788 0319 91       		.byte	0x91
 789 031a 44       		.sleb128 -60
 790 031b 0D       		.uleb128 0xd
 791 031c 54020000 		.4byte	.LASF87
 792 0320 01       		.byte	0x1
 793 0321 3F       		.byte	0x3f
 794 0322 B8000000 		.4byte	0xb8
 795 0326 02       		.uleb128 0x2
 796 0327 91       		.byte	0x91
 797 0328 40       		.sleb128 -64
 798 0329 00       		.byte	0
 799 032a 0F       		.uleb128 0xf
 800 032b 04       		.byte	0x4
 801 032c 8C000000 		.4byte	0x8c
 802 0330 10       		.uleb128 0x10
 803 0331 8C000000 		.4byte	0x8c
 804 0335 43030000 		.4byte	0x343
 805 0339 11       		.uleb128 0x11
 806 033a BD000000 		.4byte	0xbd
 807 033e BD020000 		.4byte	0x2bd
 808 0342 00       		.byte	0
 809 0343 12       		.uleb128 0x12
 810 0344 BD000000 		.4byte	0xbd
 811 0348 06       		.uleb128 0x6
 812 0349 30030000 		.4byte	0x330
 813 034d 13       		.uleb128 0x13
 814 034e 2E070000 		.4byte	.LASF90
 815 0352 01       		.byte	0x1
 816 0353 92       		.byte	0x92
 817 0354 76000000 		.4byte	0x76
 818 0358 00000000 		.4byte	.LFB36
 819 035c 0C000000 		.4byte	.LFE36-.LFB36
 820 0360 01       		.uleb128 0x1
 821 0361 9C       		.byte	0x9c
 822 0362 85030000 		.4byte	0x385
 823 0366 0C       		.uleb128 0xc
 824 0367 1B020000 		.4byte	.LASF88
 825 036b 01       		.byte	0x1
 826 036c 95       		.byte	0x95
 827 036d 76000000 		.4byte	0x76
 828 0371 28010000 		.4byte	.LLST7
 829 0375 14       		.uleb128 0x14
 830 0376 97000000 		.4byte	.LASF89
 831 037a 01       		.byte	0x1
 832 037b 96       		.byte	0x96
 833 037c 85030000 		.4byte	0x385
 834 0380 06F2FF0F 		.4byte	0xffff206
 835 0384 00       		.byte	0
 836 0385 0F       		.uleb128 0xf
 837 0386 04       		.byte	0x4
 838 0387 76000000 		.4byte	0x76
 839 038b 13       		.uleb128 0x13
ARM GAS  C:\Users\Helon\AppData\Local\Temp\ccRTSz3E.s 			page 19


 840 038c 15070000 		.4byte	.LASF91
 841 0390 01       		.byte	0x1
 842 0391 A8       		.byte	0xa8
 843 0392 76000000 		.4byte	0x76
 844 0396 00000000 		.4byte	.LFB37
 845 039a 28000000 		.4byte	.LFE37-.LFB37
 846 039e 01       		.uleb128 0x1
 847 039f 9C       		.byte	0x9c
 848 03a0 DF030000 		.4byte	0x3df
 849 03a4 0C       		.uleb128 0xc
 850 03a5 1B020000 		.4byte	.LASF88
 851 03a9 01       		.byte	0x1
 852 03aa AA       		.byte	0xaa
 853 03ab 76000000 		.4byte	0x76
 854 03af 4B010000 		.4byte	.LLST8
 855 03b3 14       		.uleb128 0x14
 856 03b4 97000000 		.4byte	.LASF89
 857 03b8 01       		.byte	0x1
 858 03b9 AB       		.byte	0xab
 859 03ba 85030000 		.4byte	0x385
 860 03be 00F2FF0F 		.4byte	0xffff200
 861 03c2 15       		.uleb128 0x15
 862 03c3 14000000 		.4byte	.LVL19
 863 03c7 00040000 		.4byte	0x400
 864 03cb 16       		.uleb128 0x16
 865 03cc 01       		.uleb128 0x1
 866 03cd 51       		.byte	0x51
 867 03ce 05       		.uleb128 0x5
 868 03cf 0C       		.byte	0xc
 869 03d0 00F3FF0F 		.4byte	0xffff300
 870 03d4 16       		.uleb128 0x16
 871 03d5 01       		.uleb128 0x1
 872 03d6 50       		.byte	0x50
 873 03d7 05       		.uleb128 0x5
 874 03d8 03       		.byte	0x3
 875 03d9 00000000 		.4byte	.LANCHOR0
 876 03dd 00       		.byte	0
 877 03de 00       		.byte	0
 878 03df 10       		.uleb128 0x10
 879 03e0 A5000000 		.4byte	0xa5
 880 03e4 EF030000 		.4byte	0x3ef
 881 03e8 17       		.uleb128 0x17
 882 03e9 BD000000 		.4byte	0xbd
 883 03ed 16       		.byte	0x16
 884 03ee 00       		.byte	0
 885 03ef 18       		.uleb128 0x18
 886 03f0 BA060000 		.4byte	.LASF96
 887 03f4 01       		.byte	0x1
 888 03f5 20       		.byte	0x20
 889 03f6 DF030000 		.4byte	0x3df
 890 03fa 05       		.uleb128 0x5
 891 03fb 03       		.byte	0x3
 892 03fc 00000000 		.4byte	SetDeviceName
 893 0400 19       		.uleb128 0x19
 894 0401 90000000 		.4byte	.LASF97
 895 0405 C4000000 		.4byte	0xc4
 896 0409 1D040000 		.4byte	0x41d
ARM GAS  C:\Users\Helon\AppData\Local\Temp\ccRTSz3E.s 			page 20


 897 040d 1A       		.uleb128 0x1a
 898 040e C4000000 		.4byte	0xc4
 899 0412 1A       		.uleb128 0x1a
 900 0413 1D040000 		.4byte	0x41d
 901 0417 1A       		.uleb128 0x1a
 902 0418 BD000000 		.4byte	0xbd
 903 041c 00       		.byte	0
 904 041d 0F       		.uleb128 0xf
 905 041e 04       		.byte	0x4
 906 041f 23040000 		.4byte	0x423
 907 0423 1B       		.uleb128 0x1b
 908 0424 00       		.byte	0
 909              		.section	.debug_abbrev,"",%progbits
 910              	.Ldebug_abbrev0:
 911 0000 01       		.uleb128 0x1
 912 0001 11       		.uleb128 0x11
 913 0002 01       		.byte	0x1
 914 0003 25       		.uleb128 0x25
 915 0004 0E       		.uleb128 0xe
 916 0005 13       		.uleb128 0x13
 917 0006 0B       		.uleb128 0xb
 918 0007 03       		.uleb128 0x3
 919 0008 0E       		.uleb128 0xe
 920 0009 1B       		.uleb128 0x1b
 921 000a 0E       		.uleb128 0xe
 922 000b 55       		.uleb128 0x55
 923 000c 17       		.uleb128 0x17
 924 000d 11       		.uleb128 0x11
 925 000e 01       		.uleb128 0x1
 926 000f 10       		.uleb128 0x10
 927 0010 17       		.uleb128 0x17
 928 0011 00       		.byte	0
 929 0012 00       		.byte	0
 930 0013 02       		.uleb128 0x2
 931 0014 24       		.uleb128 0x24
 932 0015 00       		.byte	0
 933 0016 0B       		.uleb128 0xb
 934 0017 0B       		.uleb128 0xb
 935 0018 3E       		.uleb128 0x3e
 936 0019 0B       		.uleb128 0xb
 937 001a 03       		.uleb128 0x3
 938 001b 0E       		.uleb128 0xe
 939 001c 00       		.byte	0
 940 001d 00       		.byte	0
 941 001e 03       		.uleb128 0x3
 942 001f 16       		.uleb128 0x16
 943 0020 00       		.byte	0
 944 0021 03       		.uleb128 0x3
 945 0022 0E       		.uleb128 0xe
 946 0023 3A       		.uleb128 0x3a
 947 0024 0B       		.uleb128 0xb
 948 0025 3B       		.uleb128 0x3b
 949 0026 0B       		.uleb128 0xb
 950 0027 49       		.uleb128 0x49
 951 0028 13       		.uleb128 0x13
 952 0029 00       		.byte	0
 953 002a 00       		.byte	0
ARM GAS  C:\Users\Helon\AppData\Local\Temp\ccRTSz3E.s 			page 21


 954 002b 04       		.uleb128 0x4
 955 002c 24       		.uleb128 0x24
 956 002d 00       		.byte	0
 957 002e 0B       		.uleb128 0xb
 958 002f 0B       		.uleb128 0xb
 959 0030 3E       		.uleb128 0x3e
 960 0031 0B       		.uleb128 0xb
 961 0032 03       		.uleb128 0x3
 962 0033 08       		.uleb128 0x8
 963 0034 00       		.byte	0
 964 0035 00       		.byte	0
 965 0036 05       		.uleb128 0x5
 966 0037 16       		.uleb128 0x16
 967 0038 00       		.byte	0
 968 0039 03       		.uleb128 0x3
 969 003a 0E       		.uleb128 0xe
 970 003b 3A       		.uleb128 0x3a
 971 003c 0B       		.uleb128 0xb
 972 003d 3B       		.uleb128 0x3b
 973 003e 05       		.uleb128 0x5
 974 003f 49       		.uleb128 0x49
 975 0040 13       		.uleb128 0x13
 976 0041 00       		.byte	0
 977 0042 00       		.byte	0
 978 0043 06       		.uleb128 0x6
 979 0044 35       		.uleb128 0x35
 980 0045 00       		.byte	0
 981 0046 49       		.uleb128 0x49
 982 0047 13       		.uleb128 0x13
 983 0048 00       		.byte	0
 984 0049 00       		.byte	0
 985 004a 07       		.uleb128 0x7
 986 004b 0F       		.uleb128 0xf
 987 004c 00       		.byte	0
 988 004d 0B       		.uleb128 0xb
 989 004e 0B       		.uleb128 0xb
 990 004f 00       		.byte	0
 991 0050 00       		.byte	0
 992 0051 08       		.uleb128 0x8
 993 0052 04       		.uleb128 0x4
 994 0053 01       		.byte	0x1
 995 0054 0B       		.uleb128 0xb
 996 0055 0B       		.uleb128 0xb
 997 0056 3A       		.uleb128 0x3a
 998 0057 0B       		.uleb128 0xb
 999 0058 3B       		.uleb128 0x3b
 1000 0059 0B       		.uleb128 0xb
 1001 005a 01       		.uleb128 0x1
 1002 005b 13       		.uleb128 0x13
 1003 005c 00       		.byte	0
 1004 005d 00       		.byte	0
 1005 005e 09       		.uleb128 0x9
 1006 005f 28       		.uleb128 0x28
 1007 0060 00       		.byte	0
 1008 0061 03       		.uleb128 0x3
 1009 0062 0E       		.uleb128 0xe
 1010 0063 1C       		.uleb128 0x1c
ARM GAS  C:\Users\Helon\AppData\Local\Temp\ccRTSz3E.s 			page 22


 1011 0064 0D       		.uleb128 0xd
 1012 0065 00       		.byte	0
 1013 0066 00       		.byte	0
 1014 0067 0A       		.uleb128 0xa
 1015 0068 2E       		.uleb128 0x2e
 1016 0069 01       		.byte	0x1
 1017 006a 3F       		.uleb128 0x3f
 1018 006b 19       		.uleb128 0x19
 1019 006c 03       		.uleb128 0x3
 1020 006d 0E       		.uleb128 0xe
 1021 006e 3A       		.uleb128 0x3a
 1022 006f 0B       		.uleb128 0xb
 1023 0070 3B       		.uleb128 0x3b
 1024 0071 0B       		.uleb128 0xb
 1025 0072 27       		.uleb128 0x27
 1026 0073 19       		.uleb128 0x19
 1027 0074 49       		.uleb128 0x49
 1028 0075 13       		.uleb128 0x13
 1029 0076 11       		.uleb128 0x11
 1030 0077 01       		.uleb128 0x1
 1031 0078 12       		.uleb128 0x12
 1032 0079 06       		.uleb128 0x6
 1033 007a 40       		.uleb128 0x40
 1034 007b 18       		.uleb128 0x18
 1035 007c 9742     		.uleb128 0x2117
 1036 007e 19       		.uleb128 0x19
 1037 007f 01       		.uleb128 0x1
 1038 0080 13       		.uleb128 0x13
 1039 0081 00       		.byte	0
 1040 0082 00       		.byte	0
 1041 0083 0B       		.uleb128 0xb
 1042 0084 05       		.uleb128 0x5
 1043 0085 00       		.byte	0
 1044 0086 03       		.uleb128 0x3
 1045 0087 0E       		.uleb128 0xe
 1046 0088 3A       		.uleb128 0x3a
 1047 0089 0B       		.uleb128 0xb
 1048 008a 3B       		.uleb128 0x3b
 1049 008b 0B       		.uleb128 0xb
 1050 008c 49       		.uleb128 0x49
 1051 008d 13       		.uleb128 0x13
 1052 008e 02       		.uleb128 0x2
 1053 008f 17       		.uleb128 0x17
 1054 0090 00       		.byte	0
 1055 0091 00       		.byte	0
 1056 0092 0C       		.uleb128 0xc
 1057 0093 34       		.uleb128 0x34
 1058 0094 00       		.byte	0
 1059 0095 03       		.uleb128 0x3
 1060 0096 0E       		.uleb128 0xe
 1061 0097 3A       		.uleb128 0x3a
 1062 0098 0B       		.uleb128 0xb
 1063 0099 3B       		.uleb128 0x3b
 1064 009a 0B       		.uleb128 0xb
 1065 009b 49       		.uleb128 0x49
 1066 009c 13       		.uleb128 0x13
 1067 009d 02       		.uleb128 0x2
ARM GAS  C:\Users\Helon\AppData\Local\Temp\ccRTSz3E.s 			page 23


 1068 009e 17       		.uleb128 0x17
 1069 009f 00       		.byte	0
 1070 00a0 00       		.byte	0
 1071 00a1 0D       		.uleb128 0xd
 1072 00a2 34       		.uleb128 0x34
 1073 00a3 00       		.byte	0
 1074 00a4 03       		.uleb128 0x3
 1075 00a5 0E       		.uleb128 0xe
 1076 00a6 3A       		.uleb128 0x3a
 1077 00a7 0B       		.uleb128 0xb
 1078 00a8 3B       		.uleb128 0x3b
 1079 00a9 0B       		.uleb128 0xb
 1080 00aa 49       		.uleb128 0x49
 1081 00ab 13       		.uleb128 0x13
 1082 00ac 02       		.uleb128 0x2
 1083 00ad 18       		.uleb128 0x18
 1084 00ae 00       		.byte	0
 1085 00af 00       		.byte	0
 1086 00b0 0E       		.uleb128 0xe
 1087 00b1 34       		.uleb128 0x34
 1088 00b2 00       		.byte	0
 1089 00b3 34       		.uleb128 0x34
 1090 00b4 19       		.uleb128 0x19
 1091 00b5 49       		.uleb128 0x49
 1092 00b6 13       		.uleb128 0x13
 1093 00b7 02       		.uleb128 0x2
 1094 00b8 17       		.uleb128 0x17
 1095 00b9 00       		.byte	0
 1096 00ba 00       		.byte	0
 1097 00bb 0F       		.uleb128 0xf
 1098 00bc 0F       		.uleb128 0xf
 1099 00bd 00       		.byte	0
 1100 00be 0B       		.uleb128 0xb
 1101 00bf 0B       		.uleb128 0xb
 1102 00c0 49       		.uleb128 0x49
 1103 00c1 13       		.uleb128 0x13
 1104 00c2 00       		.byte	0
 1105 00c3 00       		.byte	0
 1106 00c4 10       		.uleb128 0x10
 1107 00c5 01       		.uleb128 0x1
 1108 00c6 01       		.byte	0x1
 1109 00c7 49       		.uleb128 0x49
 1110 00c8 13       		.uleb128 0x13
 1111 00c9 01       		.uleb128 0x1
 1112 00ca 13       		.uleb128 0x13
 1113 00cb 00       		.byte	0
 1114 00cc 00       		.byte	0
 1115 00cd 11       		.uleb128 0x11
 1116 00ce 21       		.uleb128 0x21
 1117 00cf 00       		.byte	0
 1118 00d0 49       		.uleb128 0x49
 1119 00d1 13       		.uleb128 0x13
 1120 00d2 2F       		.uleb128 0x2f
 1121 00d3 13       		.uleb128 0x13
 1122 00d4 00       		.byte	0
 1123 00d5 00       		.byte	0
 1124 00d6 12       		.uleb128 0x12
ARM GAS  C:\Users\Helon\AppData\Local\Temp\ccRTSz3E.s 			page 24


 1125 00d7 26       		.uleb128 0x26
 1126 00d8 00       		.byte	0
 1127 00d9 49       		.uleb128 0x49
 1128 00da 13       		.uleb128 0x13
 1129 00db 00       		.byte	0
 1130 00dc 00       		.byte	0
 1131 00dd 13       		.uleb128 0x13
 1132 00de 2E       		.uleb128 0x2e
 1133 00df 01       		.byte	0x1
 1134 00e0 3F       		.uleb128 0x3f
 1135 00e1 19       		.uleb128 0x19
 1136 00e2 03       		.uleb128 0x3
 1137 00e3 0E       		.uleb128 0xe
 1138 00e4 3A       		.uleb128 0x3a
 1139 00e5 0B       		.uleb128 0xb
 1140 00e6 3B       		.uleb128 0x3b
 1141 00e7 0B       		.uleb128 0xb
 1142 00e8 49       		.uleb128 0x49
 1143 00e9 13       		.uleb128 0x13
 1144 00ea 11       		.uleb128 0x11
 1145 00eb 01       		.uleb128 0x1
 1146 00ec 12       		.uleb128 0x12
 1147 00ed 06       		.uleb128 0x6
 1148 00ee 40       		.uleb128 0x40
 1149 00ef 18       		.uleb128 0x18
 1150 00f0 9742     		.uleb128 0x2117
 1151 00f2 19       		.uleb128 0x19
 1152 00f3 01       		.uleb128 0x1
 1153 00f4 13       		.uleb128 0x13
 1154 00f5 00       		.byte	0
 1155 00f6 00       		.byte	0
 1156 00f7 14       		.uleb128 0x14
 1157 00f8 34       		.uleb128 0x34
 1158 00f9 00       		.byte	0
 1159 00fa 03       		.uleb128 0x3
 1160 00fb 0E       		.uleb128 0xe
 1161 00fc 3A       		.uleb128 0x3a
 1162 00fd 0B       		.uleb128 0xb
 1163 00fe 3B       		.uleb128 0x3b
 1164 00ff 0B       		.uleb128 0xb
 1165 0100 49       		.uleb128 0x49
 1166 0101 13       		.uleb128 0x13
 1167 0102 1C       		.uleb128 0x1c
 1168 0103 06       		.uleb128 0x6
 1169 0104 00       		.byte	0
 1170 0105 00       		.byte	0
 1171 0106 15       		.uleb128 0x15
 1172 0107 898201   		.uleb128 0x4109
 1173 010a 01       		.byte	0x1
 1174 010b 11       		.uleb128 0x11
 1175 010c 01       		.uleb128 0x1
 1176 010d 31       		.uleb128 0x31
 1177 010e 13       		.uleb128 0x13
 1178 010f 00       		.byte	0
 1179 0110 00       		.byte	0
 1180 0111 16       		.uleb128 0x16
 1181 0112 8A8201   		.uleb128 0x410a
ARM GAS  C:\Users\Helon\AppData\Local\Temp\ccRTSz3E.s 			page 25


 1182 0115 00       		.byte	0
 1183 0116 02       		.uleb128 0x2
 1184 0117 18       		.uleb128 0x18
 1185 0118 9142     		.uleb128 0x2111
 1186 011a 18       		.uleb128 0x18
 1187 011b 00       		.byte	0
 1188 011c 00       		.byte	0
 1189 011d 17       		.uleb128 0x17
 1190 011e 21       		.uleb128 0x21
 1191 011f 00       		.byte	0
 1192 0120 49       		.uleb128 0x49
 1193 0121 13       		.uleb128 0x13
 1194 0122 2F       		.uleb128 0x2f
 1195 0123 0B       		.uleb128 0xb
 1196 0124 00       		.byte	0
 1197 0125 00       		.byte	0
 1198 0126 18       		.uleb128 0x18
 1199 0127 34       		.uleb128 0x34
 1200 0128 00       		.byte	0
 1201 0129 03       		.uleb128 0x3
 1202 012a 0E       		.uleb128 0xe
 1203 012b 3A       		.uleb128 0x3a
 1204 012c 0B       		.uleb128 0xb
 1205 012d 3B       		.uleb128 0x3b
 1206 012e 0B       		.uleb128 0xb
 1207 012f 49       		.uleb128 0x49
 1208 0130 13       		.uleb128 0x13
 1209 0131 3F       		.uleb128 0x3f
 1210 0132 19       		.uleb128 0x19
 1211 0133 02       		.uleb128 0x2
 1212 0134 18       		.uleb128 0x18
 1213 0135 00       		.byte	0
 1214 0136 00       		.byte	0
 1215 0137 19       		.uleb128 0x19
 1216 0138 2E       		.uleb128 0x2e
 1217 0139 01       		.byte	0x1
 1218 013a 3F       		.uleb128 0x3f
 1219 013b 19       		.uleb128 0x19
 1220 013c 03       		.uleb128 0x3
 1221 013d 0E       		.uleb128 0xe
 1222 013e 27       		.uleb128 0x27
 1223 013f 19       		.uleb128 0x19
 1224 0140 49       		.uleb128 0x49
 1225 0141 13       		.uleb128 0x13
 1226 0142 34       		.uleb128 0x34
 1227 0143 19       		.uleb128 0x19
 1228 0144 3C       		.uleb128 0x3c
 1229 0145 19       		.uleb128 0x19
 1230 0146 01       		.uleb128 0x1
 1231 0147 13       		.uleb128 0x13
 1232 0148 00       		.byte	0
 1233 0149 00       		.byte	0
 1234 014a 1A       		.uleb128 0x1a
 1235 014b 05       		.uleb128 0x5
 1236 014c 00       		.byte	0
 1237 014d 49       		.uleb128 0x49
 1238 014e 13       		.uleb128 0x13
ARM GAS  C:\Users\Helon\AppData\Local\Temp\ccRTSz3E.s 			page 26


 1239 014f 00       		.byte	0
 1240 0150 00       		.byte	0
 1241 0151 1B       		.uleb128 0x1b
 1242 0152 26       		.uleb128 0x26
 1243 0153 00       		.byte	0
 1244 0154 00       		.byte	0
 1245 0155 00       		.byte	0
 1246 0156 00       		.byte	0
 1247              		.section	.debug_loc,"",%progbits
 1248              	.Ldebug_loc0:
 1249              	.LLST0:
 1250 0000 00000000 		.4byte	.LVL0
 1251 0004 0C000000 		.4byte	.LVL1
 1252 0008 0100     		.2byte	0x1
 1253 000a 50       		.byte	0x50
 1254 000b 0C000000 		.4byte	.LVL1
 1255 000f F0010000 		.4byte	.LFE35
 1256 0013 0400     		.2byte	0x4
 1257 0015 F3       		.byte	0xf3
 1258 0016 01       		.uleb128 0x1
 1259 0017 50       		.byte	0x50
 1260 0018 9F       		.byte	0x9f
 1261 0019 00000000 		.4byte	0
 1262 001d 00000000 		.4byte	0
 1263              	.LLST1:
 1264 0021 00000000 		.4byte	.LVL0
 1265 0025 0E000000 		.4byte	.LVL2
 1266 0029 0100     		.2byte	0x1
 1267 002b 51       		.byte	0x51
 1268 002c 0E000000 		.4byte	.LVL2
 1269 0030 98000000 		.4byte	.LVL7
 1270 0034 0300     		.2byte	0x3
 1271 0036 7D       		.byte	0x7d
 1272 0037 C000     		.sleb128 64
 1273 0039 98000000 		.4byte	.LVL7
 1274 003d CA000000 		.4byte	.LVL10
 1275 0041 0300     		.2byte	0x3
 1276 0043 72       		.byte	0x72
 1277 0044 C000     		.sleb128 64
 1278 0046 CA000000 		.4byte	.LVL10
 1279 004a B4010000 		.4byte	.LVL14
 1280 004e 0300     		.2byte	0x3
 1281 0050 77       		.byte	0x77
 1282 0051 C000     		.sleb128 64
 1283 0053 B4010000 		.4byte	.LVL14
 1284 0057 F0010000 		.4byte	.LFE35
 1285 005b 0200     		.2byte	0x2
 1286 005d 91       		.byte	0x91
 1287 005e 60       		.sleb128 -32
 1288 005f 00000000 		.4byte	0
 1289 0063 00000000 		.4byte	0
 1290              	.LLST2:
 1291 0067 00000000 		.4byte	.LVL0
 1292 006b 14000000 		.4byte	.LVL4
 1293 006f 0100     		.2byte	0x1
 1294 0071 52       		.byte	0x52
 1295 0072 14000000 		.4byte	.LVL4
ARM GAS  C:\Users\Helon\AppData\Local\Temp\ccRTSz3E.s 			page 27


 1296 0076 F0010000 		.4byte	.LFE35
 1297 007a 0400     		.2byte	0x4
 1298 007c F3       		.byte	0xf3
 1299 007d 01       		.uleb128 0x1
 1300 007e 52       		.byte	0x52
 1301 007f 9F       		.byte	0x9f
 1302 0080 00000000 		.4byte	0
 1303 0084 00000000 		.4byte	0
 1304              	.LLST3:
 1305 0088 00000000 		.4byte	.LVL0
 1306 008c 10000000 		.4byte	.LVL3
 1307 0090 0100     		.2byte	0x1
 1308 0092 53       		.byte	0x53
 1309 0093 10000000 		.4byte	.LVL3
 1310 0097 F0010000 		.4byte	.LFE35
 1311 009b 0400     		.2byte	0x4
 1312 009d F3       		.byte	0xf3
 1313 009e 01       		.uleb128 0x1
 1314 009f 53       		.byte	0x53
 1315 00a0 9F       		.byte	0x9f
 1316 00a1 00000000 		.4byte	0
 1317 00a5 00000000 		.4byte	0
 1318              	.LLST4:
 1319 00a9 00010000 		.4byte	.LVL11
 1320 00ad AC010000 		.4byte	.LVL13
 1321 00b1 0300     		.2byte	0x3
 1322 00b3 77       		.byte	0x77
 1323 00b4 EF00     		.sleb128 111
 1324 00b6 00000000 		.4byte	0
 1325 00ba 00000000 		.4byte	0
 1326              	.LLST5:
 1327 00be 54000000 		.4byte	.LVL5
 1328 00c2 56000000 		.4byte	.LVL6
 1329 00c6 0100     		.2byte	0x1
 1330 00c8 52       		.byte	0x52
 1331 00c9 56000000 		.4byte	.LVL6
 1332 00cd 98000000 		.4byte	.LVL7
 1333 00d1 0300     		.2byte	0x3
 1334 00d3 7D       		.byte	0x7d
 1335 00d4 E800     		.sleb128 104
 1336 00d6 98000000 		.4byte	.LVL7
 1337 00da CA000000 		.4byte	.LVL10
 1338 00de 0300     		.2byte	0x3
 1339 00e0 72       		.byte	0x72
 1340 00e1 E800     		.sleb128 104
 1341 00e3 CA000000 		.4byte	.LVL10
 1342 00e7 AC010000 		.4byte	.LVL13
 1343 00eb 0300     		.2byte	0x3
 1344 00ed 77       		.byte	0x77
 1345 00ee E800     		.sleb128 104
 1346 00f0 00000000 		.4byte	0
 1347 00f4 00000000 		.4byte	0
 1348              	.LLST6:
 1349 00f8 A2000000 		.4byte	.LVL8
 1350 00fc A4000000 		.4byte	.LVL9
 1351 0100 0200     		.2byte	0x2
 1352 0102 73       		.byte	0x73
ARM GAS  C:\Users\Helon\AppData\Local\Temp\ccRTSz3E.s 			page 28


 1353 0103 00       		.sleb128 0
 1354 0104 A4000000 		.4byte	.LVL9
 1355 0108 CA000000 		.4byte	.LVL10
 1356 010c 0400     		.2byte	0x4
 1357 010e 72       		.byte	0x72
 1358 010f E400     		.sleb128 100
 1359 0111 06       		.byte	0x6
 1360 0112 CA000000 		.4byte	.LVL10
 1361 0116 AC010000 		.4byte	.LVL13
 1362 011a 0400     		.2byte	0x4
 1363 011c 77       		.byte	0x77
 1364 011d E400     		.sleb128 100
 1365 011f 06       		.byte	0x6
 1366 0120 00000000 		.4byte	0
 1367 0124 00000000 		.4byte	0
 1368              	.LLST7:
 1369 0128 00000000 		.4byte	.LVL15
 1370 012c 02000000 		.4byte	.LVL16
 1371 0130 0500     		.2byte	0x5
 1372 0132 0C       		.byte	0xc
 1373 0133 06F2FF0F 		.4byte	0xffff206
 1374 0137 02000000 		.4byte	.LVL16
 1375 013b 0C000000 		.4byte	.LFE36
 1376 013f 0200     		.2byte	0x2
 1377 0141 73       		.byte	0x73
 1378 0142 00       		.sleb128 0
 1379 0143 00000000 		.4byte	0
 1380 0147 00000000 		.4byte	0
 1381              	.LLST8:
 1382 014b 02000000 		.4byte	.LVL17
 1383 014f 08000000 		.4byte	.LVL18
 1384 0153 0200     		.2byte	0x2
 1385 0155 30       		.byte	0x30
 1386 0156 9F       		.byte	0x9f
 1387 0157 08000000 		.4byte	.LVL18
 1388 015b 13000000 		.4byte	.LVL19-1
 1389 015f 0100     		.2byte	0x1
 1390 0161 52       		.byte	0x52
 1391 0162 18000000 		.4byte	.LVL20
 1392 0166 1A000000 		.4byte	.LVL21
 1393 016a 0100     		.2byte	0x1
 1394 016c 52       		.byte	0x52
 1395 016d 00000000 		.4byte	0
 1396 0171 00000000 		.4byte	0
 1397              		.section	.debug_aranges,"",%progbits
 1398 0000 2C000000 		.4byte	0x2c
 1399 0004 0200     		.2byte	0x2
 1400 0006 00000000 		.4byte	.Ldebug_info0
 1401 000a 04       		.byte	0x4
 1402 000b 00       		.byte	0
 1403 000c 0000     		.2byte	0
 1404 000e 0000     		.2byte	0
 1405 0010 00000000 		.4byte	.LFB35
 1406 0014 F0010000 		.4byte	.LFE35-.LFB35
 1407 0018 00000000 		.4byte	.LFB36
 1408 001c 0C000000 		.4byte	.LFE36-.LFB36
 1409 0020 00000000 		.4byte	.LFB37
ARM GAS  C:\Users\Helon\AppData\Local\Temp\ccRTSz3E.s 			page 29


 1410 0024 28000000 		.4byte	.LFE37-.LFB37
 1411 0028 00000000 		.4byte	0
 1412 002c 00000000 		.4byte	0
 1413              		.section	.debug_ranges,"",%progbits
 1414              	.Ldebug_ranges0:
 1415 0000 00000000 		.4byte	.LFB35
 1416 0004 F0010000 		.4byte	.LFE35
 1417 0008 00000000 		.4byte	.LFB36
 1418 000c 0C000000 		.4byte	.LFE36
 1419 0010 00000000 		.4byte	.LFB37
 1420 0014 28000000 		.4byte	.LFE37
 1421 0018 00000000 		.4byte	0
 1422 001c 00000000 		.4byte	0
 1423              		.section	.debug_line,"",%progbits
 1424              	.Ldebug_line0:
 1425 0000 C6010000 		.section	.debug_str,"MS",%progbits,1
 1425      02005501 
 1425      00000201 
 1425      FB0E0D00 
 1425      01010101 
 1426              	.LASF26:
 1427 0000 4359424C 		.ascii	"CYBLE_EVT_GAP_PASSKEY_ENTRY_REQUEST\000"
 1427      455F4556 
 1427      545F4741 
 1427      505F5041 
 1427      53534B45 
 1428              	.LASF77:
 1429 0024 64617461 		.ascii	"datalength\000"
 1429      6C656E67 
 1429      746800
 1430              	.LASF50:
 1431 002f 4359424C 		.ascii	"CYBLE_EVT_GATTC_WRITE_RSP\000"
 1431      455F4556 
 1431      545F4741 
 1431      5454435F 
 1431      57524954 
 1432              	.LASF2:
 1433 0049 73686F72 		.ascii	"short int\000"
 1433      7420696E 
 1433      7400
 1434              	.LASF29:
 1435 0053 4359424C 		.ascii	"CYBLE_EVT_GAP_AUTH_FAILED\000"
 1435      455F4556 
 1435      545F4741 
 1435      505F4155 
 1435      54485F46 
 1436              	.LASF17:
 1437 006d 73697A65 		.ascii	"sizetype\000"
 1437      74797065 
 1437      00
 1438              	.LASF37:
 1439 0076 4359424C 		.ascii	"CYBLE_EVT_GATTC_ERROR_RSP\000"
 1439      455F4556 
 1439      545F4741 
 1439      5454435F 
 1439      4552524F 
 1440              	.LASF97:
ARM GAS  C:\Users\Helon\AppData\Local\Temp\ccRTSz3E.s 			page 30


 1441 0090 6D656D63 		.ascii	"memcpy\000"
 1441      707900
 1442              	.LASF89:
 1443 0097 73666C61 		.ascii	"sflashPtr\000"
 1443      73685074 
 1443      7200
 1444              	.LASF22:
 1445 00a1 4359424C 		.ascii	"CYBLE_EVT_HCI_STATUS\000"
 1445      455F4556 
 1445      545F4843 
 1445      495F5354 
 1445      41545553 
 1446              	.LASF43:
 1447 00b6 4359424C 		.ascii	"CYBLE_EVT_GATTC_READ_BY_TYPE_RSP\000"
 1447      455F4556 
 1447      545F4741 
 1447      5454435F 
 1447      52454144 
 1448              	.LASF72:
 1449 00d7 4359424C 		.ascii	"CYBLE_EVT_PENDING_FLASH_WRITE\000"
 1449      455F4556 
 1449      545F5045 
 1449      4E44494E 
 1449      475F464C 
 1450              	.LASF19:
 1451 00f5 4359424C 		.ascii	"CYBLE_EVT_STACK_ON\000"
 1451      455F4556 
 1451      545F5354 
 1451      41434B5F 
 1451      4F4E00
 1452              	.LASF40:
 1453 0108 4359424C 		.ascii	"CYBLE_EVT_GATTS_XCNHG_MTU_REQ\000"
 1453      455F4556 
 1453      545F4741 
 1453      5454535F 
 1453      58434E48 
 1454              	.LASF10:
 1455 0126 75696E74 		.ascii	"uint8_t\000"
 1455      385F7400 
 1456              	.LASF36:
 1457 012e 4359424C 		.ascii	"CYBLE_EVT_GAP_KEYINFO_EXCHNGE_CMPLT\000"
 1457      455F4556 
 1457      545F4741 
 1457      505F4B45 
 1457      59494E46 
 1458              	.LASF48:
 1459 0152 4359424C 		.ascii	"CYBLE_EVT_GATTC_READ_MULTI_RSP\000"
 1459      455F4556 
 1459      545F4741 
 1459      5454435F 
 1459      52454144 
 1460              	.LASF57:
 1461 0171 4359424C 		.ascii	"CYBLE_EVT_GATTS_HANDLE_VALUE_CNF\000"
 1461      455F4556 
 1461      545F4741 
 1461      5454535F 
 1461      48414E44 
ARM GAS  C:\Users\Helon\AppData\Local\Temp\ccRTSz3E.s 			page 31


 1462              	.LASF18:
 1463 0192 4359424C 		.ascii	"CYBLE_EVT_HOST_INVALID\000"
 1463      455F4556 
 1463      545F484F 
 1463      53545F49 
 1463      4E56414C 
 1464              	.LASF64:
 1465 01a9 4359424C 		.ascii	"CYBLE_EVT_L2CAP_CBFC_CONN_IND\000"
 1465      455F4556 
 1465      545F4C32 
 1465      4341505F 
 1465      43424643 
 1466              	.LASF67:
 1467 01c7 4359424C 		.ascii	"CYBLE_EVT_L2CAP_CBFC_DISCONN_CNF\000"
 1467      455F4556 
 1467      545F4C32 
 1467      4341505F 
 1467      43424643 
 1468              	.LASF79:
 1469 01e8 6C6F6361 		.ascii	"localCount\000"
 1469      6C436F75 
 1469      6E7400
 1470              	.LASF80:
 1471 01f3 72657456 		.ascii	"retValue\000"
 1471      616C7565 
 1471      00
 1472              	.LASF13:
 1473 01fc 666C6F61 		.ascii	"float\000"
 1473      7400
 1474              	.LASF46:
 1475 0202 4359424C 		.ascii	"CYBLE_EVT_GATTC_READ_RSP\000"
 1475      455F4556 
 1475      545F4741 
 1475      5454435F 
 1475      52454144 
 1476              	.LASF88:
 1477 021b 466C6173 		.ascii	"FlashData\000"
 1477      68446174 
 1477      6100
 1478              	.LASF83:
 1479 0225 72656732 		.ascii	"reg2\000"
 1479      00
 1480              	.LASF6:
 1481 022a 6C6F6E67 		.ascii	"long long int\000"
 1481      206C6F6E 
 1481      6720696E 
 1481      7400
 1482              	.LASF7:
 1483 0238 6C6F6E67 		.ascii	"long long unsigned int\000"
 1483      206C6F6E 
 1483      6720756E 
 1483      7369676E 
 1483      65642069 
 1484              	.LASF86:
 1485 024f 72656735 		.ascii	"reg5\000"
 1485      00
 1486              	.LASF87:
ARM GAS  C:\Users\Helon\AppData\Local\Temp\ccRTSz3E.s 			page 32


 1487 0254 72656736 		.ascii	"reg6\000"
 1487      00
 1488              	.LASF4:
 1489 0259 6C6F6E67 		.ascii	"long int\000"
 1489      20696E74 
 1489      00
 1490              	.LASF56:
 1491 0262 4359424C 		.ascii	"CYBLE_EVT_GATTC_HANDLE_VALUE_IND\000"
 1491      455F4556 
 1491      545F4741 
 1491      5454435F 
 1491      48414E44 
 1492              	.LASF31:
 1493 0283 4359424C 		.ascii	"CYBLE_EVT_GAP_DEVICE_CONNECTED\000"
 1493      455F4556 
 1493      545F4741 
 1493      505F4445 
 1493      56494345 
 1494              	.LASF95:
 1495 02a2 57726974 		.ascii	"WriteUserSFlashRow\000"
 1495      65557365 
 1495      7253466C 
 1495      61736852 
 1495      6F7700
 1496              	.LASF9:
 1497 02b5 5F5F7569 		.ascii	"__uint8_t\000"
 1497      6E74385F 
 1497      7400
 1498              	.LASF55:
 1499 02bf 4359424C 		.ascii	"CYBLE_EVT_GATTC_HANDLE_VALUE_NTF\000"
 1499      455F4556 
 1499      545F4741 
 1499      5454435F 
 1499      48414E44 
 1500              	.LASF23:
 1501 02e0 4359424C 		.ascii	"CYBLE_EVT_STACK_BUSY_STATUS\000"
 1501      455F4556 
 1501      545F5354 
 1501      41434B5F 
 1501      42555359 
 1502              	.LASF76:
 1503 02fc 64617461 		.ascii	"dataPointer\000"
 1503      506F696E 
 1503      74657200 
 1504              	.LASF27:
 1505 0308 4359424C 		.ascii	"CYBLE_EVT_GAP_PASSKEY_DISPLAY_REQUEST\000"
 1505      455F4556 
 1505      545F4741 
 1505      505F5041 
 1505      53534B45 
 1506              	.LASF92:
 1507 032e 474E5520 		.ascii	"GNU C 4.9.3 20150303 (release) [ARM/embedded-4_9-br"
 1507      4320342E 
 1507      392E3320 
 1507      32303135 
 1507      30333033 
 1508 0361 616E6368 		.ascii	"anch revision 221220] -mcpu=cortex-m0 -mthumb -g -O"
ARM GAS  C:\Users\Helon\AppData\Local\Temp\ccRTSz3E.s 			page 33


 1508      20726576 
 1508      6973696F 
 1508      6E203232 
 1508      31323230 
 1509 0394 67202D66 		.ascii	"g -ffunction-sections -ffat-lto-objects\000"
 1509      66756E63 
 1509      74696F6E 
 1509      2D736563 
 1509      74696F6E 
 1510              	.LASF65:
 1511 03bc 4359424C 		.ascii	"CYBLE_EVT_L2CAP_CBFC_CONN_CNF\000"
 1511      455F4556 
 1511      545F4C32 
 1511      4341505F 
 1511      43424643 
 1512              	.LASF74:
 1513 03da 4359424C 		.ascii	"CYBLE_EVT_MAX\000"
 1513      455F4556 
 1513      545F4D41 
 1513      5800
 1514              	.LASF11:
 1515 03e8 75696E74 		.ascii	"uint8\000"
 1515      3800
 1516              	.LASF61:
 1517 03ee 4359424C 		.ascii	"CYBLE_EVT_L2CAP_CONN_PARAM_UPDATE_REQ\000"
 1517      455F4556 
 1517      545F4C32 
 1517      4341505F 
 1517      434F4E4E 
 1518              	.LASF1:
 1519 0414 756E7369 		.ascii	"unsigned char\000"
 1519      676E6564 
 1519      20636861 
 1519      7200
 1520              	.LASF52:
 1521 0422 4359424C 		.ascii	"CYBLE_EVT_GATTS_PREP_WRITE_REQ\000"
 1521      455F4556 
 1521      545F4741 
 1521      5454535F 
 1521      50524550 
 1522              	.LASF73:
 1523 0441 4359424C 		.ascii	"CYBLE_EVT_LE_PING_AUTH_TIMEOUT\000"
 1523      455F4556 
 1523      545F4C45 
 1523      5F50494E 
 1523      475F4155 
 1524              	.LASF49:
 1525 0460 4359424C 		.ascii	"CYBLE_EVT_GATTS_WRITE_REQ\000"
 1525      455F4556 
 1525      545F4741 
 1525      5454535F 
 1525      57524954 
 1526              	.LASF44:
 1527 047a 4359424C 		.ascii	"CYBLE_EVT_GATTC_FIND_INFO_RSP\000"
 1527      455F4556 
 1527      545F4741 
 1527      5454435F 
ARM GAS  C:\Users\Helon\AppData\Local\Temp\ccRTSz3E.s 			page 34


 1527      46494E44 
 1528              	.LASF0:
 1529 0498 7369676E 		.ascii	"signed char\000"
 1529      65642063 
 1529      68617200 
 1530              	.LASF78:
 1531 04a4 61646472 		.ascii	"address\000"
 1531      65737300 
 1532              	.LASF45:
 1533 04ac 4359424C 		.ascii	"CYBLE_EVT_GATTC_FIND_BY_TYPE_VALUE_RSP\000"
 1533      455F4556 
 1533      545F4741 
 1533      5454435F 
 1533      46494E44 
 1534              	.LASF81:
 1535 04d3 636D6444 		.ascii	"cmdDataBuffer\000"
 1535      61746142 
 1535      75666665 
 1535      7200
 1536              	.LASF28:
 1537 04e1 4359424C 		.ascii	"CYBLE_EVT_GAP_AUTH_COMPLETE\000"
 1537      455F4556 
 1537      545F4741 
 1537      505F4155 
 1537      54485F43 
 1538              	.LASF8:
 1539 04fd 756E7369 		.ascii	"unsigned int\000"
 1539      676E6564 
 1539      20696E74 
 1539      00
 1540              	.LASF75:
 1541 050a 75736572 		.ascii	"userRowNUmber\000"
 1541      526F774E 
 1541      556D6265 
 1541      7200
 1542              	.LASF38:
 1543 0518 4359424C 		.ascii	"CYBLE_EVT_GATT_CONNECT_IND\000"
 1543      455F4556 
 1543      545F4741 
 1543      54545F43 
 1543      4F4E4E45 
 1544              	.LASF5:
 1545 0533 6C6F6E67 		.ascii	"long unsigned int\000"
 1545      20756E73 
 1545      69676E65 
 1545      6420696E 
 1545      7400
 1546              	.LASF25:
 1547 0545 4359424C 		.ascii	"CYBLE_EVT_GAP_AUTH_REQ\000"
 1547      455F4556 
 1547      545F4741 
 1547      505F4155 
 1547      54485F52 
 1548              	.LASF66:
 1549 055c 4359424C 		.ascii	"CYBLE_EVT_L2CAP_CBFC_DISCONN_IND\000"
 1549      455F4556 
 1549      545F4C32 
ARM GAS  C:\Users\Helon\AppData\Local\Temp\ccRTSz3E.s 			page 35


 1549      4341505F 
 1549      43424643 
 1550              	.LASF33:
 1551 057d 4359424C 		.ascii	"CYBLE_EVT_GAP_ENCRYPT_CHANGE\000"
 1551      455F4556 
 1551      545F4741 
 1551      505F454E 
 1551      43525950 
 1552              	.LASF16:
 1553 059a 72656733 		.ascii	"reg32\000"
 1553      3200
 1554              	.LASF94:
 1555 05a0 473A5C43 		.ascii	"G:\\Company\\Jetronic\\CYPRESS\\Customer\\Troughpur"
 1555      6F6D7061 
 1555      6E795C4A 
 1555      6574726F 
 1555      6E69635C 
 1556 05ce 5F43656E 		.ascii	"_Central_Peripheral_V2.9\\Troughput_Central_Periphe"
 1556      7472616C 
 1556      5F506572 
 1556      69706865 
 1556      72616C5F 
 1557 0600 72616C2E 		.ascii	"ral.cydsn\000"
 1557      63796473 
 1557      6E00
 1558              	.LASF3:
 1559 060a 73686F72 		.ascii	"short unsigned int\000"
 1559      7420756E 
 1559      7369676E 
 1559      65642069 
 1559      6E7400
 1560              	.LASF34:
 1561 061d 4359424C 		.ascii	"CYBLE_EVT_GAP_CONNECTION_UPDATE_COMPLETE\000"
 1561      455F4556 
 1561      545F4741 
 1561      505F434F 
 1561      4E4E4543 
 1562              	.LASF15:
 1563 0646 63686172 		.ascii	"char\000"
 1563      00
 1564              	.LASF63:
 1565 064b 4359424C 		.ascii	"CYBLE_EVT_L2CAP_COMMAND_REJ\000"
 1565      455F4556 
 1565      545F4C32 
 1565      4341505F 
 1565      434F4D4D 
 1566              	.LASF82:
 1567 0667 72656731 		.ascii	"reg1\000"
 1567      00
 1568              	.LASF47:
 1569 066c 4359424C 		.ascii	"CYBLE_EVT_GATTC_READ_BLOB_RSP\000"
 1569      455F4556 
 1569      545F4741 
 1569      5454435F 
 1569      52454144 
 1570              	.LASF84:
 1571 068a 72656733 		.ascii	"reg3\000"
ARM GAS  C:\Users\Helon\AppData\Local\Temp\ccRTSz3E.s 			page 36


 1571      00
 1572              	.LASF85:
 1573 068f 72656734 		.ascii	"reg4\000"
 1573      00
 1574              	.LASF54:
 1575 0694 4359424C 		.ascii	"CYBLE_EVT_GATTC_EXEC_WRITE_RSP\000"
 1575      455F4556 
 1575      545F4741 
 1575      5454435F 
 1575      45584543 
 1576              	.LASF12:
 1577 06b3 75696E74 		.ascii	"uint32\000"
 1577      333200
 1578              	.LASF96:
 1579 06ba 53657444 		.ascii	"SetDeviceName\000"
 1579      65766963 
 1579      654E616D 
 1579      6500
 1580              	.LASF69:
 1581 06c8 4359424C 		.ascii	"CYBLE_EVT_L2CAP_CBFC_RX_CREDIT_IND\000"
 1581      455F4556 
 1581      545F4C32 
 1581      4341505F 
 1581      43424643 
 1582              	.LASF14:
 1583 06eb 646F7562 		.ascii	"double\000"
 1583      6C6500
 1584              	.LASF70:
 1585 06f2 4359424C 		.ascii	"CYBLE_EVT_L2CAP_CBFC_TX_CREDIT_IND\000"
 1585      455F4556 
 1585      545F4C32 
 1585      4341505F 
 1585      43424643 
 1586              	.LASF91:
 1587 0715 52656164 		.ascii	"ReadDeviceNameFromSFlash\000"
 1587      44657669 
 1587      63654E61 
 1587      6D654672 
 1587      6F6D5346 
 1588              	.LASF90:
 1589 072e 52656164 		.ascii	"ReadDataFromSFlash\000"
 1589      44617461 
 1589      46726F6D 
 1589      53466C61 
 1589      736800
 1590              	.LASF30:
 1591 0741 4359424C 		.ascii	"CYBLE_EVT_GAPP_ADVERTISEMENT_START_STOP\000"
 1591      455F4556 
 1591      545F4741 
 1591      50505F41 
 1591      44564552 
 1592              	.LASF21:
 1593 0769 4359424C 		.ascii	"CYBLE_EVT_HARDWARE_ERROR\000"
 1593      455F4556 
 1593      545F4841 
 1593      52445741 
 1593      52455F45 
ARM GAS  C:\Users\Helon\AppData\Local\Temp\ccRTSz3E.s 			page 37


 1594              	.LASF68:
 1595 0782 4359424C 		.ascii	"CYBLE_EVT_L2CAP_CBFC_DATA_READ\000"
 1595      455F4556 
 1595      545F4C32 
 1595      4341505F 
 1595      43424643 
 1596              	.LASF62:
 1597 07a1 4359424C 		.ascii	"CYBLE_EVT_L2CAP_CONN_PARAM_UPDATE_RSP\000"
 1597      455F4556 
 1597      545F4C32 
 1597      4341505F 
 1597      434F4E4E 
 1598              	.LASF24:
 1599 07c7 4359424C 		.ascii	"CYBLE_EVT_GAPC_SCAN_PROGRESS_RESULT\000"
 1599      455F4556 
 1599      545F4741 
 1599      50435F53 
 1599      43414E5F 
 1600              	.LASF42:
 1601 07eb 4359424C 		.ascii	"CYBLE_EVT_GATTC_READ_BY_GROUP_TYPE_RSP\000"
 1601      455F4556 
 1601      545F4741 
 1601      5454435F 
 1601      52454144 
 1602              	.LASF51:
 1603 0812 4359424C 		.ascii	"CYBLE_EVT_GATTS_WRITE_CMD_REQ\000"
 1603      455F4556 
 1603      545F4741 
 1603      5454535F 
 1603      57524954 
 1604              	.LASF41:
 1605 0830 4359424C 		.ascii	"CYBLE_EVT_GATTC_XCHNG_MTU_RSP\000"
 1605      455F4556 
 1605      545F4741 
 1605      5454435F 
 1605      5843484E 
 1606              	.LASF93:
 1607 084e 2E5C5772 		.ascii	".\\WriteUserSFlash.c\000"
 1607      69746555 
 1607      73657253 
 1607      466C6173 
 1607      682E6300 
 1608              	.LASF20:
 1609 0862 4359424C 		.ascii	"CYBLE_EVT_TIMEOUT\000"
 1609      455F4556 
 1609      545F5449 
 1609      4D454F55 
 1609      5400
 1610              	.LASF71:
 1611 0874 4359424C 		.ascii	"CYBLE_EVT_L2CAP_CBFC_DATA_WRITE_IND\000"
 1611      455F4556 
 1611      545F4C32 
 1611      4341505F 
 1611      43424643 
 1612              	.LASF35:
 1613 0898 4359424C 		.ascii	"CYBLE_EVT_GAPC_SCAN_START_STOP\000"
 1613      455F4556 
ARM GAS  C:\Users\Helon\AppData\Local\Temp\ccRTSz3E.s 			page 38


 1613      545F4741 
 1613      50435F53 
 1613      43414E5F 
 1614              	.LASF60:
 1615 08b7 4359424C 		.ascii	"CYBLE_EVT_GATTS_READ_CHAR_VAL_ACCESS_REQ\000"
 1615      455F4556 
 1615      545F4741 
 1615      5454535F 
 1615      52454144 
 1616              	.LASF59:
 1617 08e0 4359424C 		.ascii	"CYBLE_EVT_GATTC_STOP_CMD_COMPLETE\000"
 1617      455F4556 
 1617      545F4741 
 1617      5454435F 
 1617      53544F50 
 1618              	.LASF53:
 1619 0902 4359424C 		.ascii	"CYBLE_EVT_GATTS_EXEC_WRITE_REQ\000"
 1619      455F4556 
 1619      545F4741 
 1619      5454535F 
 1619      45584543 
 1620              	.LASF32:
 1621 0921 4359424C 		.ascii	"CYBLE_EVT_GAP_DEVICE_DISCONNECTED\000"
 1621      455F4556 
 1621      545F4741 
 1621      505F4445 
 1621      56494345 
 1622              	.LASF58:
 1623 0943 4359424C 		.ascii	"CYBLE_EVT_GATTS_DATA_SIGNED_CMD_REQ\000"
 1623      455F4556 
 1623      545F4741 
 1623      5454535F 
 1623      44415441 
 1624              	.LASF39:
 1625 0967 4359424C 		.ascii	"CYBLE_EVT_GATT_DISCONNECT_IND\000"
 1625      455F4556 
 1625      545F4741 
 1625      54545F44 
 1625      4953434F 
 1626              		.ident	"GCC: (GNU Tools for ARM Embedded Processors) 4.9.3 20150303 (release) [ARM/embedded-4_9-br
