ARM GAS  C:\Users\Helon\AppData\Local\Temp\ccaVnNIf.s 			page 1


   1              		.cpu cortex-m0
   2              		.fpu softvfp
   3              		.eabi_attribute 20, 1
   4              		.eabi_attribute 21, 1
   5              		.eabi_attribute 23, 3
   6              		.eabi_attribute 24, 1
   7              		.eabi_attribute 25, 1
   8              		.eabi_attribute 26, 1
   9              		.eabi_attribute 30, 4
  10              		.eabi_attribute 34, 0
  11              		.eabi_attribute 18, 4
  12              		.code	16
  13              		.file	"BLE_custom.c"
  14              		.text
  15              	.Ltext0:
  16              		.cfi_sections	.debug_frame
  17              		.section	.text.CyBle_CustomInit,"ax",%progbits
  18              		.align	1
  19              		.global	CyBle_CustomInit
  20              		.code	16
  21              		.thumb_func
  22              		.type	CyBle_CustomInit, %function
  23              	CyBle_CustomInit:
  24              	.LFB2:
  25              		.file 1 ".\\Generated_Source\\PSoC4\\BLE_custom.c"
   1:.\Generated_Source\PSoC4/BLE_custom.c **** /***************************************************************************//**
   2:.\Generated_Source\PSoC4/BLE_custom.c **** * \file CYBLE_custom.c
   3:.\Generated_Source\PSoC4/BLE_custom.c **** * \version 2.30
   4:.\Generated_Source\PSoC4/BLE_custom.c **** * 
   5:.\Generated_Source\PSoC4/BLE_custom.c **** * \brief
   6:.\Generated_Source\PSoC4/BLE_custom.c **** *  Contains the source code for the Custom Service.
   7:.\Generated_Source\PSoC4/BLE_custom.c **** * 
   8:.\Generated_Source\PSoC4/BLE_custom.c **** ********************************************************************************
   9:.\Generated_Source\PSoC4/BLE_custom.c **** * \copyright
  10:.\Generated_Source\PSoC4/BLE_custom.c **** * Copyright 2014-2015, Cypress Semiconductor Corporation.  All rights reserved.
  11:.\Generated_Source\PSoC4/BLE_custom.c **** * You may use this file only in accordance with the license, terms, conditions,
  12:.\Generated_Source\PSoC4/BLE_custom.c **** * disclaimers, and limitations in the end user license agreement accompanying
  13:.\Generated_Source\PSoC4/BLE_custom.c **** * the software package with which this file was provided.
  14:.\Generated_Source\PSoC4/BLE_custom.c **** *******************************************************************************/
  15:.\Generated_Source\PSoC4/BLE_custom.c **** 
  16:.\Generated_Source\PSoC4/BLE_custom.c **** 
  17:.\Generated_Source\PSoC4/BLE_custom.c **** #include "BLE_eventHandler.h"
  18:.\Generated_Source\PSoC4/BLE_custom.c **** 
  19:.\Generated_Source\PSoC4/BLE_custom.c **** #ifdef CYBLE_CUSTOM_SERVER
  20:.\Generated_Source\PSoC4/BLE_custom.c **** 
  21:.\Generated_Source\PSoC4/BLE_custom.c **** /* If any custom service with custom characterisctis is defined in the
  22:.\Generated_Source\PSoC4/BLE_custom.c **** * customizer's GUI their handles will be present in this array.
  23:.\Generated_Source\PSoC4/BLE_custom.c **** */
  24:.\Generated_Source\PSoC4/BLE_custom.c **** /* This array contains attribute handles for the defined Custom Services and their characteristics 
  25:.\Generated_Source\PSoC4/BLE_custom.c ****    The array index definitions are located in the CYBLE_custom.h file. */
  26:.\Generated_Source\PSoC4/BLE_custom.c **** const CYBLE_CUSTOMS_T cyBle_customs[0x01u] = {
  27:.\Generated_Source\PSoC4/BLE_custom.c **** 
  28:.\Generated_Source\PSoC4/BLE_custom.c ****     /* Troughput Service service */
  29:.\Generated_Source\PSoC4/BLE_custom.c ****     {
  30:.\Generated_Source\PSoC4/BLE_custom.c ****         0x000Cu, /* Handle of the Troughput Service service */ 
  31:.\Generated_Source\PSoC4/BLE_custom.c ****         {
  32:.\Generated_Source\PSoC4/BLE_custom.c **** 
ARM GAS  C:\Users\Helon\AppData\Local\Temp\ccaVnNIf.s 			page 2


  33:.\Generated_Source\PSoC4/BLE_custom.c ****             /* Custom Characteristic characteristic */
  34:.\Generated_Source\PSoC4/BLE_custom.c ****             {
  35:.\Generated_Source\PSoC4/BLE_custom.c ****                 0x000Eu, /* Handle of the Custom Characteristic characteristic */ 
  36:.\Generated_Source\PSoC4/BLE_custom.c ****                 
  37:.\Generated_Source\PSoC4/BLE_custom.c ****                 /* Array of Descriptors handles */
  38:.\Generated_Source\PSoC4/BLE_custom.c ****                 {
  39:.\Generated_Source\PSoC4/BLE_custom.c ****                     0x000Fu, /* Handle of the Client Characteristic Configuration descriptor */ 
  40:.\Generated_Source\PSoC4/BLE_custom.c ****                 }, 
  41:.\Generated_Source\PSoC4/BLE_custom.c ****             },
  42:.\Generated_Source\PSoC4/BLE_custom.c **** 
  43:.\Generated_Source\PSoC4/BLE_custom.c ****             /* SpeedTest characteristic */
  44:.\Generated_Source\PSoC4/BLE_custom.c ****             {
  45:.\Generated_Source\PSoC4/BLE_custom.c ****                 0x0011u, /* Handle of the SpeedTest characteristic */ 
  46:.\Generated_Source\PSoC4/BLE_custom.c ****                 
  47:.\Generated_Source\PSoC4/BLE_custom.c ****                 /* Array of Descriptors handles */
  48:.\Generated_Source\PSoC4/BLE_custom.c ****                 {
  49:.\Generated_Source\PSoC4/BLE_custom.c ****                     CYBLE_GATT_INVALID_ATTR_HANDLE_VALUE, 
  50:.\Generated_Source\PSoC4/BLE_custom.c ****                 }, 
  51:.\Generated_Source\PSoC4/BLE_custom.c ****             },
  52:.\Generated_Source\PSoC4/BLE_custom.c ****         }, 
  53:.\Generated_Source\PSoC4/BLE_custom.c ****     },
  54:.\Generated_Source\PSoC4/BLE_custom.c **** };
  55:.\Generated_Source\PSoC4/BLE_custom.c **** 
  56:.\Generated_Source\PSoC4/BLE_custom.c **** 
  57:.\Generated_Source\PSoC4/BLE_custom.c **** #endif /* (CYBLE_CUSTOM_SERVER) */
  58:.\Generated_Source\PSoC4/BLE_custom.c **** 
  59:.\Generated_Source\PSoC4/BLE_custom.c **** #ifdef CYBLE_CUSTOM_CLIENT
  60:.\Generated_Source\PSoC4/BLE_custom.c ****     
  61:.\Generated_Source\PSoC4/BLE_custom.c **** 
  62:.\Generated_Source\PSoC4/BLE_custom.c **** static uint16 cyBle_customDisServIndex;
  63:.\Generated_Source\PSoC4/BLE_custom.c **** static uint16 cyBle_customDisCharIndex;
  64:.\Generated_Source\PSoC4/BLE_custom.c **** 
  65:.\Generated_Source\PSoC4/BLE_custom.c **** #endif /* (CYBLE_CUSTOM_CLIENT) */
  66:.\Generated_Source\PSoC4/BLE_custom.c **** 
  67:.\Generated_Source\PSoC4/BLE_custom.c **** 
  68:.\Generated_Source\PSoC4/BLE_custom.c **** /****************************************************************************** 
  69:.\Generated_Source\PSoC4/BLE_custom.c **** * Function Name: CyBle_CustomInit
  70:.\Generated_Source\PSoC4/BLE_custom.c **** ***************************************************************************//**
  71:.\Generated_Source\PSoC4/BLE_custom.c **** * 
  72:.\Generated_Source\PSoC4/BLE_custom.c **** *  This function initializes Custom Service.
  73:.\Generated_Source\PSoC4/BLE_custom.c **** * 
  74:.\Generated_Source\PSoC4/BLE_custom.c **** * \return
  75:.\Generated_Source\PSoC4/BLE_custom.c **** *  None
  76:.\Generated_Source\PSoC4/BLE_custom.c **** * 
  77:.\Generated_Source\PSoC4/BLE_custom.c **** ******************************************************************************/
  78:.\Generated_Source\PSoC4/BLE_custom.c **** void CyBle_CustomInit(void)
  79:.\Generated_Source\PSoC4/BLE_custom.c **** {
  26              		.loc 1 79 0
  27              		.cfi_startproc
  80:.\Generated_Source\PSoC4/BLE_custom.c ****     
  81:.\Generated_Source\PSoC4/BLE_custom.c **** #ifdef CYBLE_CUSTOM_CLIENT
  82:.\Generated_Source\PSoC4/BLE_custom.c **** 
  83:.\Generated_Source\PSoC4/BLE_custom.c ****     uint16 locServIndex;
  84:.\Generated_Source\PSoC4/BLE_custom.c ****     uint16 locCharIndex;
  85:.\Generated_Source\PSoC4/BLE_custom.c ****     uint16 locDescIndex;
  86:.\Generated_Source\PSoC4/BLE_custom.c ****     
  87:.\Generated_Source\PSoC4/BLE_custom.c ****     for(locServIndex = 0u; locServIndex < CYBLE_CUSTOMC_SERVICE_COUNT; locServIndex++)
ARM GAS  C:\Users\Helon\AppData\Local\Temp\ccaVnNIf.s 			page 3


  88:.\Generated_Source\PSoC4/BLE_custom.c ****     {
  89:.\Generated_Source\PSoC4/BLE_custom.c ****         for(locCharIndex = 0u; locCharIndex < cyBle_customCServ[locServIndex].charCount; locCharInd
  90:.\Generated_Source\PSoC4/BLE_custom.c ****         {
  91:.\Generated_Source\PSoC4/BLE_custom.c ****             cyBle_customCServ[locServIndex].customServChar[locCharIndex].
  92:.\Generated_Source\PSoC4/BLE_custom.c ****                 customServCharHandle = 0u;
  93:.\Generated_Source\PSoC4/BLE_custom.c ****             
  94:.\Generated_Source\PSoC4/BLE_custom.c ****             for(locDescIndex = 0u; locDescIndex < 
  95:.\Generated_Source\PSoC4/BLE_custom.c ****                 cyBle_customCServ[locServIndex].customServChar[locCharIndex].descCount; 
  96:.\Generated_Source\PSoC4/BLE_custom.c ****                     locDescIndex++)
  97:.\Generated_Source\PSoC4/BLE_custom.c ****             {
  98:.\Generated_Source\PSoC4/BLE_custom.c ****                 cyBle_customCServ[locServIndex].customServChar[locCharIndex].
  99:.\Generated_Source\PSoC4/BLE_custom.c ****                     customServCharDesc[locDescIndex].descHandle = 0u;
 100:.\Generated_Source\PSoC4/BLE_custom.c ****             }
 101:.\Generated_Source\PSoC4/BLE_custom.c ****         }
 102:.\Generated_Source\PSoC4/BLE_custom.c ****     }
 103:.\Generated_Source\PSoC4/BLE_custom.c **** 
 104:.\Generated_Source\PSoC4/BLE_custom.c **** #endif /* (CYBLE_CUSTOM_CLIENT) */
 105:.\Generated_Source\PSoC4/BLE_custom.c **** }
  28              		.loc 1 105 0
  29              		@ sp needed
  30 0000 7047     		bx	lr
  31              		.cfi_endproc
  32              	.LFE2:
  33              		.size	CyBle_CustomInit, .-CyBle_CustomInit
  34              		.global	cyBle_customs
  35              		.section	.rodata
  36              		.align	1
  37              		.type	cyBle_customs, %object
  38              		.size	cyBle_customs, 10
  39              	cyBle_customs:
  40 0000 0C00     		.short	12
  41 0002 0E00     		.short	14
  42 0004 0F00     		.short	15
  43 0006 1100     		.short	17
  44 0008 0000     		.short	0
  45              		.text
  46              	.Letext0:
  47              		.file 2 ".\\Generated_Source\\PSoC4\\cytypes.h"
  48              		.file 3 ".\\Generated_Source\\PSoC4\\BLE_StackGatt.h"
  49              		.file 4 ".\\Generated_Source\\PSoC4\\BLE_custom.h"
  50              		.file 5 ".\\Generated_Source\\PSoC4\\BLE_Stack.h"
  51              		.section	.debug_info,"",%progbits
  52              	.Ldebug_info0:
  53 0000 CF020000 		.4byte	0x2cf
  54 0004 0400     		.2byte	0x4
  55 0006 00000000 		.4byte	.Ldebug_abbrev0
  56 000a 04       		.byte	0x4
  57 000b 01       		.uleb128 0x1
  58 000c A5010000 		.4byte	.LASF78
  59 0010 01       		.byte	0x1
  60 0011 33020000 		.4byte	.LASF79
  61 0015 15030000 		.4byte	.LASF80
  62 0019 00000000 		.4byte	.Ldebug_ranges0+0
  63 001d 00000000 		.4byte	0
  64 0021 00000000 		.4byte	.Ldebug_line0
  65 0025 02       		.uleb128 0x2
  66 0026 01       		.byte	0x1
ARM GAS  C:\Users\Helon\AppData\Local\Temp\ccaVnNIf.s 			page 4


  67 0027 06       		.byte	0x6
  68 0028 BA040000 		.4byte	.LASF0
  69 002c 02       		.uleb128 0x2
  70 002d 01       		.byte	0x1
  71 002e 08       		.byte	0x8
  72 002f 41040000 		.4byte	.LASF1
  73 0033 02       		.uleb128 0x2
  74 0034 02       		.byte	0x2
  75 0035 05       		.byte	0x5
  76 0036 46000000 		.4byte	.LASF2
  77 003a 02       		.uleb128 0x2
  78 003b 02       		.byte	0x2
  79 003c 07       		.byte	0x7
  80 003d 20060000 		.4byte	.LASF3
  81 0041 02       		.uleb128 0x2
  82 0042 04       		.byte	0x4
  83 0043 05       		.byte	0x5
  84 0044 CC020000 		.4byte	.LASF4
  85 0048 02       		.uleb128 0x2
  86 0049 04       		.byte	0x4
  87 004a 07       		.byte	0x7
  88 004b 4B050000 		.4byte	.LASF5
  89 004f 02       		.uleb128 0x2
  90 0050 08       		.byte	0x8
  91 0051 05       		.byte	0x5
  92 0052 92020000 		.4byte	.LASF6
  93 0056 02       		.uleb128 0x2
  94 0057 08       		.byte	0x8
  95 0058 07       		.byte	0x7
  96 0059 A0020000 		.4byte	.LASF7
  97 005d 03       		.uleb128 0x3
  98 005e 04       		.byte	0x4
  99 005f 05       		.byte	0x5
 100 0060 696E7400 		.ascii	"int\000"
 101 0064 02       		.uleb128 0x2
 102 0065 04       		.byte	0x4
 103 0066 07       		.byte	0x7
 104 0067 23050000 		.4byte	.LASF8
 105 006b 04       		.uleb128 0x4
 106 006c F5000000 		.4byte	.LASF70
 107 0070 02       		.byte	0x2
 108 0071 C3       		.byte	0xc3
 109 0072 3A000000 		.4byte	0x3a
 110 0076 02       		.uleb128 0x2
 111 0077 04       		.byte	0x4
 112 0078 04       		.byte	0x4
 113 0079 59020000 		.4byte	.LASF9
 114 007d 02       		.uleb128 0x2
 115 007e 08       		.byte	0x8
 116 007f 04       		.byte	0x4
 117 0080 D0060000 		.4byte	.LASF10
 118 0084 02       		.uleb128 0x2
 119 0085 01       		.byte	0x1
 120 0086 08       		.byte	0x8
 121 0087 FF050000 		.4byte	.LASF11
 122 008b 02       		.uleb128 0x2
 123 008c 04       		.byte	0x4
ARM GAS  C:\Users\Helon\AppData\Local\Temp\ccaVnNIf.s 			page 5


 124 008d 07       		.byte	0x7
 125 008e 6A000000 		.4byte	.LASF12
 126 0092 05       		.uleb128 0x5
 127 0093 01       		.byte	0x1
 128 0094 05       		.byte	0x5
 129 0095 A4       		.byte	0xa4
 130 0096 17020000 		.4byte	0x217
 131 009a 06       		.uleb128 0x6
 132 009b 4F010000 		.4byte	.LASF13
 133 009f 00       		.sleb128 0
 134 00a0 06       		.uleb128 0x6
 135 00a1 C4000000 		.4byte	.LASF14
 136 00a5 01       		.sleb128 1
 137 00a6 06       		.uleb128 0x6
 138 00a7 61080000 		.4byte	.LASF15
 139 00ab 02       		.sleb128 2
 140 00ac 06       		.uleb128 0x6
 141 00ad 37070000 		.4byte	.LASF16
 142 00b1 03       		.sleb128 3
 143 00b2 06       		.uleb128 0x6
 144 00b3 9E000000 		.4byte	.LASF17
 145 00b7 04       		.sleb128 4
 146 00b8 06       		.uleb128 0x6
 147 00b9 9D030000 		.4byte	.LASF18
 148 00bd 05       		.sleb128 5
 149 00be 06       		.uleb128 0x6
 150 00bf 95070000 		.4byte	.LASF19
 151 00c3 20       		.sleb128 32
 152 00c4 06       		.uleb128 0x6
 153 00c5 5D050000 		.4byte	.LASF20
 154 00c9 21       		.sleb128 33
 155 00ca 06       		.uleb128 0x6
 156 00cb 00000000 		.4byte	.LASF21
 157 00cf 22       		.sleb128 34
 158 00d0 06       		.uleb128 0x6
 159 00d1 B9030000 		.4byte	.LASF22
 160 00d5 23       		.sleb128 35
 161 00d6 06       		.uleb128 0x6
 162 00d7 07050000 		.4byte	.LASF23
 163 00db 24       		.sleb128 36
 164 00dc 06       		.uleb128 0x6
 165 00dd 50000000 		.4byte	.LASF24
 166 00e1 25       		.sleb128 37
 167 00e2 06       		.uleb128 0x6
 168 00e3 0F070000 		.4byte	.LASF25
 169 00e7 26       		.sleb128 38
 170 00e8 06       		.uleb128 0x6
 171 00e9 F6020000 		.4byte	.LASF26
 172 00ed 27       		.sleb128 39
 173 00ee 06       		.uleb128 0x6
 174 00ef 24000000 		.4byte	.LASF27
 175 00f3 28       		.sleb128 40
 176 00f4 06       		.uleb128 0x6
 177 00f5 95050000 		.4byte	.LASF28
 178 00f9 29       		.sleb128 41
 179 00fa 06       		.uleb128 0x6
 180 00fb D6050000 		.4byte	.LASF29
ARM GAS  C:\Users\Helon\AppData\Local\Temp\ccaVnNIf.s 			page 6


 181 00ff 2A       		.sleb128 42
 182 0100 06       		.uleb128 0x6
 183 0101 70060000 		.4byte	.LASF30
 184 0105 2B       		.sleb128 43
 185 0106 06       		.uleb128 0x6
 186 0107 B2050000 		.4byte	.LASF31
 187 010b 2C       		.sleb128 44
 188 010c 06       		.uleb128 0x6
 189 010d 73000000 		.4byte	.LASF32
 190 0111 C000     		.sleb128 64
 191 0113 06       		.uleb128 0x6
 192 0114 30050000 		.4byte	.LASF33
 193 0118 C100     		.sleb128 65
 194 011a 06       		.uleb128 0x6
 195 011b 2B090000 		.4byte	.LASF34
 196 011f C200     		.sleb128 66
 197 0121 06       		.uleb128 0x6
 198 0122 D7000000 		.4byte	.LASF35
 199 0126 C300     		.sleb128 67
 200 0128 06       		.uleb128 0x6
 201 0129 1F080000 		.4byte	.LASF36
 202 012d C400     		.sleb128 68
 203 012f 06       		.uleb128 0x6
 204 0130 B9070000 		.4byte	.LASF37
 205 0134 C500     		.sleb128 69
 206 0136 06       		.uleb128 0x6
 207 0137 FE070000 		.4byte	.LASF38
 208 013b C600     		.sleb128 70
 209 013d 06       		.uleb128 0x6
 210 013e 9C040000 		.4byte	.LASF39
 211 0142 C700     		.sleb128 71
 212 0144 06       		.uleb128 0x6
 213 0145 E0040000 		.4byte	.LASF40
 214 0149 C800     		.sleb128 72
 215 014b 06       		.uleb128 0x6
 216 014c 5F020000 		.4byte	.LASF41
 217 0150 C900     		.sleb128 73
 218 0152 06       		.uleb128 0x6
 219 0153 33060000 		.4byte	.LASF42
 220 0157 CA00     		.sleb128 74
 221 0159 06       		.uleb128 0x6
 222 015a 0F010000 		.4byte	.LASF43
 223 015e CB00     		.sleb128 75
 224 0160 06       		.uleb128 0x6
 225 0161 C6040000 		.4byte	.LASF44
 226 0165 CC00     		.sleb128 76
 227 0167 06       		.uleb128 0x6
 228 0168 78020000 		.4byte	.LASF45
 229 016c CD00     		.sleb128 77
 230 016e 06       		.uleb128 0x6
 231 016f E0070000 		.4byte	.LASF46
 232 0173 CE00     		.sleb128 78
 233 0175 06       		.uleb128 0x6
 234 0176 5E040000 		.4byte	.LASF47
 235 017a CF00     		.sleb128 79
 236 017c 06       		.uleb128 0x6
 237 017d BE080000 		.4byte	.LASF48
ARM GAS  C:\Users\Helon\AppData\Local\Temp\ccaVnNIf.s 			page 7


 238 0181 D000     		.sleb128 80
 239 0183 06       		.uleb128 0x6
 240 0184 51060000 		.4byte	.LASF49
 241 0188 D100     		.sleb128 81
 242 018a 06       		.uleb128 0x6
 243 018b 7C030000 		.4byte	.LASF50
 244 018f D200     		.sleb128 82
 245 0191 06       		.uleb128 0x6
 246 0192 D5020000 		.4byte	.LASF51
 247 0196 D300     		.sleb128 83
 248 0198 06       		.uleb128 0x6
 249 0199 2E010000 		.4byte	.LASF52
 250 019d D400     		.sleb128 84
 251 019f 06       		.uleb128 0x6
 252 01a0 07090000 		.4byte	.LASF53
 253 01a4 D500     		.sleb128 85
 254 01a6 06       		.uleb128 0x6
 255 01a7 9C080000 		.4byte	.LASF54
 256 01ab D600     		.sleb128 86
 257 01ad 06       		.uleb128 0x6
 258 01ae 73080000 		.4byte	.LASF55
 259 01b2 D700     		.sleb128 87
 260 01b4 06       		.uleb128 0x6
 261 01b5 1B040000 		.4byte	.LASF56
 262 01b9 F000     		.sleb128 112
 263 01bb 06       		.uleb128 0x6
 264 01bc 6F070000 		.4byte	.LASF57
 265 01c0 F100     		.sleb128 113
 266 01c2 06       		.uleb128 0x6
 267 01c3 04060000 		.4byte	.LASF58
 268 01c7 F200     		.sleb128 114
 269 01c9 06       		.uleb128 0x6
 270 01ca 66010000 		.4byte	.LASF59
 271 01ce F300     		.sleb128 115
 272 01d0 06       		.uleb128 0x6
 273 01d1 EF030000 		.4byte	.LASF60
 274 01d5 F400     		.sleb128 116
 275 01d7 06       		.uleb128 0x6
 276 01d8 74050000 		.4byte	.LASF61
 277 01dc F500     		.sleb128 117
 278 01de 06       		.uleb128 0x6
 279 01df 84010000 		.4byte	.LASF62
 280 01e3 F600     		.sleb128 118
 281 01e5 06       		.uleb128 0x6
 282 01e6 50070000 		.4byte	.LASF63
 283 01ea F700     		.sleb128 119
 284 01ec 06       		.uleb128 0x6
 285 01ed AD060000 		.4byte	.LASF64
 286 01f1 F800     		.sleb128 120
 287 01f3 06       		.uleb128 0x6
 288 01f4 D7060000 		.4byte	.LASF65
 289 01f8 F900     		.sleb128 121
 290 01fa 06       		.uleb128 0x6
 291 01fb 3D080000 		.4byte	.LASF66
 292 01ff FA00     		.sleb128 122
 293 0201 06       		.uleb128 0x6
 294 0202 8F060000 		.4byte	.LASF67
ARM GAS  C:\Users\Helon\AppData\Local\Temp\ccaVnNIf.s 			page 8


 295 0206 FA01     		.sleb128 250
 296 0208 06       		.uleb128 0x6
 297 0209 7D040000 		.4byte	.LASF68
 298 020d FB01     		.sleb128 251
 299 020f 06       		.uleb128 0x6
 300 0210 0D040000 		.4byte	.LASF69
 301 0214 FF01     		.sleb128 255
 302 0216 00       		.byte	0
 303 0217 07       		.uleb128 0x7
 304 0218 DD080000 		.4byte	.LASF71
 305 021c 03       		.byte	0x3
 306 021d 8801     		.2byte	0x188
 307 021f 6B000000 		.4byte	0x6b
 308 0223 08       		.uleb128 0x8
 309 0224 04       		.byte	0x4
 310 0225 04       		.byte	0x4
 311 0226 42       		.byte	0x42
 312 0227 44020000 		.4byte	0x244
 313 022b 09       		.uleb128 0x9
 314 022c FA060000 		.4byte	.LASF72
 315 0230 04       		.byte	0x4
 316 0231 45       		.byte	0x45
 317 0232 17020000 		.4byte	0x217
 318 0236 00       		.byte	0
 319 0237 09       		.uleb128 0x9
 320 0238 FC000000 		.4byte	.LASF73
 321 023c 04       		.byte	0x4
 322 023d 47       		.byte	0x47
 323 023e 44020000 		.4byte	0x244
 324 0242 02       		.byte	0x2
 325 0243 00       		.byte	0
 326 0244 0A       		.uleb128 0xa
 327 0245 17020000 		.4byte	0x217
 328 0249 54020000 		.4byte	0x254
 329 024d 0B       		.uleb128 0xb
 330 024e 8B000000 		.4byte	0x8b
 331 0252 00       		.byte	0
 332 0253 00       		.byte	0
 333 0254 04       		.uleb128 0x4
 334 0255 B7020000 		.4byte	.LASF74
 335 0259 04       		.byte	0x4
 336 025a 49       		.byte	0x49
 337 025b 23020000 		.4byte	0x223
 338 025f 08       		.uleb128 0x8
 339 0260 0A       		.byte	0xa
 340 0261 04       		.byte	0x4
 341 0262 4C       		.byte	0x4c
 342 0263 80020000 		.4byte	0x280
 343 0267 09       		.uleb128 0x9
 344 0268 8D000000 		.4byte	.LASF75
 345 026c 04       		.byte	0x4
 346 026d 4F       		.byte	0x4f
 347 026e 17020000 		.4byte	0x217
 348 0272 00       		.byte	0
 349 0273 09       		.uleb128 0x9
 350 0274 4F040000 		.4byte	.LASF76
 351 0278 04       		.byte	0x4
ARM GAS  C:\Users\Helon\AppData\Local\Temp\ccaVnNIf.s 			page 9


 352 0279 52       		.byte	0x52
 353 027a 80020000 		.4byte	0x280
 354 027e 02       		.byte	0x2
 355 027f 00       		.byte	0
 356 0280 0A       		.uleb128 0xa
 357 0281 54020000 		.4byte	0x254
 358 0285 90020000 		.4byte	0x290
 359 0289 0B       		.uleb128 0xb
 360 028a 8B000000 		.4byte	0x8b
 361 028e 01       		.byte	0x1
 362 028f 00       		.byte	0
 363 0290 04       		.uleb128 0x4
 364 0291 DF030000 		.4byte	.LASF77
 365 0295 04       		.byte	0x4
 366 0296 54       		.byte	0x54
 367 0297 5F020000 		.4byte	0x25f
 368 029b 0C       		.uleb128 0xc
 369 029c B3000000 		.4byte	.LASF81
 370 02a0 01       		.byte	0x1
 371 02a1 4E       		.byte	0x4e
 372 02a2 00000000 		.4byte	.LFB2
 373 02a6 02000000 		.4byte	.LFE2-.LFB2
 374 02aa 01       		.uleb128 0x1
 375 02ab 9C       		.byte	0x9c
 376 02ac 0A       		.uleb128 0xa
 377 02ad 90020000 		.4byte	0x290
 378 02b1 BC020000 		.4byte	0x2bc
 379 02b5 0B       		.uleb128 0xb
 380 02b6 8B000000 		.4byte	0x8b
 381 02ba 00       		.byte	0
 382 02bb 00       		.byte	0
 383 02bc 0D       		.uleb128 0xd
 384 02bd F9080000 		.4byte	.LASF82
 385 02c1 01       		.byte	0x1
 386 02c2 1A       		.byte	0x1a
 387 02c3 CD020000 		.4byte	0x2cd
 388 02c7 05       		.uleb128 0x5
 389 02c8 03       		.byte	0x3
 390 02c9 00000000 		.4byte	cyBle_customs
 391 02cd 0E       		.uleb128 0xe
 392 02ce AC020000 		.4byte	0x2ac
 393 02d2 00       		.byte	0
 394              		.section	.debug_abbrev,"",%progbits
 395              	.Ldebug_abbrev0:
 396 0000 01       		.uleb128 0x1
 397 0001 11       		.uleb128 0x11
 398 0002 01       		.byte	0x1
 399 0003 25       		.uleb128 0x25
 400 0004 0E       		.uleb128 0xe
 401 0005 13       		.uleb128 0x13
 402 0006 0B       		.uleb128 0xb
 403 0007 03       		.uleb128 0x3
 404 0008 0E       		.uleb128 0xe
 405 0009 1B       		.uleb128 0x1b
 406 000a 0E       		.uleb128 0xe
 407 000b 55       		.uleb128 0x55
 408 000c 17       		.uleb128 0x17
ARM GAS  C:\Users\Helon\AppData\Local\Temp\ccaVnNIf.s 			page 10


 409 000d 11       		.uleb128 0x11
 410 000e 01       		.uleb128 0x1
 411 000f 10       		.uleb128 0x10
 412 0010 17       		.uleb128 0x17
 413 0011 00       		.byte	0
 414 0012 00       		.byte	0
 415 0013 02       		.uleb128 0x2
 416 0014 24       		.uleb128 0x24
 417 0015 00       		.byte	0
 418 0016 0B       		.uleb128 0xb
 419 0017 0B       		.uleb128 0xb
 420 0018 3E       		.uleb128 0x3e
 421 0019 0B       		.uleb128 0xb
 422 001a 03       		.uleb128 0x3
 423 001b 0E       		.uleb128 0xe
 424 001c 00       		.byte	0
 425 001d 00       		.byte	0
 426 001e 03       		.uleb128 0x3
 427 001f 24       		.uleb128 0x24
 428 0020 00       		.byte	0
 429 0021 0B       		.uleb128 0xb
 430 0022 0B       		.uleb128 0xb
 431 0023 3E       		.uleb128 0x3e
 432 0024 0B       		.uleb128 0xb
 433 0025 03       		.uleb128 0x3
 434 0026 08       		.uleb128 0x8
 435 0027 00       		.byte	0
 436 0028 00       		.byte	0
 437 0029 04       		.uleb128 0x4
 438 002a 16       		.uleb128 0x16
 439 002b 00       		.byte	0
 440 002c 03       		.uleb128 0x3
 441 002d 0E       		.uleb128 0xe
 442 002e 3A       		.uleb128 0x3a
 443 002f 0B       		.uleb128 0xb
 444 0030 3B       		.uleb128 0x3b
 445 0031 0B       		.uleb128 0xb
 446 0032 49       		.uleb128 0x49
 447 0033 13       		.uleb128 0x13
 448 0034 00       		.byte	0
 449 0035 00       		.byte	0
 450 0036 05       		.uleb128 0x5
 451 0037 04       		.uleb128 0x4
 452 0038 01       		.byte	0x1
 453 0039 0B       		.uleb128 0xb
 454 003a 0B       		.uleb128 0xb
 455 003b 3A       		.uleb128 0x3a
 456 003c 0B       		.uleb128 0xb
 457 003d 3B       		.uleb128 0x3b
 458 003e 0B       		.uleb128 0xb
 459 003f 01       		.uleb128 0x1
 460 0040 13       		.uleb128 0x13
 461 0041 00       		.byte	0
 462 0042 00       		.byte	0
 463 0043 06       		.uleb128 0x6
 464 0044 28       		.uleb128 0x28
 465 0045 00       		.byte	0
ARM GAS  C:\Users\Helon\AppData\Local\Temp\ccaVnNIf.s 			page 11


 466 0046 03       		.uleb128 0x3
 467 0047 0E       		.uleb128 0xe
 468 0048 1C       		.uleb128 0x1c
 469 0049 0D       		.uleb128 0xd
 470 004a 00       		.byte	0
 471 004b 00       		.byte	0
 472 004c 07       		.uleb128 0x7
 473 004d 16       		.uleb128 0x16
 474 004e 00       		.byte	0
 475 004f 03       		.uleb128 0x3
 476 0050 0E       		.uleb128 0xe
 477 0051 3A       		.uleb128 0x3a
 478 0052 0B       		.uleb128 0xb
 479 0053 3B       		.uleb128 0x3b
 480 0054 05       		.uleb128 0x5
 481 0055 49       		.uleb128 0x49
 482 0056 13       		.uleb128 0x13
 483 0057 00       		.byte	0
 484 0058 00       		.byte	0
 485 0059 08       		.uleb128 0x8
 486 005a 13       		.uleb128 0x13
 487 005b 01       		.byte	0x1
 488 005c 0B       		.uleb128 0xb
 489 005d 0B       		.uleb128 0xb
 490 005e 3A       		.uleb128 0x3a
 491 005f 0B       		.uleb128 0xb
 492 0060 3B       		.uleb128 0x3b
 493 0061 0B       		.uleb128 0xb
 494 0062 01       		.uleb128 0x1
 495 0063 13       		.uleb128 0x13
 496 0064 00       		.byte	0
 497 0065 00       		.byte	0
 498 0066 09       		.uleb128 0x9
 499 0067 0D       		.uleb128 0xd
 500 0068 00       		.byte	0
 501 0069 03       		.uleb128 0x3
 502 006a 0E       		.uleb128 0xe
 503 006b 3A       		.uleb128 0x3a
 504 006c 0B       		.uleb128 0xb
 505 006d 3B       		.uleb128 0x3b
 506 006e 0B       		.uleb128 0xb
 507 006f 49       		.uleb128 0x49
 508 0070 13       		.uleb128 0x13
 509 0071 38       		.uleb128 0x38
 510 0072 0B       		.uleb128 0xb
 511 0073 00       		.byte	0
 512 0074 00       		.byte	0
 513 0075 0A       		.uleb128 0xa
 514 0076 01       		.uleb128 0x1
 515 0077 01       		.byte	0x1
 516 0078 49       		.uleb128 0x49
 517 0079 13       		.uleb128 0x13
 518 007a 01       		.uleb128 0x1
 519 007b 13       		.uleb128 0x13
 520 007c 00       		.byte	0
 521 007d 00       		.byte	0
 522 007e 0B       		.uleb128 0xb
ARM GAS  C:\Users\Helon\AppData\Local\Temp\ccaVnNIf.s 			page 12


 523 007f 21       		.uleb128 0x21
 524 0080 00       		.byte	0
 525 0081 49       		.uleb128 0x49
 526 0082 13       		.uleb128 0x13
 527 0083 2F       		.uleb128 0x2f
 528 0084 0B       		.uleb128 0xb
 529 0085 00       		.byte	0
 530 0086 00       		.byte	0
 531 0087 0C       		.uleb128 0xc
 532 0088 2E       		.uleb128 0x2e
 533 0089 00       		.byte	0
 534 008a 3F       		.uleb128 0x3f
 535 008b 19       		.uleb128 0x19
 536 008c 03       		.uleb128 0x3
 537 008d 0E       		.uleb128 0xe
 538 008e 3A       		.uleb128 0x3a
 539 008f 0B       		.uleb128 0xb
 540 0090 3B       		.uleb128 0x3b
 541 0091 0B       		.uleb128 0xb
 542 0092 27       		.uleb128 0x27
 543 0093 19       		.uleb128 0x19
 544 0094 11       		.uleb128 0x11
 545 0095 01       		.uleb128 0x1
 546 0096 12       		.uleb128 0x12
 547 0097 06       		.uleb128 0x6
 548 0098 40       		.uleb128 0x40
 549 0099 18       		.uleb128 0x18
 550 009a 9742     		.uleb128 0x2117
 551 009c 19       		.uleb128 0x19
 552 009d 00       		.byte	0
 553 009e 00       		.byte	0
 554 009f 0D       		.uleb128 0xd
 555 00a0 34       		.uleb128 0x34
 556 00a1 00       		.byte	0
 557 00a2 03       		.uleb128 0x3
 558 00a3 0E       		.uleb128 0xe
 559 00a4 3A       		.uleb128 0x3a
 560 00a5 0B       		.uleb128 0xb
 561 00a6 3B       		.uleb128 0x3b
 562 00a7 0B       		.uleb128 0xb
 563 00a8 49       		.uleb128 0x49
 564 00a9 13       		.uleb128 0x13
 565 00aa 3F       		.uleb128 0x3f
 566 00ab 19       		.uleb128 0x19
 567 00ac 02       		.uleb128 0x2
 568 00ad 18       		.uleb128 0x18
 569 00ae 00       		.byte	0
 570 00af 00       		.byte	0
 571 00b0 0E       		.uleb128 0xe
 572 00b1 26       		.uleb128 0x26
 573 00b2 00       		.byte	0
 574 00b3 49       		.uleb128 0x49
 575 00b4 13       		.uleb128 0x13
 576 00b5 00       		.byte	0
 577 00b6 00       		.byte	0
 578 00b7 00       		.byte	0
 579              		.section	.debug_aranges,"",%progbits
ARM GAS  C:\Users\Helon\AppData\Local\Temp\ccaVnNIf.s 			page 13


 580 0000 1C000000 		.4byte	0x1c
 581 0004 0200     		.2byte	0x2
 582 0006 00000000 		.4byte	.Ldebug_info0
 583 000a 04       		.byte	0x4
 584 000b 00       		.byte	0
 585 000c 0000     		.2byte	0
 586 000e 0000     		.2byte	0
 587 0010 00000000 		.4byte	.LFB2
 588 0014 02000000 		.4byte	.LFE2-.LFB2
 589 0018 00000000 		.4byte	0
 590 001c 00000000 		.4byte	0
 591              		.section	.debug_ranges,"",%progbits
 592              	.Ldebug_ranges0:
 593 0000 00000000 		.4byte	.LFB2
 594 0004 02000000 		.4byte	.LFE2
 595 0008 00000000 		.4byte	0
 596 000c 00000000 		.4byte	0
 597              		.section	.debug_line,"",%progbits
 598              	.Ldebug_line0:
 599 0000 94000000 		.section	.debug_str,"MS",%progbits,1
 599      02007B00 
 599      00000201 
 599      FB0E0D00 
 599      01010101 
 600              	.LASF21:
 601 0000 4359424C 		.ascii	"CYBLE_EVT_GAP_PASSKEY_ENTRY_REQUEST\000"
 601      455F4556 
 601      545F4741 
 601      505F5041 
 601      53534B45 
 602              	.LASF27:
 603 0024 4359424C 		.ascii	"CYBLE_EVT_GAP_DEVICE_DISCONNECTED\000"
 603      455F4556 
 603      545F4741 
 603      505F4445 
 603      56494345 
 604              	.LASF2:
 605 0046 73686F72 		.ascii	"short int\000"
 605      7420696E 
 605      7400
 606              	.LASF24:
 607 0050 4359424C 		.ascii	"CYBLE_EVT_GAP_AUTH_FAILED\000"
 607      455F4556 
 607      545F4741 
 607      505F4155 
 607      54485F46 
 608              	.LASF12:
 609 006a 73697A65 		.ascii	"sizetype\000"
 609      74797065 
 609      00
 610              	.LASF32:
 611 0073 4359424C 		.ascii	"CYBLE_EVT_GATTC_ERROR_RSP\000"
 611      455F4556 
 611      545F4741 
 611      5454435F 
 611      4552524F 
 612              	.LASF75:
ARM GAS  C:\Users\Helon\AppData\Local\Temp\ccaVnNIf.s 			page 14


 613 008d 63757374 		.ascii	"customServHandle\000"
 613      6F6D5365 
 613      72764861 
 613      6E646C65 
 613      00
 614              	.LASF17:
 615 009e 4359424C 		.ascii	"CYBLE_EVT_HCI_STATUS\000"
 615      455F4556 
 615      545F4843 
 615      495F5354 
 615      41545553 
 616              	.LASF81:
 617 00b3 4379426C 		.ascii	"CyBle_CustomInit\000"
 617      655F4375 
 617      73746F6D 
 617      496E6974 
 617      00
 618              	.LASF14:
 619 00c4 4359424C 		.ascii	"CYBLE_EVT_STACK_ON\000"
 619      455F4556 
 619      545F5354 
 619      41434B5F 
 619      4F4E00
 620              	.LASF35:
 621 00d7 4359424C 		.ascii	"CYBLE_EVT_GATTS_XCNHG_MTU_REQ\000"
 621      455F4556 
 621      545F4741 
 621      5454535F 
 621      58434E48 
 622              	.LASF70:
 623 00f5 75696E74 		.ascii	"uint16\000"
 623      313600
 624              	.LASF73:
 625 00fc 63757374 		.ascii	"customServCharDesc\000"
 625      6F6D5365 
 625      72764368 
 625      61724465 
 625      736300
 626              	.LASF43:
 627 010f 4359424C 		.ascii	"CYBLE_EVT_GATTC_READ_MULTI_RSP\000"
 627      455F4556 
 627      545F4741 
 627      5454435F 
 627      52454144 
 628              	.LASF52:
 629 012e 4359424C 		.ascii	"CYBLE_EVT_GATTS_HANDLE_VALUE_CNF\000"
 629      455F4556 
 629      545F4741 
 629      5454535F 
 629      48414E44 
 630              	.LASF13:
 631 014f 4359424C 		.ascii	"CYBLE_EVT_HOST_INVALID\000"
 631      455F4556 
 631      545F484F 
 631      53545F49 
 631      4E56414C 
 632              	.LASF59:
ARM GAS  C:\Users\Helon\AppData\Local\Temp\ccaVnNIf.s 			page 15


 633 0166 4359424C 		.ascii	"CYBLE_EVT_L2CAP_CBFC_CONN_IND\000"
 633      455F4556 
 633      545F4C32 
 633      4341505F 
 633      43424643 
 634              	.LASF62:
 635 0184 4359424C 		.ascii	"CYBLE_EVT_L2CAP_CBFC_DISCONN_CNF\000"
 635      455F4556 
 635      545F4C32 
 635      4341505F 
 635      43424643 
 636              	.LASF78:
 637 01a5 474E5520 		.ascii	"GNU C 4.9.3 20150303 (release) [ARM/embedded-4_9-br"
 637      4320342E 
 637      392E3320 
 637      32303135 
 637      30333033 
 638 01d8 616E6368 		.ascii	"anch revision 221220] -mcpu=cortex-m0 -mthumb -g -O"
 638      20726576 
 638      6973696F 
 638      6E203232 
 638      31323230 
 639 020b 73202D66 		.ascii	"s -ffunction-sections -ffat-lto-objects\000"
 639      66756E63 
 639      74696F6E 
 639      2D736563 
 639      74696F6E 
 640              	.LASF79:
 641 0233 2E5C4765 		.ascii	".\\Generated_Source\\PSoC4\\BLE_custom.c\000"
 641      6E657261 
 641      7465645F 
 641      536F7572 
 641      63655C50 
 642              	.LASF9:
 643 0259 666C6F61 		.ascii	"float\000"
 643      7400
 644              	.LASF41:
 645 025f 4359424C 		.ascii	"CYBLE_EVT_GATTC_READ_RSP\000"
 645      455F4556 
 645      545F4741 
 645      5454435F 
 645      52454144 
 646              	.LASF45:
 647 0278 4359424C 		.ascii	"CYBLE_EVT_GATTC_WRITE_RSP\000"
 647      455F4556 
 647      545F4741 
 647      5454435F 
 647      57524954 
 648              	.LASF6:
 649 0292 6C6F6E67 		.ascii	"long long int\000"
 649      206C6F6E 
 649      6720696E 
 649      7400
 650              	.LASF7:
 651 02a0 6C6F6E67 		.ascii	"long long unsigned int\000"
 651      206C6F6E 
 651      6720756E 
ARM GAS  C:\Users\Helon\AppData\Local\Temp\ccaVnNIf.s 			page 16


 651      7369676E 
 651      65642069 
 652              	.LASF74:
 653 02b7 4359424C 		.ascii	"CYBLE_CUSTOMS_INFO_T\000"
 653      455F4355 
 653      53544F4D 
 653      535F494E 
 653      464F5F54 
 654              	.LASF4:
 655 02cc 6C6F6E67 		.ascii	"long int\000"
 655      20696E74 
 655      00
 656              	.LASF51:
 657 02d5 4359424C 		.ascii	"CYBLE_EVT_GATTC_HANDLE_VALUE_IND\000"
 657      455F4556 
 657      545F4741 
 657      5454435F 
 657      48414E44 
 658              	.LASF26:
 659 02f6 4359424C 		.ascii	"CYBLE_EVT_GAP_DEVICE_CONNECTED\000"
 659      455F4556 
 659      545F4741 
 659      505F4445 
 659      56494345 
 660              	.LASF80:
 661 0315 473A5C50 		.ascii	"G:\\Project\\LiYangLiu---BLE Module\\Code\\Troughpu"
 661      726F6A65 
 661      63745C4C 
 661      6959616E 
 661      674C6975 
 662 0344 725F4365 		.ascii	"r_Central_Peripheral\\Troughput_Central_Peripheral."
 662      6E747261 
 662      6C5F5065 
 662      72697068 
 662      6572616C 
 663 0376 63796473 		.ascii	"cydsn\000"
 663      6E00
 664              	.LASF50:
 665 037c 4359424C 		.ascii	"CYBLE_EVT_GATTC_HANDLE_VALUE_NTF\000"
 665      455F4556 
 665      545F4741 
 665      5454435F 
 665      48414E44 
 666              	.LASF18:
 667 039d 4359424C 		.ascii	"CYBLE_EVT_STACK_BUSY_STATUS\000"
 667      455F4556 
 667      545F5354 
 667      41434B5F 
 667      42555359 
 668              	.LASF22:
 669 03b9 4359424C 		.ascii	"CYBLE_EVT_GAP_PASSKEY_DISPLAY_REQUEST\000"
 669      455F4556 
 669      545F4741 
 669      505F5041 
 669      53534B45 
 670              	.LASF77:
 671 03df 4359424C 		.ascii	"CYBLE_CUSTOMS_T\000"
ARM GAS  C:\Users\Helon\AppData\Local\Temp\ccaVnNIf.s 			page 17


 671      455F4355 
 671      53544F4D 
 671      535F5400 
 672              	.LASF60:
 673 03ef 4359424C 		.ascii	"CYBLE_EVT_L2CAP_CBFC_CONN_CNF\000"
 673      455F4556 
 673      545F4C32 
 673      4341505F 
 673      43424643 
 674              	.LASF69:
 675 040d 4359424C 		.ascii	"CYBLE_EVT_MAX\000"
 675      455F4556 
 675      545F4D41 
 675      5800
 676              	.LASF56:
 677 041b 4359424C 		.ascii	"CYBLE_EVT_L2CAP_CONN_PARAM_UPDATE_REQ\000"
 677      455F4556 
 677      545F4C32 
 677      4341505F 
 677      434F4E4E 
 678              	.LASF1:
 679 0441 756E7369 		.ascii	"unsigned char\000"
 679      676E6564 
 679      20636861 
 679      7200
 680              	.LASF76:
 681 044f 63757374 		.ascii	"customServInfo\000"
 681      6F6D5365 
 681      7276496E 
 681      666F00
 682              	.LASF47:
 683 045e 4359424C 		.ascii	"CYBLE_EVT_GATTS_PREP_WRITE_REQ\000"
 683      455F4556 
 683      545F4741 
 683      5454535F 
 683      50524550 
 684              	.LASF68:
 685 047d 4359424C 		.ascii	"CYBLE_EVT_LE_PING_AUTH_TIMEOUT\000"
 685      455F4556 
 685      545F4C45 
 685      5F50494E 
 685      475F4155 
 686              	.LASF39:
 687 049c 4359424C 		.ascii	"CYBLE_EVT_GATTC_FIND_INFO_RSP\000"
 687      455F4556 
 687      545F4741 
 687      5454435F 
 687      46494E44 
 688              	.LASF0:
 689 04ba 7369676E 		.ascii	"signed char\000"
 689      65642063 
 689      68617200 
 690              	.LASF44:
 691 04c6 4359424C 		.ascii	"CYBLE_EVT_GATTS_WRITE_REQ\000"
 691      455F4556 
 691      545F4741 
 691      5454535F 
ARM GAS  C:\Users\Helon\AppData\Local\Temp\ccaVnNIf.s 			page 18


 691      57524954 
 692              	.LASF40:
 693 04e0 4359424C 		.ascii	"CYBLE_EVT_GATTC_FIND_BY_TYPE_VALUE_RSP\000"
 693      455F4556 
 693      545F4741 
 693      5454435F 
 693      46494E44 
 694              	.LASF23:
 695 0507 4359424C 		.ascii	"CYBLE_EVT_GAP_AUTH_COMPLETE\000"
 695      455F4556 
 695      545F4741 
 695      505F4155 
 695      54485F43 
 696              	.LASF8:
 697 0523 756E7369 		.ascii	"unsigned int\000"
 697      676E6564 
 697      20696E74 
 697      00
 698              	.LASF33:
 699 0530 4359424C 		.ascii	"CYBLE_EVT_GATT_CONNECT_IND\000"
 699      455F4556 
 699      545F4741 
 699      54545F43 
 699      4F4E4E45 
 700              	.LASF5:
 701 054b 6C6F6E67 		.ascii	"long unsigned int\000"
 701      20756E73 
 701      69676E65 
 701      6420696E 
 701      7400
 702              	.LASF20:
 703 055d 4359424C 		.ascii	"CYBLE_EVT_GAP_AUTH_REQ\000"
 703      455F4556 
 703      545F4741 
 703      505F4155 
 703      54485F52 
 704              	.LASF61:
 705 0574 4359424C 		.ascii	"CYBLE_EVT_L2CAP_CBFC_DISCONN_IND\000"
 705      455F4556 
 705      545F4C32 
 705      4341505F 
 705      43424643 
 706              	.LASF28:
 707 0595 4359424C 		.ascii	"CYBLE_EVT_GAP_ENCRYPT_CHANGE\000"
 707      455F4556 
 707      545F4741 
 707      505F454E 
 707      43525950 
 708              	.LASF31:
 709 05b2 4359424C 		.ascii	"CYBLE_EVT_GAP_KEYINFO_EXCHNGE_CMPLT\000"
 709      455F4556 
 709      545F4741 
 709      505F4B45 
 709      59494E46 
 710              	.LASF29:
 711 05d6 4359424C 		.ascii	"CYBLE_EVT_GAP_CONNECTION_UPDATE_COMPLETE\000"
 711      455F4556 
ARM GAS  C:\Users\Helon\AppData\Local\Temp\ccaVnNIf.s 			page 19


 711      545F4741 
 711      505F434F 
 711      4E4E4543 
 712              	.LASF11:
 713 05ff 63686172 		.ascii	"char\000"
 713      00
 714              	.LASF58:
 715 0604 4359424C 		.ascii	"CYBLE_EVT_L2CAP_COMMAND_REJ\000"
 715      455F4556 
 715      545F4C32 
 715      4341505F 
 715      434F4D4D 
 716              	.LASF3:
 717 0620 73686F72 		.ascii	"short unsigned int\000"
 717      7420756E 
 717      7369676E 
 717      65642069 
 717      6E7400
 718              	.LASF42:
 719 0633 4359424C 		.ascii	"CYBLE_EVT_GATTC_READ_BLOB_RSP\000"
 719      455F4556 
 719      545F4741 
 719      5454435F 
 719      52454144 
 720              	.LASF49:
 721 0651 4359424C 		.ascii	"CYBLE_EVT_GATTC_EXEC_WRITE_RSP\000"
 721      455F4556 
 721      545F4741 
 721      5454435F 
 721      45584543 
 722              	.LASF30:
 723 0670 4359424C 		.ascii	"CYBLE_EVT_GAPC_SCAN_START_STOP\000"
 723      455F4556 
 723      545F4741 
 723      50435F53 
 723      43414E5F 
 724              	.LASF67:
 725 068f 4359424C 		.ascii	"CYBLE_EVT_PENDING_FLASH_WRITE\000"
 725      455F4556 
 725      545F5045 
 725      4E44494E 
 725      475F464C 
 726              	.LASF64:
 727 06ad 4359424C 		.ascii	"CYBLE_EVT_L2CAP_CBFC_RX_CREDIT_IND\000"
 727      455F4556 
 727      545F4C32 
 727      4341505F 
 727      43424643 
 728              	.LASF10:
 729 06d0 646F7562 		.ascii	"double\000"
 729      6C6500
 730              	.LASF65:
 731 06d7 4359424C 		.ascii	"CYBLE_EVT_L2CAP_CBFC_TX_CREDIT_IND\000"
 731      455F4556 
 731      545F4C32 
 731      4341505F 
 731      43424643 
ARM GAS  C:\Users\Helon\AppData\Local\Temp\ccaVnNIf.s 			page 20


 732              	.LASF72:
 733 06fa 63757374 		.ascii	"customServCharHandle\000"
 733      6F6D5365 
 733      72764368 
 733      61724861 
 733      6E646C65 
 734              	.LASF25:
 735 070f 4359424C 		.ascii	"CYBLE_EVT_GAPP_ADVERTISEMENT_START_STOP\000"
 735      455F4556 
 735      545F4741 
 735      50505F41 
 735      44564552 
 736              	.LASF16:
 737 0737 4359424C 		.ascii	"CYBLE_EVT_HARDWARE_ERROR\000"
 737      455F4556 
 737      545F4841 
 737      52445741 
 737      52455F45 
 738              	.LASF63:
 739 0750 4359424C 		.ascii	"CYBLE_EVT_L2CAP_CBFC_DATA_READ\000"
 739      455F4556 
 739      545F4C32 
 739      4341505F 
 739      43424643 
 740              	.LASF57:
 741 076f 4359424C 		.ascii	"CYBLE_EVT_L2CAP_CONN_PARAM_UPDATE_RSP\000"
 741      455F4556 
 741      545F4C32 
 741      4341505F 
 741      434F4E4E 
 742              	.LASF19:
 743 0795 4359424C 		.ascii	"CYBLE_EVT_GAPC_SCAN_PROGRESS_RESULT\000"
 743      455F4556 
 743      545F4741 
 743      50435F53 
 743      43414E5F 
 744              	.LASF37:
 745 07b9 4359424C 		.ascii	"CYBLE_EVT_GATTC_READ_BY_GROUP_TYPE_RSP\000"
 745      455F4556 
 745      545F4741 
 745      5454435F 
 745      52454144 
 746              	.LASF46:
 747 07e0 4359424C 		.ascii	"CYBLE_EVT_GATTS_WRITE_CMD_REQ\000"
 747      455F4556 
 747      545F4741 
 747      5454535F 
 747      57524954 
 748              	.LASF38:
 749 07fe 4359424C 		.ascii	"CYBLE_EVT_GATTC_READ_BY_TYPE_RSP\000"
 749      455F4556 
 749      545F4741 
 749      5454435F 
 749      52454144 
 750              	.LASF36:
 751 081f 4359424C 		.ascii	"CYBLE_EVT_GATTC_XCHNG_MTU_RSP\000"
 751      455F4556 
ARM GAS  C:\Users\Helon\AppData\Local\Temp\ccaVnNIf.s 			page 21


 751      545F4741 
 751      5454435F 
 751      5843484E 
 752              	.LASF66:
 753 083d 4359424C 		.ascii	"CYBLE_EVT_L2CAP_CBFC_DATA_WRITE_IND\000"
 753      455F4556 
 753      545F4C32 
 753      4341505F 
 753      43424643 
 754              	.LASF15:
 755 0861 4359424C 		.ascii	"CYBLE_EVT_TIMEOUT\000"
 755      455F4556 
 755      545F5449 
 755      4D454F55 
 755      5400
 756              	.LASF55:
 757 0873 4359424C 		.ascii	"CYBLE_EVT_GATTS_READ_CHAR_VAL_ACCESS_REQ\000"
 757      455F4556 
 757      545F4741 
 757      5454535F 
 757      52454144 
 758              	.LASF54:
 759 089c 4359424C 		.ascii	"CYBLE_EVT_GATTC_STOP_CMD_COMPLETE\000"
 759      455F4556 
 759      545F4741 
 759      5454435F 
 759      53544F50 
 760              	.LASF48:
 761 08be 4359424C 		.ascii	"CYBLE_EVT_GATTS_EXEC_WRITE_REQ\000"
 761      455F4556 
 761      545F4741 
 761      5454535F 
 761      45584543 
 762              	.LASF71:
 763 08dd 4359424C 		.ascii	"CYBLE_GATT_DB_ATTR_HANDLE_T\000"
 763      455F4741 
 763      54545F44 
 763      425F4154 
 763      54525F48 
 764              	.LASF82:
 765 08f9 6379426C 		.ascii	"cyBle_customs\000"
 765      655F6375 
 765      73746F6D 
 765      7300
 766              	.LASF53:
 767 0907 4359424C 		.ascii	"CYBLE_EVT_GATTS_DATA_SIGNED_CMD_REQ\000"
 767      455F4556 
 767      545F4741 
 767      5454535F 
 767      44415441 
 768              	.LASF34:
 769 092b 4359424C 		.ascii	"CYBLE_EVT_GATT_DISCONNECT_IND\000"
 769      455F4556 
 769      545F4741 
 769      54545F44 
 769      4953434F 
 770              		.ident	"GCC: (GNU Tools for ARM Embedded Processors) 4.9.3 20150303 (release) [ARM/embedded-4_9-br
ARM GAS  C:\Users\Helon\AppData\Local\Temp\ccaVnNIf.s 			page 22


