--------------- Clean Started: 06/11/2016 18:21:59 Project: Troughput_Central_Peripheral, Configuration: ARM GCC 4.9-2015-q1-update Release ---------------
Deleting file ".\CortexM0\ARM_GCC_493\Release\main.o"
Deleting file ".\CortexM0\ARM_GCC_493\Release\BLEApplication.o"
Deleting file ".\CortexM0\ARM_GCC_493\Release\BLEClient.o"
Deleting file ".\CortexM0\ARM_GCC_493\Release\WriteUserSFlash.o"
Deleting file ".\CortexM0\ARM_GCC_493\Release\cyfitter_cfg.o"
Deleting file ".\CortexM0\ARM_GCC_493\Release\cymetadata.o"
Deleting file ".\CortexM0\ARM_GCC_493\Release\BLE.o"
Deleting file ".\CortexM0\ARM_GCC_493\Release\BLE_gatt.o"
Deleting file ".\CortexM0\ARM_GCC_493\Release\BLE_eventHandler.o"
Deleting file ".\CortexM0\ARM_GCC_493\Release\BLE_HAL_INT.o"
Deleting file ".\CortexM0\ARM_GCC_493\Release\BLE_HAL_PVT.o"
Deleting file ".\CortexM0\ARM_GCC_493\Release\BLE_custom.o"
Deleting file ".\CortexM0\ARM_GCC_493\Release\UART.o"
Deleting file ".\CortexM0\ARM_GCC_493\Release\UART_SPI_UART.o"
Deleting file ".\CortexM0\ARM_GCC_493\Release\UART_SPI_UART_INT.o"
Deleting file ".\CortexM0\ARM_GCC_493\Release\UART_PM.o"
Deleting file ".\CortexM0\ARM_GCC_493\Release\UART_UART.o"
Deleting file ".\CortexM0\ARM_GCC_493\Release\UART_BOOT.o"
Deleting file ".\CortexM0\ARM_GCC_493\Release\UART_UART_BOOT.o"
Deleting file ".\CortexM0\ARM_GCC_493\Release\Status_LED.o"
Deleting file ".\CortexM0\ARM_GCC_493\Release\Status_LED_PM.o"
Deleting file ".\CortexM0\ARM_GCC_493\Release\Connected_LED.o"
Deleting file ".\CortexM0\ARM_GCC_493\Release\Connected_LED_PM.o"
Deleting file ".\CortexM0\ARM_GCC_493\Release\BLE_bless_isr.o"
Deleting file ".\CortexM0\ARM_GCC_493\Release\UART_SCB_IRQ.o"
Deleting file ".\CortexM0\ARM_GCC_493\Release\Cm0Start.o"
Deleting file ".\CortexM0\ARM_GCC_493\Release\CyBootAsmGnu.o"
Deleting file ".\CortexM0\ARM_GCC_493\Release\CyFlash.o"
Deleting file ".\CortexM0\ARM_GCC_493\Release\CyLib.o"
Deleting file ".\CortexM0\ARM_GCC_493\Release\cyPm.o"
Deleting file ".\CortexM0\ARM_GCC_493\Release\cyutils.o"
Deleting file ".\CortexM0\ARM_GCC_493\Release\CyLFClk.o"
Deleting file ".\CortexM0\ARM_GCC_493\Release\TimerInterrupt.o"
Deleting file ".\CortexM0\ARM_GCC_493\Release\TimerClock.o"
Deleting file ".\CortexM0\ARM_GCC_493\Release\Timer.o"
Deleting file ".\CortexM0\ARM_GCC_493\Release\Timer_PM.o"
Deleting file ".\CortexM0\ARM_GCC_493\Release\UART_SCBCLK.o"
Deleting file ".\CortexM0\ARM_GCC_493\Release\UART_tx.o"
Deleting file ".\CortexM0\ARM_GCC_493\Release\UART_tx_PM.o"
Deleting file ".\CortexM0\ARM_GCC_493\Release\CTS.o"
Deleting file ".\CortexM0\ARM_GCC_493\Release\CTS_PM.o"
Deleting file ".\CortexM0\ARM_GCC_493\Release\UART_rx_wake.o"
Deleting file ".\CortexM0\ARM_GCC_493\Release\UART_rx_wake_PM.o"
Deleting file ".\CortexM0\ARM_GCC_493\Release\UART_RX_WAKEUP_IRQ.o"
Deleting file ".\CortexM0\ARM_GCC_493\Release\Wdt_Isr.o"
Deleting file ".\CortexM0\ARM_GCC_493\Release\Troughput_Central_Peripheral.hex"
Deleting file ".\CortexM0\ARM_GCC_493\Release\Troughput_Central_Peripheral.elf"
Deleting file ".\CortexM0\ARM_GCC_493\Release\Troughput_Central_Peripheral.map"
Deleting file ".\Troughput_Central_Peripheral.cycdx"
Deleting file ".\Troughput_Central_Peripheral.svd"
Deleting file ".\Troughput_Central_Peripheral.rpt"
Deleting file ".\Troughput_Central_Peripheral_timing.html"
Deleting file ".\CortexM0\ARM_GCC_493\Release\.deps\C_FILE.P"
Deleting file ".\CortexM0\ARM_GCC_493\Release\.deps\ARM_C_FILE.P"
Deleting file ".\CortexM0\ARM_GCC_493\Release\.deps\GNU_ARM_ASM_FILE.P"
--------------- Clean Succeeded: 06/11/2016 18:21:59 ---------------
