ARM GAS  C:\Users\Helon\AppData\Local\Temp\cc9Ky5zA.s 			page 1


   1              		.cpu cortex-m0
   2              		.fpu softvfp
   3              		.eabi_attribute 20, 1
   4              		.eabi_attribute 21, 1
   5              		.eabi_attribute 23, 3
   6              		.eabi_attribute 24, 1
   7              		.eabi_attribute 25, 1
   8              		.eabi_attribute 26, 1
   9              		.eabi_attribute 30, 4
  10              		.eabi_attribute 34, 0
  11              		.eabi_attribute 18, 4
  12              		.code	16
  13              		.file	"cyfitter_cfg.c"
  14              		.text
  15              	.Ltext0:
  16              		.cfi_sections	.debug_frame
  17              		.section	.psocinit,"ax",%progbits
  18              		.align	1
  19              		.global	cyfitter_cfg
  20              		.code	16
  21              		.thumb_func
  22              		.type	cyfitter_cfg, %function
  23              	cyfitter_cfg:
  24              	.LFB7:
  25              		.file 1 ".\\Generated_Source\\PSoC4\\cyfitter_cfg.c"
   1:.\Generated_Source\PSoC4/cyfitter_cfg.c **** /*******************************************************************************
   2:.\Generated_Source\PSoC4/cyfitter_cfg.c **** * File Name: cyfitter_cfg.c
   3:.\Generated_Source\PSoC4/cyfitter_cfg.c **** * 
   4:.\Generated_Source\PSoC4/cyfitter_cfg.c **** * PSoC Creator  3.3 CP2
   5:.\Generated_Source\PSoC4/cyfitter_cfg.c **** *
   6:.\Generated_Source\PSoC4/cyfitter_cfg.c **** * Description:
   7:.\Generated_Source\PSoC4/cyfitter_cfg.c **** * This file contains device initialization code.
   8:.\Generated_Source\PSoC4/cyfitter_cfg.c **** * Except for the user defined sections in CyClockStartupError(), this file should not be modified.
   9:.\Generated_Source\PSoC4/cyfitter_cfg.c **** * This file is automatically generated by PSoC Creator.
  10:.\Generated_Source\PSoC4/cyfitter_cfg.c **** *
  11:.\Generated_Source\PSoC4/cyfitter_cfg.c **** ********************************************************************************
  12:.\Generated_Source\PSoC4/cyfitter_cfg.c **** * Copyright (c) 2007-2015 Cypress Semiconductor.  All rights reserved.
  13:.\Generated_Source\PSoC4/cyfitter_cfg.c **** * You may use this file only in accordance with the license, terms, conditions, 
  14:.\Generated_Source\PSoC4/cyfitter_cfg.c **** * disclaimers, and limitations in the end user license agreement accompanying 
  15:.\Generated_Source\PSoC4/cyfitter_cfg.c **** * the software package with which this file was provided.
  16:.\Generated_Source\PSoC4/cyfitter_cfg.c **** ********************************************************************************/
  17:.\Generated_Source\PSoC4/cyfitter_cfg.c **** 
  18:.\Generated_Source\PSoC4/cyfitter_cfg.c **** #include <string.h>
  19:.\Generated_Source\PSoC4/cyfitter_cfg.c **** #include "cytypes.h"
  20:.\Generated_Source\PSoC4/cyfitter_cfg.c **** #include "cydevice_trm.h"
  21:.\Generated_Source\PSoC4/cyfitter_cfg.c **** #include "cyfitter.h"
  22:.\Generated_Source\PSoC4/cyfitter_cfg.c **** #include "CyLib.h"
  23:.\Generated_Source\PSoC4/cyfitter_cfg.c **** #include "CyLFClk.h"
  24:.\Generated_Source\PSoC4/cyfitter_cfg.c **** #include "cyfitter_cfg.h"
  25:.\Generated_Source\PSoC4/cyfitter_cfg.c **** 
  26:.\Generated_Source\PSoC4/cyfitter_cfg.c **** 
  27:.\Generated_Source\PSoC4/cyfitter_cfg.c **** #if defined(__GNUC__) || defined(__ARMCC_VERSION)
  28:.\Generated_Source\PSoC4/cyfitter_cfg.c ****     #define CYPACKED 
  29:.\Generated_Source\PSoC4/cyfitter_cfg.c ****     #define CYPACKED_ATTR __attribute__ ((packed))
  30:.\Generated_Source\PSoC4/cyfitter_cfg.c ****     #define CYALIGNED __attribute__ ((aligned))
  31:.\Generated_Source\PSoC4/cyfitter_cfg.c ****     #define CY_CFG_UNUSED __attribute__ ((unused))
  32:.\Generated_Source\PSoC4/cyfitter_cfg.c ****     #ifndef CY_CFG_SECTION
ARM GAS  C:\Users\Helon\AppData\Local\Temp\cc9Ky5zA.s 			page 2


  33:.\Generated_Source\PSoC4/cyfitter_cfg.c ****         #define CY_CFG_SECTION __attribute__ ((section(".psocinit")))
  34:.\Generated_Source\PSoC4/cyfitter_cfg.c ****     #endif
  35:.\Generated_Source\PSoC4/cyfitter_cfg.c ****     
  36:.\Generated_Source\PSoC4/cyfitter_cfg.c ****     #if defined(__ARMCC_VERSION)
  37:.\Generated_Source\PSoC4/cyfitter_cfg.c ****         #define CY_CFG_MEMORY_BARRIER() __memory_changed()
  38:.\Generated_Source\PSoC4/cyfitter_cfg.c ****     #else
  39:.\Generated_Source\PSoC4/cyfitter_cfg.c ****         #define CY_CFG_MEMORY_BARRIER() __sync_synchronize()
  40:.\Generated_Source\PSoC4/cyfitter_cfg.c ****     #endif
  41:.\Generated_Source\PSoC4/cyfitter_cfg.c ****     
  42:.\Generated_Source\PSoC4/cyfitter_cfg.c **** #elif defined(__ICCARM__)
  43:.\Generated_Source\PSoC4/cyfitter_cfg.c ****     #include <intrinsics.h>
  44:.\Generated_Source\PSoC4/cyfitter_cfg.c **** 
  45:.\Generated_Source\PSoC4/cyfitter_cfg.c ****     #define CYPACKED __packed
  46:.\Generated_Source\PSoC4/cyfitter_cfg.c ****     #define CYPACKED_ATTR 
  47:.\Generated_Source\PSoC4/cyfitter_cfg.c ****     #define CYALIGNED _Pragma("data_alignment=4")
  48:.\Generated_Source\PSoC4/cyfitter_cfg.c ****     #define CY_CFG_UNUSED _Pragma("diag_suppress=Pe177")
  49:.\Generated_Source\PSoC4/cyfitter_cfg.c ****     #define CY_CFG_SECTION _Pragma("location=\".psocinit\"")
  50:.\Generated_Source\PSoC4/cyfitter_cfg.c ****     
  51:.\Generated_Source\PSoC4/cyfitter_cfg.c ****     #define CY_CFG_MEMORY_BARRIER() __DMB()
  52:.\Generated_Source\PSoC4/cyfitter_cfg.c ****     
  53:.\Generated_Source\PSoC4/cyfitter_cfg.c **** #else
  54:.\Generated_Source\PSoC4/cyfitter_cfg.c ****     #error Unsupported toolchain
  55:.\Generated_Source\PSoC4/cyfitter_cfg.c **** #endif
  56:.\Generated_Source\PSoC4/cyfitter_cfg.c **** 
  57:.\Generated_Source\PSoC4/cyfitter_cfg.c **** 
  58:.\Generated_Source\PSoC4/cyfitter_cfg.c **** CY_CFG_UNUSED
  59:.\Generated_Source\PSoC4/cyfitter_cfg.c **** static void CYMEMZERO(void *s, size_t n);
  60:.\Generated_Source\PSoC4/cyfitter_cfg.c **** CY_CFG_UNUSED
  61:.\Generated_Source\PSoC4/cyfitter_cfg.c **** static void CYMEMZERO(void *s, size_t n)
  62:.\Generated_Source\PSoC4/cyfitter_cfg.c **** {
  63:.\Generated_Source\PSoC4/cyfitter_cfg.c **** 	(void)memset(s, 0, n);
  64:.\Generated_Source\PSoC4/cyfitter_cfg.c **** }
  65:.\Generated_Source\PSoC4/cyfitter_cfg.c **** CY_CFG_UNUSED
  66:.\Generated_Source\PSoC4/cyfitter_cfg.c **** static void CYCONFIGCPY(void *dest, const void *src, size_t n);
  67:.\Generated_Source\PSoC4/cyfitter_cfg.c **** CY_CFG_UNUSED
  68:.\Generated_Source\PSoC4/cyfitter_cfg.c **** static void CYCONFIGCPY(void *dest, const void *src, size_t n)
  69:.\Generated_Source\PSoC4/cyfitter_cfg.c **** {
  70:.\Generated_Source\PSoC4/cyfitter_cfg.c **** 	(void)memcpy(dest, src, n);
  71:.\Generated_Source\PSoC4/cyfitter_cfg.c **** }
  72:.\Generated_Source\PSoC4/cyfitter_cfg.c **** CY_CFG_UNUSED
  73:.\Generated_Source\PSoC4/cyfitter_cfg.c **** static void CYCONFIGCPYCODE(void *dest, const void *src, size_t n);
  74:.\Generated_Source\PSoC4/cyfitter_cfg.c **** CY_CFG_UNUSED
  75:.\Generated_Source\PSoC4/cyfitter_cfg.c **** static void CYCONFIGCPYCODE(void *dest, const void *src, size_t n)
  76:.\Generated_Source\PSoC4/cyfitter_cfg.c **** {
  77:.\Generated_Source\PSoC4/cyfitter_cfg.c **** 	(void)memcpy(dest, src, n);
  78:.\Generated_Source\PSoC4/cyfitter_cfg.c **** }
  79:.\Generated_Source\PSoC4/cyfitter_cfg.c **** 
  80:.\Generated_Source\PSoC4/cyfitter_cfg.c **** 
  81:.\Generated_Source\PSoC4/cyfitter_cfg.c **** 
  82:.\Generated_Source\PSoC4/cyfitter_cfg.c **** /* Clock startup error codes                                                   */
  83:.\Generated_Source\PSoC4/cyfitter_cfg.c **** #define CYCLOCKSTART_NO_ERROR    0u
  84:.\Generated_Source\PSoC4/cyfitter_cfg.c **** #define CYCLOCKSTART_XTAL_ERROR  1u
  85:.\Generated_Source\PSoC4/cyfitter_cfg.c **** #define CYCLOCKSTART_32KHZ_ERROR 2u
  86:.\Generated_Source\PSoC4/cyfitter_cfg.c **** #define CYCLOCKSTART_PLL_ERROR   3u
  87:.\Generated_Source\PSoC4/cyfitter_cfg.c **** 
  88:.\Generated_Source\PSoC4/cyfitter_cfg.c **** #ifdef CY_NEED_CYCLOCKSTARTUPERROR
  89:.\Generated_Source\PSoC4/cyfitter_cfg.c **** /*******************************************************************************
ARM GAS  C:\Users\Helon\AppData\Local\Temp\cc9Ky5zA.s 			page 3


  90:.\Generated_Source\PSoC4/cyfitter_cfg.c **** * Function Name: CyClockStartupError
  91:.\Generated_Source\PSoC4/cyfitter_cfg.c **** ********************************************************************************
  92:.\Generated_Source\PSoC4/cyfitter_cfg.c **** * Summary:
  93:.\Generated_Source\PSoC4/cyfitter_cfg.c **** *  If an error is encountered during clock configuration (crystal startup error,
  94:.\Generated_Source\PSoC4/cyfitter_cfg.c **** *  PLL lock error, etc.), the system will end up here.  Unless reimplemented by
  95:.\Generated_Source\PSoC4/cyfitter_cfg.c **** *  the customer, this function will stop in an infinite loop.
  96:.\Generated_Source\PSoC4/cyfitter_cfg.c **** *
  97:.\Generated_Source\PSoC4/cyfitter_cfg.c **** * Parameters:
  98:.\Generated_Source\PSoC4/cyfitter_cfg.c **** *   void
  99:.\Generated_Source\PSoC4/cyfitter_cfg.c **** *
 100:.\Generated_Source\PSoC4/cyfitter_cfg.c **** * Return:
 101:.\Generated_Source\PSoC4/cyfitter_cfg.c **** *   void
 102:.\Generated_Source\PSoC4/cyfitter_cfg.c **** *
 103:.\Generated_Source\PSoC4/cyfitter_cfg.c **** *******************************************************************************/
 104:.\Generated_Source\PSoC4/cyfitter_cfg.c **** CY_CFG_UNUSED
 105:.\Generated_Source\PSoC4/cyfitter_cfg.c **** static void CyClockStartupError(uint8 errorCode);
 106:.\Generated_Source\PSoC4/cyfitter_cfg.c **** CY_CFG_UNUSED
 107:.\Generated_Source\PSoC4/cyfitter_cfg.c **** static void CyClockStartupError(uint8 errorCode)
 108:.\Generated_Source\PSoC4/cyfitter_cfg.c **** {
 109:.\Generated_Source\PSoC4/cyfitter_cfg.c ****     /* To remove the compiler warning if errorCode not used.                */
 110:.\Generated_Source\PSoC4/cyfitter_cfg.c ****     errorCode = errorCode;
 111:.\Generated_Source\PSoC4/cyfitter_cfg.c **** 
 112:.\Generated_Source\PSoC4/cyfitter_cfg.c ****     /* `#START CyClockStartupError` */
 113:.\Generated_Source\PSoC4/cyfitter_cfg.c **** 
 114:.\Generated_Source\PSoC4/cyfitter_cfg.c ****     /* If we have a clock startup error (bad MHz crystal, PLL lock, etc.),  */
 115:.\Generated_Source\PSoC4/cyfitter_cfg.c ****     /* we will end up here to allow the customer to implement something to  */
 116:.\Generated_Source\PSoC4/cyfitter_cfg.c ****     /* deal with the clock condition.                                       */
 117:.\Generated_Source\PSoC4/cyfitter_cfg.c **** 
 118:.\Generated_Source\PSoC4/cyfitter_cfg.c ****     /* `#END` */
 119:.\Generated_Source\PSoC4/cyfitter_cfg.c **** 
 120:.\Generated_Source\PSoC4/cyfitter_cfg.c ****     /* If nothing else, stop here since the clocks have not started         */
 121:.\Generated_Source\PSoC4/cyfitter_cfg.c ****     /* correctly.                                                           */
 122:.\Generated_Source\PSoC4/cyfitter_cfg.c ****     while(1) {}
 123:.\Generated_Source\PSoC4/cyfitter_cfg.c **** }
 124:.\Generated_Source\PSoC4/cyfitter_cfg.c **** #endif
 125:.\Generated_Source\PSoC4/cyfitter_cfg.c **** 
 126:.\Generated_Source\PSoC4/cyfitter_cfg.c **** 
 127:.\Generated_Source\PSoC4/cyfitter_cfg.c **** 
 128:.\Generated_Source\PSoC4/cyfitter_cfg.c **** /*******************************************************************************
 129:.\Generated_Source\PSoC4/cyfitter_cfg.c **** * Function Name: ClockSetup
 130:.\Generated_Source\PSoC4/cyfitter_cfg.c **** ********************************************************************************
 131:.\Generated_Source\PSoC4/cyfitter_cfg.c **** *
 132:.\Generated_Source\PSoC4/cyfitter_cfg.c **** * Summary:
 133:.\Generated_Source\PSoC4/cyfitter_cfg.c **** *   Performs the initialization of all of the clocks in the device based on the
 134:.\Generated_Source\PSoC4/cyfitter_cfg.c **** *   settings in the Clock tab of the DWR.  This includes enabling the requested
 135:.\Generated_Source\PSoC4/cyfitter_cfg.c **** *   clocks and setting the necessary dividers to produce the desired frequency. 
 136:.\Generated_Source\PSoC4/cyfitter_cfg.c **** *
 137:.\Generated_Source\PSoC4/cyfitter_cfg.c **** * Parameters:
 138:.\Generated_Source\PSoC4/cyfitter_cfg.c **** *   void
 139:.\Generated_Source\PSoC4/cyfitter_cfg.c **** *
 140:.\Generated_Source\PSoC4/cyfitter_cfg.c **** * Return:
 141:.\Generated_Source\PSoC4/cyfitter_cfg.c **** *   void
 142:.\Generated_Source\PSoC4/cyfitter_cfg.c **** *
 143:.\Generated_Source\PSoC4/cyfitter_cfg.c **** *******************************************************************************/
 144:.\Generated_Source\PSoC4/cyfitter_cfg.c **** static void ClockSetup(void);
 145:.\Generated_Source\PSoC4/cyfitter_cfg.c **** CY_CFG_SECTION
 146:.\Generated_Source\PSoC4/cyfitter_cfg.c **** static void ClockSetup(void)
ARM GAS  C:\Users\Helon\AppData\Local\Temp\cc9Ky5zA.s 			page 4


 147:.\Generated_Source\PSoC4/cyfitter_cfg.c **** {
 148:.\Generated_Source\PSoC4/cyfitter_cfg.c **** 
 149:.\Generated_Source\PSoC4/cyfitter_cfg.c **** 	/* Set Flash Cycles based on max possible frequency in case a glitch occurs during ClockSetup(). *
 150:.\Generated_Source\PSoC4/cyfitter_cfg.c **** 	CY_SET_REG32((void CYXDATA *)(CYREG_CPUSS_FLASH_CTL), (0x0012u));
 151:.\Generated_Source\PSoC4/cyfitter_cfg.c **** 
 152:.\Generated_Source\PSoC4/cyfitter_cfg.c **** 	/* Start the WCO */
 153:.\Generated_Source\PSoC4/cyfitter_cfg.c **** 	CySysClkWcoStart();
 154:.\Generated_Source\PSoC4/cyfitter_cfg.c **** 	CyDelayCycles(12000000u); /* WCO may take up to 500ms to start */
 155:.\Generated_Source\PSoC4/cyfitter_cfg.c **** 	(void)CySysClkWcoSetPowerMode(CY_SYS_CLK_WCO_LPM);    /* Switch to the low power mode */
 156:.\Generated_Source\PSoC4/cyfitter_cfg.c **** 
 157:.\Generated_Source\PSoC4/cyfitter_cfg.c **** 	/* Setup and trim IMO based on desired frequency. */
 158:.\Generated_Source\PSoC4/cyfitter_cfg.c **** 	CySysClkWriteImoFreq(48u);
 159:.\Generated_Source\PSoC4/cyfitter_cfg.c **** 	/* CYDEV_CLK_ILO_CONFIG Starting address: CYDEV_CLK_ILO_CONFIG */
 160:.\Generated_Source\PSoC4/cyfitter_cfg.c **** 	CY_SET_XTND_REG32((void CYFAR *)(CYREG_CLK_ILO_CONFIG), 0x80000006u);
 161:.\Generated_Source\PSoC4/cyfitter_cfg.c **** 
 162:.\Generated_Source\PSoC4/cyfitter_cfg.c **** 	/* CYDEV_WDT_CONFIG Starting address: CYDEV_WDT_CONFIG */
 163:.\Generated_Source\PSoC4/cyfitter_cfg.c **** 	CY_SET_XTND_REG32((void CYFAR *)(CYREG_WDT_CONFIG), 0x40000000u);
 164:.\Generated_Source\PSoC4/cyfitter_cfg.c **** 
 165:.\Generated_Source\PSoC4/cyfitter_cfg.c **** 
 166:.\Generated_Source\PSoC4/cyfitter_cfg.c **** 	/* Enable fast start mode for XO */
 167:.\Generated_Source\PSoC4/cyfitter_cfg.c **** 	CY_SET_REG32((void*)CYREG_BLE_BLERD_BB_XO, CY_GET_REG32((void*)CYREG_BLE_BLERD_BB_XO) | (uint32)0x
 168:.\Generated_Source\PSoC4/cyfitter_cfg.c **** 	CY_SET_XTND_REG32((void CYFAR *)(CYREG_BLE_BLERD_BB_XO_CAPTRIM), 0x00003E2Du);
 169:.\Generated_Source\PSoC4/cyfitter_cfg.c **** 	/* Disable Crystal Stable Interrupt before enabling ECO */
 170:.\Generated_Source\PSoC4/cyfitter_cfg.c **** 	CY_SET_REG32((void*)CYREG_BLE_BLESS_LL_DSM_CTRL, CY_GET_REG32((void*)CYREG_BLE_BLESS_LL_DSM_CTRL) 
 171:.\Generated_Source\PSoC4/cyfitter_cfg.c **** 	/* Start the ECO and do not check status since it is not needed for HFCLK */
 172:.\Generated_Source\PSoC4/cyfitter_cfg.c **** 	(void)CySysClkEcoStart(2000u);
 173:.\Generated_Source\PSoC4/cyfitter_cfg.c **** 	CyDelayUs(1500u); /* Wait to stabalize */
 174:.\Generated_Source\PSoC4/cyfitter_cfg.c **** 
 175:.\Generated_Source\PSoC4/cyfitter_cfg.c **** 	/* Setup phase aligned clocks */
 176:.\Generated_Source\PSoC4/cyfitter_cfg.c **** 	CY_SET_REG32((void *)CYREG_PERI_DIV_16_CTL1, 0x00257F00u);
 177:.\Generated_Source\PSoC4/cyfitter_cfg.c **** 	CY_SET_REG32((void *)CYREG_PERI_DIV_CMD, 0x8000FF41u);
 178:.\Generated_Source\PSoC4/cyfitter_cfg.c **** 	CY_SET_REG32((void *)CYREG_PERI_DIV_16_CTL0, 0x00002200u);
 179:.\Generated_Source\PSoC4/cyfitter_cfg.c **** 	CY_SET_REG32((void *)CYREG_PERI_DIV_CMD, 0x8000FF40u);
 180:.\Generated_Source\PSoC4/cyfitter_cfg.c **** 
 181:.\Generated_Source\PSoC4/cyfitter_cfg.c **** 	/* CYDEV_CLK_IMO_CONFIG Starting address: CYDEV_CLK_IMO_CONFIG */
 182:.\Generated_Source\PSoC4/cyfitter_cfg.c **** 	CY_SET_XTND_REG32((void CYFAR *)(CYREG_CLK_IMO_CONFIG), 0x80000000u);
 183:.\Generated_Source\PSoC4/cyfitter_cfg.c **** 
 184:.\Generated_Source\PSoC4/cyfitter_cfg.c **** 	/* CYDEV_CLK_SELECT Starting address: CYDEV_CLK_SELECT */
 185:.\Generated_Source\PSoC4/cyfitter_cfg.c **** 	CY_SET_XTND_REG32((void CYFAR *)(CYREG_CLK_SELECT), 0x00040000u);
 186:.\Generated_Source\PSoC4/cyfitter_cfg.c **** 
 187:.\Generated_Source\PSoC4/cyfitter_cfg.c **** 	/* CYDEV_PERI_PCLK_CTL7 Starting address: CYDEV_PERI_PCLK_CTL7 */
 188:.\Generated_Source\PSoC4/cyfitter_cfg.c **** 	CY_SET_XTND_REG32((void CYFAR *)(CYREG_PERI_PCLK_CTL7), 0x00000041u);
 189:.\Generated_Source\PSoC4/cyfitter_cfg.c **** 
 190:.\Generated_Source\PSoC4/cyfitter_cfg.c **** 	/* CYDEV_PERI_PCLK_CTL1 Starting address: CYDEV_PERI_PCLK_CTL1 */
 191:.\Generated_Source\PSoC4/cyfitter_cfg.c **** 	CY_SET_XTND_REG32((void CYFAR *)(CYREG_PERI_PCLK_CTL1), 0x00000040u);
 192:.\Generated_Source\PSoC4/cyfitter_cfg.c **** 
 193:.\Generated_Source\PSoC4/cyfitter_cfg.c **** 	(void)CyIntSetVector(8u, &CySysWdtIsr);
 194:.\Generated_Source\PSoC4/cyfitter_cfg.c **** 	CyIntEnable(8u);
 195:.\Generated_Source\PSoC4/cyfitter_cfg.c **** 	CY_SET_XTND_REG32((void CYFAR *)(CYREG_WDT_CONFIG), 0x40000000u);
 196:.\Generated_Source\PSoC4/cyfitter_cfg.c **** }
 197:.\Generated_Source\PSoC4/cyfitter_cfg.c **** 
 198:.\Generated_Source\PSoC4/cyfitter_cfg.c **** 
 199:.\Generated_Source\PSoC4/cyfitter_cfg.c **** /* Analog API Functions */
 200:.\Generated_Source\PSoC4/cyfitter_cfg.c **** 
 201:.\Generated_Source\PSoC4/cyfitter_cfg.c **** 
 202:.\Generated_Source\PSoC4/cyfitter_cfg.c **** /*******************************************************************************
 203:.\Generated_Source\PSoC4/cyfitter_cfg.c **** * Function Name: AnalogSetDefault
ARM GAS  C:\Users\Helon\AppData\Local\Temp\cc9Ky5zA.s 			page 5


 204:.\Generated_Source\PSoC4/cyfitter_cfg.c **** ********************************************************************************
 205:.\Generated_Source\PSoC4/cyfitter_cfg.c **** *
 206:.\Generated_Source\PSoC4/cyfitter_cfg.c **** * Summary:
 207:.\Generated_Source\PSoC4/cyfitter_cfg.c **** *  Sets up the analog portions of the chip to default values based on chip
 208:.\Generated_Source\PSoC4/cyfitter_cfg.c **** *  configuration options from the project.
 209:.\Generated_Source\PSoC4/cyfitter_cfg.c **** *
 210:.\Generated_Source\PSoC4/cyfitter_cfg.c **** * Parameters:
 211:.\Generated_Source\PSoC4/cyfitter_cfg.c **** *  void
 212:.\Generated_Source\PSoC4/cyfitter_cfg.c **** *
 213:.\Generated_Source\PSoC4/cyfitter_cfg.c **** * Return:
 214:.\Generated_Source\PSoC4/cyfitter_cfg.c **** *  void
 215:.\Generated_Source\PSoC4/cyfitter_cfg.c **** *
 216:.\Generated_Source\PSoC4/cyfitter_cfg.c **** *******************************************************************************/
 217:.\Generated_Source\PSoC4/cyfitter_cfg.c **** static void AnalogSetDefault(void);
 218:.\Generated_Source\PSoC4/cyfitter_cfg.c **** static void AnalogSetDefault(void)
 219:.\Generated_Source\PSoC4/cyfitter_cfg.c **** {
 220:.\Generated_Source\PSoC4/cyfitter_cfg.c **** 	CY_SET_XTND_REG32((void CYFAR *)CYREG_CTBM0_DFT_CTRL, 0x00000003u);
 221:.\Generated_Source\PSoC4/cyfitter_cfg.c **** 	CY_SET_XTND_REG32((void CYFAR *)CYREG_CTBM1_DFT_CTRL, 0x00000003u);
 222:.\Generated_Source\PSoC4/cyfitter_cfg.c **** 	CY_SET_XTND_REG32((void CYFAR *)CYREG_PASS_DSAB_DSAB_CTRL, 0x00000000u);
 223:.\Generated_Source\PSoC4/cyfitter_cfg.c **** }
 224:.\Generated_Source\PSoC4/cyfitter_cfg.c **** 
 225:.\Generated_Source\PSoC4/cyfitter_cfg.c **** #define CY_AMUX_UNUSED CYREG_CM0_ROM_DWT
 226:.\Generated_Source\PSoC4/cyfitter_cfg.c **** 
 227:.\Generated_Source\PSoC4/cyfitter_cfg.c **** 
 228:.\Generated_Source\PSoC4/cyfitter_cfg.c **** /*******************************************************************************
 229:.\Generated_Source\PSoC4/cyfitter_cfg.c **** * Function Name: cyfitter_cfg
 230:.\Generated_Source\PSoC4/cyfitter_cfg.c **** ********************************************************************************
 231:.\Generated_Source\PSoC4/cyfitter_cfg.c **** * Summary:
 232:.\Generated_Source\PSoC4/cyfitter_cfg.c **** *  This function is called by the start-up code for the selected device. It
 233:.\Generated_Source\PSoC4/cyfitter_cfg.c **** *  performs all of the necessary device configuration based on the design
 234:.\Generated_Source\PSoC4/cyfitter_cfg.c **** *  settings.  This includes settings from the Design Wide Resources (DWR) such
 235:.\Generated_Source\PSoC4/cyfitter_cfg.c **** *  as Clocks and Pins as well as any component configuration that is necessary.
 236:.\Generated_Source\PSoC4/cyfitter_cfg.c **** *
 237:.\Generated_Source\PSoC4/cyfitter_cfg.c **** * Parameters:  
 238:.\Generated_Source\PSoC4/cyfitter_cfg.c **** *   void
 239:.\Generated_Source\PSoC4/cyfitter_cfg.c **** *
 240:.\Generated_Source\PSoC4/cyfitter_cfg.c **** * Return:
 241:.\Generated_Source\PSoC4/cyfitter_cfg.c **** *   void
 242:.\Generated_Source\PSoC4/cyfitter_cfg.c **** *
 243:.\Generated_Source\PSoC4/cyfitter_cfg.c **** *******************************************************************************/
 244:.\Generated_Source\PSoC4/cyfitter_cfg.c **** CY_CFG_SECTION
 245:.\Generated_Source\PSoC4/cyfitter_cfg.c **** void cyfitter_cfg(void)
 246:.\Generated_Source\PSoC4/cyfitter_cfg.c **** {
  26              		.loc 1 246 0
  27              		.cfi_startproc
  28 0000 F8B5     		push	{r3, r4, r5, r6, r7, lr}
  29              		.cfi_def_cfa_offset 24
  30              		.cfi_offset 3, -24
  31              		.cfi_offset 4, -20
  32              		.cfi_offset 5, -16
  33              		.cfi_offset 6, -12
  34              		.cfi_offset 7, -8
  35              		.cfi_offset 14, -4
 247:.\Generated_Source\PSoC4/cyfitter_cfg.c **** 	/* Disable interrupts by default. Let user enable if/when they want. */
 248:.\Generated_Source\PSoC4/cyfitter_cfg.c **** 	CyGlobalIntDisable;
  36              		.loc 1 248 0
  37              	@ 248 ".\Generated_Source\PSoC4\cyfitter_cfg.c" 1
ARM GAS  C:\Users\Helon\AppData\Local\Temp\cc9Ky5zA.s 			page 6


  38 0002 72B6     		CPSID   i
  39              	@ 0 "" 2
  40              		.code	16
  41              	.LBB10:
  42              	.LBB11:
  43              	.LBB12:
  44              	.LBB13:
  63:.\Generated_Source\PSoC4/cyfitter_cfg.c **** }
  45              		.loc 1 63 0
  46 0004 8025     		mov	r5, #128
  47              	.LBE13:
  48              	.LBE12:
  49              	.LBE11:
  50              	.LBE10:
 249:.\Generated_Source\PSoC4/cyfitter_cfg.c **** 
 250:.\Generated_Source\PSoC4/cyfitter_cfg.c **** 	CY_SET_XTND_REG32((void CYFAR *)(CYREG_BLE_BLESS_LL_DSM_CTRL), 0x00000000u);
  51              		.loc 1 250 0
  52 0006 0024     		mov	r4, #0
  53 0008 4E4E     		ldr	r6, .L2
  54              	.LBB20:
  55              	.LBB18:
  56              	.LBB16:
  57              	.LBB14:
  63:.\Generated_Source\PSoC4/cyfitter_cfg.c **** }
  58              		.loc 1 63 0
  59 000a ED00     		lsl	r5, r5, #3
  60              	.LBE14:
  61              	.LBE16:
  62              	.LBE18:
  63              	.LBE20:
  64              		.loc 1 250 0
  65 000c 3460     		str	r4, [r6]
  66              	.LVL0:
  67              	.LBB21:
  68              	.LBB19:
  69              	.LBB17:
  70              	.LBB15:
  63:.\Generated_Source\PSoC4/cyfitter_cfg.c **** }
  71              		.loc 1 63 0
  72 000e 211C     		mov	r1, r4
  73 0010 2A1C     		mov	r2, r5
  74 0012 4D48     		ldr	r0, .L2+4
  75 0014 FFF7FEFF 		bl	memset
  76              	.LVL1:
  77 0018 211C     		mov	r1, r4
  78 001a 2A1C     		mov	r2, r5
  79 001c 4B48     		ldr	r0, .L2+8
  80 001e FFF7FEFF 		bl	memset
  81              	.LVL2:
  82              	.LBE15:
  83              	.LBE17:
  84              	.LBE19:
 251:.\Generated_Source\PSoC4/cyfitter_cfg.c **** 
 252:.\Generated_Source\PSoC4/cyfitter_cfg.c **** 	{
 253:.\Generated_Source\PSoC4/cyfitter_cfg.c **** 
 254:.\Generated_Source\PSoC4/cyfitter_cfg.c **** 		CYPACKED typedef struct {
 255:.\Generated_Source\PSoC4/cyfitter_cfg.c **** 			void CYFAR *address;
ARM GAS  C:\Users\Helon\AppData\Local\Temp\cc9Ky5zA.s 			page 7


 256:.\Generated_Source\PSoC4/cyfitter_cfg.c **** 			uint16 size;
 257:.\Generated_Source\PSoC4/cyfitter_cfg.c **** 		} CYPACKED_ATTR cfg_memset_t;
 258:.\Generated_Source\PSoC4/cyfitter_cfg.c **** 
 259:.\Generated_Source\PSoC4/cyfitter_cfg.c **** 		static const cfg_memset_t CYCODE cfg_memset_list [] = {
 260:.\Generated_Source\PSoC4/cyfitter_cfg.c **** 			/* address, size */
 261:.\Generated_Source\PSoC4/cyfitter_cfg.c **** 			{(void CYFAR *)(CYDEV_UDB_P0_U0_BASE), 1024u},
 262:.\Generated_Source\PSoC4/cyfitter_cfg.c **** 			{(void CYFAR *)(CYDEV_UDB_DSI0_BASE), 1024u},
 263:.\Generated_Source\PSoC4/cyfitter_cfg.c **** 		};
 264:.\Generated_Source\PSoC4/cyfitter_cfg.c **** 
 265:.\Generated_Source\PSoC4/cyfitter_cfg.c **** 		uint8 CYDATA i;
 266:.\Generated_Source\PSoC4/cyfitter_cfg.c **** 
 267:.\Generated_Source\PSoC4/cyfitter_cfg.c **** 		/* Zero out critical memory blocks before beginning configuration */
 268:.\Generated_Source\PSoC4/cyfitter_cfg.c **** 		for (i = 0u; i < (sizeof(cfg_memset_list)/sizeof(cfg_memset_list[0])); i++)
 269:.\Generated_Source\PSoC4/cyfitter_cfg.c **** 		{
 270:.\Generated_Source\PSoC4/cyfitter_cfg.c **** 			const cfg_memset_t CYCODE * CYDATA ms = &cfg_memset_list[i];
 271:.\Generated_Source\PSoC4/cyfitter_cfg.c **** 			CYMEMZERO(ms->address, (size_t)(uint32)(ms->size));
 272:.\Generated_Source\PSoC4/cyfitter_cfg.c **** 		}
 273:.\Generated_Source\PSoC4/cyfitter_cfg.c **** 
 274:.\Generated_Source\PSoC4/cyfitter_cfg.c **** 		/* HSIOM Starting address: CYDEV_HSIOM_BASE */
 275:.\Generated_Source\PSoC4/cyfitter_cfg.c **** 		CY_SET_XTND_REG32((void CYFAR *)(CYDEV_HSIOM_BASE), 0xEE000000u);
  85              		.loc 1 275 0
  86 0022 EE22     		mov	r2, #238
  87 0024 4A4B     		ldr	r3, .L2+12
  88 0026 1206     		lsl	r2, r2, #24
  89 0028 1A60     		str	r2, [r3]
 276:.\Generated_Source\PSoC4/cyfitter_cfg.c **** 		CY_SET_XTND_REG32((void CYFAR *)(CYREG_HSIOM_PORT_SEL1), 0x00990000u);
  90              		.loc 1 276 0
  91 002a 9923     		mov	r3, #153
 277:.\Generated_Source\PSoC4/cyfitter_cfg.c **** 
 278:.\Generated_Source\PSoC4/cyfitter_cfg.c **** 		/* UDB_PA_0 Starting address: CYDEV_UDB_PA0_BASE */
 279:.\Generated_Source\PSoC4/cyfitter_cfg.c **** 		CY_SET_XTND_REG32((void CYFAR *)(CYDEV_UDB_PA0_BASE), 0x00990000u);
 280:.\Generated_Source\PSoC4/cyfitter_cfg.c **** 
 281:.\Generated_Source\PSoC4/cyfitter_cfg.c **** 		/* UDB_PA_1 Starting address: CYDEV_UDB_PA1_BASE */
 282:.\Generated_Source\PSoC4/cyfitter_cfg.c **** 		CY_SET_XTND_REG32((void CYFAR *)(CYDEV_UDB_PA1_BASE), 0x00990000u);
 283:.\Generated_Source\PSoC4/cyfitter_cfg.c **** 
 284:.\Generated_Source\PSoC4/cyfitter_cfg.c **** 		/* UDB_PA_2 Starting address: CYDEV_UDB_PA2_BASE */
 285:.\Generated_Source\PSoC4/cyfitter_cfg.c **** 		CY_SET_XTND_REG32((void CYFAR *)(CYDEV_UDB_PA2_BASE), 0x00990000u);
 286:.\Generated_Source\PSoC4/cyfitter_cfg.c **** 
 287:.\Generated_Source\PSoC4/cyfitter_cfg.c **** 		/* UDB_PA_3 Starting address: CYDEV_UDB_PA3_BASE */
 288:.\Generated_Source\PSoC4/cyfitter_cfg.c **** 		CY_SET_XTND_REG32((void CYFAR *)(CYDEV_UDB_PA3_BASE), 0x00990000u);
 289:.\Generated_Source\PSoC4/cyfitter_cfg.c **** 
 290:.\Generated_Source\PSoC4/cyfitter_cfg.c **** 		/* Enable digital routing */
 291:.\Generated_Source\PSoC4/cyfitter_cfg.c **** 		CY_SET_XTND_REG8((void *)CYREG_UDB_UDBIF_BANK_CTL, CY_GET_XTND_REG8((void *)CYREG_UDB_UDBIF_BANK_
  92              		.loc 1 291 0
  93 002c 0225     		mov	r5, #2
 292:.\Generated_Source\PSoC4/cyfitter_cfg.c **** 
 293:.\Generated_Source\PSoC4/cyfitter_cfg.c **** 		/* Enable UDB array */
 294:.\Generated_Source\PSoC4/cyfitter_cfg.c **** 		CY_SET_XTND_REG8((void *)CYREG_UDB_UDBIF_WAIT_CFG, (uint8)((CY_GET_XTND_REG8((void *)CYREG_UDB_UD
  94              		.loc 1 294 0
  95 002e 3C20     		mov	r0, #60
 276:.\Generated_Source\PSoC4/cyfitter_cfg.c **** 
  96              		.loc 1 276 0
  97 0030 484A     		ldr	r2, .L2+16
  98 0032 1B04     		lsl	r3, r3, #16
  99 0034 1360     		str	r3, [r2]
 279:.\Generated_Source\PSoC4/cyfitter_cfg.c **** 
 100              		.loc 1 279 0
ARM GAS  C:\Users\Helon\AppData\Local\Temp\cc9Ky5zA.s 			page 8


 101 0036 484A     		ldr	r2, .L2+20
 102              		.loc 1 294 0
 103 0038 4849     		ldr	r1, .L2+24
 279:.\Generated_Source\PSoC4/cyfitter_cfg.c **** 
 104              		.loc 1 279 0
 105 003a 1360     		str	r3, [r2]
 282:.\Generated_Source\PSoC4/cyfitter_cfg.c **** 
 106              		.loc 1 282 0
 107 003c 484A     		ldr	r2, .L2+28
 108              	.LBE21:
 109              	.LBB22:
 110              	.LBB23:
 163:.\Generated_Source\PSoC4/cyfitter_cfg.c **** 
 111              		.loc 1 163 0
 112 003e 494F     		ldr	r7, .L2+32
 113              	.LBE23:
 114              	.LBE22:
 115              	.LBB25:
 282:.\Generated_Source\PSoC4/cyfitter_cfg.c **** 
 116              		.loc 1 282 0
 117 0040 1360     		str	r3, [r2]
 285:.\Generated_Source\PSoC4/cyfitter_cfg.c **** 
 118              		.loc 1 285 0
 119 0042 494A     		ldr	r2, .L2+36
 120              	.LBE25:
 295:.\Generated_Source\PSoC4/cyfitter_cfg.c **** 		CY_SET_XTND_REG8((void *)CYREG_UDB_UDBIF_BANK_CTL, (uint8)(CY_GET_XTND_REG8((void *)CYREG_UDB_UDB
 296:.\Generated_Source\PSoC4/cyfitter_cfg.c **** 	}
 297:.\Generated_Source\PSoC4/cyfitter_cfg.c **** 
 298:.\Generated_Source\PSoC4/cyfitter_cfg.c **** 	/* Perform second pass device configuration. These items must be configured in specific order afte
 299:.\Generated_Source\PSoC4/cyfitter_cfg.c **** 	/* IOPINS0_0 Starting address: CYDEV_GPIO_PRT0_BASE */
 300:.\Generated_Source\PSoC4/cyfitter_cfg.c **** 	CY_SET_XTND_REG32((void CYFAR *)(CYREG_GPIO_PRT0_PC), 0x00D80000u);
 301:.\Generated_Source\PSoC4/cyfitter_cfg.c **** 
 302:.\Generated_Source\PSoC4/cyfitter_cfg.c **** 	/* IOPINS0_1 Starting address: CYDEV_GPIO_PRT1_BASE */
 303:.\Generated_Source\PSoC4/cyfitter_cfg.c **** 	CY_SET_XTND_REG32((void CYFAR *)(CYDEV_GPIO_PRT1_BASE), 0x00000020u);
 304:.\Generated_Source\PSoC4/cyfitter_cfg.c **** 	CY_SET_XTND_REG32((void CYFAR *)(CYREG_GPIO_PRT1_PC), 0x00031000u);
 305:.\Generated_Source\PSoC4/cyfitter_cfg.c **** 	CY_SET_XTND_REG32((void CYFAR *)(CYREG_GPIO_PRT1_INTR_CFG), 0x00000200u);
 306:.\Generated_Source\PSoC4/cyfitter_cfg.c **** 	CY_SET_XTND_REG32((void CYFAR *)(CYREG_GPIO_PRT1_PC2), 0x00000020u);
 307:.\Generated_Source\PSoC4/cyfitter_cfg.c **** 
 308:.\Generated_Source\PSoC4/cyfitter_cfg.c **** 	/* IOPINS0_2 Starting address: CYDEV_GPIO_PRT2_BASE */
 309:.\Generated_Source\PSoC4/cyfitter_cfg.c **** 	CY_SET_XTND_REG32((void CYFAR *)(CYDEV_GPIO_PRT2_BASE), 0x00000040u);
 310:.\Generated_Source\PSoC4/cyfitter_cfg.c **** 	CY_SET_XTND_REG32((void CYFAR *)(CYREG_GPIO_PRT2_PC), 0x00180C00u);
 311:.\Generated_Source\PSoC4/cyfitter_cfg.c **** 
 312:.\Generated_Source\PSoC4/cyfitter_cfg.c **** 	/* IOPINS0_3 Starting address: CYDEV_GPIO_PRT3_BASE */
 313:.\Generated_Source\PSoC4/cyfitter_cfg.c **** 	CY_SET_XTND_REG32((void CYFAR *)(CYDEV_GPIO_PRT3_BASE), 0x00000040u);
 314:.\Generated_Source\PSoC4/cyfitter_cfg.c **** 	CY_SET_XTND_REG32((void CYFAR *)(CYREG_GPIO_PRT3_PC), 0x00180000u);
 315:.\Generated_Source\PSoC4/cyfitter_cfg.c **** 
 316:.\Generated_Source\PSoC4/cyfitter_cfg.c **** 
 317:.\Generated_Source\PSoC4/cyfitter_cfg.c **** 	/* Setup clocks based on selections from Clock DWR */
 318:.\Generated_Source\PSoC4/cyfitter_cfg.c **** 	ClockSetup();
 319:.\Generated_Source\PSoC4/cyfitter_cfg.c **** 
 320:.\Generated_Source\PSoC4/cyfitter_cfg.c **** 	/* Perform basic analog initialization to defaults */
 321:.\Generated_Source\PSoC4/cyfitter_cfg.c **** 	AnalogSetDefault();
 322:.\Generated_Source\PSoC4/cyfitter_cfg.c **** 
 323:.\Generated_Source\PSoC4/cyfitter_cfg.c **** }
 121              		.loc 1 323 0
 122              		@ sp needed
 123              	.LBB26:
ARM GAS  C:\Users\Helon\AppData\Local\Temp\cc9Ky5zA.s 			page 9


 285:.\Generated_Source\PSoC4/cyfitter_cfg.c **** 
 124              		.loc 1 285 0
 125 0044 1360     		str	r3, [r2]
 288:.\Generated_Source\PSoC4/cyfitter_cfg.c **** 
 126              		.loc 1 288 0
 127 0046 494A     		ldr	r2, .L2+40
 128 0048 1360     		str	r3, [r2]
 291:.\Generated_Source\PSoC4/cyfitter_cfg.c **** 
 129              		.loc 1 291 0
 130 004a 494A     		ldr	r2, .L2+44
 131 004c 1378     		ldrb	r3, [r2]
 132 004e 2B43     		orr	r3, r5
 133 0050 1370     		strb	r3, [r2]
 294:.\Generated_Source\PSoC4/cyfitter_cfg.c **** 		CY_SET_XTND_REG8((void *)CYREG_UDB_UDBIF_BANK_CTL, (uint8)(CY_GET_XTND_REG8((void *)CYREG_UDB_UDB
 134              		.loc 1 294 0
 135 0052 0B78     		ldrb	r3, [r1]
 136 0054 8343     		bic	r3, r0
 137 0056 2838     		sub	r0, r0, #40
 138 0058 0343     		orr	r3, r0
 139 005a 0B70     		strb	r3, [r1]
 295:.\Generated_Source\PSoC4/cyfitter_cfg.c **** 	}
 140              		.loc 1 295 0
 141 005c 1621     		mov	r1, #22
 142 005e 1378     		ldrb	r3, [r2]
 143 0060 0B43     		orr	r3, r1
 144 0062 1370     		strb	r3, [r2]
 145              	.LBE26:
 300:.\Generated_Source\PSoC4/cyfitter_cfg.c **** 
 146              		.loc 1 300 0
 147 0064 D822     		mov	r2, #216
 148 0066 434B     		ldr	r3, .L2+48
 149 0068 1204     		lsl	r2, r2, #16
 150 006a 1A60     		str	r2, [r3]
 303:.\Generated_Source\PSoC4/cyfitter_cfg.c **** 	CY_SET_XTND_REG32((void CYFAR *)(CYREG_GPIO_PRT1_PC), 0x00031000u);
 151              		.loc 1 303 0
 152 006c 2023     		mov	r3, #32
 304:.\Generated_Source\PSoC4/cyfitter_cfg.c **** 	CY_SET_XTND_REG32((void CYFAR *)(CYREG_GPIO_PRT1_INTR_CFG), 0x00000200u);
 153              		.loc 1 304 0
 154 006e C421     		mov	r1, #196
 303:.\Generated_Source\PSoC4/cyfitter_cfg.c **** 	CY_SET_XTND_REG32((void CYFAR *)(CYREG_GPIO_PRT1_PC), 0x00031000u);
 155              		.loc 1 303 0
 156 0070 414A     		ldr	r2, .L2+52
 304:.\Generated_Source\PSoC4/cyfitter_cfg.c **** 	CY_SET_XTND_REG32((void CYFAR *)(CYREG_GPIO_PRT1_INTR_CFG), 0x00000200u);
 157              		.loc 1 304 0
 158 0072 8902     		lsl	r1, r1, #10
 303:.\Generated_Source\PSoC4/cyfitter_cfg.c **** 	CY_SET_XTND_REG32((void CYFAR *)(CYREG_GPIO_PRT1_PC), 0x00031000u);
 159              		.loc 1 303 0
 160 0074 1360     		str	r3, [r2]
 304:.\Generated_Source\PSoC4/cyfitter_cfg.c **** 	CY_SET_XTND_REG32((void CYFAR *)(CYREG_GPIO_PRT1_INTR_CFG), 0x00000200u);
 161              		.loc 1 304 0
 162 0076 414A     		ldr	r2, .L2+56
 163 0078 1160     		str	r1, [r2]
 305:.\Generated_Source\PSoC4/cyfitter_cfg.c **** 	CY_SET_XTND_REG32((void CYFAR *)(CYREG_GPIO_PRT1_PC2), 0x00000020u);
 164              		.loc 1 305 0
 165 007a 8021     		mov	r1, #128
 166 007c 404A     		ldr	r2, .L2+60
 167 007e 8900     		lsl	r1, r1, #2
ARM GAS  C:\Users\Helon\AppData\Local\Temp\cc9Ky5zA.s 			page 10


 168 0080 1160     		str	r1, [r2]
 306:.\Generated_Source\PSoC4/cyfitter_cfg.c **** 
 169              		.loc 1 306 0
 170 0082 404A     		ldr	r2, .L2+64
 171 0084 1360     		str	r3, [r2]
 309:.\Generated_Source\PSoC4/cyfitter_cfg.c **** 	CY_SET_XTND_REG32((void CYFAR *)(CYREG_GPIO_PRT2_PC), 0x00180C00u);
 172              		.loc 1 309 0
 173 0086 4022     		mov	r2, #64
 174 0088 3F4B     		ldr	r3, .L2+68
 175 008a 1A60     		str	r2, [r3]
 310:.\Generated_Source\PSoC4/cyfitter_cfg.c **** 
 176              		.loc 1 310 0
 177 008c 3F4A     		ldr	r2, .L2+72
 178 008e 404B     		ldr	r3, .L2+76
 179 0090 1A60     		str	r2, [r3]
 313:.\Generated_Source\PSoC4/cyfitter_cfg.c **** 	CY_SET_XTND_REG32((void CYFAR *)(CYREG_GPIO_PRT3_PC), 0x00180000u);
 180              		.loc 1 313 0
 181 0092 4022     		mov	r2, #64
 182 0094 3F4B     		ldr	r3, .L2+80
 183 0096 1A60     		str	r2, [r3]
 314:.\Generated_Source\PSoC4/cyfitter_cfg.c **** 
 184              		.loc 1 314 0
 185 0098 C022     		mov	r2, #192
 186 009a 3F4B     		ldr	r3, .L2+84
 187 009c 5203     		lsl	r2, r2, #13
 188 009e 1A60     		str	r2, [r3]
 189              	.LBB27:
 190              	.LBB24:
 150:.\Generated_Source\PSoC4/cyfitter_cfg.c **** 
 191              		.loc 1 150 0
 192 00a0 1222     		mov	r2, #18
 193 00a2 3E4B     		ldr	r3, .L2+88
 194 00a4 1A60     		str	r2, [r3]
 153:.\Generated_Source\PSoC4/cyfitter_cfg.c **** 	CyDelayCycles(12000000u); /* WCO may take up to 500ms to start */
 195              		.loc 1 153 0
 196 00a6 FFF7FEFF 		bl	CySysClkWcoStart
 197              	.LVL3:
 154:.\Generated_Source\PSoC4/cyfitter_cfg.c **** 	(void)CySysClkWcoSetPowerMode(CY_SYS_CLK_WCO_LPM);    /* Switch to the low power mode */
 198              		.loc 1 154 0
 199 00aa 3D48     		ldr	r0, .L2+92
 200 00ac FFF7FEFF 		bl	CyDelayCycles
 201              	.LVL4:
 155:.\Generated_Source\PSoC4/cyfitter_cfg.c **** 
 202              		.loc 1 155 0
 203 00b0 0120     		mov	r0, #1
 204 00b2 FFF7FEFF 		bl	CySysClkWcoSetPowerMode
 205              	.LVL5:
 158:.\Generated_Source\PSoC4/cyfitter_cfg.c **** 	/* CYDEV_CLK_ILO_CONFIG Starting address: CYDEV_CLK_ILO_CONFIG */
 206              		.loc 1 158 0
 207 00b6 3020     		mov	r0, #48
 208 00b8 FFF7FEFF 		bl	CySysClkWriteImoFreq
 209              	.LVL6:
 160:.\Generated_Source\PSoC4/cyfitter_cfg.c **** 
 210              		.loc 1 160 0
 211 00bc 394A     		ldr	r2, .L2+96
 212 00be 3A4B     		ldr	r3, .L2+100
 172:.\Generated_Source\PSoC4/cyfitter_cfg.c **** 	CyDelayUs(1500u); /* Wait to stabalize */
ARM GAS  C:\Users\Helon\AppData\Local\Temp\cc9Ky5zA.s 			page 11


 213              		.loc 1 172 0
 214 00c0 FA20     		mov	r0, #250
 160:.\Generated_Source\PSoC4/cyfitter_cfg.c **** 
 215              		.loc 1 160 0
 216 00c2 1A60     		str	r2, [r3]
 163:.\Generated_Source\PSoC4/cyfitter_cfg.c **** 
 217              		.loc 1 163 0
 218 00c4 8023     		mov	r3, #128
 167:.\Generated_Source\PSoC4/cyfitter_cfg.c **** 	CY_SET_XTND_REG32((void CYFAR *)(CYREG_BLE_BLERD_BB_XO_CAPTRIM), 0x00003E2Du);
 219              		.loc 1 167 0
 220 00c6 394A     		ldr	r2, .L2+104
 163:.\Generated_Source\PSoC4/cyfitter_cfg.c **** 
 221              		.loc 1 163 0
 222 00c8 DB05     		lsl	r3, r3, #23
 223 00ca 3B60     		str	r3, [r7]
 167:.\Generated_Source\PSoC4/cyfitter_cfg.c **** 	CY_SET_XTND_REG32((void CYFAR *)(CYREG_BLE_BLERD_BB_XO_CAPTRIM), 0x00003E2Du);
 224              		.loc 1 167 0
 225 00cc 1368     		ldr	r3, [r2]
 172:.\Generated_Source\PSoC4/cyfitter_cfg.c **** 	CyDelayUs(1500u); /* Wait to stabalize */
 226              		.loc 1 172 0
 227 00ce C000     		lsl	r0, r0, #3
 167:.\Generated_Source\PSoC4/cyfitter_cfg.c **** 	CY_SET_XTND_REG32((void CYFAR *)(CYREG_BLE_BLERD_BB_XO_CAPTRIM), 0x00003E2Du);
 228              		.loc 1 167 0
 229 00d0 1D43     		orr	r5, r3
 230 00d2 1560     		str	r5, [r2]
 170:.\Generated_Source\PSoC4/cyfitter_cfg.c **** 	/* Start the ECO and do not check status since it is not needed for HFCLK */
 231              		.loc 1 170 0
 232 00d4 0825     		mov	r5, #8
 168:.\Generated_Source\PSoC4/cyfitter_cfg.c **** 	/* Disable Crystal Stable Interrupt before enabling ECO */
 233              		.loc 1 168 0
 234 00d6 364A     		ldr	r2, .L2+108
 235 00d8 364B     		ldr	r3, .L2+112
 236 00da 1A60     		str	r2, [r3]
 170:.\Generated_Source\PSoC4/cyfitter_cfg.c **** 	/* Start the ECO and do not check status since it is not needed for HFCLK */
 237              		.loc 1 170 0
 238 00dc 3368     		ldr	r3, [r6]
 239 00de AB43     		bic	r3, r5
 240 00e0 3360     		str	r3, [r6]
 172:.\Generated_Source\PSoC4/cyfitter_cfg.c **** 	CyDelayUs(1500u); /* Wait to stabalize */
 241              		.loc 1 172 0
 242 00e2 FFF7FEFF 		bl	CySysClkEcoStart
 243              	.LVL7:
 173:.\Generated_Source\PSoC4/cyfitter_cfg.c **** 
 244              		.loc 1 173 0
 245 00e6 3448     		ldr	r0, .L2+116
 246 00e8 FFF7FEFF 		bl	CyDelayUs
 247              	.LVL8:
 178:.\Generated_Source\PSoC4/cyfitter_cfg.c **** 	CY_SET_REG32((void *)CYREG_PERI_DIV_CMD, 0x8000FF40u);
 248              		.loc 1 178 0
 249 00ec 8821     		mov	r1, #136
 176:.\Generated_Source\PSoC4/cyfitter_cfg.c **** 	CY_SET_REG32((void *)CYREG_PERI_DIV_CMD, 0x8000FF41u);
 250              		.loc 1 176 0
 251 00ee 334A     		ldr	r2, .L2+120
 252 00f0 334B     		ldr	r3, .L2+124
 178:.\Generated_Source\PSoC4/cyfitter_cfg.c **** 	CY_SET_REG32((void *)CYREG_PERI_DIV_CMD, 0x8000FF40u);
 253              		.loc 1 178 0
 254 00f2 8901     		lsl	r1, r1, #6
ARM GAS  C:\Users\Helon\AppData\Local\Temp\cc9Ky5zA.s 			page 12


 176:.\Generated_Source\PSoC4/cyfitter_cfg.c **** 	CY_SET_REG32((void *)CYREG_PERI_DIV_CMD, 0x8000FF41u);
 255              		.loc 1 176 0
 256 00f4 1A60     		str	r2, [r3]
 177:.\Generated_Source\PSoC4/cyfitter_cfg.c **** 	CY_SET_REG32((void *)CYREG_PERI_DIV_16_CTL0, 0x00002200u);
 257              		.loc 1 177 0
 258 00f6 334B     		ldr	r3, .L2+128
 259 00f8 334A     		ldr	r2, .L2+132
 193:.\Generated_Source\PSoC4/cyfitter_cfg.c **** 	CyIntEnable(8u);
 260              		.loc 1 193 0
 261 00fa 281C     		mov	r0, r5
 177:.\Generated_Source\PSoC4/cyfitter_cfg.c **** 	CY_SET_REG32((void *)CYREG_PERI_DIV_16_CTL0, 0x00002200u);
 262              		.loc 1 177 0
 263 00fc 1A60     		str	r2, [r3]
 178:.\Generated_Source\PSoC4/cyfitter_cfg.c **** 	CY_SET_REG32((void *)CYREG_PERI_DIV_CMD, 0x8000FF40u);
 264              		.loc 1 178 0
 265 00fe 334A     		ldr	r2, .L2+136
 266 0100 1160     		str	r1, [r2]
 179:.\Generated_Source\PSoC4/cyfitter_cfg.c **** 
 267              		.loc 1 179 0
 268 0102 334A     		ldr	r2, .L2+140
 193:.\Generated_Source\PSoC4/cyfitter_cfg.c **** 	CyIntEnable(8u);
 269              		.loc 1 193 0
 270 0104 3349     		ldr	r1, .L2+144
 179:.\Generated_Source\PSoC4/cyfitter_cfg.c **** 
 271              		.loc 1 179 0
 272 0106 1A60     		str	r2, [r3]
 182:.\Generated_Source\PSoC4/cyfitter_cfg.c **** 
 273              		.loc 1 182 0
 274 0108 8022     		mov	r2, #128
 275 010a 334B     		ldr	r3, .L2+148
 276 010c 1206     		lsl	r2, r2, #24
 277 010e 1A60     		str	r2, [r3]
 185:.\Generated_Source\PSoC4/cyfitter_cfg.c **** 
 278              		.loc 1 185 0
 279 0110 8022     		mov	r2, #128
 280 0112 324B     		ldr	r3, .L2+152
 281 0114 D202     		lsl	r2, r2, #11
 282 0116 1A60     		str	r2, [r3]
 188:.\Generated_Source\PSoC4/cyfitter_cfg.c **** 
 283              		.loc 1 188 0
 284 0118 4122     		mov	r2, #65
 285 011a 314B     		ldr	r3, .L2+156
 286 011c 1A60     		str	r2, [r3]
 191:.\Generated_Source\PSoC4/cyfitter_cfg.c **** 
 287              		.loc 1 191 0
 288 011e 314B     		ldr	r3, .L2+160
 289 0120 013A     		sub	r2, r2, #1
 290 0122 1A60     		str	r2, [r3]
 193:.\Generated_Source\PSoC4/cyfitter_cfg.c **** 	CyIntEnable(8u);
 291              		.loc 1 193 0
 292 0124 FFF7FEFF 		bl	CyIntSetVector
 293              	.LVL9:
 194:.\Generated_Source\PSoC4/cyfitter_cfg.c **** 	CY_SET_XTND_REG32((void CYFAR *)(CYREG_WDT_CONFIG), 0x40000000u);
 294              		.loc 1 194 0
 295 0128 281C     		mov	r0, r5
 296 012a FFF7FEFF 		bl	CyIntEnable
 297              	.LVL10:
ARM GAS  C:\Users\Helon\AppData\Local\Temp\cc9Ky5zA.s 			page 13


 195:.\Generated_Source\PSoC4/cyfitter_cfg.c **** }
 298              		.loc 1 195 0
 299 012e 8023     		mov	r3, #128
 300 0130 DB05     		lsl	r3, r3, #23
 301 0132 3B60     		str	r3, [r7]
 302              	.LBE24:
 303              	.LBE27:
 304              	.LBB28:
 305              	.LBB29:
 220:.\Generated_Source\PSoC4/cyfitter_cfg.c **** 	CY_SET_XTND_REG32((void CYFAR *)CYREG_CTBM1_DFT_CTRL, 0x00000003u);
 306              		.loc 1 220 0
 307 0134 0323     		mov	r3, #3
 308 0136 2C4A     		ldr	r2, .L2+164
 309 0138 1360     		str	r3, [r2]
 221:.\Generated_Source\PSoC4/cyfitter_cfg.c **** 	CY_SET_XTND_REG32((void CYFAR *)CYREG_PASS_DSAB_DSAB_CTRL, 0x00000000u);
 310              		.loc 1 221 0
 311 013a 2C4A     		ldr	r2, .L2+168
 312 013c 1360     		str	r3, [r2]
 222:.\Generated_Source\PSoC4/cyfitter_cfg.c **** }
 313              		.loc 1 222 0
 314 013e 2C4B     		ldr	r3, .L2+172
 315 0140 1C60     		str	r4, [r3]
 316              	.LBE29:
 317              	.LBE28:
 318              		.loc 1 323 0
 319 0142 F8BD     		pop	{r3, r4, r5, r6, r7, pc}
 320              	.L3:
 321              		.align	2
 322              	.L2:
 323 0144 6CF02E40 		.word	1076818028
 324 0148 00300F40 		.word	1074737152
 325 014c 00400F40 		.word	1074741248
 326 0150 00000240 		.word	1073872896
 327 0154 00010240 		.word	1073873152
 328 0158 00500F40 		.word	1074745344
 329 015c 01700F40 		.word	1074753537
 330 0160 10500F40 		.word	1074745360
 331 0164 0C020B40 		.word	1074463244
 332 0168 20500F40 		.word	1074745376
 333 016c 30500F40 		.word	1074745392
 334 0170 00700F40 		.word	1074753536
 335 0174 08000440 		.word	1074003976
 336 0178 00010440 		.word	1074004224
 337 017c 08010440 		.word	1074004232
 338 0180 0C010440 		.word	1074004236
 339 0184 18010440 		.word	1074004248
 340 0188 00020440 		.word	1074004480
 341 018c 000C1800 		.word	1575936
 342 0190 08020440 		.word	1074004488
 343 0194 00030440 		.word	1074004736
 344 0198 08030440 		.word	1074004744
 345 019c 30001040 		.word	1074790448
 346 01a0 001BB700 		.word	12000000
 347 01a4 06000080 		.word	-2147483642
 348 01a8 04010B40 		.word	1074462980
 349 01ac 78002E40 		.word	1076756600
 350 01b0 2D3E0000 		.word	15917
ARM GAS  C:\Users\Helon\AppData\Local\Temp\cc9Ky5zA.s 			page 14


 351 01b4 7C002E40 		.word	1076756604
 352 01b8 DC050000 		.word	1500
 353 01bc 007F2500 		.word	2457344
 354 01c0 04030140 		.word	1073808132
 355 01c4 00000140 		.word	1073807360
 356 01c8 41FF0080 		.word	-2147418303
 357 01cc 00030140 		.word	1073808128
 358 01d0 40FF0080 		.word	-2147418304
 359 01d4 00000000 		.word	CySysWdtIsr
 360 01d8 08010B40 		.word	1074462984
 361 01dc 00010B40 		.word	1074462976
 362 01e0 1C010140 		.word	1073807644
 363 01e4 04010140 		.word	1073807620
 364 01e8 30003040 		.word	1076887600
 365 01ec 30003140 		.word	1076953136
 366 01f0 000E3F40 		.word	1077874176
 367              		.cfi_endproc
 368              	.LFE7:
 369              		.size	cyfitter_cfg, .-cyfitter_cfg
 370              		.text
 371              	.Letext0:
 372              		.file 2 "c:\\program files (x86)\\cypress\\psoc creator\\3.3\\psoc creator\\import\\gnu\\arm\\4.9.
 373              		.file 3 ".\\Generated_Source\\PSoC4\\cytypes.h"
 374              		.file 4 ".\\Generated_Source\\PSoC4\\CyLib.h"
 375              		.file 5 ".\\Generated_Source\\PSoC4\\CyLFClk.h"
 376              		.section	.debug_info,"",%progbits
 377              	.Ldebug_info0:
 378 0000 94030000 		.4byte	0x394
 379 0004 0400     		.2byte	0x4
 380 0006 00000000 		.4byte	.Ldebug_abbrev0
 381 000a 04       		.byte	0x4
 382 000b 01       		.uleb128 0x1
 383 000c 1B000000 		.4byte	.LASF34
 384 0010 01       		.byte	0x1
 385 0011 38020000 		.4byte	.LASF35
 386 0015 20010000 		.4byte	.LASF36
 387 0019 68000000 		.4byte	.Ldebug_ranges0+0x68
 388 001d 00000000 		.4byte	0
 389 0021 00000000 		.4byte	.Ldebug_line0
 390 0025 02       		.uleb128 0x2
 391 0026 04       		.byte	0x4
 392 0027 05       		.byte	0x5
 393 0028 696E7400 		.ascii	"int\000"
 394 002c 03       		.uleb128 0x3
 395 002d 14000000 		.4byte	.LASF11
 396 0031 02       		.byte	0x2
 397 0032 D4       		.byte	0xd4
 398 0033 37000000 		.4byte	0x37
 399 0037 04       		.uleb128 0x4
 400 0038 04       		.byte	0x4
 401 0039 07       		.byte	0x7
 402 003a E1010000 		.4byte	.LASF0
 403 003e 04       		.uleb128 0x4
 404 003f 01       		.byte	0x1
 405 0040 06       		.byte	0x6
 406 0041 D2020000 		.4byte	.LASF1
 407 0045 04       		.uleb128 0x4
ARM GAS  C:\Users\Helon\AppData\Local\Temp\cc9Ky5zA.s 			page 15


 408 0046 01       		.byte	0x1
 409 0047 08       		.byte	0x8
 410 0048 A2010000 		.4byte	.LASF2
 411 004c 04       		.uleb128 0x4
 412 004d 02       		.byte	0x2
 413 004e 05       		.byte	0x5
 414 004f A4020000 		.4byte	.LASF3
 415 0053 04       		.uleb128 0x4
 416 0054 02       		.byte	0x2
 417 0055 07       		.byte	0x7
 418 0056 D3000000 		.4byte	.LASF4
 419 005a 04       		.uleb128 0x4
 420 005b 04       		.byte	0x4
 421 005c 05       		.byte	0x5
 422 005d C9020000 		.4byte	.LASF5
 423 0061 04       		.uleb128 0x4
 424 0062 04       		.byte	0x4
 425 0063 07       		.byte	0x7
 426 0064 0E010000 		.4byte	.LASF6
 427 0068 04       		.uleb128 0x4
 428 0069 08       		.byte	0x8
 429 006a 05       		.byte	0x5
 430 006b 69020000 		.4byte	.LASF7
 431 006f 04       		.uleb128 0x4
 432 0070 08       		.byte	0x8
 433 0071 07       		.byte	0x7
 434 0072 07020000 		.4byte	.LASF8
 435 0076 04       		.uleb128 0x4
 436 0077 04       		.byte	0x4
 437 0078 07       		.byte	0x7
 438 0079 60020000 		.4byte	.LASF9
 439 007d 05       		.uleb128 0x5
 440 007e 04       		.byte	0x4
 441 007f 06       		.uleb128 0x6
 442 0080 04       		.byte	0x4
 443 0081 85000000 		.4byte	0x85
 444 0085 07       		.uleb128 0x7
 445 0086 04       		.uleb128 0x4
 446 0087 01       		.byte	0x1
 447 0088 08       		.byte	0x8
 448 0089 81020000 		.4byte	.LASF10
 449 008d 08       		.uleb128 0x8
 450 008e C3020000 		.4byte	.LASF12
 451 0092 03       		.byte	0x3
 452 0093 3801     		.2byte	0x138
 453 0095 45000000 		.4byte	0x45
 454 0099 08       		.uleb128 0x8
 455 009a CA010000 		.4byte	.LASF13
 456 009e 03       		.byte	0x3
 457 009f 3901     		.2byte	0x139
 458 00a1 53000000 		.4byte	0x53
 459 00a5 08       		.uleb128 0x8
 460 00a6 DA010000 		.4byte	.LASF14
 461 00aa 03       		.byte	0x3
 462 00ab 3A01     		.2byte	0x13a
 463 00ad 61000000 		.4byte	0x61
 464 00b1 04       		.uleb128 0x4
ARM GAS  C:\Users\Helon\AppData\Local\Temp\cc9Ky5zA.s 			page 16


 465 00b2 04       		.byte	0x4
 466 00b3 04       		.byte	0x4
 467 00b4 E6000000 		.4byte	.LASF15
 468 00b8 04       		.uleb128 0x4
 469 00b9 08       		.byte	0x8
 470 00ba 04       		.byte	0x4
 471 00bb B7010000 		.4byte	.LASF16
 472 00bf 08       		.uleb128 0x8
 473 00c0 D1010000 		.4byte	.LASF17
 474 00c4 03       		.byte	0x3
 475 00c5 DA01     		.2byte	0x1da
 476 00c7 61000000 		.4byte	0x61
 477 00cb 08       		.uleb128 0x8
 478 00cc 09010000 		.4byte	.LASF18
 479 00d0 03       		.byte	0x3
 480 00d1 E201     		.2byte	0x1e2
 481 00d3 D7000000 		.4byte	0xd7
 482 00d7 09       		.uleb128 0x9
 483 00d8 8D000000 		.4byte	0x8d
 484 00dc 08       		.uleb128 0x8
 485 00dd 0E000000 		.4byte	.LASF19
 486 00e1 03       		.byte	0x3
 487 00e2 E401     		.2byte	0x1e4
 488 00e4 E8000000 		.4byte	0xe8
 489 00e8 09       		.uleb128 0x9
 490 00e9 A5000000 		.4byte	0xa5
 491 00ed 08       		.uleb128 0x8
 492 00ee 1E020000 		.4byte	.LASF20
 493 00f2 03       		.byte	0x3
 494 00f3 F401     		.2byte	0x1f4
 495 00f5 7F000000 		.4byte	0x7f
 496 00f9 0A       		.uleb128 0xa
 497 00fa 98010000 		.4byte	.LASF37
 498 00fe 01       		.byte	0x1
 499 00ff 3D       		.byte	0x3d
 500 0100 01       		.byte	0x1
 501 0101 18010000 		.4byte	0x118
 502 0105 0B       		.uleb128 0xb
 503 0106 7300     		.ascii	"s\000"
 504 0108 01       		.byte	0x1
 505 0109 3D       		.byte	0x3d
 506 010a 7D000000 		.4byte	0x7d
 507 010e 0B       		.uleb128 0xb
 508 010f 6E00     		.ascii	"n\000"
 509 0111 01       		.byte	0x1
 510 0112 3D       		.byte	0x3d
 511 0113 2C000000 		.4byte	0x2c
 512 0117 00       		.byte	0
 513 0118 0C       		.uleb128 0xc
 514 0119 C8000000 		.4byte	.LASF21
 515 011d 01       		.byte	0x1
 516 011e 92       		.byte	0x92
 517 011f 01       		.byte	0x1
 518 0120 0C       		.uleb128 0xc
 519 0121 EE010000 		.4byte	.LASF22
 520 0125 01       		.byte	0x1
 521 0126 DA       		.byte	0xda
ARM GAS  C:\Users\Helon\AppData\Local\Temp\cc9Ky5zA.s 			page 17


 522 0127 01       		.byte	0x1
 523 0128 0D       		.uleb128 0xd
 524 0129 97020000 		.4byte	.LASF38
 525 012d 01       		.byte	0x1
 526 012e F5       		.byte	0xf5
 527 012f 00000000 		.4byte	.LFB7
 528 0133 F4010000 		.4byte	.LFE7-.LFB7
 529 0137 01       		.uleb128 0x1
 530 0138 9C       		.byte	0x9c
 531 0139 EF020000 		.4byte	0x2ef
 532 013d 0E       		.uleb128 0xe
 533 013e 00000000 		.4byte	.Ldebug_ranges0+0
 534 0142 34020000 		.4byte	0x234
 535 0146 0F       		.uleb128 0xf
 536 0147 06       		.byte	0x6
 537 0148 01       		.byte	0x1
 538 0149 FE       		.byte	0xfe
 539 014a 68010000 		.4byte	0x168
 540 014e 10       		.uleb128 0x10
 541 014f FF010000 		.4byte	.LASF23
 542 0153 01       		.byte	0x1
 543 0154 FF       		.byte	0xff
 544 0155 7D000000 		.4byte	0x7d
 545 0159 00       		.byte	0
 546 015a 11       		.uleb128 0x11
 547 015b EC000000 		.4byte	.LASF24
 548 015f 01       		.byte	0x1
 549 0160 0001     		.2byte	0x100
 550 0162 99000000 		.4byte	0x99
 551 0166 04       		.byte	0x4
 552 0167 00       		.byte	0
 553 0168 08       		.uleb128 0x8
 554 0169 2B020000 		.4byte	.LASF25
 555 016d 01       		.byte	0x1
 556 016e 0101     		.2byte	0x101
 557 0170 46010000 		.4byte	0x146
 558 0174 12       		.uleb128 0x12
 559 0175 68010000 		.4byte	0x168
 560 0179 84010000 		.4byte	0x184
 561 017d 13       		.uleb128 0x13
 562 017e 76000000 		.4byte	0x76
 563 0182 01       		.byte	0x1
 564 0183 00       		.byte	0
 565 0184 14       		.uleb128 0x14
 566 0185 B8000000 		.4byte	.LASF26
 567 0189 01       		.byte	0x1
 568 018a 0301     		.2byte	0x103
 569 018c 9D010000 		.4byte	0x19d
 570 0190 0C       		.byte	0xc
 571 0191 00       		.byte	0
 572 0192 30       		.byte	0x30
 573 0193 0F       		.byte	0xf
 574 0194 40       		.byte	0x40
 575 0195 00       		.byte	0
 576 0196 04       		.byte	0x4
 577 0197 00       		.byte	0
 578 0198 40       		.byte	0x40
ARM GAS  C:\Users\Helon\AppData\Local\Temp\cc9Ky5zA.s 			page 18


 579 0199 0F       		.byte	0xf
 580 019a 40       		.byte	0x40
 581 019b 00       		.byte	0
 582 019c 04       		.byte	0x4
 583 019d 15       		.uleb128 0x15
 584 019e 74010000 		.4byte	0x174
 585 01a2 16       		.uleb128 0x16
 586 01a3 6900     		.ascii	"i\000"
 587 01a5 01       		.byte	0x1
 588 01a6 0901     		.2byte	0x109
 589 01a8 8D000000 		.4byte	0x8d
 590 01ac 00000000 		.4byte	.LLST0
 591 01b0 17       		.uleb128 0x17
 592 01b1 30000000 		.4byte	.Ldebug_ranges0+0x30
 593 01b5 16       		.uleb128 0x16
 594 01b6 6D7300   		.ascii	"ms\000"
 595 01b9 01       		.byte	0x1
 596 01ba 0E01     		.2byte	0x10e
 597 01bc C4010000 		.4byte	0x1c4
 598 01c0 2C000000 		.4byte	.LLST1
 599 01c4 06       		.uleb128 0x6
 600 01c5 04       		.byte	0x4
 601 01c6 CA010000 		.4byte	0x1ca
 602 01ca 15       		.uleb128 0x15
 603 01cb 68010000 		.4byte	0x168
 604 01cf 18       		.uleb128 0x18
 605 01d0 F9000000 		.4byte	0xf9
 606 01d4 04000000 		.4byte	.LBB12
 607 01d8 30000000 		.4byte	.Ldebug_ranges0+0x30
 608 01dc 01       		.byte	0x1
 609 01dd 0F01     		.2byte	0x10f
 610 01df 19       		.uleb128 0x19
 611 01e0 0E010000 		.4byte	0x10e
 612 01e4 0004     		.2byte	0x400
 613 01e6 1A       		.uleb128 0x1a
 614 01e7 05010000 		.4byte	0x105
 615 01eb 54000000 		.4byte	.LLST2
 616 01ef 1B       		.uleb128 0x1b
 617 01f0 18000000 		.4byte	.LVL1
 618 01f4 EF020000 		.4byte	0x2ef
 619 01f8 12020000 		.4byte	0x212
 620 01fc 1C       		.uleb128 0x1c
 621 01fd 01       		.uleb128 0x1
 622 01fe 52       		.byte	0x52
 623 01ff 02       		.uleb128 0x2
 624 0200 75       		.byte	0x75
 625 0201 00       		.sleb128 0
 626 0202 1C       		.uleb128 0x1c
 627 0203 01       		.uleb128 0x1
 628 0204 51       		.byte	0x51
 629 0205 02       		.uleb128 0x2
 630 0206 74       		.byte	0x74
 631 0207 00       		.sleb128 0
 632 0208 1C       		.uleb128 0x1c
 633 0209 01       		.uleb128 0x1
 634 020a 50       		.byte	0x50
 635 020b 05       		.uleb128 0x5
ARM GAS  C:\Users\Helon\AppData\Local\Temp\cc9Ky5zA.s 			page 19


 636 020c 0C       		.byte	0xc
 637 020d 00300F40 		.4byte	0x400f3000
 638 0211 00       		.byte	0
 639 0212 1D       		.uleb128 0x1d
 640 0213 22000000 		.4byte	.LVL2
 641 0217 EF020000 		.4byte	0x2ef
 642 021b 1C       		.uleb128 0x1c
 643 021c 01       		.uleb128 0x1
 644 021d 52       		.byte	0x52
 645 021e 02       		.uleb128 0x2
 646 021f 75       		.byte	0x75
 647 0220 00       		.sleb128 0
 648 0221 1C       		.uleb128 0x1c
 649 0222 01       		.uleb128 0x1
 650 0223 51       		.byte	0x51
 651 0224 02       		.uleb128 0x2
 652 0225 74       		.byte	0x74
 653 0226 00       		.sleb128 0
 654 0227 1C       		.uleb128 0x1c
 655 0228 01       		.uleb128 0x1
 656 0229 50       		.byte	0x50
 657 022a 05       		.uleb128 0x5
 658 022b 0C       		.byte	0xc
 659 022c 00400F40 		.4byte	0x400f4000
 660 0230 00       		.byte	0
 661 0231 00       		.byte	0
 662 0232 00       		.byte	0
 663 0233 00       		.byte	0
 664 0234 1E       		.uleb128 0x1e
 665 0235 18010000 		.4byte	0x118
 666 0239 3E000000 		.4byte	.LBB22
 667 023d 50000000 		.4byte	.Ldebug_ranges0+0x50
 668 0241 01       		.byte	0x1
 669 0242 3E01     		.2byte	0x13e
 670 0244 DE020000 		.4byte	0x2de
 671 0248 1F       		.uleb128 0x1f
 672 0249 AA000000 		.4byte	.LVL3
 673 024d 0C030000 		.4byte	0x30c
 674 0251 1B       		.uleb128 0x1b
 675 0252 B0000000 		.4byte	.LVL4
 676 0256 13030000 		.4byte	0x313
 677 025a 68020000 		.4byte	0x268
 678 025e 1C       		.uleb128 0x1c
 679 025f 01       		.uleb128 0x1
 680 0260 50       		.byte	0x50
 681 0261 05       		.uleb128 0x5
 682 0262 0C       		.byte	0xc
 683 0263 001BB700 		.4byte	0xb71b00
 684 0267 00       		.byte	0
 685 0268 1B       		.uleb128 0x1b
 686 0269 B6000000 		.4byte	.LVL5
 687 026d 24030000 		.4byte	0x324
 688 0271 7B020000 		.4byte	0x27b
 689 0275 1C       		.uleb128 0x1c
 690 0276 01       		.uleb128 0x1
 691 0277 50       		.byte	0x50
 692 0278 01       		.uleb128 0x1
ARM GAS  C:\Users\Helon\AppData\Local\Temp\cc9Ky5zA.s 			page 20


 693 0279 31       		.byte	0x31
 694 027a 00       		.byte	0
 695 027b 1B       		.uleb128 0x1b
 696 027c BC000000 		.4byte	.LVL6
 697 0280 39030000 		.4byte	0x339
 698 0284 8F020000 		.4byte	0x28f
 699 0288 1C       		.uleb128 0x1c
 700 0289 01       		.uleb128 0x1
 701 028a 50       		.byte	0x50
 702 028b 02       		.uleb128 0x2
 703 028c 08       		.byte	0x8
 704 028d 30       		.byte	0x30
 705 028e 00       		.byte	0
 706 028f 1B       		.uleb128 0x1b
 707 0290 E6000000 		.4byte	.LVL7
 708 0294 4A030000 		.4byte	0x34a
 709 0298 A4020000 		.4byte	0x2a4
 710 029c 1C       		.uleb128 0x1c
 711 029d 01       		.uleb128 0x1
 712 029e 50       		.byte	0x50
 713 029f 03       		.uleb128 0x3
 714 02a0 0A       		.byte	0xa
 715 02a1 D007     		.2byte	0x7d0
 716 02a3 00       		.byte	0
 717 02a4 1B       		.uleb128 0x1b
 718 02a5 EC000000 		.4byte	.LVL8
 719 02a9 5F030000 		.4byte	0x35f
 720 02ad B9020000 		.4byte	0x2b9
 721 02b1 1C       		.uleb128 0x1c
 722 02b2 01       		.uleb128 0x1
 723 02b3 50       		.byte	0x50
 724 02b4 03       		.uleb128 0x3
 725 02b5 0A       		.byte	0xa
 726 02b6 DC05     		.2byte	0x5dc
 727 02b8 00       		.byte	0
 728 02b9 1B       		.uleb128 0x1b
 729 02ba 28010000 		.4byte	.LVL9
 730 02be 70030000 		.4byte	0x370
 731 02c2 CD020000 		.4byte	0x2cd
 732 02c6 1C       		.uleb128 0x1c
 733 02c7 01       		.uleb128 0x1
 734 02c8 50       		.byte	0x50
 735 02c9 02       		.uleb128 0x2
 736 02ca 75       		.byte	0x75
 737 02cb 00       		.sleb128 0
 738 02cc 00       		.byte	0
 739 02cd 1D       		.uleb128 0x1d
 740 02ce 2E010000 		.4byte	.LVL10
 741 02d2 8A030000 		.4byte	0x38a
 742 02d6 1C       		.uleb128 0x1c
 743 02d7 01       		.uleb128 0x1
 744 02d8 50       		.byte	0x50
 745 02d9 02       		.uleb128 0x2
 746 02da 75       		.byte	0x75
 747 02db 00       		.sleb128 0
 748 02dc 00       		.byte	0
 749 02dd 00       		.byte	0
ARM GAS  C:\Users\Helon\AppData\Local\Temp\cc9Ky5zA.s 			page 21


 750 02de 20       		.uleb128 0x20
 751 02df 20010000 		.4byte	0x120
 752 02e3 34010000 		.4byte	.LBB28
 753 02e7 0E000000 		.4byte	.LBE28-.LBB28
 754 02eb 01       		.byte	0x1
 755 02ec 4101     		.2byte	0x141
 756 02ee 00       		.byte	0
 757 02ef 21       		.uleb128 0x21
 758 02f0 B0010000 		.4byte	.LASF27
 759 02f4 7D000000 		.4byte	0x7d
 760 02f8 0C030000 		.4byte	0x30c
 761 02fc 22       		.uleb128 0x22
 762 02fd 7D000000 		.4byte	0x7d
 763 0301 22       		.uleb128 0x22
 764 0302 25000000 		.4byte	0x25
 765 0306 22       		.uleb128 0x22
 766 0307 76000000 		.4byte	0x76
 767 030b 00       		.byte	0
 768 030c 23       		.uleb128 0x23
 769 030d 87010000 		.4byte	.LASF39
 770 0311 05       		.byte	0x5
 771 0312 25       		.byte	0x25
 772 0313 24       		.uleb128 0x24
 773 0314 00000000 		.4byte	.LASF28
 774 0318 04       		.byte	0x4
 775 0319 5D       		.byte	0x5d
 776 031a 24030000 		.4byte	0x324
 777 031e 22       		.uleb128 0x22
 778 031f A5000000 		.4byte	0xa5
 779 0323 00       		.byte	0
 780 0324 25       		.uleb128 0x25
 781 0325 F1000000 		.4byte	.LASF30
 782 0329 05       		.byte	0x5
 783 032a 27       		.byte	0x27
 784 032b A5000000 		.4byte	0xa5
 785 032f 39030000 		.4byte	0x339
 786 0333 22       		.uleb128 0x22
 787 0334 A5000000 		.4byte	0xa5
 788 0338 00       		.byte	0
 789 0339 24       		.uleb128 0x24
 790 033a AE020000 		.4byte	.LASF29
 791 033e 04       		.byte	0x4
 792 033f 38       		.byte	0x38
 793 0340 4A030000 		.4byte	0x34a
 794 0344 22       		.uleb128 0x22
 795 0345 A5000000 		.4byte	0xa5
 796 0349 00       		.byte	0
 797 034a 25       		.uleb128 0x25
 798 034b 86020000 		.4byte	.LASF31
 799 034f 04       		.byte	0x4
 800 0350 87       		.byte	0x87
 801 0351 BF000000 		.4byte	0xbf
 802 0355 5F030000 		.4byte	0x35f
 803 0359 22       		.uleb128 0x22
 804 035a A5000000 		.4byte	0xa5
 805 035e 00       		.byte	0
 806 035f 24       		.uleb128 0x24
ARM GAS  C:\Users\Helon\AppData\Local\Temp\cc9Ky5zA.s 			page 22


 807 0360 77020000 		.4byte	.LASF32
 808 0364 04       		.byte	0x4
 809 0365 5B       		.byte	0x5b
 810 0366 70030000 		.4byte	0x370
 811 036a 22       		.uleb128 0x22
 812 036b 99000000 		.4byte	0x99
 813 036f 00       		.byte	0
 814 0370 25       		.uleb128 0x25
 815 0371 A9000000 		.4byte	.LASF33
 816 0375 04       		.byte	0x4
 817 0376 49       		.byte	0x49
 818 0377 ED000000 		.4byte	0xed
 819 037b 8A030000 		.4byte	0x38a
 820 037f 22       		.uleb128 0x22
 821 0380 8D000000 		.4byte	0x8d
 822 0384 22       		.uleb128 0x22
 823 0385 ED000000 		.4byte	0xed
 824 0389 00       		.byte	0
 825 038a 26       		.uleb128 0x26
 826 038b BE010000 		.4byte	.LASF40
 827 038f 04       		.byte	0x4
 828 0390 4F       		.byte	0x4f
 829 0391 22       		.uleb128 0x22
 830 0392 8D000000 		.4byte	0x8d
 831 0396 00       		.byte	0
 832 0397 00       		.byte	0
 833              		.section	.debug_abbrev,"",%progbits
 834              	.Ldebug_abbrev0:
 835 0000 01       		.uleb128 0x1
 836 0001 11       		.uleb128 0x11
 837 0002 01       		.byte	0x1
 838 0003 25       		.uleb128 0x25
 839 0004 0E       		.uleb128 0xe
 840 0005 13       		.uleb128 0x13
 841 0006 0B       		.uleb128 0xb
 842 0007 03       		.uleb128 0x3
 843 0008 0E       		.uleb128 0xe
 844 0009 1B       		.uleb128 0x1b
 845 000a 0E       		.uleb128 0xe
 846 000b 55       		.uleb128 0x55
 847 000c 17       		.uleb128 0x17
 848 000d 11       		.uleb128 0x11
 849 000e 01       		.uleb128 0x1
 850 000f 10       		.uleb128 0x10
 851 0010 17       		.uleb128 0x17
 852 0011 00       		.byte	0
 853 0012 00       		.byte	0
 854 0013 02       		.uleb128 0x2
 855 0014 24       		.uleb128 0x24
 856 0015 00       		.byte	0
 857 0016 0B       		.uleb128 0xb
 858 0017 0B       		.uleb128 0xb
 859 0018 3E       		.uleb128 0x3e
 860 0019 0B       		.uleb128 0xb
 861 001a 03       		.uleb128 0x3
 862 001b 08       		.uleb128 0x8
 863 001c 00       		.byte	0
ARM GAS  C:\Users\Helon\AppData\Local\Temp\cc9Ky5zA.s 			page 23


 864 001d 00       		.byte	0
 865 001e 03       		.uleb128 0x3
 866 001f 16       		.uleb128 0x16
 867 0020 00       		.byte	0
 868 0021 03       		.uleb128 0x3
 869 0022 0E       		.uleb128 0xe
 870 0023 3A       		.uleb128 0x3a
 871 0024 0B       		.uleb128 0xb
 872 0025 3B       		.uleb128 0x3b
 873 0026 0B       		.uleb128 0xb
 874 0027 49       		.uleb128 0x49
 875 0028 13       		.uleb128 0x13
 876 0029 00       		.byte	0
 877 002a 00       		.byte	0
 878 002b 04       		.uleb128 0x4
 879 002c 24       		.uleb128 0x24
 880 002d 00       		.byte	0
 881 002e 0B       		.uleb128 0xb
 882 002f 0B       		.uleb128 0xb
 883 0030 3E       		.uleb128 0x3e
 884 0031 0B       		.uleb128 0xb
 885 0032 03       		.uleb128 0x3
 886 0033 0E       		.uleb128 0xe
 887 0034 00       		.byte	0
 888 0035 00       		.byte	0
 889 0036 05       		.uleb128 0x5
 890 0037 0F       		.uleb128 0xf
 891 0038 00       		.byte	0
 892 0039 0B       		.uleb128 0xb
 893 003a 0B       		.uleb128 0xb
 894 003b 00       		.byte	0
 895 003c 00       		.byte	0
 896 003d 06       		.uleb128 0x6
 897 003e 0F       		.uleb128 0xf
 898 003f 00       		.byte	0
 899 0040 0B       		.uleb128 0xb
 900 0041 0B       		.uleb128 0xb
 901 0042 49       		.uleb128 0x49
 902 0043 13       		.uleb128 0x13
 903 0044 00       		.byte	0
 904 0045 00       		.byte	0
 905 0046 07       		.uleb128 0x7
 906 0047 15       		.uleb128 0x15
 907 0048 00       		.byte	0
 908 0049 27       		.uleb128 0x27
 909 004a 19       		.uleb128 0x19
 910 004b 00       		.byte	0
 911 004c 00       		.byte	0
 912 004d 08       		.uleb128 0x8
 913 004e 16       		.uleb128 0x16
 914 004f 00       		.byte	0
 915 0050 03       		.uleb128 0x3
 916 0051 0E       		.uleb128 0xe
 917 0052 3A       		.uleb128 0x3a
 918 0053 0B       		.uleb128 0xb
 919 0054 3B       		.uleb128 0x3b
 920 0055 05       		.uleb128 0x5
ARM GAS  C:\Users\Helon\AppData\Local\Temp\cc9Ky5zA.s 			page 24


 921 0056 49       		.uleb128 0x49
 922 0057 13       		.uleb128 0x13
 923 0058 00       		.byte	0
 924 0059 00       		.byte	0
 925 005a 09       		.uleb128 0x9
 926 005b 35       		.uleb128 0x35
 927 005c 00       		.byte	0
 928 005d 49       		.uleb128 0x49
 929 005e 13       		.uleb128 0x13
 930 005f 00       		.byte	0
 931 0060 00       		.byte	0
 932 0061 0A       		.uleb128 0xa
 933 0062 2E       		.uleb128 0x2e
 934 0063 01       		.byte	0x1
 935 0064 03       		.uleb128 0x3
 936 0065 0E       		.uleb128 0xe
 937 0066 3A       		.uleb128 0x3a
 938 0067 0B       		.uleb128 0xb
 939 0068 3B       		.uleb128 0x3b
 940 0069 0B       		.uleb128 0xb
 941 006a 27       		.uleb128 0x27
 942 006b 19       		.uleb128 0x19
 943 006c 20       		.uleb128 0x20
 944 006d 0B       		.uleb128 0xb
 945 006e 01       		.uleb128 0x1
 946 006f 13       		.uleb128 0x13
 947 0070 00       		.byte	0
 948 0071 00       		.byte	0
 949 0072 0B       		.uleb128 0xb
 950 0073 05       		.uleb128 0x5
 951 0074 00       		.byte	0
 952 0075 03       		.uleb128 0x3
 953 0076 08       		.uleb128 0x8
 954 0077 3A       		.uleb128 0x3a
 955 0078 0B       		.uleb128 0xb
 956 0079 3B       		.uleb128 0x3b
 957 007a 0B       		.uleb128 0xb
 958 007b 49       		.uleb128 0x49
 959 007c 13       		.uleb128 0x13
 960 007d 00       		.byte	0
 961 007e 00       		.byte	0
 962 007f 0C       		.uleb128 0xc
 963 0080 2E       		.uleb128 0x2e
 964 0081 00       		.byte	0
 965 0082 03       		.uleb128 0x3
 966 0083 0E       		.uleb128 0xe
 967 0084 3A       		.uleb128 0x3a
 968 0085 0B       		.uleb128 0xb
 969 0086 3B       		.uleb128 0x3b
 970 0087 0B       		.uleb128 0xb
 971 0088 27       		.uleb128 0x27
 972 0089 19       		.uleb128 0x19
 973 008a 20       		.uleb128 0x20
 974 008b 0B       		.uleb128 0xb
 975 008c 00       		.byte	0
 976 008d 00       		.byte	0
 977 008e 0D       		.uleb128 0xd
ARM GAS  C:\Users\Helon\AppData\Local\Temp\cc9Ky5zA.s 			page 25


 978 008f 2E       		.uleb128 0x2e
 979 0090 01       		.byte	0x1
 980 0091 3F       		.uleb128 0x3f
 981 0092 19       		.uleb128 0x19
 982 0093 03       		.uleb128 0x3
 983 0094 0E       		.uleb128 0xe
 984 0095 3A       		.uleb128 0x3a
 985 0096 0B       		.uleb128 0xb
 986 0097 3B       		.uleb128 0x3b
 987 0098 0B       		.uleb128 0xb
 988 0099 27       		.uleb128 0x27
 989 009a 19       		.uleb128 0x19
 990 009b 11       		.uleb128 0x11
 991 009c 01       		.uleb128 0x1
 992 009d 12       		.uleb128 0x12
 993 009e 06       		.uleb128 0x6
 994 009f 40       		.uleb128 0x40
 995 00a0 18       		.uleb128 0x18
 996 00a1 9742     		.uleb128 0x2117
 997 00a3 19       		.uleb128 0x19
 998 00a4 01       		.uleb128 0x1
 999 00a5 13       		.uleb128 0x13
 1000 00a6 00       		.byte	0
 1001 00a7 00       		.byte	0
 1002 00a8 0E       		.uleb128 0xe
 1003 00a9 0B       		.uleb128 0xb
 1004 00aa 01       		.byte	0x1
 1005 00ab 55       		.uleb128 0x55
 1006 00ac 17       		.uleb128 0x17
 1007 00ad 01       		.uleb128 0x1
 1008 00ae 13       		.uleb128 0x13
 1009 00af 00       		.byte	0
 1010 00b0 00       		.byte	0
 1011 00b1 0F       		.uleb128 0xf
 1012 00b2 13       		.uleb128 0x13
 1013 00b3 01       		.byte	0x1
 1014 00b4 0B       		.uleb128 0xb
 1015 00b5 0B       		.uleb128 0xb
 1016 00b6 3A       		.uleb128 0x3a
 1017 00b7 0B       		.uleb128 0xb
 1018 00b8 3B       		.uleb128 0x3b
 1019 00b9 0B       		.uleb128 0xb
 1020 00ba 01       		.uleb128 0x1
 1021 00bb 13       		.uleb128 0x13
 1022 00bc 00       		.byte	0
 1023 00bd 00       		.byte	0
 1024 00be 10       		.uleb128 0x10
 1025 00bf 0D       		.uleb128 0xd
 1026 00c0 00       		.byte	0
 1027 00c1 03       		.uleb128 0x3
 1028 00c2 0E       		.uleb128 0xe
 1029 00c3 3A       		.uleb128 0x3a
 1030 00c4 0B       		.uleb128 0xb
 1031 00c5 3B       		.uleb128 0x3b
 1032 00c6 0B       		.uleb128 0xb
 1033 00c7 49       		.uleb128 0x49
 1034 00c8 13       		.uleb128 0x13
ARM GAS  C:\Users\Helon\AppData\Local\Temp\cc9Ky5zA.s 			page 26


 1035 00c9 38       		.uleb128 0x38
 1036 00ca 0B       		.uleb128 0xb
 1037 00cb 00       		.byte	0
 1038 00cc 00       		.byte	0
 1039 00cd 11       		.uleb128 0x11
 1040 00ce 0D       		.uleb128 0xd
 1041 00cf 00       		.byte	0
 1042 00d0 03       		.uleb128 0x3
 1043 00d1 0E       		.uleb128 0xe
 1044 00d2 3A       		.uleb128 0x3a
 1045 00d3 0B       		.uleb128 0xb
 1046 00d4 3B       		.uleb128 0x3b
 1047 00d5 05       		.uleb128 0x5
 1048 00d6 49       		.uleb128 0x49
 1049 00d7 13       		.uleb128 0x13
 1050 00d8 38       		.uleb128 0x38
 1051 00d9 0B       		.uleb128 0xb
 1052 00da 00       		.byte	0
 1053 00db 00       		.byte	0
 1054 00dc 12       		.uleb128 0x12
 1055 00dd 01       		.uleb128 0x1
 1056 00de 01       		.byte	0x1
 1057 00df 49       		.uleb128 0x49
 1058 00e0 13       		.uleb128 0x13
 1059 00e1 01       		.uleb128 0x1
 1060 00e2 13       		.uleb128 0x13
 1061 00e3 00       		.byte	0
 1062 00e4 00       		.byte	0
 1063 00e5 13       		.uleb128 0x13
 1064 00e6 21       		.uleb128 0x21
 1065 00e7 00       		.byte	0
 1066 00e8 49       		.uleb128 0x49
 1067 00e9 13       		.uleb128 0x13
 1068 00ea 2F       		.uleb128 0x2f
 1069 00eb 0B       		.uleb128 0xb
 1070 00ec 00       		.byte	0
 1071 00ed 00       		.byte	0
 1072 00ee 14       		.uleb128 0x14
 1073 00ef 34       		.uleb128 0x34
 1074 00f0 00       		.byte	0
 1075 00f1 03       		.uleb128 0x3
 1076 00f2 0E       		.uleb128 0xe
 1077 00f3 3A       		.uleb128 0x3a
 1078 00f4 0B       		.uleb128 0xb
 1079 00f5 3B       		.uleb128 0x3b
 1080 00f6 05       		.uleb128 0x5
 1081 00f7 49       		.uleb128 0x49
 1082 00f8 13       		.uleb128 0x13
 1083 00f9 1C       		.uleb128 0x1c
 1084 00fa 0A       		.uleb128 0xa
 1085 00fb 00       		.byte	0
 1086 00fc 00       		.byte	0
 1087 00fd 15       		.uleb128 0x15
 1088 00fe 26       		.uleb128 0x26
 1089 00ff 00       		.byte	0
 1090 0100 49       		.uleb128 0x49
 1091 0101 13       		.uleb128 0x13
ARM GAS  C:\Users\Helon\AppData\Local\Temp\cc9Ky5zA.s 			page 27


 1092 0102 00       		.byte	0
 1093 0103 00       		.byte	0
 1094 0104 16       		.uleb128 0x16
 1095 0105 34       		.uleb128 0x34
 1096 0106 00       		.byte	0
 1097 0107 03       		.uleb128 0x3
 1098 0108 08       		.uleb128 0x8
 1099 0109 3A       		.uleb128 0x3a
 1100 010a 0B       		.uleb128 0xb
 1101 010b 3B       		.uleb128 0x3b
 1102 010c 05       		.uleb128 0x5
 1103 010d 49       		.uleb128 0x49
 1104 010e 13       		.uleb128 0x13
 1105 010f 02       		.uleb128 0x2
 1106 0110 17       		.uleb128 0x17
 1107 0111 00       		.byte	0
 1108 0112 00       		.byte	0
 1109 0113 17       		.uleb128 0x17
 1110 0114 0B       		.uleb128 0xb
 1111 0115 01       		.byte	0x1
 1112 0116 55       		.uleb128 0x55
 1113 0117 17       		.uleb128 0x17
 1114 0118 00       		.byte	0
 1115 0119 00       		.byte	0
 1116 011a 18       		.uleb128 0x18
 1117 011b 1D       		.uleb128 0x1d
 1118 011c 01       		.byte	0x1
 1119 011d 31       		.uleb128 0x31
 1120 011e 13       		.uleb128 0x13
 1121 011f 52       		.uleb128 0x52
 1122 0120 01       		.uleb128 0x1
 1123 0121 55       		.uleb128 0x55
 1124 0122 17       		.uleb128 0x17
 1125 0123 58       		.uleb128 0x58
 1126 0124 0B       		.uleb128 0xb
 1127 0125 59       		.uleb128 0x59
 1128 0126 05       		.uleb128 0x5
 1129 0127 00       		.byte	0
 1130 0128 00       		.byte	0
 1131 0129 19       		.uleb128 0x19
 1132 012a 05       		.uleb128 0x5
 1133 012b 00       		.byte	0
 1134 012c 31       		.uleb128 0x31
 1135 012d 13       		.uleb128 0x13
 1136 012e 1C       		.uleb128 0x1c
 1137 012f 05       		.uleb128 0x5
 1138 0130 00       		.byte	0
 1139 0131 00       		.byte	0
 1140 0132 1A       		.uleb128 0x1a
 1141 0133 05       		.uleb128 0x5
 1142 0134 00       		.byte	0
 1143 0135 31       		.uleb128 0x31
 1144 0136 13       		.uleb128 0x13
 1145 0137 02       		.uleb128 0x2
 1146 0138 17       		.uleb128 0x17
 1147 0139 00       		.byte	0
 1148 013a 00       		.byte	0
ARM GAS  C:\Users\Helon\AppData\Local\Temp\cc9Ky5zA.s 			page 28


 1149 013b 1B       		.uleb128 0x1b
 1150 013c 898201   		.uleb128 0x4109
 1151 013f 01       		.byte	0x1
 1152 0140 11       		.uleb128 0x11
 1153 0141 01       		.uleb128 0x1
 1154 0142 31       		.uleb128 0x31
 1155 0143 13       		.uleb128 0x13
 1156 0144 01       		.uleb128 0x1
 1157 0145 13       		.uleb128 0x13
 1158 0146 00       		.byte	0
 1159 0147 00       		.byte	0
 1160 0148 1C       		.uleb128 0x1c
 1161 0149 8A8201   		.uleb128 0x410a
 1162 014c 00       		.byte	0
 1163 014d 02       		.uleb128 0x2
 1164 014e 18       		.uleb128 0x18
 1165 014f 9142     		.uleb128 0x2111
 1166 0151 18       		.uleb128 0x18
 1167 0152 00       		.byte	0
 1168 0153 00       		.byte	0
 1169 0154 1D       		.uleb128 0x1d
 1170 0155 898201   		.uleb128 0x4109
 1171 0158 01       		.byte	0x1
 1172 0159 11       		.uleb128 0x11
 1173 015a 01       		.uleb128 0x1
 1174 015b 31       		.uleb128 0x31
 1175 015c 13       		.uleb128 0x13
 1176 015d 00       		.byte	0
 1177 015e 00       		.byte	0
 1178 015f 1E       		.uleb128 0x1e
 1179 0160 1D       		.uleb128 0x1d
 1180 0161 01       		.byte	0x1
 1181 0162 31       		.uleb128 0x31
 1182 0163 13       		.uleb128 0x13
 1183 0164 52       		.uleb128 0x52
 1184 0165 01       		.uleb128 0x1
 1185 0166 55       		.uleb128 0x55
 1186 0167 17       		.uleb128 0x17
 1187 0168 58       		.uleb128 0x58
 1188 0169 0B       		.uleb128 0xb
 1189 016a 59       		.uleb128 0x59
 1190 016b 05       		.uleb128 0x5
 1191 016c 01       		.uleb128 0x1
 1192 016d 13       		.uleb128 0x13
 1193 016e 00       		.byte	0
 1194 016f 00       		.byte	0
 1195 0170 1F       		.uleb128 0x1f
 1196 0171 898201   		.uleb128 0x4109
 1197 0174 00       		.byte	0
 1198 0175 11       		.uleb128 0x11
 1199 0176 01       		.uleb128 0x1
 1200 0177 31       		.uleb128 0x31
 1201 0178 13       		.uleb128 0x13
 1202 0179 00       		.byte	0
 1203 017a 00       		.byte	0
 1204 017b 20       		.uleb128 0x20
 1205 017c 1D       		.uleb128 0x1d
ARM GAS  C:\Users\Helon\AppData\Local\Temp\cc9Ky5zA.s 			page 29


 1206 017d 00       		.byte	0
 1207 017e 31       		.uleb128 0x31
 1208 017f 13       		.uleb128 0x13
 1209 0180 11       		.uleb128 0x11
 1210 0181 01       		.uleb128 0x1
 1211 0182 12       		.uleb128 0x12
 1212 0183 06       		.uleb128 0x6
 1213 0184 58       		.uleb128 0x58
 1214 0185 0B       		.uleb128 0xb
 1215 0186 59       		.uleb128 0x59
 1216 0187 05       		.uleb128 0x5
 1217 0188 00       		.byte	0
 1218 0189 00       		.byte	0
 1219 018a 21       		.uleb128 0x21
 1220 018b 2E       		.uleb128 0x2e
 1221 018c 01       		.byte	0x1
 1222 018d 3F       		.uleb128 0x3f
 1223 018e 19       		.uleb128 0x19
 1224 018f 03       		.uleb128 0x3
 1225 0190 0E       		.uleb128 0xe
 1226 0191 27       		.uleb128 0x27
 1227 0192 19       		.uleb128 0x19
 1228 0193 49       		.uleb128 0x49
 1229 0194 13       		.uleb128 0x13
 1230 0195 34       		.uleb128 0x34
 1231 0196 19       		.uleb128 0x19
 1232 0197 3C       		.uleb128 0x3c
 1233 0198 19       		.uleb128 0x19
 1234 0199 01       		.uleb128 0x1
 1235 019a 13       		.uleb128 0x13
 1236 019b 00       		.byte	0
 1237 019c 00       		.byte	0
 1238 019d 22       		.uleb128 0x22
 1239 019e 05       		.uleb128 0x5
 1240 019f 00       		.byte	0
 1241 01a0 49       		.uleb128 0x49
 1242 01a1 13       		.uleb128 0x13
 1243 01a2 00       		.byte	0
 1244 01a3 00       		.byte	0
 1245 01a4 23       		.uleb128 0x23
 1246 01a5 2E       		.uleb128 0x2e
 1247 01a6 00       		.byte	0
 1248 01a7 3F       		.uleb128 0x3f
 1249 01a8 19       		.uleb128 0x19
 1250 01a9 03       		.uleb128 0x3
 1251 01aa 0E       		.uleb128 0xe
 1252 01ab 3A       		.uleb128 0x3a
 1253 01ac 0B       		.uleb128 0xb
 1254 01ad 3B       		.uleb128 0x3b
 1255 01ae 0B       		.uleb128 0xb
 1256 01af 27       		.uleb128 0x27
 1257 01b0 19       		.uleb128 0x19
 1258 01b1 3C       		.uleb128 0x3c
 1259 01b2 19       		.uleb128 0x19
 1260 01b3 00       		.byte	0
 1261 01b4 00       		.byte	0
 1262 01b5 24       		.uleb128 0x24
ARM GAS  C:\Users\Helon\AppData\Local\Temp\cc9Ky5zA.s 			page 30


 1263 01b6 2E       		.uleb128 0x2e
 1264 01b7 01       		.byte	0x1
 1265 01b8 3F       		.uleb128 0x3f
 1266 01b9 19       		.uleb128 0x19
 1267 01ba 03       		.uleb128 0x3
 1268 01bb 0E       		.uleb128 0xe
 1269 01bc 3A       		.uleb128 0x3a
 1270 01bd 0B       		.uleb128 0xb
 1271 01be 3B       		.uleb128 0x3b
 1272 01bf 0B       		.uleb128 0xb
 1273 01c0 27       		.uleb128 0x27
 1274 01c1 19       		.uleb128 0x19
 1275 01c2 3C       		.uleb128 0x3c
 1276 01c3 19       		.uleb128 0x19
 1277 01c4 01       		.uleb128 0x1
 1278 01c5 13       		.uleb128 0x13
 1279 01c6 00       		.byte	0
 1280 01c7 00       		.byte	0
 1281 01c8 25       		.uleb128 0x25
 1282 01c9 2E       		.uleb128 0x2e
 1283 01ca 01       		.byte	0x1
 1284 01cb 3F       		.uleb128 0x3f
 1285 01cc 19       		.uleb128 0x19
 1286 01cd 03       		.uleb128 0x3
 1287 01ce 0E       		.uleb128 0xe
 1288 01cf 3A       		.uleb128 0x3a
 1289 01d0 0B       		.uleb128 0xb
 1290 01d1 3B       		.uleb128 0x3b
 1291 01d2 0B       		.uleb128 0xb
 1292 01d3 27       		.uleb128 0x27
 1293 01d4 19       		.uleb128 0x19
 1294 01d5 49       		.uleb128 0x49
 1295 01d6 13       		.uleb128 0x13
 1296 01d7 3C       		.uleb128 0x3c
 1297 01d8 19       		.uleb128 0x19
 1298 01d9 01       		.uleb128 0x1
 1299 01da 13       		.uleb128 0x13
 1300 01db 00       		.byte	0
 1301 01dc 00       		.byte	0
 1302 01dd 26       		.uleb128 0x26
 1303 01de 2E       		.uleb128 0x2e
 1304 01df 01       		.byte	0x1
 1305 01e0 3F       		.uleb128 0x3f
 1306 01e1 19       		.uleb128 0x19
 1307 01e2 03       		.uleb128 0x3
 1308 01e3 0E       		.uleb128 0xe
 1309 01e4 3A       		.uleb128 0x3a
 1310 01e5 0B       		.uleb128 0xb
 1311 01e6 3B       		.uleb128 0x3b
 1312 01e7 0B       		.uleb128 0xb
 1313 01e8 27       		.uleb128 0x27
 1314 01e9 19       		.uleb128 0x19
 1315 01ea 3C       		.uleb128 0x3c
 1316 01eb 19       		.uleb128 0x19
 1317 01ec 00       		.byte	0
 1318 01ed 00       		.byte	0
 1319 01ee 00       		.byte	0
ARM GAS  C:\Users\Helon\AppData\Local\Temp\cc9Ky5zA.s 			page 31


 1320              		.section	.debug_loc,"",%progbits
 1321              	.Ldebug_loc0:
 1322              	.LLST0:
 1323 0000 0E000000 		.4byte	.LVL0
 1324 0004 18000000 		.4byte	.LVL1
 1325 0008 0200     		.2byte	0x2
 1326 000a 30       		.byte	0x30
 1327 000b 9F       		.byte	0x9f
 1328 000c 18000000 		.4byte	.LVL1
 1329 0010 22000000 		.4byte	.LVL2
 1330 0014 0200     		.2byte	0x2
 1331 0016 31       		.byte	0x31
 1332 0017 9F       		.byte	0x9f
 1333 0018 22000000 		.4byte	.LVL2
 1334 001c F4010000 		.4byte	.LFE7
 1335 0020 0200     		.2byte	0x2
 1336 0022 32       		.byte	0x32
 1337 0023 9F       		.byte	0x9f
 1338 0024 00000000 		.4byte	0
 1339 0028 00000000 		.4byte	0
 1340              	.LLST1:
 1341 002c 0E000000 		.4byte	.LVL0
 1342 0030 18000000 		.4byte	.LVL1
 1343 0034 0600     		.2byte	0x6
 1344 0036 F2       		.byte	0xf2
 1345 0037 84010000 		.4byte	.Ldebug_info0+388
 1346 003b 00       		.sleb128 0
 1347 003c 18000000 		.4byte	.LVL1
 1348 0040 F4010000 		.4byte	.LFE7
 1349 0044 0600     		.2byte	0x6
 1350 0046 F2       		.byte	0xf2
 1351 0047 84010000 		.4byte	.Ldebug_info0+388
 1352 004b 06       		.sleb128 6
 1353 004c 00000000 		.4byte	0
 1354 0050 00000000 		.4byte	0
 1355              	.LLST2:
 1356 0054 0E000000 		.4byte	.LVL0
 1357 0058 18000000 		.4byte	.LVL1
 1358 005c 0600     		.2byte	0x6
 1359 005e 0C       		.byte	0xc
 1360 005f 00300F40 		.4byte	0x400f3000
 1361 0063 9F       		.byte	0x9f
 1362 0064 18000000 		.4byte	.LVL1
 1363 0068 F4010000 		.4byte	.LFE7
 1364 006c 0600     		.2byte	0x6
 1365 006e 0C       		.byte	0xc
 1366 006f 00400F40 		.4byte	0x400f4000
 1367 0073 9F       		.byte	0x9f
 1368 0074 00000000 		.4byte	0
 1369 0078 00000000 		.4byte	0
 1370              		.section	.debug_aranges,"",%progbits
 1371 0000 1C000000 		.4byte	0x1c
 1372 0004 0200     		.2byte	0x2
 1373 0006 00000000 		.4byte	.Ldebug_info0
 1374 000a 04       		.byte	0x4
 1375 000b 00       		.byte	0
 1376 000c 0000     		.2byte	0
ARM GAS  C:\Users\Helon\AppData\Local\Temp\cc9Ky5zA.s 			page 32


 1377 000e 0000     		.2byte	0
 1378 0010 00000000 		.4byte	.LFB7
 1379 0014 F4010000 		.4byte	.LFE7-.LFB7
 1380 0018 00000000 		.4byte	0
 1381 001c 00000000 		.4byte	0
 1382              		.section	.debug_ranges,"",%progbits
 1383              	.Ldebug_ranges0:
 1384 0000 04000000 		.4byte	.LBB10
 1385 0004 06000000 		.4byte	.LBE10
 1386 0008 0A000000 		.4byte	.LBB20
 1387 000c 0C000000 		.4byte	.LBE20
 1388 0010 0E000000 		.4byte	.LBB21
 1389 0014 3E000000 		.4byte	.LBE21
 1390 0018 40000000 		.4byte	.LBB25
 1391 001c 44000000 		.4byte	.LBE25
 1392 0020 44000000 		.4byte	.LBB26
 1393 0024 64000000 		.4byte	.LBE26
 1394 0028 00000000 		.4byte	0
 1395 002c 00000000 		.4byte	0
 1396 0030 04000000 		.4byte	.LBB11
 1397 0034 06000000 		.4byte	.LBE11
 1398 0038 0A000000 		.4byte	.LBB18
 1399 003c 0C000000 		.4byte	.LBE18
 1400 0040 0E000000 		.4byte	.LBB19
 1401 0044 22000000 		.4byte	.LBE19
 1402 0048 00000000 		.4byte	0
 1403 004c 00000000 		.4byte	0
 1404 0050 3E000000 		.4byte	.LBB22
 1405 0054 40000000 		.4byte	.LBE22
 1406 0058 A0000000 		.4byte	.LBB27
 1407 005c 34010000 		.4byte	.LBE27
 1408 0060 00000000 		.4byte	0
 1409 0064 00000000 		.4byte	0
 1410 0068 00000000 		.4byte	.LFB7
 1411 006c F4010000 		.4byte	.LFE7
 1412 0070 00000000 		.4byte	0
 1413 0074 00000000 		.4byte	0
 1414              		.section	.debug_line,"",%progbits
 1415              	.Ldebug_line0:
 1416 0000 81010000 		.section	.debug_str,"MS",%progbits,1
 1416      0200E500 
 1416      00000201 
 1416      FB0E0D00 
 1416      01010101 
 1417              	.LASF28:
 1418 0000 43794465 		.ascii	"CyDelayCycles\000"
 1418      6C617943 
 1418      79636C65 
 1418      7300
 1419              	.LASF19:
 1420 000e 72656733 		.ascii	"reg32\000"
 1420      3200
 1421              	.LASF11:
 1422 0014 73697A65 		.ascii	"size_t\000"
 1422      5F7400
 1423              	.LASF34:
 1424 001b 474E5520 		.ascii	"GNU C 4.9.3 20150303 (release) [ARM/embedded-4_9-br"
ARM GAS  C:\Users\Helon\AppData\Local\Temp\cc9Ky5zA.s 			page 33


 1424      4320342E 
 1424      392E3320 
 1424      32303135 
 1424      30333033 
 1425 004e 616E6368 		.ascii	"anch revision 221220] -mcpu=cortex-m0 -mthumb -g -O"
 1425      20726576 
 1425      6973696F 
 1425      6E203232 
 1425      31323230 
 1426 0081 73202D66 		.ascii	"s -ffunction-sections -ffat-lto-objects\000"
 1426      66756E63 
 1426      74696F6E 
 1426      2D736563 
 1426      74696F6E 
 1427              	.LASF33:
 1428 00a9 4379496E 		.ascii	"CyIntSetVector\000"
 1428      74536574 
 1428      56656374 
 1428      6F7200
 1429              	.LASF26:
 1430 00b8 6366675F 		.ascii	"cfg_memset_list\000"
 1430      6D656D73 
 1430      65745F6C 
 1430      69737400 
 1431              	.LASF21:
 1432 00c8 436C6F63 		.ascii	"ClockSetup\000"
 1432      6B536574 
 1432      757000
 1433              	.LASF4:
 1434 00d3 73686F72 		.ascii	"short unsigned int\000"
 1434      7420756E 
 1434      7369676E 
 1434      65642069 
 1434      6E7400
 1435              	.LASF15:
 1436 00e6 666C6F61 		.ascii	"float\000"
 1436      7400
 1437              	.LASF24:
 1438 00ec 73697A65 		.ascii	"size\000"
 1438      00
 1439              	.LASF30:
 1440 00f1 43795379 		.ascii	"CySysClkWcoSetPowerMode\000"
 1440      73436C6B 
 1440      57636F53 
 1440      6574506F 
 1440      7765724D 
 1441              	.LASF18:
 1442 0109 72656738 		.ascii	"reg8\000"
 1442      00
 1443              	.LASF6:
 1444 010e 6C6F6E67 		.ascii	"long unsigned int\000"
 1444      20756E73 
 1444      69676E65 
 1444      6420696E 
 1444      7400
 1445              	.LASF36:
 1446 0120 473A5C50 		.ascii	"G:\\Project\\LiYangLiu---BLE Module\\Code\\Troughpu"
ARM GAS  C:\Users\Helon\AppData\Local\Temp\cc9Ky5zA.s 			page 34


 1446      726F6A65 
 1446      63745C4C 
 1446      6959616E 
 1446      674C6975 
 1447 014f 725F4365 		.ascii	"r_Central_Peripheral\\Troughput_Central_Peripheral."
 1447      6E747261 
 1447      6C5F5065 
 1447      72697068 
 1447      6572616C 
 1448 0181 63796473 		.ascii	"cydsn\000"
 1448      6E00
 1449              	.LASF39:
 1450 0187 43795379 		.ascii	"CySysClkWcoStart\000"
 1450      73436C6B 
 1450      57636F53 
 1450      74617274 
 1450      00
 1451              	.LASF37:
 1452 0198 43594D45 		.ascii	"CYMEMZERO\000"
 1452      4D5A4552 
 1452      4F00
 1453              	.LASF2:
 1454 01a2 756E7369 		.ascii	"unsigned char\000"
 1454      676E6564 
 1454      20636861 
 1454      7200
 1455              	.LASF27:
 1456 01b0 6D656D73 		.ascii	"memset\000"
 1456      657400
 1457              	.LASF16:
 1458 01b7 646F7562 		.ascii	"double\000"
 1458      6C6500
 1459              	.LASF40:
 1460 01be 4379496E 		.ascii	"CyIntEnable\000"
 1460      74456E61 
 1460      626C6500 
 1461              	.LASF13:
 1462 01ca 75696E74 		.ascii	"uint16\000"
 1462      313600
 1463              	.LASF17:
 1464 01d1 63797374 		.ascii	"cystatus\000"
 1464      61747573 
 1464      00
 1465              	.LASF14:
 1466 01da 75696E74 		.ascii	"uint32\000"
 1466      333200
 1467              	.LASF0:
 1468 01e1 756E7369 		.ascii	"unsigned int\000"
 1468      676E6564 
 1468      20696E74 
 1468      00
 1469              	.LASF22:
 1470 01ee 416E616C 		.ascii	"AnalogSetDefault\000"
 1470      6F675365 
 1470      74446566 
 1470      61756C74 
 1470      00
ARM GAS  C:\Users\Helon\AppData\Local\Temp\cc9Ky5zA.s 			page 35


 1471              	.LASF23:
 1472 01ff 61646472 		.ascii	"address\000"
 1472      65737300 
 1473              	.LASF8:
 1474 0207 6C6F6E67 		.ascii	"long long unsigned int\000"
 1474      206C6F6E 
 1474      6720756E 
 1474      7369676E 
 1474      65642069 
 1475              	.LASF20:
 1476 021e 63796973 		.ascii	"cyisraddress\000"
 1476      72616464 
 1476      72657373 
 1476      00
 1477              	.LASF25:
 1478 022b 6366675F 		.ascii	"cfg_memset_t\000"
 1478      6D656D73 
 1478      65745F74 
 1478      00
 1479              	.LASF35:
 1480 0238 2E5C4765 		.ascii	".\\Generated_Source\\PSoC4\\cyfitter_cfg.c\000"
 1480      6E657261 
 1480      7465645F 
 1480      536F7572 
 1480      63655C50 
 1481              	.LASF9:
 1482 0260 73697A65 		.ascii	"sizetype\000"
 1482      74797065 
 1482      00
 1483              	.LASF7:
 1484 0269 6C6F6E67 		.ascii	"long long int\000"
 1484      206C6F6E 
 1484      6720696E 
 1484      7400
 1485              	.LASF32:
 1486 0277 43794465 		.ascii	"CyDelayUs\000"
 1486      6C617955 
 1486      7300
 1487              	.LASF10:
 1488 0281 63686172 		.ascii	"char\000"
 1488      00
 1489              	.LASF31:
 1490 0286 43795379 		.ascii	"CySysClkEcoStart\000"
 1490      73436C6B 
 1490      45636F53 
 1490      74617274 
 1490      00
 1491              	.LASF38:
 1492 0297 63796669 		.ascii	"cyfitter_cfg\000"
 1492      74746572 
 1492      5F636667 
 1492      00
 1493              	.LASF3:
 1494 02a4 73686F72 		.ascii	"short int\000"
 1494      7420696E 
 1494      7400
 1495              	.LASF29:
ARM GAS  C:\Users\Helon\AppData\Local\Temp\cc9Ky5zA.s 			page 36


 1496 02ae 43795379 		.ascii	"CySysClkWriteImoFreq\000"
 1496      73436C6B 
 1496      57726974 
 1496      65496D6F 
 1496      46726571 
 1497              	.LASF12:
 1498 02c3 75696E74 		.ascii	"uint8\000"
 1498      3800
 1499              	.LASF5:
 1500 02c9 6C6F6E67 		.ascii	"long int\000"
 1500      20696E74 
 1500      00
 1501              	.LASF1:
 1502 02d2 7369676E 		.ascii	"signed char\000"
 1502      65642063 
 1502      68617200 
 1503              		.ident	"GCC: (GNU Tools for ARM Embedded Processors) 4.9.3 20150303 (release) [ARM/embedded-4_9-br
