ARM GAS  C:\Users\Helon\AppData\Local\Temp\cc9zPLcL.s 			page 1


   1              		.cpu cortex-m0
   2              		.fpu softvfp
   3              		.eabi_attribute 20, 1
   4              		.eabi_attribute 21, 1
   5              		.eabi_attribute 23, 3
   6              		.eabi_attribute 24, 1
   7              		.eabi_attribute 25, 1
   8              		.eabi_attribute 26, 1
   9              		.eabi_attribute 30, 4
  10              		.eabi_attribute 34, 0
  11              		.eabi_attribute 18, 4
  12              		.code	16
  13              		.file	"main.c"
  14              		.text
  15              	.Ltext0:
  16              		.cfi_sections	.debug_frame
  17              		.section	.text.startup.main,"ax",%progbits
  18              		.align	1
  19              		.global	main
  20              		.code	16
  21              		.thumb_func
  22              		.type	main, %function
  23              	main:
  24              	.LFB37:
  25              		.file 1 ".\\main.c"
   1:.\main.c      **** /* ========================================
   2:.\main.c      ****  *
   3:.\main.c      ****  * Copyright YOUR COMPANY, THE YEAR
   4:.\main.c      ****  * All Rights Reserved
   5:.\main.c      ****  * UNPUBLISHED, LICENSED SOFTWARE.
   6:.\main.c      ****  *
   7:.\main.c      ****  * CONFIDENTIAL AND PROPRIETARY INFORMATION
   8:.\main.c      ****  * WHICH IS THE PROPERTY OF your company.
   9:.\main.c      ****  *
  10:.\main.c      ****  * ========================================
  11:.\main.c      **** */
  12:.\main.c      **** #include <project.h>
  13:.\main.c      **** #include "BLEApplication.h"
  14:.\main.c      **** #include "BLEClient.h"
  15:.\main.c      **** #include<stdio.h>
  16:.\main.c      **** #include<string.h>
  17:.\main.c      **** #include "WriteUserSFlash.h"
  18:.\main.c      **** /***************************************
  19:.\main.c      **** * Â§ñÈÉ®ÂÖ®Â±ÄÂèòÈáèÂ£∞Êòé
  20:.\main.c      **** ***************************************/
  21:.\main.c      **** //extern uint8_t  StartScan;
  22:.\main.c      **** //extern uint8_t DeviceList[DeviceListCount];
  23:.\main.c      **** //extern AdvDataInfo DeviceInfo;
  24:.\main.c      **** extern uint8_t DeviceCount;
  25:.\main.c      **** extern uint8_t LowPower_EN;
  26:.\main.c      **** //extern char* StringArry[];
  27:.\main.c      **** extern uint8_t rx_isover;
  28:.\main.c      **** extern uint8_t RX_BUFFER[BUFFER_LENGHTH];
  29:.\main.c      **** extern uint8_t Buffer_Length;
  30:.\main.c      **** extern uint8_t charNotificationEnabled;
  31:.\main.c      **** extern uint8_t _10sIsOver;
  32:.\main.c      **** extern CYBLE_GATTC_WRITE_REQ_T writeRequestData;
ARM GAS  C:\Users\Helon\AppData\Local\Temp\cc9zPLcL.s 			page 2


  33:.\main.c      **** extern uint8_t Role;
  34:.\main.c      **** extern uint8_t TroughtTest_Flag;
  35:.\main.c      **** extern uint8_t CommandMode;
  36:.\main.c      **** extern uint8 buffer[20];
  37:.\main.c      **** extern uint16 negotiatedMtu;
  38:.\main.c      **** extern char SetDeviceName[23];
  39:.\main.c      **** extern uint8_t Bond;
  40:.\main.c      **** extern uint8_t ConnStaus;
  41:.\main.c      **** extern CYBLE_GAP_BD_ADDR_T clearAllDevices;
  42:.\main.c      **** //extern uint8_t DeviceConned;
  43:.\main.c      **** //extern CYBLE_CONN_HANDLE_T	connHandle;
  44:.\main.c      **** int main()
  45:.\main.c      **** {
  26              		.loc 1 45 0
  27              		.cfi_startproc
  28 0000 70B5     		push	{r4, r5, r6, lr}
  29              		.cfi_def_cfa_offset 16
  30              		.cfi_offset 4, -16
  31              		.cfi_offset 5, -12
  32              		.cfi_offset 6, -8
  33              		.cfi_offset 14, -4
  34 0002 88B0     		sub	sp, sp, #32
  35              		.cfi_def_cfa_offset 48
  46:.\main.c      ****     CyGlobalIntEnable; /* Enable global interrupts. */
  36              		.loc 1 46 0
  37              	@ 46 ".\main.c" 1
  38 0004 62B6     		CPSIE   i
  39              	@ 0 "" 2
  47:.\main.c      ****     CYBLE_GAP_BONDED_DEV_ADDR_LIST_T bondedDevList;
  48:.\main.c      ****     
  49:.\main.c      ****     /* Place your initialization/startup code here (e.g. MyInst_Start()) */
  50:.\main.c      **** //    uint8_t test[20]={0};
  51:.\main.c      **** //    uint32 test=12345;
  52:.\main.c      ****     if(Central==ReadDataFromSFlash())//ÊØèÊ¨°Â§ç‰ΩçÂùáË¶Å‰ªéSFlash‰∏≠ËØªÂèñÊ®°ÂºèÊ†áÂøó‰ΩçÊù•Âà§Êñ≠
  40              		.loc 1 52 0
  41              		.code	16
  42 0006 FFF7FEFF 		bl	ReadDataFromSFlash
  43              	.LVL0:
  44 000a 194C     		ldr	r4, .L17
  45 000c 0128     		cmp	r0, #1
  46 000e 01D1     		bne	.L2
  53:.\main.c      ****     {
  54:.\main.c      ****         Role=Central;
  47              		.loc 1 54 0
  48 0010 2070     		strb	r0, [r4]
  49 0012 01E0     		b	.L3
  50              	.L2:
  55:.\main.c      ****     }
  56:.\main.c      ****     else
  57:.\main.c      ****     {
  58:.\main.c      ****         Role=Peripheral;
  51              		.loc 1 58 0
  52 0014 0023     		mov	r3, #0
  53 0016 2370     		strb	r3, [r4]
  54              	.L3:
  59:.\main.c      ****     }
  60:.\main.c      ****     if(ReadDeviceNameFromSFlash())
ARM GAS  C:\Users\Helon\AppData\Local\Temp\cc9zPLcL.s 			page 3


  55              		.loc 1 60 0
  56 0018 FFF7FEFF 		bl	ReadDeviceNameFromSFlash
  57              	.LVL1:
  58 001c 0028     		cmp	r0, #0
  59 001e 02D0     		beq	.L4
  61:.\main.c      ****     {
  62:.\main.c      ****         CyBle_GapSetLocalName(SetDeviceName);
  60              		.loc 1 62 0
  61 0020 1448     		ldr	r0, .L17+4
  62 0022 FFF7FEFF 		bl	CyBle_GapSetLocalName
  63              	.LVL2:
  64              	.L4:
  63:.\main.c      ****     }
  64:.\main.c      ****     SystemInitialization();  
  65              		.loc 1 64 0
  66 0026 FFF7FEFF 		bl	SystemInitialization
  67              	.LVL3:
  68              	.L9:
  65:.\main.c      **** //     printf("+AUTHKEY=%6ld\r\n",test);
  66:.\main.c      ****     for(;;)
  67:.\main.c      ****     {
  68:.\main.c      ****         
  69:.\main.c      ****         /* Place your application code here. */ 
  70:.\main.c      **** //        CyDelay(10);
  71:.\main.c      **** //        if(rx_isover)
  72:.\main.c      **** //        {
  73:.\main.c      **** //            rx_isover=FALSE;
  74:.\main.c      **** //            while(0!=UART_SpiUartGetRxBufferSize())
  75:.\main.c      **** //            {                
  76:.\main.c      **** //                RX_BUFFER[Buffer_Length]=UART_UartGetByte();//ËØªÂèñ‰∏≤Âè£Êé•Êî∂ÁºìÂÜ≤Âå∫ÁöÑÊï∞Êç
  77:.\main.c      **** //                Buffer_Length++;
  78:.\main.c      **** ////                UART_UartPutChar(UART_UartGetByte());
  79:.\main.c      **** //            }
  80:.\main.c      **** //            //‰∏≤Âè£Êé•Êî∂ÁöÑÊï∞ÊçÆÈïøÂ∫¶Ê∏ÖÈõ∂,‰ª•‰æø‰∏ã‰∏ÄÊù°ÂëΩ‰ª§ËøáÊù•Êó∂ËøòÊòØÂ≠òÊîæÂú®Êï∞Á
  81:.\main.c      **** //            Buffer_Length=0;
  82:.\main.c      **** //            Parser_UartData((char*)RX_BUFFER);
  83:.\main.c      **** //            memset(RX_BUFFER,0,sizeof(RX_BUFFER));
  84:.\main.c      **** //        }
  85:.\main.c      **** //        if(UART_GetRxInterruptSourceMasked()&UART_INTR_RX_NOT_EMPTY)
  86:.\main.c      **** //        {
  87:.\main.c      **** //            
  88:.\main.c      **** //        }
  89:.\main.c      ****         Master_Slave_UartHandler(Role);
  69              		.loc 1 89 0
  70 002a 2078     		ldrb	r0, [r4]
  71 002c FFF7FEFF 		bl	Master_Slave_UartHandler
  72              	.LVL4:
  90:.\main.c      ****         if(ConnStaus)
  73              		.loc 1 90 0
  74 0030 114B     		ldr	r3, .L17+8
  75 0032 1A78     		ldrb	r2, [r3]
  76 0034 002A     		cmp	r2, #0
  77 0036 17D0     		beq	.L5
  91:.\main.c      ****         {
  92:.\main.c      ****             ConnStaus = FALSE;
  78              		.loc 1 92 0
  79 0038 0022     		mov	r2, #0
ARM GAS  C:\Users\Helon\AppData\Local\Temp\cc9zPLcL.s 			page 4


  93:.\main.c      ****             CyBle_GapGetBondedDevicesList(&bondedDevList);//Èò≤Ê≠¢Âç≥‰ΩøÊéâÁîµÂêéÔºåÂÜçÊ¨°ÂèëËµ∑Ê∏Ö
  80              		.loc 1 93 0
  81 003a 6846     		mov	r0, sp
  92:.\main.c      ****             CyBle_GapGetBondedDevicesList(&bondedDevList);//Èò≤Ê≠¢Âç≥‰ΩøÊéâÁîµÂêéÔºåÂÜçÊ¨°ÂèëËµ∑Ê∏Ö
  82              		.loc 1 92 0
  83 003c 1A70     		strb	r2, [r3]
  84              		.loc 1 93 0
  85 003e FFF7FEFF 		bl	CyBle_GapGetBondedDevicesList
  86              	.LVL5:
  94:.\main.c      ****             if(bondedDevList.count)
  87              		.loc 1 94 0
  88 0042 6B46     		mov	r3, sp
  89 0044 1B78     		ldrb	r3, [r3]
  90 0046 0D4D     		ldr	r5, .L17+12
  91 0048 002B     		cmp	r3, #0
  92 004a 00D0     		beq	.L6
  95:.\main.c      ****                 Bond=TURE;
  93              		.loc 1 95 0
  94 004c 0123     		mov	r3, #1
  95              	.L6:
  96:.\main.c      ****             else
  97:.\main.c      ****                 Bond=FALSE;
  98:.\main.c      ****             CyBle_GapRemoveDeviceFromWhiteList(&clearAllDevices);//Ê∏ÖÈô§ÁªëÂÆöÂÖà‰ªéÁôΩÂêçÂçï‰∏≠Ê∏
  96              		.loc 1 98 0
  97 004e 0C48     		ldr	r0, .L17+16
  97:.\main.c      ****             CyBle_GapRemoveDeviceFromWhiteList(&clearAllDevices);//Ê∏ÖÈô§ÁªëÂÆöÂÖà‰ªéÁôΩÂêçÂçï‰∏≠Ê∏
  98              		.loc 1 97 0
  99 0050 2B70     		strb	r3, [r5]
 100              		.loc 1 98 0
 101 0052 FFF7FEFF 		bl	CyBle_GapRemoveDeviceFromWhiteList
 102              	.LVL6:
 103              	.L8:
  99:.\main.c      ****             while(CYBLE_ERROR_OK != CyBle_StoreBondingData(1));
 104              		.loc 1 99 0 discriminator 1
 105 0056 0120     		mov	r0, #1
 106 0058 FFF7FEFF 		bl	CyBle_StoreBondingData
 107              	.LVL7:
 108 005c 061E     		sub	r6, r0, #0
 109 005e FAD1     		bne	.L8
 100:.\main.c      ****             printf("+BOND=0\r\n");//Ê∏ÖÈô§ÁªëÂÆöÊàêÂäü
 110              		.loc 1 100 0
 111 0060 0848     		ldr	r0, .L17+20
 112 0062 FFF7FEFF 		bl	puts
 113              	.LVL8:
 101:.\main.c      ****             Bond=FALSE;
 114              		.loc 1 101 0
 115 0066 2E70     		strb	r6, [r5]
 116              	.L5:
 102:.\main.c      ****         }
 103:.\main.c      **** //        if(DeviceConned)
 104:.\main.c      **** //        {
 105:.\main.c      **** //            DeviceConned = FALSE;
 106:.\main.c      **** //            range.startHandle=0x0001;//ÂºÄÂßãÂè•ÊüÑ‰∏çËÉΩ‰ªé0ÂºÄÂßãÔºåÂè™ËÉΩ‰ªé1ÂºÄÂßã
 107:.\main.c      **** //            range.endHandle=0xFFFF;  
 108:.\main.c      **** //            CyBle_GattcDiscoverAllCharacteristics(cyBle_connHandle,range);//‰∏ÄÊó¶ËøûÊé•ÂÆåÊàêÂ∞±
 109:.\main.c      **** //            CyBle_ProcessEvents();
 110:.\main.c      **** //        }
ARM GAS  C:\Users\Helon\AppData\Local\Temp\cc9zPLcL.s 			page 5


 111:.\main.c      **** //      ‰øùÂ≠òPeer DeviceÁöÑ‰ø°ÊÅØÂà∞Flash‰∏≠ÔºåÂç≥ÁªëÂÆö‰∏ªÊú∫Á´ØÁöÑ‰ø°ÊÅØÔºåÊñπ‰æø‰∏ãÊ¨°Âø´ÈÄüÈáç
 112:.\main.c      ****         #ifdef RELEASE
 113:.\main.c      ****         if((cyBle_pendingFlashWrite != 0u) &&
 114:.\main.c      ****            ((UART_SpiUartGetTxBufferSize() + UART_GET_TX_FIFO_SR_VALID) == 0u))
 115:.\main.c      ****         {
 116:.\main.c      ****             // Store Bonding informtation to flash             
 117:.\main.c      ****             if ( CyBle_StoreBondingData(0u) == CYBLE_ERROR_OK)
 118:.\main.c      ****             {
 119:.\main.c      ****                 if(Bond==FALSE)
 120:.\main.c      ****                 {
 121:.\main.c      ****                     Bond=TURE;
 122:.\main.c      ****                     printf("+BOND=1\r\n");
 123:.\main.c      ****                 }
 124:.\main.c      ****             }
 125:.\main.c      **** //            else
 126:.\main.c      **** //            {
 127:.\main.c      **** ////                printf ("Bonding data storing pending\r\n");
 128:.\main.c      **** //            }
 129:.\main.c      ****         }
 130:.\main.c      ****         #endif
 131:.\main.c      ****         //‰∏ªÊú∫Â§ÑÁêÜ10sÂÆöÊó∂Âô®,10ÁßíÂÜÖÁªô‰ªéÊú∫ÂèëÈÄÅÁöÑÊï∞ÊçÆÔºåÊµãËØïÈÄè‰º†ÈÄüÁéá‰ΩøÁî®
 132:.\main.c      **** //        if(_10sIsOver)
 133:.\main.c      **** //        {
 134:.\main.c      **** //            _10sIsOver=FALSE;
 135:.\main.c      **** //            memcpy(test,buffer,20);
 136:.\main.c      **** //            writeRequestData.value.val=test;
 137:.\main.c      **** //            writeRequestData.value.len=20;
 138:.\main.c      **** //            writeRequestData.attrHandle=CYBLE_TROUGHPUT_SERVICE_CUSTOM_CHARACTERISTIC_CHAR_HANDLE
 139:.\main.c      **** //            CyBle_GattcWriteWithoutResponse(cyBle_connHandle, &writeRequestData);
 140:.\main.c      **** ////            writeRequestData.value.val[0]=0x00;
 141:.\main.c      **** ////            writeRequestData.attrHandle=CYBLE_TROUGHPUT_SERVICE_SPEEDTEST_CHAR_HANDLE;
 142:.\main.c      **** ////            CyBle_GattcWriteCharacteristicValue(cyBle_connHandle, &writeRequestData);   
 143:.\main.c      **** //            CyBle_ProcessEvents(); 
 144:.\main.c      **** //        }
 145:.\main.c      ****         //        ÊµãËØïÈÄè‰º†ÈÄüÁéáÁî®
 146:.\main.c      **** //        if((TroughtTest_Flag == TURE)&&(Role == Peripheral))
 147:.\main.c      **** //        {
 148:.\main.c      **** //            /* Send new data only when the previous data has gone out, 
 149:.\main.c      **** //             * which is indicated by Stack being Free.
 150:.\main.c      **** //             */
 151:.\main.c      **** ////            printf("SendNotification\r\n");
 152:.\main.c      **** //            if(CyBle_GattGetBusStatus() == CYBLE_STACK_STATE_FREE)
 153:.\main.c      **** //            {
 154:.\main.c      **** //                SendNotification(buffer,negotiated Mtu);                
 155:.\main.c      **** //            }
 156:.\main.c      **** //        }
 157:.\main.c      **** //        if(LowPower_EN)
 158:.\main.c      **** //        {
 159:.\main.c      **** //            CyBle_ProcessEvents();            
 160:.\main.c      **** //            LowPowerManagement();
 161:.\main.c      **** //        }
 162:.\main.c      ****         
 163:.\main.c      **** //        #ifdef LOW_POWER_EN
 164:.\main.c      **** //        /* Call CyBle_ProcessEvents to process all events before going to sleep. */
 165:.\main.c      **** //		CyBle_ProcessEvents();            
 166:.\main.c      **** //        LowPowerManagement();
 167:.\main.c      **** //        #endif    
ARM GAS  C:\Users\Helon\AppData\Local\Temp\cc9zPLcL.s 			page 6


 168:.\main.c      ****         CyBle_ProcessEvents();
 117              		.loc 1 168 0
 118 0068 FFF7FEFF 		bl	CyBle_ProcessEvents
 119              	.LVL9:
 169:.\main.c      ****     }
 120              		.loc 1 169 0
 121 006c DDE7     		b	.L9
 122              	.L18:
 123 006e C046     		.align	2
 124              	.L17:
 125 0070 00000000 		.word	Role
 126 0074 00000000 		.word	SetDeviceName
 127 0078 00000000 		.word	ConnStaus
 128 007c 00000000 		.word	Bond
 129 0080 00000000 		.word	clearAllDevices
 130 0084 00000000 		.word	.LC5
 131              		.cfi_endproc
 132              	.LFE37:
 133              		.size	main, .-main
 134              		.section	.rodata.str1.1,"aMS",%progbits,1
 135              	.LC5:
 136 0000 2B424F4E 		.ascii	"+BOND=0\015\000"
 136      443D300D 
 136      00
 137              		.text
 138              	.Letext0:
 139              		.file 2 "c:\\program files (x86)\\cypress\\psoc creator\\3.3\\psoc creator\\import\\gnu\\arm\\4.9.
 140              		.file 3 "c:\\program files (x86)\\cypress\\psoc creator\\3.3\\psoc creator\\import\\gnu\\arm\\4.9.
 141              		.file 4 "Generated_Source\\PSoC4/cytypes.h"
 142              		.file 5 "Generated_Source\\PSoC4/BLE_Stack.h"
 143              		.file 6 "Generated_Source\\PSoC4/BLE_StackGap.h"
 144              		.file 7 ".\\WriteUserSFlash.h"
 145              		.file 8 ".\\BLEApplication.h"
 146              		.file 9 "Generated_Source\\PSoC4/BLE_eventHandler.h"
 147              		.file 10 "Generated_Source\\PSoC4/BLE.h"
 148              		.file 11 "<built-in>"
 149              		.section	.debug_info,"",%progbits
 150              	.Ldebug_info0:
 151 0000 CF030000 		.4byte	0x3cf
 152 0004 0400     		.2byte	0x4
 153 0006 00000000 		.4byte	.Ldebug_abbrev0
 154 000a 04       		.byte	0x4
 155 000b 01       		.uleb128 0x1
 156 000c 1A010000 		.4byte	.LASF70
 157 0010 01       		.byte	0x1
 158 0011 E1050000 		.4byte	.LASF71
 159 0015 B3000000 		.4byte	.LASF72
 160 0019 00000000 		.4byte	.Ldebug_ranges0+0
 161 001d 00000000 		.4byte	0
 162 0021 00000000 		.4byte	.Ldebug_line0
 163 0025 02       		.uleb128 0x2
 164 0026 01       		.byte	0x1
 165 0027 06       		.byte	0x6
 166 0028 EF030000 		.4byte	.LASF0
 167 002c 03       		.uleb128 0x3
 168 002d 5B030000 		.4byte	.LASF9
 169 0031 02       		.byte	0x2
ARM GAS  C:\Users\Helon\AppData\Local\Temp\cc9zPLcL.s 			page 7


 170 0032 1D       		.byte	0x1d
 171 0033 37000000 		.4byte	0x37
 172 0037 02       		.uleb128 0x2
 173 0038 01       		.byte	0x1
 174 0039 08       		.byte	0x8
 175 003a B0030000 		.4byte	.LASF1
 176 003e 02       		.uleb128 0x2
 177 003f 02       		.byte	0x2
 178 0040 05       		.byte	0x5
 179 0041 2A020000 		.4byte	.LASF2
 180 0045 02       		.uleb128 0x2
 181 0046 02       		.byte	0x2
 182 0047 07       		.byte	0x7
 183 0048 86040000 		.4byte	.LASF3
 184 004c 02       		.uleb128 0x2
 185 004d 04       		.byte	0x4
 186 004e 05       		.byte	0x5
 187 004f 52030000 		.4byte	.LASF4
 188 0053 02       		.uleb128 0x2
 189 0054 04       		.byte	0x4
 190 0055 07       		.byte	0x7
 191 0056 2F050000 		.4byte	.LASF5
 192 005a 02       		.uleb128 0x2
 193 005b 08       		.byte	0x8
 194 005c 05       		.byte	0x5
 195 005d 24030000 		.4byte	.LASF6
 196 0061 02       		.uleb128 0x2
 197 0062 08       		.byte	0x8
 198 0063 07       		.byte	0x7
 199 0064 FB030000 		.4byte	.LASF7
 200 0068 04       		.uleb128 0x4
 201 0069 04       		.byte	0x4
 202 006a 05       		.byte	0x5
 203 006b 696E7400 		.ascii	"int\000"
 204 006f 02       		.uleb128 0x2
 205 0070 04       		.byte	0x4
 206 0071 07       		.byte	0x7
 207 0072 2C040000 		.4byte	.LASF8
 208 0076 03       		.uleb128 0x3
 209 0077 8E020000 		.4byte	.LASF10
 210 007b 03       		.byte	0x3
 211 007c 15       		.byte	0x15
 212 007d 2C000000 		.4byte	0x2c
 213 0081 05       		.uleb128 0x5
 214 0082 96020000 		.4byte	.LASF11
 215 0086 04       		.byte	0x4
 216 0087 3801     		.2byte	0x138
 217 0089 37000000 		.4byte	0x37
 218 008d 02       		.uleb128 0x2
 219 008e 04       		.byte	0x4
 220 008f 04       		.byte	0x4
 221 0090 4E000000 		.4byte	.LASF12
 222 0094 02       		.uleb128 0x2
 223 0095 08       		.byte	0x8
 224 0096 04       		.byte	0x4
 225 0097 41050000 		.4byte	.LASF13
 226 009b 05       		.uleb128 0x5
ARM GAS  C:\Users\Helon\AppData\Local\Temp\cc9zPLcL.s 			page 8


 227 009c D7010000 		.4byte	.LASF14
 228 00a0 04       		.byte	0x4
 229 00a1 4901     		.2byte	0x149
 230 00a3 A7000000 		.4byte	0xa7
 231 00a7 02       		.uleb128 0x2
 232 00a8 01       		.byte	0x1
 233 00a9 08       		.byte	0x8
 234 00aa 99040000 		.4byte	.LASF15
 235 00ae 02       		.uleb128 0x2
 236 00af 04       		.byte	0x4
 237 00b0 07       		.byte	0x7
 238 00b1 BF010000 		.4byte	.LASF16
 239 00b5 06       		.uleb128 0x6
 240 00b6 04       		.byte	0x4
 241 00b7 BB000000 		.4byte	0xbb
 242 00bb 07       		.uleb128 0x7
 243 00bc A7000000 		.4byte	0xa7
 244 00c0 08       		.uleb128 0x8
 245 00c1 02       		.byte	0x2
 246 00c2 05       		.byte	0x5
 247 00c3 FF02     		.2byte	0x2ff
 248 00c5 90010000 		.4byte	0x190
 249 00c9 09       		.uleb128 0x9
 250 00ca C8010000 		.4byte	.LASF17
 251 00ce 00       		.sleb128 0
 252 00cf 09       		.uleb128 0x9
 253 00d0 34020000 		.4byte	.LASF18
 254 00d4 01       		.sleb128 1
 255 00d5 09       		.uleb128 0x9
 256 00d6 70020000 		.4byte	.LASF19
 257 00da 02       		.sleb128 2
 258 00db 09       		.uleb128 0x9
 259 00dc BF040000 		.4byte	.LASF20
 260 00e0 03       		.sleb128 3
 261 00e1 09       		.uleb128 0x9
 262 00e2 FC020000 		.4byte	.LASF21
 263 00e6 04       		.sleb128 4
 264 00e7 09       		.uleb128 0x9
 265 00e8 52020000 		.4byte	.LASF22
 266 00ec 05       		.sleb128 5
 267 00ed 09       		.uleb128 0x9
 268 00ee C8020000 		.4byte	.LASF23
 269 00f2 06       		.sleb128 6
 270 00f3 09       		.uleb128 0x9
 271 00f4 93030000 		.4byte	.LASF24
 272 00f8 07       		.sleb128 7
 273 00f9 09       		.uleb128 0x9
 274 00fa 65030000 		.4byte	.LASF25
 275 00fe 08       		.sleb128 8
 276 00ff 09       		.uleb128 0x9
 277 0100 17040000 		.4byte	.LASF26
 278 0104 09       		.sleb128 9
 279 0105 09       		.uleb128 0x9
 280 0106 E2020000 		.4byte	.LASF27
 281 010a 0A       		.sleb128 10
 282 010b 09       		.uleb128 0x9
 283 010c 32030000 		.4byte	.LASF28
ARM GAS  C:\Users\Helon\AppData\Local\Temp\cc9zPLcL.s 			page 9


 284 0110 0B       		.sleb128 11
 285 0111 09       		.uleb128 0x9
 286 0112 78000000 		.4byte	.LASF29
 287 0116 0C       		.sleb128 12
 288 0117 09       		.uleb128 0x9
 289 0118 39040000 		.4byte	.LASF30
 290 011c 0D       		.sleb128 13
 291 011d 09       		.uleb128 0x9
 292 011e 25000000 		.4byte	.LASF31
 293 0122 0E       		.sleb128 14
 294 0123 09       		.uleb128 0x9
 295 0124 00000000 		.4byte	.LASF32
 296 0128 0F       		.sleb128 15
 297 0129 09       		.uleb128 0x9
 298 012a AF060000 		.4byte	.LASF33
 299 012e 10       		.sleb128 16
 300 012f 09       		.uleb128 0x9
 301 0130 8F000000 		.4byte	.LASF34
 302 0134 11       		.sleb128 17
 303 0135 09       		.uleb128 0x9
 304 0136 9B050000 		.4byte	.LASF35
 305 013a 12       		.sleb128 18
 306 013b 09       		.uleb128 0x9
 307 013c 87060000 		.4byte	.LASF36
 308 0140 13       		.sleb128 19
 309 0141 09       		.uleb128 0x9
 310 0142 17060000 		.4byte	.LASF37
 311 0146 27       		.sleb128 39
 312 0147 09       		.uleb128 0x9
 313 0148 DD010000 		.4byte	.LASF38
 314 014c 28       		.sleb128 40
 315 014d 09       		.uleb128 0x9
 316 014e 0E020000 		.4byte	.LASF39
 317 0152 29       		.sleb128 41
 318 0153 09       		.uleb128 0x9
 319 0154 C4050000 		.4byte	.LASF40
 320 0158 2A       		.sleb128 42
 321 0159 09       		.uleb128 0x9
 322 015a E4040000 		.4byte	.LASF41
 323 015e 2B       		.sleb128 43
 324 015f 09       		.uleb128 0x9
 325 0160 BE030000 		.4byte	.LASF42
 326 0164 2C       		.sleb128 44
 327 0165 09       		.uleb128 0x9
 328 0166 9E040000 		.4byte	.LASF43
 329 016a FE01     		.sleb128 254
 330 016c 09       		.uleb128 0x9
 331 016d 4F060000 		.4byte	.LASF44
 332 0171 FF01     		.sleb128 255
 333 0173 09       		.uleb128 0x9
 334 0174 EA050000 		.4byte	.LASF45
 335 0178 8002     		.sleb128 256
 336 017a 09       		.uleb128 0x9
 337 017b 00070000 		.4byte	.LASF46
 338 017f 8102     		.sleb128 257
 339 0181 09       		.uleb128 0x9
 340 0182 63040000 		.4byte	.LASF47
ARM GAS  C:\Users\Helon\AppData\Local\Temp\cc9zPLcL.s 			page 10


 341 0186 8202     		.sleb128 258
 342 0188 09       		.uleb128 0x9
 343 0189 5F060000 		.4byte	.LASF48
 344 018d 8302     		.sleb128 259
 345 018f 00       		.byte	0
 346 0190 05       		.uleb128 0x5
 347 0191 9C020000 		.4byte	.LASF49
 348 0195 05       		.byte	0x5
 349 0196 6B03     		.2byte	0x36b
 350 0198 C0000000 		.4byte	0xc0
 351 019c 0A       		.uleb128 0xa
 352 019d 07       		.byte	0x7
 353 019e 05       		.byte	0x5
 354 019f 2804     		.2byte	0x428
 355 01a1 C0010000 		.4byte	0x1c0
 356 01a5 0B       		.uleb128 0xb
 357 01a6 02020000 		.4byte	.LASF50
 358 01aa 05       		.byte	0x5
 359 01ab 2B04     		.2byte	0x42b
 360 01ad C0010000 		.4byte	0x1c0
 361 01b1 00       		.byte	0
 362 01b2 0B       		.uleb128 0xb
 363 01b3 12040000 		.4byte	.LASF51
 364 01b7 05       		.byte	0x5
 365 01b8 2D04     		.2byte	0x42d
 366 01ba 81000000 		.4byte	0x81
 367 01be 06       		.byte	0x6
 368 01bf 00       		.byte	0
 369 01c0 0C       		.uleb128 0xc
 370 01c1 81000000 		.4byte	0x81
 371 01c5 D0010000 		.4byte	0x1d0
 372 01c9 0D       		.uleb128 0xd
 373 01ca AE000000 		.4byte	0xae
 374 01ce 05       		.byte	0x5
 375 01cf 00       		.byte	0
 376 01d0 05       		.uleb128 0x5
 377 01d1 03060000 		.4byte	.LASF52
 378 01d5 05       		.byte	0x5
 379 01d6 2E04     		.2byte	0x42e
 380 01d8 9C010000 		.4byte	0x19c
 381 01dc 0A       		.uleb128 0xa
 382 01dd 1D       		.byte	0x1d
 383 01de 06       		.byte	0x6
 384 01df E401     		.2byte	0x1e4
 385 01e1 00020000 		.4byte	0x200
 386 01e5 0B       		.uleb128 0xb
 387 01e6 BE050000 		.4byte	.LASF53
 388 01ea 06       		.byte	0x6
 389 01eb E701     		.2byte	0x1e7
 390 01ed 81000000 		.4byte	0x81
 391 01f1 00       		.byte	0
 392 01f2 0B       		.uleb128 0xb
 393 01f3 48050000 		.4byte	.LASF54
 394 01f7 06       		.byte	0x6
 395 01f8 EC01     		.2byte	0x1ec
 396 01fa 00020000 		.4byte	0x200
 397 01fe 01       		.byte	0x1
ARM GAS  C:\Users\Helon\AppData\Local\Temp\cc9zPLcL.s 			page 11


 398 01ff 00       		.byte	0
 399 0200 0C       		.uleb128 0xc
 400 0201 D0010000 		.4byte	0x1d0
 401 0205 10020000 		.4byte	0x210
 402 0209 0D       		.uleb128 0xd
 403 020a AE000000 		.4byte	0xae
 404 020e 03       		.byte	0x3
 405 020f 00       		.byte	0
 406 0210 05       		.uleb128 0x5
 407 0211 67050000 		.4byte	.LASF55
 408 0215 06       		.byte	0x6
 409 0216 EE01     		.2byte	0x1ee
 410 0218 DC010000 		.4byte	0x1dc
 411 021c 0E       		.uleb128 0xe
 412 021d 09020000 		.4byte	.LASF73
 413 0221 01       		.byte	0x1
 414 0222 2C       		.byte	0x2c
 415 0223 68000000 		.4byte	0x68
 416 0227 00000000 		.4byte	.LFB37
 417 022b 88000000 		.4byte	.LFE37-.LFB37
 418 022f 01       		.uleb128 0x1
 419 0230 9C       		.byte	0x9c
 420 0231 C1020000 		.4byte	0x2c1
 421 0235 0F       		.uleb128 0xf
 422 0236 79060000 		.4byte	.LASF74
 423 023a 01       		.byte	0x1
 424 023b 2F       		.byte	0x2f
 425 023c 10020000 		.4byte	0x210
 426 0240 02       		.uleb128 0x2
 427 0241 91       		.byte	0x91
 428 0242 50       		.sleb128 -48
 429 0243 10       		.uleb128 0x10
 430 0244 0A000000 		.4byte	.LVL0
 431 0248 08030000 		.4byte	0x308
 432 024c 10       		.uleb128 0x10
 433 024d 1C000000 		.4byte	.LVL1
 434 0251 19030000 		.4byte	0x319
 435 0255 10       		.uleb128 0x10
 436 0256 26000000 		.4byte	.LVL2
 437 025a 2A030000 		.4byte	0x32a
 438 025e 10       		.uleb128 0x10
 439 025f 2A000000 		.4byte	.LVL3
 440 0263 4B030000 		.4byte	0x34b
 441 0267 10       		.uleb128 0x10
 442 0268 30000000 		.4byte	.LVL4
 443 026c 52030000 		.4byte	0x352
 444 0270 11       		.uleb128 0x11
 445 0271 42000000 		.4byte	.LVL5
 446 0275 63030000 		.4byte	0x363
 447 0279 84020000 		.4byte	0x284
 448 027d 12       		.uleb128 0x12
 449 027e 01       		.uleb128 0x1
 450 027f 50       		.byte	0x50
 451 0280 02       		.uleb128 0x2
 452 0281 7D       		.byte	0x7d
 453 0282 00       		.sleb128 0
 454 0283 00       		.byte	0
ARM GAS  C:\Users\Helon\AppData\Local\Temp\cc9zPLcL.s 			page 12


 455 0284 10       		.uleb128 0x10
 456 0285 56000000 		.4byte	.LVL6
 457 0289 7F030000 		.4byte	0x37f
 458 028d 11       		.uleb128 0x11
 459 028e 5C000000 		.4byte	.LVL7
 460 0292 9B030000 		.4byte	0x39b
 461 0296 A0020000 		.4byte	0x2a0
 462 029a 12       		.uleb128 0x12
 463 029b 01       		.uleb128 0x1
 464 029c 50       		.byte	0x50
 465 029d 01       		.uleb128 0x1
 466 029e 31       		.byte	0x31
 467 029f 00       		.byte	0
 468 02a0 11       		.uleb128 0x11
 469 02a1 66000000 		.4byte	.LVL8
 470 02a5 B1030000 		.4byte	0x3b1
 471 02a9 B7020000 		.4byte	0x2b7
 472 02ad 12       		.uleb128 0x12
 473 02ae 01       		.uleb128 0x1
 474 02af 50       		.byte	0x50
 475 02b0 05       		.uleb128 0x5
 476 02b1 03       		.byte	0x3
 477 02b2 00000000 		.4byte	.LC5
 478 02b6 00       		.byte	0
 479 02b7 10       		.uleb128 0x10
 480 02b8 6C000000 		.4byte	.LVL9
 481 02bc CA030000 		.4byte	0x3ca
 482 02c0 00       		.byte	0
 483 02c1 13       		.uleb128 0x13
 484 02c2 1F030000 		.4byte	.LASF56
 485 02c6 01       		.byte	0x1
 486 02c7 21       		.byte	0x21
 487 02c8 76000000 		.4byte	0x76
 488 02cc 0C       		.uleb128 0xc
 489 02cd A7000000 		.4byte	0xa7
 490 02d1 DC020000 		.4byte	0x2dc
 491 02d5 0D       		.uleb128 0xd
 492 02d6 AE000000 		.4byte	0xae
 493 02da 16       		.byte	0x16
 494 02db 00       		.byte	0
 495 02dc 13       		.uleb128 0x13
 496 02dd 21050000 		.4byte	.LASF57
 497 02e1 01       		.byte	0x1
 498 02e2 26       		.byte	0x26
 499 02e3 CC020000 		.4byte	0x2cc
 500 02e7 13       		.uleb128 0x13
 501 02e8 BA040000 		.4byte	.LASF58
 502 02ec 01       		.byte	0x1
 503 02ed 27       		.byte	0x27
 504 02ee 76000000 		.4byte	0x76
 505 02f2 13       		.uleb128 0x13
 506 02f3 17050000 		.4byte	.LASF59
 507 02f7 01       		.byte	0x1
 508 02f8 28       		.byte	0x28
 509 02f9 76000000 		.4byte	0x76
 510 02fd 13       		.uleb128 0x13
 511 02fe 83030000 		.4byte	.LASF60
ARM GAS  C:\Users\Helon\AppData\Local\Temp\cc9zPLcL.s 			page 13


 512 0302 01       		.byte	0x1
 513 0303 29       		.byte	0x29
 514 0304 D0010000 		.4byte	0x1d0
 515 0308 14       		.uleb128 0x14
 516 0309 88050000 		.4byte	.LASF61
 517 030d 07       		.byte	0x7
 518 030e 34       		.byte	0x34
 519 030f 76000000 		.4byte	0x76
 520 0313 19030000 		.4byte	0x319
 521 0317 15       		.uleb128 0x15
 522 0318 00       		.byte	0
 523 0319 14       		.uleb128 0x14
 524 031a D6030000 		.4byte	.LASF62
 525 031e 07       		.byte	0x7
 526 031f 35       		.byte	0x35
 527 0320 76000000 		.4byte	0x76
 528 0324 2A030000 		.4byte	0x32a
 529 0328 15       		.uleb128 0x15
 530 0329 00       		.byte	0
 531 032a 16       		.uleb128 0x16
 532 032b 39060000 		.4byte	.LASF64
 533 032f 09       		.byte	0x9
 534 0330 0709     		.2byte	0x907
 535 0332 90010000 		.4byte	0x190
 536 0336 40030000 		.4byte	0x340
 537 033a 17       		.uleb128 0x17
 538 033b 40030000 		.4byte	0x340
 539 033f 00       		.byte	0
 540 0340 06       		.uleb128 0x6
 541 0341 04       		.byte	0x4
 542 0342 46030000 		.4byte	0x346
 543 0346 07       		.uleb128 0x7
 544 0347 9B000000 		.4byte	0x9b
 545 034b 18       		.uleb128 0x18
 546 034c 63000000 		.4byte	.LASF68
 547 0350 08       		.byte	0x8
 548 0351 16       		.byte	0x16
 549 0352 19       		.uleb128 0x19
 550 0353 AF020000 		.4byte	.LASF63
 551 0357 08       		.byte	0x8
 552 0358 20       		.byte	0x20
 553 0359 63030000 		.4byte	0x363
 554 035d 17       		.uleb128 0x17
 555 035e 76000000 		.4byte	0x76
 556 0362 00       		.byte	0
 557 0363 16       		.uleb128 0x16
 558 0364 19070000 		.4byte	.LASF65
 559 0368 06       		.byte	0x6
 560 0369 6508     		.2byte	0x865
 561 036b 90010000 		.4byte	0x190
 562 036f 79030000 		.4byte	0x379
 563 0373 17       		.uleb128 0x17
 564 0374 79030000 		.4byte	0x379
 565 0378 00       		.byte	0
 566 0379 06       		.uleb128 0x6
 567 037a 04       		.byte	0x4
 568 037b 10020000 		.4byte	0x210
ARM GAS  C:\Users\Helon\AppData\Local\Temp\cc9zPLcL.s 			page 14


 569 037f 16       		.uleb128 0x16
 570 0380 DD060000 		.4byte	.LASF66
 571 0384 06       		.byte	0x6
 572 0385 1308     		.2byte	0x813
 573 0387 90010000 		.4byte	0x190
 574 038b 95030000 		.4byte	0x395
 575 038f 17       		.uleb128 0x17
 576 0390 95030000 		.4byte	0x395
 577 0394 00       		.byte	0
 578 0395 06       		.uleb128 0x6
 579 0396 04       		.byte	0x4
 580 0397 D0010000 		.4byte	0x1d0
 581 039b 16       		.uleb128 0x16
 582 039c A8010000 		.4byte	.LASF67
 583 03a0 0A       		.byte	0xa
 584 03a1 5702     		.2byte	0x257
 585 03a3 90010000 		.4byte	0x190
 586 03a7 B1030000 		.4byte	0x3b1
 587 03ab 17       		.uleb128 0x17
 588 03ac 81000000 		.4byte	0x81
 589 03b0 00       		.byte	0
 590 03b1 1A       		.uleb128 0x1a
 591 03b2 54000000 		.4byte	.LASF75
 592 03b6 0B       		.byte	0xb
 593 03b7 00       		.byte	0
 594 03b8 5E040000 		.4byte	.LASF76
 595 03bc 68000000 		.4byte	0x68
 596 03c0 CA030000 		.4byte	0x3ca
 597 03c4 17       		.uleb128 0x17
 598 03c5 B5000000 		.4byte	0xb5
 599 03c9 00       		.byte	0
 600 03ca 1B       		.uleb128 0x1b
 601 03cb 53050000 		.4byte	.LASF69
 602 03cf 05       		.byte	0x5
 603 03d0 4C06     		.2byte	0x64c
 604 03d2 00       		.byte	0
 605              		.section	.debug_abbrev,"",%progbits
 606              	.Ldebug_abbrev0:
 607 0000 01       		.uleb128 0x1
 608 0001 11       		.uleb128 0x11
 609 0002 01       		.byte	0x1
 610 0003 25       		.uleb128 0x25
 611 0004 0E       		.uleb128 0xe
 612 0005 13       		.uleb128 0x13
 613 0006 0B       		.uleb128 0xb
 614 0007 03       		.uleb128 0x3
 615 0008 0E       		.uleb128 0xe
 616 0009 1B       		.uleb128 0x1b
 617 000a 0E       		.uleb128 0xe
 618 000b 55       		.uleb128 0x55
 619 000c 17       		.uleb128 0x17
 620 000d 11       		.uleb128 0x11
 621 000e 01       		.uleb128 0x1
 622 000f 10       		.uleb128 0x10
 623 0010 17       		.uleb128 0x17
 624 0011 00       		.byte	0
 625 0012 00       		.byte	0
ARM GAS  C:\Users\Helon\AppData\Local\Temp\cc9zPLcL.s 			page 15


 626 0013 02       		.uleb128 0x2
 627 0014 24       		.uleb128 0x24
 628 0015 00       		.byte	0
 629 0016 0B       		.uleb128 0xb
 630 0017 0B       		.uleb128 0xb
 631 0018 3E       		.uleb128 0x3e
 632 0019 0B       		.uleb128 0xb
 633 001a 03       		.uleb128 0x3
 634 001b 0E       		.uleb128 0xe
 635 001c 00       		.byte	0
 636 001d 00       		.byte	0
 637 001e 03       		.uleb128 0x3
 638 001f 16       		.uleb128 0x16
 639 0020 00       		.byte	0
 640 0021 03       		.uleb128 0x3
 641 0022 0E       		.uleb128 0xe
 642 0023 3A       		.uleb128 0x3a
 643 0024 0B       		.uleb128 0xb
 644 0025 3B       		.uleb128 0x3b
 645 0026 0B       		.uleb128 0xb
 646 0027 49       		.uleb128 0x49
 647 0028 13       		.uleb128 0x13
 648 0029 00       		.byte	0
 649 002a 00       		.byte	0
 650 002b 04       		.uleb128 0x4
 651 002c 24       		.uleb128 0x24
 652 002d 00       		.byte	0
 653 002e 0B       		.uleb128 0xb
 654 002f 0B       		.uleb128 0xb
 655 0030 3E       		.uleb128 0x3e
 656 0031 0B       		.uleb128 0xb
 657 0032 03       		.uleb128 0x3
 658 0033 08       		.uleb128 0x8
 659 0034 00       		.byte	0
 660 0035 00       		.byte	0
 661 0036 05       		.uleb128 0x5
 662 0037 16       		.uleb128 0x16
 663 0038 00       		.byte	0
 664 0039 03       		.uleb128 0x3
 665 003a 0E       		.uleb128 0xe
 666 003b 3A       		.uleb128 0x3a
 667 003c 0B       		.uleb128 0xb
 668 003d 3B       		.uleb128 0x3b
 669 003e 05       		.uleb128 0x5
 670 003f 49       		.uleb128 0x49
 671 0040 13       		.uleb128 0x13
 672 0041 00       		.byte	0
 673 0042 00       		.byte	0
 674 0043 06       		.uleb128 0x6
 675 0044 0F       		.uleb128 0xf
 676 0045 00       		.byte	0
 677 0046 0B       		.uleb128 0xb
 678 0047 0B       		.uleb128 0xb
 679 0048 49       		.uleb128 0x49
 680 0049 13       		.uleb128 0x13
 681 004a 00       		.byte	0
 682 004b 00       		.byte	0
ARM GAS  C:\Users\Helon\AppData\Local\Temp\cc9zPLcL.s 			page 16


 683 004c 07       		.uleb128 0x7
 684 004d 26       		.uleb128 0x26
 685 004e 00       		.byte	0
 686 004f 49       		.uleb128 0x49
 687 0050 13       		.uleb128 0x13
 688 0051 00       		.byte	0
 689 0052 00       		.byte	0
 690 0053 08       		.uleb128 0x8
 691 0054 04       		.uleb128 0x4
 692 0055 01       		.byte	0x1
 693 0056 0B       		.uleb128 0xb
 694 0057 0B       		.uleb128 0xb
 695 0058 3A       		.uleb128 0x3a
 696 0059 0B       		.uleb128 0xb
 697 005a 3B       		.uleb128 0x3b
 698 005b 05       		.uleb128 0x5
 699 005c 01       		.uleb128 0x1
 700 005d 13       		.uleb128 0x13
 701 005e 00       		.byte	0
 702 005f 00       		.byte	0
 703 0060 09       		.uleb128 0x9
 704 0061 28       		.uleb128 0x28
 705 0062 00       		.byte	0
 706 0063 03       		.uleb128 0x3
 707 0064 0E       		.uleb128 0xe
 708 0065 1C       		.uleb128 0x1c
 709 0066 0D       		.uleb128 0xd
 710 0067 00       		.byte	0
 711 0068 00       		.byte	0
 712 0069 0A       		.uleb128 0xa
 713 006a 13       		.uleb128 0x13
 714 006b 01       		.byte	0x1
 715 006c 0B       		.uleb128 0xb
 716 006d 0B       		.uleb128 0xb
 717 006e 3A       		.uleb128 0x3a
 718 006f 0B       		.uleb128 0xb
 719 0070 3B       		.uleb128 0x3b
 720 0071 05       		.uleb128 0x5
 721 0072 01       		.uleb128 0x1
 722 0073 13       		.uleb128 0x13
 723 0074 00       		.byte	0
 724 0075 00       		.byte	0
 725 0076 0B       		.uleb128 0xb
 726 0077 0D       		.uleb128 0xd
 727 0078 00       		.byte	0
 728 0079 03       		.uleb128 0x3
 729 007a 0E       		.uleb128 0xe
 730 007b 3A       		.uleb128 0x3a
 731 007c 0B       		.uleb128 0xb
 732 007d 3B       		.uleb128 0x3b
 733 007e 05       		.uleb128 0x5
 734 007f 49       		.uleb128 0x49
 735 0080 13       		.uleb128 0x13
 736 0081 38       		.uleb128 0x38
 737 0082 0B       		.uleb128 0xb
 738 0083 00       		.byte	0
 739 0084 00       		.byte	0
ARM GAS  C:\Users\Helon\AppData\Local\Temp\cc9zPLcL.s 			page 17


 740 0085 0C       		.uleb128 0xc
 741 0086 01       		.uleb128 0x1
 742 0087 01       		.byte	0x1
 743 0088 49       		.uleb128 0x49
 744 0089 13       		.uleb128 0x13
 745 008a 01       		.uleb128 0x1
 746 008b 13       		.uleb128 0x13
 747 008c 00       		.byte	0
 748 008d 00       		.byte	0
 749 008e 0D       		.uleb128 0xd
 750 008f 21       		.uleb128 0x21
 751 0090 00       		.byte	0
 752 0091 49       		.uleb128 0x49
 753 0092 13       		.uleb128 0x13
 754 0093 2F       		.uleb128 0x2f
 755 0094 0B       		.uleb128 0xb
 756 0095 00       		.byte	0
 757 0096 00       		.byte	0
 758 0097 0E       		.uleb128 0xe
 759 0098 2E       		.uleb128 0x2e
 760 0099 01       		.byte	0x1
 761 009a 3F       		.uleb128 0x3f
 762 009b 19       		.uleb128 0x19
 763 009c 03       		.uleb128 0x3
 764 009d 0E       		.uleb128 0xe
 765 009e 3A       		.uleb128 0x3a
 766 009f 0B       		.uleb128 0xb
 767 00a0 3B       		.uleb128 0x3b
 768 00a1 0B       		.uleb128 0xb
 769 00a2 49       		.uleb128 0x49
 770 00a3 13       		.uleb128 0x13
 771 00a4 11       		.uleb128 0x11
 772 00a5 01       		.uleb128 0x1
 773 00a6 12       		.uleb128 0x12
 774 00a7 06       		.uleb128 0x6
 775 00a8 40       		.uleb128 0x40
 776 00a9 18       		.uleb128 0x18
 777 00aa 9742     		.uleb128 0x2117
 778 00ac 19       		.uleb128 0x19
 779 00ad 01       		.uleb128 0x1
 780 00ae 13       		.uleb128 0x13
 781 00af 00       		.byte	0
 782 00b0 00       		.byte	0
 783 00b1 0F       		.uleb128 0xf
 784 00b2 34       		.uleb128 0x34
 785 00b3 00       		.byte	0
 786 00b4 03       		.uleb128 0x3
 787 00b5 0E       		.uleb128 0xe
 788 00b6 3A       		.uleb128 0x3a
 789 00b7 0B       		.uleb128 0xb
 790 00b8 3B       		.uleb128 0x3b
 791 00b9 0B       		.uleb128 0xb
 792 00ba 49       		.uleb128 0x49
 793 00bb 13       		.uleb128 0x13
 794 00bc 02       		.uleb128 0x2
 795 00bd 18       		.uleb128 0x18
 796 00be 00       		.byte	0
ARM GAS  C:\Users\Helon\AppData\Local\Temp\cc9zPLcL.s 			page 18


 797 00bf 00       		.byte	0
 798 00c0 10       		.uleb128 0x10
 799 00c1 898201   		.uleb128 0x4109
 800 00c4 00       		.byte	0
 801 00c5 11       		.uleb128 0x11
 802 00c6 01       		.uleb128 0x1
 803 00c7 31       		.uleb128 0x31
 804 00c8 13       		.uleb128 0x13
 805 00c9 00       		.byte	0
 806 00ca 00       		.byte	0
 807 00cb 11       		.uleb128 0x11
 808 00cc 898201   		.uleb128 0x4109
 809 00cf 01       		.byte	0x1
 810 00d0 11       		.uleb128 0x11
 811 00d1 01       		.uleb128 0x1
 812 00d2 31       		.uleb128 0x31
 813 00d3 13       		.uleb128 0x13
 814 00d4 01       		.uleb128 0x1
 815 00d5 13       		.uleb128 0x13
 816 00d6 00       		.byte	0
 817 00d7 00       		.byte	0
 818 00d8 12       		.uleb128 0x12
 819 00d9 8A8201   		.uleb128 0x410a
 820 00dc 00       		.byte	0
 821 00dd 02       		.uleb128 0x2
 822 00de 18       		.uleb128 0x18
 823 00df 9142     		.uleb128 0x2111
 824 00e1 18       		.uleb128 0x18
 825 00e2 00       		.byte	0
 826 00e3 00       		.byte	0
 827 00e4 13       		.uleb128 0x13
 828 00e5 34       		.uleb128 0x34
 829 00e6 00       		.byte	0
 830 00e7 03       		.uleb128 0x3
 831 00e8 0E       		.uleb128 0xe
 832 00e9 3A       		.uleb128 0x3a
 833 00ea 0B       		.uleb128 0xb
 834 00eb 3B       		.uleb128 0x3b
 835 00ec 0B       		.uleb128 0xb
 836 00ed 49       		.uleb128 0x49
 837 00ee 13       		.uleb128 0x13
 838 00ef 3F       		.uleb128 0x3f
 839 00f0 19       		.uleb128 0x19
 840 00f1 3C       		.uleb128 0x3c
 841 00f2 19       		.uleb128 0x19
 842 00f3 00       		.byte	0
 843 00f4 00       		.byte	0
 844 00f5 14       		.uleb128 0x14
 845 00f6 2E       		.uleb128 0x2e
 846 00f7 01       		.byte	0x1
 847 00f8 3F       		.uleb128 0x3f
 848 00f9 19       		.uleb128 0x19
 849 00fa 03       		.uleb128 0x3
 850 00fb 0E       		.uleb128 0xe
 851 00fc 3A       		.uleb128 0x3a
 852 00fd 0B       		.uleb128 0xb
 853 00fe 3B       		.uleb128 0x3b
ARM GAS  C:\Users\Helon\AppData\Local\Temp\cc9zPLcL.s 			page 19


 854 00ff 0B       		.uleb128 0xb
 855 0100 49       		.uleb128 0x49
 856 0101 13       		.uleb128 0x13
 857 0102 3C       		.uleb128 0x3c
 858 0103 19       		.uleb128 0x19
 859 0104 01       		.uleb128 0x1
 860 0105 13       		.uleb128 0x13
 861 0106 00       		.byte	0
 862 0107 00       		.byte	0
 863 0108 15       		.uleb128 0x15
 864 0109 18       		.uleb128 0x18
 865 010a 00       		.byte	0
 866 010b 00       		.byte	0
 867 010c 00       		.byte	0
 868 010d 16       		.uleb128 0x16
 869 010e 2E       		.uleb128 0x2e
 870 010f 01       		.byte	0x1
 871 0110 3F       		.uleb128 0x3f
 872 0111 19       		.uleb128 0x19
 873 0112 03       		.uleb128 0x3
 874 0113 0E       		.uleb128 0xe
 875 0114 3A       		.uleb128 0x3a
 876 0115 0B       		.uleb128 0xb
 877 0116 3B       		.uleb128 0x3b
 878 0117 05       		.uleb128 0x5
 879 0118 27       		.uleb128 0x27
 880 0119 19       		.uleb128 0x19
 881 011a 49       		.uleb128 0x49
 882 011b 13       		.uleb128 0x13
 883 011c 3C       		.uleb128 0x3c
 884 011d 19       		.uleb128 0x19
 885 011e 01       		.uleb128 0x1
 886 011f 13       		.uleb128 0x13
 887 0120 00       		.byte	0
 888 0121 00       		.byte	0
 889 0122 17       		.uleb128 0x17
 890 0123 05       		.uleb128 0x5
 891 0124 00       		.byte	0
 892 0125 49       		.uleb128 0x49
 893 0126 13       		.uleb128 0x13
 894 0127 00       		.byte	0
 895 0128 00       		.byte	0
 896 0129 18       		.uleb128 0x18
 897 012a 2E       		.uleb128 0x2e
 898 012b 00       		.byte	0
 899 012c 3F       		.uleb128 0x3f
 900 012d 19       		.uleb128 0x19
 901 012e 03       		.uleb128 0x3
 902 012f 0E       		.uleb128 0xe
 903 0130 3A       		.uleb128 0x3a
 904 0131 0B       		.uleb128 0xb
 905 0132 3B       		.uleb128 0x3b
 906 0133 0B       		.uleb128 0xb
 907 0134 27       		.uleb128 0x27
 908 0135 19       		.uleb128 0x19
 909 0136 3C       		.uleb128 0x3c
 910 0137 19       		.uleb128 0x19
ARM GAS  C:\Users\Helon\AppData\Local\Temp\cc9zPLcL.s 			page 20


 911 0138 00       		.byte	0
 912 0139 00       		.byte	0
 913 013a 19       		.uleb128 0x19
 914 013b 2E       		.uleb128 0x2e
 915 013c 01       		.byte	0x1
 916 013d 3F       		.uleb128 0x3f
 917 013e 19       		.uleb128 0x19
 918 013f 03       		.uleb128 0x3
 919 0140 0E       		.uleb128 0xe
 920 0141 3A       		.uleb128 0x3a
 921 0142 0B       		.uleb128 0xb
 922 0143 3B       		.uleb128 0x3b
 923 0144 0B       		.uleb128 0xb
 924 0145 27       		.uleb128 0x27
 925 0146 19       		.uleb128 0x19
 926 0147 3C       		.uleb128 0x3c
 927 0148 19       		.uleb128 0x19
 928 0149 01       		.uleb128 0x1
 929 014a 13       		.uleb128 0x13
 930 014b 00       		.byte	0
 931 014c 00       		.byte	0
 932 014d 1A       		.uleb128 0x1a
 933 014e 2E       		.uleb128 0x2e
 934 014f 01       		.byte	0x1
 935 0150 3F       		.uleb128 0x3f
 936 0151 19       		.uleb128 0x19
 937 0152 03       		.uleb128 0x3
 938 0153 0E       		.uleb128 0xe
 939 0154 3A       		.uleb128 0x3a
 940 0155 0B       		.uleb128 0xb
 941 0156 3B       		.uleb128 0x3b
 942 0157 0B       		.uleb128 0xb
 943 0158 6E       		.uleb128 0x6e
 944 0159 0E       		.uleb128 0xe
 945 015a 27       		.uleb128 0x27
 946 015b 19       		.uleb128 0x19
 947 015c 49       		.uleb128 0x49
 948 015d 13       		.uleb128 0x13
 949 015e 3C       		.uleb128 0x3c
 950 015f 19       		.uleb128 0x19
 951 0160 01       		.uleb128 0x1
 952 0161 13       		.uleb128 0x13
 953 0162 00       		.byte	0
 954 0163 00       		.byte	0
 955 0164 1B       		.uleb128 0x1b
 956 0165 2E       		.uleb128 0x2e
 957 0166 00       		.byte	0
 958 0167 3F       		.uleb128 0x3f
 959 0168 19       		.uleb128 0x19
 960 0169 03       		.uleb128 0x3
 961 016a 0E       		.uleb128 0xe
 962 016b 3A       		.uleb128 0x3a
 963 016c 0B       		.uleb128 0xb
 964 016d 3B       		.uleb128 0x3b
 965 016e 05       		.uleb128 0x5
 966 016f 27       		.uleb128 0x27
 967 0170 19       		.uleb128 0x19
ARM GAS  C:\Users\Helon\AppData\Local\Temp\cc9zPLcL.s 			page 21


 968 0171 3C       		.uleb128 0x3c
 969 0172 19       		.uleb128 0x19
 970 0173 00       		.byte	0
 971 0174 00       		.byte	0
 972 0175 00       		.byte	0
 973              		.section	.debug_aranges,"",%progbits
 974 0000 1C000000 		.4byte	0x1c
 975 0004 0200     		.2byte	0x2
 976 0006 00000000 		.4byte	.Ldebug_info0
 977 000a 04       		.byte	0x4
 978 000b 00       		.byte	0
 979 000c 0000     		.2byte	0
 980 000e 0000     		.2byte	0
 981 0010 00000000 		.4byte	.LFB37
 982 0014 88000000 		.4byte	.LFE37-.LFB37
 983 0018 00000000 		.4byte	0
 984 001c 00000000 		.4byte	0
 985              		.section	.debug_ranges,"",%progbits
 986              	.Ldebug_ranges0:
 987 0000 00000000 		.4byte	.LFB37
 988 0004 88000000 		.4byte	.LFE37
 989 0008 00000000 		.4byte	0
 990 000c 00000000 		.4byte	0
 991              		.section	.debug_line,"",%progbits
 992              	.Ldebug_line0:
 993 0000 EB010000 		.section	.debug_str,"MS",%progbits,1
 993      0200B601 
 993      00000201 
 993      FB0E0D00 
 993      01010101 
 994              	.LASF32:
 995 0000 4359424C 		.ascii	"CYBLE_ERROR_L2CAP_PSM_NOT_REGISTERED\000"
 995      455F4552 
 995      524F525F 
 995      4C324341 
 995      505F5053 
 996              	.LASF31:
 997 0025 4359424C 		.ascii	"CYBLE_ERROR_L2CAP_PSM_ALREADY_REGISTERED\000"
 997      455F4552 
 997      524F525F 
 997      4C324341 
 997      505F5053 
 998              	.LASF12:
 999 004e 666C6F61 		.ascii	"float\000"
 999      7400
 1000              	.LASF75:
 1001 0054 5F5F6275 		.ascii	"__builtin_puts\000"
 1001      696C7469 
 1001      6E5F7075 
 1001      747300
 1002              	.LASF68:
 1003 0063 53797374 		.ascii	"SystemInitialization\000"
 1003      656D496E 
 1003      69746961 
 1003      6C697A61 
 1003      74696F6E 
 1004              	.LASF29:
ARM GAS  C:\Users\Helon\AppData\Local\Temp\cc9zPLcL.s 			page 22


 1005 0078 4359424C 		.ascii	"CYBLE_ERROR_SEC_FAILED\000"
 1005      455F4552 
 1005      524F525F 
 1005      5345435F 
 1005      4641494C 
 1006              	.LASF34:
 1007 008f 4359424C 		.ascii	"CYBLE_ERROR_L2CAP_CHANNEL_NOT_FOUND\000"
 1007      455F4552 
 1007      524F525F 
 1007      4C324341 
 1007      505F4348 
 1008              	.LASF72:
 1009 00b3 473A5C50 		.ascii	"G:\\Project\\LiYangLiu---BLE Module\\Code\\Troughpu"
 1009      726F6A65 
 1009      63745C4C 
 1009      6959616E 
 1009      674C6975 
 1010 00e2 725F4365 		.ascii	"r_Central_Peripheral\\Troughput_Central_Peripheral."
 1010      6E747261 
 1010      6C5F5065 
 1010      72697068 
 1010      6572616C 
 1011 0114 63796473 		.ascii	"cydsn\000"
 1011      6E00
 1012              	.LASF70:
 1013 011a 474E5520 		.ascii	"GNU C 4.9.3 20150303 (release) [ARM/embedded-4_9-br"
 1013      4320342E 
 1013      392E3320 
 1013      32303135 
 1013      30333033 
 1014 014d 616E6368 		.ascii	"anch revision 221220] -mcpu=cortex-m0 -mthumb -g -O"
 1014      20726576 
 1014      6973696F 
 1014      6E203232 
 1014      31323230 
 1015 0180 73202D66 		.ascii	"s -ffunction-sections -ffat-lto-objects\000"
 1015      66756E63 
 1015      74696F6E 
 1015      2D736563 
 1015      74696F6E 
 1016              	.LASF67:
 1017 01a8 4379426C 		.ascii	"CyBle_StoreBondingData\000"
 1017      655F5374 
 1017      6F726542 
 1017      6F6E6469 
 1017      6E674461 
 1018              	.LASF16:
 1019 01bf 73697A65 		.ascii	"sizetype\000"
 1019      74797065 
 1019      00
 1020              	.LASF17:
 1021 01c8 4359424C 		.ascii	"CYBLE_ERROR_OK\000"
 1021      455F4552 
 1021      524F525F 
 1021      4F4B00
 1022              	.LASF14:
 1023 01d7 63686172 		.ascii	"char8\000"
ARM GAS  C:\Users\Helon\AppData\Local\Temp\cc9zPLcL.s 			page 23


 1023      3800
 1024              	.LASF38:
 1025 01dd 4359424C 		.ascii	"CYBLE_ERROR_FLASH_WRITE_NOT_PERMITED\000"
 1025      455F4552 
 1025      524F525F 
 1025      464C4153 
 1025      485F5752 
 1026              	.LASF50:
 1027 0202 62644164 		.ascii	"bdAddr\000"
 1027      647200
 1028              	.LASF73:
 1029 0209 6D61696E 		.ascii	"main\000"
 1029      00
 1030              	.LASF39:
 1031 020e 4359424C 		.ascii	"CYBLE_ERROR_MIC_AUTH_FAILED\000"
 1031      455F4552 
 1031      524F525F 
 1031      4D49435F 
 1031      41555448 
 1032              	.LASF2:
 1033 022a 73686F72 		.ascii	"short int\000"
 1033      7420696E 
 1033      7400
 1034              	.LASF18:
 1035 0234 4359424C 		.ascii	"CYBLE_ERROR_INVALID_PARAMETER\000"
 1035      455F4552 
 1035      524F525F 
 1035      494E5641 
 1035      4C49445F 
 1036              	.LASF22:
 1037 0252 4359424C 		.ascii	"CYBLE_ERROR_OOB_NOT_AVAILABLE\000"
 1037      455F4552 
 1037      524F525F 
 1037      4F4F425F 
 1037      4E4F545F 
 1038              	.LASF19:
 1039 0270 4359424C 		.ascii	"CYBLE_ERROR_INVALID_OPERATION\000"
 1039      455F4552 
 1039      524F525F 
 1039      494E5641 
 1039      4C49445F 
 1040              	.LASF10:
 1041 028e 75696E74 		.ascii	"uint8_t\000"
 1041      385F7400 
 1042              	.LASF11:
 1043 0296 75696E74 		.ascii	"uint8\000"
 1043      3800
 1044              	.LASF49:
 1045 029c 4359424C 		.ascii	"CYBLE_API_RESULT_T\000"
 1045      455F4150 
 1045      495F5245 
 1045      53554C54 
 1045      5F5400
 1046              	.LASF63:
 1047 02af 4D617374 		.ascii	"Master_Slave_UartHandler\000"
 1047      65725F53 
 1047      6C617665 
ARM GAS  C:\Users\Helon\AppData\Local\Temp\cc9zPLcL.s 			page 24


 1047      5F556172 
 1047      7448616E 
 1048              	.LASF23:
 1049 02c8 4359424C 		.ascii	"CYBLE_ERROR_NO_CONNECTION\000"
 1049      455F4552 
 1049      524F525F 
 1049      4E4F5F43 
 1049      4F4E4E45 
 1050              	.LASF27:
 1051 02e2 4359424C 		.ascii	"CYBLE_ERROR_TX_POWER_READ\000"
 1051      455F4552 
 1051      524F525F 
 1051      54585F50 
 1051      4F574552 
 1052              	.LASF21:
 1053 02fc 4359424C 		.ascii	"CYBLE_ERROR_INSUFFICIENT_RESOURCES\000"
 1053      455F4552 
 1053      524F525F 
 1053      494E5355 
 1053      46464943 
 1054              	.LASF56:
 1055 031f 526F6C65 		.ascii	"Role\000"
 1055      00
 1056              	.LASF6:
 1057 0324 6C6F6E67 		.ascii	"long long int\000"
 1057      206C6F6E 
 1057      6720696E 
 1057      7400
 1058              	.LASF28:
 1059 0332 4359424C 		.ascii	"CYBLE_ERROR_BT_ON_NOT_COMPLETED\000"
 1059      455F4552 
 1059      524F525F 
 1059      42545F4F 
 1059      4E5F4E4F 
 1060              	.LASF4:
 1061 0352 6C6F6E67 		.ascii	"long int\000"
 1061      20696E74 
 1061      00
 1062              	.LASF9:
 1063 035b 5F5F7569 		.ascii	"__uint8_t\000"
 1063      6E74385F 
 1063      7400
 1064              	.LASF25:
 1065 0365 4359424C 		.ascii	"CYBLE_ERROR_REPEATED_ATTEMPTS\000"
 1065      455F4552 
 1065      524F525F 
 1065      52455045 
 1065      41544544 
 1066              	.LASF60:
 1067 0383 636C6561 		.ascii	"clearAllDevices\000"
 1067      72416C6C 
 1067      44657669 
 1067      63657300 
 1068              	.LASF24:
 1069 0393 4359424C 		.ascii	"CYBLE_ERROR_NO_DEVICE_ENTITY\000"
 1069      455F4552 
 1069      524F525F 
ARM GAS  C:\Users\Helon\AppData\Local\Temp\cc9zPLcL.s 			page 25


 1069      4E4F5F44 
 1069      45564943 
 1070              	.LASF1:
 1071 03b0 756E7369 		.ascii	"unsigned char\000"
 1071      676E6564 
 1071      20636861 
 1071      7200
 1072              	.LASF42:
 1073 03be 4359424C 		.ascii	"CYBLE_ERROR_FLASH_WRITE\000"
 1073      455F4552 
 1073      524F525F 
 1073      464C4153 
 1073      485F5752 
 1074              	.LASF62:
 1075 03d6 52656164 		.ascii	"ReadDeviceNameFromSFlash\000"
 1075      44657669 
 1075      63654E61 
 1075      6D654672 
 1075      6F6D5346 
 1076              	.LASF0:
 1077 03ef 7369676E 		.ascii	"signed char\000"
 1077      65642063 
 1077      68617200 
 1078              	.LASF7:
 1079 03fb 6C6F6E67 		.ascii	"long long unsigned int\000"
 1079      206C6F6E 
 1079      6720756E 
 1079      7369676E 
 1079      65642069 
 1080              	.LASF51:
 1081 0412 74797065 		.ascii	"type\000"
 1081      00
 1082              	.LASF26:
 1083 0417 4359424C 		.ascii	"CYBLE_ERROR_GAP_ROLE\000"
 1083      455F4552 
 1083      524F525F 
 1083      4741505F 
 1083      524F4C45 
 1084              	.LASF8:
 1085 042c 756E7369 		.ascii	"unsigned int\000"
 1085      676E6564 
 1085      20696E74 
 1085      00
 1086              	.LASF30:
 1087 0439 4359424C 		.ascii	"CYBLE_ERROR_L2CAP_PSM_WRONG_ENCODING\000"
 1087      455F4552 
 1087      524F525F 
 1087      4C324341 
 1087      505F5053 
 1088              	.LASF76:
 1089 045e 70757473 		.ascii	"puts\000"
 1089      00
 1090              	.LASF47:
 1091 0463 4359424C 		.ascii	"CYBLE_ERROR_CHAR_IS_NOT_DISCOVERED\000"
 1091      455F4552 
 1091      524F525F 
 1091      43484152 
ARM GAS  C:\Users\Helon\AppData\Local\Temp\cc9zPLcL.s 			page 26


 1091      5F49535F 
 1092              	.LASF3:
 1093 0486 73686F72 		.ascii	"short unsigned int\000"
 1093      7420756E 
 1093      7369676E 
 1093      65642069 
 1093      6E7400
 1094              	.LASF15:
 1095 0499 63686172 		.ascii	"char\000"
 1095      00
 1096              	.LASF43:
 1097 049e 4359424C 		.ascii	"CYBLE_ERROR_CONTROLLER_BUSY\000"
 1097      455F4552 
 1097      524F525F 
 1097      434F4E54 
 1097      524F4C4C 
 1098              	.LASF58:
 1099 04ba 426F6E64 		.ascii	"Bond\000"
 1099      00
 1100              	.LASF20:
 1101 04bf 4359424C 		.ascii	"CYBLE_ERROR_MEMORY_ALLOCATION_FAILED\000"
 1101      455F4552 
 1101      524F525F 
 1101      4D454D4F 
 1101      52595F41 
 1102              	.LASF41:
 1103 04e4 4359424C 		.ascii	"CYBLE_ERROR_UNSUPPORTED_FEATURE_OR_PARAMETER_VALUE\000"
 1103      455F4552 
 1103      524F525F 
 1103      554E5355 
 1103      50504F52 
 1104              	.LASF59:
 1105 0517 436F6E6E 		.ascii	"ConnStaus\000"
 1105      53746175 
 1105      7300
 1106              	.LASF57:
 1107 0521 53657444 		.ascii	"SetDeviceName\000"
 1107      65766963 
 1107      654E616D 
 1107      6500
 1108              	.LASF5:
 1109 052f 6C6F6E67 		.ascii	"long unsigned int\000"
 1109      20756E73 
 1109      69676E65 
 1109      6420696E 
 1109      7400
 1110              	.LASF13:
 1111 0541 646F7562 		.ascii	"double\000"
 1111      6C6500
 1112              	.LASF54:
 1113 0548 62644164 		.ascii	"bdAddrList\000"
 1113      64724C69 
 1113      737400
 1114              	.LASF69:
 1115 0553 4379426C 		.ascii	"CyBle_ProcessEvents\000"
 1115      655F5072 
 1115      6F636573 
ARM GAS  C:\Users\Helon\AppData\Local\Temp\cc9zPLcL.s 			page 27


 1115      73457665 
 1115      6E747300 
 1116              	.LASF55:
 1117 0567 4359424C 		.ascii	"CYBLE_GAP_BONDED_DEV_ADDR_LIST_T\000"
 1117      455F4741 
 1117      505F424F 
 1117      4E444544 
 1117      5F444556 
 1118              	.LASF61:
 1119 0588 52656164 		.ascii	"ReadDataFromSFlash\000"
 1119      44617461 
 1119      46726F6D 
 1119      53466C61 
 1119      736800
 1120              	.LASF35:
 1121 059b 4359424C 		.ascii	"CYBLE_ERROR_L2CAP_PSM_NOT_IN_RANGE\000"
 1121      455F4552 
 1121      524F525F 
 1121      4C324341 
 1121      505F5053 
 1122              	.LASF53:
 1123 05be 636F756E 		.ascii	"count\000"
 1123      7400
 1124              	.LASF40:
 1125 05c4 4359424C 		.ascii	"CYBLE_ERROR_HARDWARE_FAILURE\000"
 1125      455F4552 
 1125      524F525F 
 1125      48415244 
 1125      57415245 
 1126              	.LASF71:
 1127 05e1 2E5C6D61 		.ascii	".\\main.c\000"
 1127      696E2E63 
 1127      00
 1128              	.LASF45:
 1129 05ea 4359424C 		.ascii	"CYBLE_ERROR_NTF_DISABLED\000"
 1129      455F4552 
 1129      524F525F 
 1129      4E54465F 
 1129      44495341 
 1130              	.LASF52:
 1131 0603 4359424C 		.ascii	"CYBLE_GAP_BD_ADDR_T\000"
 1131      455F4741 
 1131      505F4244 
 1131      5F414444 
 1131      525F5400 
 1132              	.LASF37:
 1133 0617 4359424C 		.ascii	"CYBLE_ERROR_DEVICE_ALREADY_EXISTS\000"
 1133      455F4552 
 1133      524F525F 
 1133      44455649 
 1133      43455F41 
 1134              	.LASF64:
 1135 0639 4379426C 		.ascii	"CyBle_GapSetLocalName\000"
 1135      655F4761 
 1135      70536574 
 1135      4C6F6361 
 1135      6C4E616D 
ARM GAS  C:\Users\Helon\AppData\Local\Temp\cc9zPLcL.s 			page 28


 1136              	.LASF44:
 1137 064f 4359424C 		.ascii	"CYBLE_ERROR_MAX\000"
 1137      455F4552 
 1137      524F525F 
 1137      4D415800 
 1138              	.LASF48:
 1139 065f 4359424C 		.ascii	"CYBLE_ERROR_INVALID_STATE\000"
 1139      455F4552 
 1139      524F525F 
 1139      494E5641 
 1139      4C49445F 
 1140              	.LASF74:
 1141 0679 626F6E64 		.ascii	"bondedDevList\000"
 1141      65644465 
 1141      764C6973 
 1141      7400
 1142              	.LASF36:
 1143 0687 4359424C 		.ascii	"CYBLE_ERROR_GATT_DB_INVALID_ATTR_HANDLE\000"
 1143      455F4552 
 1143      524F525F 
 1143      47415454 
 1143      5F44425F 
 1144              	.LASF33:
 1145 06af 4359424C 		.ascii	"CYBLE_ERROR_L2CAP_CONNECTION_ENTITY_NOT_FOUND\000"
 1145      455F4552 
 1145      524F525F 
 1145      4C324341 
 1145      505F434F 
 1146              	.LASF66:
 1147 06dd 4379426C 		.ascii	"CyBle_GapRemoveDeviceFromWhiteList\000"
 1147      655F4761 
 1147      7052656D 
 1147      6F766544 
 1147      65766963 
 1148              	.LASF46:
 1149 0700 4359424C 		.ascii	"CYBLE_ERROR_IND_DISABLED\000"
 1149      455F4552 
 1149      524F525F 
 1149      494E445F 
 1149      44495341 
 1150              	.LASF65:
 1151 0719 4379426C 		.ascii	"CyBle_GapGetBondedDevicesList\000"
 1151      655F4761 
 1151      70476574 
 1151      426F6E64 
 1151      65644465 
 1152              		.ident	"GCC: (GNU Tools for ARM Embedded Processors) 4.9.3 20150303 (release) [ARM/embedded-4_9-br
