ARM GAS  C:\Users\Helon\AppData\Local\Temp\cckFDblI.s 			page 1


   1              		.cpu cortex-m0
   2              		.fpu softvfp
   3              		.eabi_attribute 20, 1
   4              		.eabi_attribute 21, 1
   5              		.eabi_attribute 23, 3
   6              		.eabi_attribute 24, 1
   7              		.eabi_attribute 25, 1
   8              		.eabi_attribute 26, 1
   9              		.eabi_attribute 30, 4
  10              		.eabi_attribute 34, 0
  11              		.eabi_attribute 18, 4
  12              		.code	16
  13              		.file	"UART_PM.c"
  14              		.text
  15              	.Ltext0:
  16              		.cfi_sections	.debug_frame
  17              		.section	.text.UART_Sleep,"ax",%progbits
  18              		.align	1
  19              		.global	UART_Sleep
  20              		.code	16
  21              		.thumb_func
  22              		.type	UART_Sleep, %function
  23              	UART_Sleep:
  24              	.LFB2:
  25              		.file 1 ".\\Generated_Source\\PSoC4\\UART_PM.c"
   1:.\Generated_Source\PSoC4/UART_PM.c **** /*******************************************************************************
   2:.\Generated_Source\PSoC4/UART_PM.c **** * File Name: UART_PM.c
   3:.\Generated_Source\PSoC4/UART_PM.c **** * Version 3.0
   4:.\Generated_Source\PSoC4/UART_PM.c **** *
   5:.\Generated_Source\PSoC4/UART_PM.c **** * Description:
   6:.\Generated_Source\PSoC4/UART_PM.c **** *  This file provides the source code to the Power Management support for
   7:.\Generated_Source\PSoC4/UART_PM.c **** *  the SCB Component.
   8:.\Generated_Source\PSoC4/UART_PM.c **** *
   9:.\Generated_Source\PSoC4/UART_PM.c **** * Note:
  10:.\Generated_Source\PSoC4/UART_PM.c **** *
  11:.\Generated_Source\PSoC4/UART_PM.c **** ********************************************************************************
  12:.\Generated_Source\PSoC4/UART_PM.c **** * Copyright 2013-2015, Cypress Semiconductor Corporation.  All rights reserved.
  13:.\Generated_Source\PSoC4/UART_PM.c **** * You may use this file only in accordance with the license, terms, conditions,
  14:.\Generated_Source\PSoC4/UART_PM.c **** * disclaimers, and limitations in the end user license agreement accompanying
  15:.\Generated_Source\PSoC4/UART_PM.c **** * the software package with which this file was provided.
  16:.\Generated_Source\PSoC4/UART_PM.c **** *******************************************************************************/
  17:.\Generated_Source\PSoC4/UART_PM.c **** 
  18:.\Generated_Source\PSoC4/UART_PM.c **** #include "UART.h"
  19:.\Generated_Source\PSoC4/UART_PM.c **** #include "UART_PVT.h"
  20:.\Generated_Source\PSoC4/UART_PM.c **** 
  21:.\Generated_Source\PSoC4/UART_PM.c **** #if(UART_SCB_MODE_I2C_INC)
  22:.\Generated_Source\PSoC4/UART_PM.c ****     #include "UART_I2C_PVT.h"
  23:.\Generated_Source\PSoC4/UART_PM.c **** #endif /* (UART_SCB_MODE_I2C_INC) */
  24:.\Generated_Source\PSoC4/UART_PM.c **** 
  25:.\Generated_Source\PSoC4/UART_PM.c **** #if(UART_SCB_MODE_EZI2C_INC)
  26:.\Generated_Source\PSoC4/UART_PM.c ****     #include "UART_EZI2C_PVT.h"
  27:.\Generated_Source\PSoC4/UART_PM.c **** #endif /* (UART_SCB_MODE_EZI2C_INC) */
  28:.\Generated_Source\PSoC4/UART_PM.c **** 
  29:.\Generated_Source\PSoC4/UART_PM.c **** #if(UART_SCB_MODE_SPI_INC || UART_SCB_MODE_UART_INC)
  30:.\Generated_Source\PSoC4/UART_PM.c ****     #include "UART_SPI_UART_PVT.h"
  31:.\Generated_Source\PSoC4/UART_PM.c **** #endif /* (UART_SCB_MODE_SPI_INC || UART_SCB_MODE_UART_INC) */
  32:.\Generated_Source\PSoC4/UART_PM.c **** 
ARM GAS  C:\Users\Helon\AppData\Local\Temp\cckFDblI.s 			page 2


  33:.\Generated_Source\PSoC4/UART_PM.c **** 
  34:.\Generated_Source\PSoC4/UART_PM.c **** /***************************************
  35:.\Generated_Source\PSoC4/UART_PM.c **** *   Backup Structure declaration
  36:.\Generated_Source\PSoC4/UART_PM.c **** ***************************************/
  37:.\Generated_Source\PSoC4/UART_PM.c **** 
  38:.\Generated_Source\PSoC4/UART_PM.c **** #if(UART_SCB_MODE_UNCONFIG_CONST_CFG || \
  39:.\Generated_Source\PSoC4/UART_PM.c ****    (UART_SCB_MODE_I2C_CONST_CFG   && (!UART_I2C_WAKE_ENABLE_CONST))   || \
  40:.\Generated_Source\PSoC4/UART_PM.c ****    (UART_SCB_MODE_EZI2C_CONST_CFG && (!UART_EZI2C_WAKE_ENABLE_CONST)) || \
  41:.\Generated_Source\PSoC4/UART_PM.c ****    (UART_SCB_MODE_SPI_CONST_CFG   && (!UART_SPI_WAKE_ENABLE_CONST))   || \
  42:.\Generated_Source\PSoC4/UART_PM.c ****    (UART_SCB_MODE_UART_CONST_CFG  && (!UART_UART_WAKE_ENABLE_CONST)))
  43:.\Generated_Source\PSoC4/UART_PM.c **** 
  44:.\Generated_Source\PSoC4/UART_PM.c ****     UART_BACKUP_STRUCT UART_backup =
  45:.\Generated_Source\PSoC4/UART_PM.c ****     {
  46:.\Generated_Source\PSoC4/UART_PM.c ****         0u, /* enableState */
  47:.\Generated_Source\PSoC4/UART_PM.c ****     };
  48:.\Generated_Source\PSoC4/UART_PM.c **** #endif
  49:.\Generated_Source\PSoC4/UART_PM.c **** 
  50:.\Generated_Source\PSoC4/UART_PM.c **** 
  51:.\Generated_Source\PSoC4/UART_PM.c **** /*******************************************************************************
  52:.\Generated_Source\PSoC4/UART_PM.c **** * Function Name: UART_Sleep
  53:.\Generated_Source\PSoC4/UART_PM.c **** ********************************************************************************
  54:.\Generated_Source\PSoC4/UART_PM.c **** *
  55:.\Generated_Source\PSoC4/UART_PM.c **** * Summary:
  56:.\Generated_Source\PSoC4/UART_PM.c **** *  Prepares the component to enter Deep Sleep.
  57:.\Generated_Source\PSoC4/UART_PM.c **** *  The "Enable wakeup from Sleep Mode" selection has an influence on
  58:.\Generated_Source\PSoC4/UART_PM.c **** *  this function implementation.
  59:.\Generated_Source\PSoC4/UART_PM.c **** *
  60:.\Generated_Source\PSoC4/UART_PM.c **** * Parameters:
  61:.\Generated_Source\PSoC4/UART_PM.c **** *  None
  62:.\Generated_Source\PSoC4/UART_PM.c **** *
  63:.\Generated_Source\PSoC4/UART_PM.c **** * Return:
  64:.\Generated_Source\PSoC4/UART_PM.c **** *  None
  65:.\Generated_Source\PSoC4/UART_PM.c **** *
  66:.\Generated_Source\PSoC4/UART_PM.c **** *******************************************************************************/
  67:.\Generated_Source\PSoC4/UART_PM.c **** void UART_Sleep(void)
  68:.\Generated_Source\PSoC4/UART_PM.c **** {
  26              		.loc 1 68 0
  27              		.cfi_startproc
  28 0000 08B5     		push	{r3, lr}
  29              		.cfi_def_cfa_offset 8
  30              		.cfi_offset 3, -8
  31              		.cfi_offset 14, -4
  69:.\Generated_Source\PSoC4/UART_PM.c **** #if(UART_SCB_MODE_UNCONFIG_CONST_CFG)
  70:.\Generated_Source\PSoC4/UART_PM.c **** 
  71:.\Generated_Source\PSoC4/UART_PM.c ****     if(UART_SCB_WAKE_ENABLE_CHECK)
  72:.\Generated_Source\PSoC4/UART_PM.c ****     {
  73:.\Generated_Source\PSoC4/UART_PM.c ****         if(UART_SCB_MODE_I2C_RUNTM_CFG)
  74:.\Generated_Source\PSoC4/UART_PM.c ****         {
  75:.\Generated_Source\PSoC4/UART_PM.c ****             UART_I2CSaveConfig();
  76:.\Generated_Source\PSoC4/UART_PM.c ****         }
  77:.\Generated_Source\PSoC4/UART_PM.c ****         else if(UART_SCB_MODE_EZI2C_RUNTM_CFG)
  78:.\Generated_Source\PSoC4/UART_PM.c ****         {
  79:.\Generated_Source\PSoC4/UART_PM.c ****             UART_EzI2CSaveConfig();
  80:.\Generated_Source\PSoC4/UART_PM.c ****         }
  81:.\Generated_Source\PSoC4/UART_PM.c ****     #if(!UART_CY_SCBIP_V1)
  82:.\Generated_Source\PSoC4/UART_PM.c ****         else if(UART_SCB_MODE_SPI_RUNTM_CFG)
  83:.\Generated_Source\PSoC4/UART_PM.c ****         {
ARM GAS  C:\Users\Helon\AppData\Local\Temp\cckFDblI.s 			page 3


  84:.\Generated_Source\PSoC4/UART_PM.c ****             UART_SpiSaveConfig();
  85:.\Generated_Source\PSoC4/UART_PM.c ****         }
  86:.\Generated_Source\PSoC4/UART_PM.c ****         else if(UART_SCB_MODE_UART_RUNTM_CFG)
  87:.\Generated_Source\PSoC4/UART_PM.c ****         {
  88:.\Generated_Source\PSoC4/UART_PM.c ****             UART_UartSaveConfig();
  89:.\Generated_Source\PSoC4/UART_PM.c ****         }
  90:.\Generated_Source\PSoC4/UART_PM.c ****     #endif /* (!UART_CY_SCBIP_V1) */
  91:.\Generated_Source\PSoC4/UART_PM.c ****         else
  92:.\Generated_Source\PSoC4/UART_PM.c ****         {
  93:.\Generated_Source\PSoC4/UART_PM.c ****             /* Unknown mode */
  94:.\Generated_Source\PSoC4/UART_PM.c ****         }
  95:.\Generated_Source\PSoC4/UART_PM.c ****     }
  96:.\Generated_Source\PSoC4/UART_PM.c ****     else
  97:.\Generated_Source\PSoC4/UART_PM.c ****     {
  98:.\Generated_Source\PSoC4/UART_PM.c ****         UART_backup.enableState = (uint8) UART_GET_CTRL_ENABLED;
  99:.\Generated_Source\PSoC4/UART_PM.c **** 
 100:.\Generated_Source\PSoC4/UART_PM.c ****         if(0u != UART_backup.enableState)
 101:.\Generated_Source\PSoC4/UART_PM.c ****         {
 102:.\Generated_Source\PSoC4/UART_PM.c ****             UART_Stop();
 103:.\Generated_Source\PSoC4/UART_PM.c ****         }
 104:.\Generated_Source\PSoC4/UART_PM.c ****     }
 105:.\Generated_Source\PSoC4/UART_PM.c **** 
 106:.\Generated_Source\PSoC4/UART_PM.c **** #else
 107:.\Generated_Source\PSoC4/UART_PM.c **** 
 108:.\Generated_Source\PSoC4/UART_PM.c ****     #if (UART_SCB_MODE_I2C_CONST_CFG && UART_I2C_WAKE_ENABLE_CONST)
 109:.\Generated_Source\PSoC4/UART_PM.c ****         UART_I2CSaveConfig();
 110:.\Generated_Source\PSoC4/UART_PM.c **** 
 111:.\Generated_Source\PSoC4/UART_PM.c ****     #elif (UART_SCB_MODE_EZI2C_CONST_CFG && UART_EZI2C_WAKE_ENABLE_CONST)
 112:.\Generated_Source\PSoC4/UART_PM.c ****         UART_EzI2CSaveConfig();
 113:.\Generated_Source\PSoC4/UART_PM.c **** 
 114:.\Generated_Source\PSoC4/UART_PM.c ****     #elif (UART_SCB_MODE_SPI_CONST_CFG && UART_SPI_WAKE_ENABLE_CONST)
 115:.\Generated_Source\PSoC4/UART_PM.c ****         UART_SpiSaveConfig();
 116:.\Generated_Source\PSoC4/UART_PM.c **** 
 117:.\Generated_Source\PSoC4/UART_PM.c ****     #elif (UART_SCB_MODE_UART_CONST_CFG && UART_UART_WAKE_ENABLE_CONST)
 118:.\Generated_Source\PSoC4/UART_PM.c ****         UART_UartSaveConfig();
  32              		.loc 1 118 0
  33 0002 FFF7FEFF 		bl	UART_UartSaveConfig
  34              	.LVL0:
 119:.\Generated_Source\PSoC4/UART_PM.c **** 
 120:.\Generated_Source\PSoC4/UART_PM.c ****     #else
 121:.\Generated_Source\PSoC4/UART_PM.c **** 
 122:.\Generated_Source\PSoC4/UART_PM.c ****         UART_backup.enableState = (uint8) UART_GET_CTRL_ENABLED;
 123:.\Generated_Source\PSoC4/UART_PM.c **** 
 124:.\Generated_Source\PSoC4/UART_PM.c ****         if(0u != UART_backup.enableState)
 125:.\Generated_Source\PSoC4/UART_PM.c ****         {
 126:.\Generated_Source\PSoC4/UART_PM.c ****             UART_Stop();
 127:.\Generated_Source\PSoC4/UART_PM.c ****         }
 128:.\Generated_Source\PSoC4/UART_PM.c **** 
 129:.\Generated_Source\PSoC4/UART_PM.c ****     #endif /* defined (UART_SCB_MODE_I2C_CONST_CFG) && (UART_I2C_WAKE_ENABLE_CONST) */
 130:.\Generated_Source\PSoC4/UART_PM.c **** 
 131:.\Generated_Source\PSoC4/UART_PM.c **** #endif /* (UART_SCB_MODE_UNCONFIG_CONST_CFG) */
 132:.\Generated_Source\PSoC4/UART_PM.c **** }
  35              		.loc 1 132 0
  36              		@ sp needed
  37 0006 08BD     		pop	{r3, pc}
  38              		.cfi_endproc
  39              	.LFE2:
ARM GAS  C:\Users\Helon\AppData\Local\Temp\cckFDblI.s 			page 4


  40              		.size	UART_Sleep, .-UART_Sleep
  41              		.section	.text.UART_Wakeup,"ax",%progbits
  42              		.align	1
  43              		.global	UART_Wakeup
  44              		.code	16
  45              		.thumb_func
  46              		.type	UART_Wakeup, %function
  47              	UART_Wakeup:
  48              	.LFB3:
 133:.\Generated_Source\PSoC4/UART_PM.c **** 
 134:.\Generated_Source\PSoC4/UART_PM.c **** 
 135:.\Generated_Source\PSoC4/UART_PM.c **** /*******************************************************************************
 136:.\Generated_Source\PSoC4/UART_PM.c **** * Function Name: UART_Wakeup
 137:.\Generated_Source\PSoC4/UART_PM.c **** ********************************************************************************
 138:.\Generated_Source\PSoC4/UART_PM.c **** *
 139:.\Generated_Source\PSoC4/UART_PM.c **** * Summary:
 140:.\Generated_Source\PSoC4/UART_PM.c **** *  Prepares the component for the Active mode operation after exiting
 141:.\Generated_Source\PSoC4/UART_PM.c **** *  Deep Sleep. The "Enable wakeup from Sleep Mode" option has an influence
 142:.\Generated_Source\PSoC4/UART_PM.c **** *  on this function implementation.
 143:.\Generated_Source\PSoC4/UART_PM.c **** *  This function should not be called after exiting Sleep.
 144:.\Generated_Source\PSoC4/UART_PM.c **** *
 145:.\Generated_Source\PSoC4/UART_PM.c **** * Parameters:
 146:.\Generated_Source\PSoC4/UART_PM.c **** *  None
 147:.\Generated_Source\PSoC4/UART_PM.c **** *
 148:.\Generated_Source\PSoC4/UART_PM.c **** * Return:
 149:.\Generated_Source\PSoC4/UART_PM.c **** *  None
 150:.\Generated_Source\PSoC4/UART_PM.c **** *
 151:.\Generated_Source\PSoC4/UART_PM.c **** *******************************************************************************/
 152:.\Generated_Source\PSoC4/UART_PM.c **** void UART_Wakeup(void)
 153:.\Generated_Source\PSoC4/UART_PM.c **** {
  49              		.loc 1 153 0
  50              		.cfi_startproc
  51 0000 08B5     		push	{r3, lr}
  52              		.cfi_def_cfa_offset 8
  53              		.cfi_offset 3, -8
  54              		.cfi_offset 14, -4
 154:.\Generated_Source\PSoC4/UART_PM.c **** #if(UART_SCB_MODE_UNCONFIG_CONST_CFG)
 155:.\Generated_Source\PSoC4/UART_PM.c **** 
 156:.\Generated_Source\PSoC4/UART_PM.c ****     if(UART_SCB_WAKE_ENABLE_CHECK)
 157:.\Generated_Source\PSoC4/UART_PM.c ****     {
 158:.\Generated_Source\PSoC4/UART_PM.c ****         if(UART_SCB_MODE_I2C_RUNTM_CFG)
 159:.\Generated_Source\PSoC4/UART_PM.c ****         {
 160:.\Generated_Source\PSoC4/UART_PM.c ****             UART_I2CRestoreConfig();
 161:.\Generated_Source\PSoC4/UART_PM.c ****         }
 162:.\Generated_Source\PSoC4/UART_PM.c ****         else if(UART_SCB_MODE_EZI2C_RUNTM_CFG)
 163:.\Generated_Source\PSoC4/UART_PM.c ****         {
 164:.\Generated_Source\PSoC4/UART_PM.c ****             UART_EzI2CRestoreConfig();
 165:.\Generated_Source\PSoC4/UART_PM.c ****         }
 166:.\Generated_Source\PSoC4/UART_PM.c ****     #if(!UART_CY_SCBIP_V1)
 167:.\Generated_Source\PSoC4/UART_PM.c ****         else if(UART_SCB_MODE_SPI_RUNTM_CFG)
 168:.\Generated_Source\PSoC4/UART_PM.c ****         {
 169:.\Generated_Source\PSoC4/UART_PM.c ****             UART_SpiRestoreConfig();
 170:.\Generated_Source\PSoC4/UART_PM.c ****         }
 171:.\Generated_Source\PSoC4/UART_PM.c ****         else if(UART_SCB_MODE_UART_RUNTM_CFG)
 172:.\Generated_Source\PSoC4/UART_PM.c ****         {
 173:.\Generated_Source\PSoC4/UART_PM.c ****             UART_UartRestoreConfig();
 174:.\Generated_Source\PSoC4/UART_PM.c ****         }
ARM GAS  C:\Users\Helon\AppData\Local\Temp\cckFDblI.s 			page 5


 175:.\Generated_Source\PSoC4/UART_PM.c ****     #endif /* (!UART_CY_SCBIP_V1) */
 176:.\Generated_Source\PSoC4/UART_PM.c ****         else
 177:.\Generated_Source\PSoC4/UART_PM.c ****         {
 178:.\Generated_Source\PSoC4/UART_PM.c ****             /* Unknown mode */
 179:.\Generated_Source\PSoC4/UART_PM.c ****         }
 180:.\Generated_Source\PSoC4/UART_PM.c ****     }
 181:.\Generated_Source\PSoC4/UART_PM.c ****     else
 182:.\Generated_Source\PSoC4/UART_PM.c ****     {
 183:.\Generated_Source\PSoC4/UART_PM.c ****         if(0u != UART_backup.enableState)
 184:.\Generated_Source\PSoC4/UART_PM.c ****         {
 185:.\Generated_Source\PSoC4/UART_PM.c ****             UART_Enable();
 186:.\Generated_Source\PSoC4/UART_PM.c ****         }
 187:.\Generated_Source\PSoC4/UART_PM.c ****     }
 188:.\Generated_Source\PSoC4/UART_PM.c **** 
 189:.\Generated_Source\PSoC4/UART_PM.c **** #else
 190:.\Generated_Source\PSoC4/UART_PM.c **** 
 191:.\Generated_Source\PSoC4/UART_PM.c ****     #if (UART_SCB_MODE_I2C_CONST_CFG  && UART_I2C_WAKE_ENABLE_CONST)
 192:.\Generated_Source\PSoC4/UART_PM.c ****         UART_I2CRestoreConfig();
 193:.\Generated_Source\PSoC4/UART_PM.c **** 
 194:.\Generated_Source\PSoC4/UART_PM.c ****     #elif (UART_SCB_MODE_EZI2C_CONST_CFG && UART_EZI2C_WAKE_ENABLE_CONST)
 195:.\Generated_Source\PSoC4/UART_PM.c ****         UART_EzI2CRestoreConfig();
 196:.\Generated_Source\PSoC4/UART_PM.c **** 
 197:.\Generated_Source\PSoC4/UART_PM.c ****     #elif (UART_SCB_MODE_SPI_CONST_CFG && UART_SPI_WAKE_ENABLE_CONST)
 198:.\Generated_Source\PSoC4/UART_PM.c ****         UART_SpiRestoreConfig();
 199:.\Generated_Source\PSoC4/UART_PM.c **** 
 200:.\Generated_Source\PSoC4/UART_PM.c ****     #elif (UART_SCB_MODE_UART_CONST_CFG && UART_UART_WAKE_ENABLE_CONST)
 201:.\Generated_Source\PSoC4/UART_PM.c ****         UART_UartRestoreConfig();
  55              		.loc 1 201 0
  56 0002 FFF7FEFF 		bl	UART_UartRestoreConfig
  57              	.LVL1:
 202:.\Generated_Source\PSoC4/UART_PM.c **** 
 203:.\Generated_Source\PSoC4/UART_PM.c ****     #else
 204:.\Generated_Source\PSoC4/UART_PM.c **** 
 205:.\Generated_Source\PSoC4/UART_PM.c ****         if(0u != UART_backup.enableState)
 206:.\Generated_Source\PSoC4/UART_PM.c ****         {
 207:.\Generated_Source\PSoC4/UART_PM.c ****             UART_Enable();
 208:.\Generated_Source\PSoC4/UART_PM.c ****         }
 209:.\Generated_Source\PSoC4/UART_PM.c **** 
 210:.\Generated_Source\PSoC4/UART_PM.c ****     #endif /* (UART_I2C_WAKE_ENABLE_CONST) */
 211:.\Generated_Source\PSoC4/UART_PM.c **** 
 212:.\Generated_Source\PSoC4/UART_PM.c **** #endif /* (UART_SCB_MODE_UNCONFIG_CONST_CFG) */
 213:.\Generated_Source\PSoC4/UART_PM.c **** }
  58              		.loc 1 213 0
  59              		@ sp needed
  60 0006 08BD     		pop	{r3, pc}
  61              		.cfi_endproc
  62              	.LFE3:
  63              		.size	UART_Wakeup, .-UART_Wakeup
  64              		.text
  65              	.Letext0:
  66              		.file 2 ".\\Generated_Source\\PSoC4\\UART_SPI_UART_PVT.h"
  67              		.section	.debug_info,"",%progbits
  68              	.Ldebug_info0:
  69 0000 D0000000 		.4byte	0xd0
  70 0004 0400     		.2byte	0x4
  71 0006 00000000 		.4byte	.Ldebug_abbrev0
  72 000a 04       		.byte	0x4
ARM GAS  C:\Users\Helon\AppData\Local\Temp\cckFDblI.s 			page 6


  73 000b 01       		.uleb128 0x1
  74 000c F1000000 		.4byte	.LASF17
  75 0010 01       		.byte	0x1
  76 0011 CE000000 		.4byte	.LASF18
  77 0015 51000000 		.4byte	.LASF19
  78 0019 00000000 		.4byte	.Ldebug_ranges0+0
  79 001d 00000000 		.4byte	0
  80 0021 00000000 		.4byte	.Ldebug_line0
  81 0025 02       		.uleb128 0x2
  82 0026 01       		.byte	0x1
  83 0027 06       		.byte	0x6
  84 0028 EA010000 		.4byte	.LASF0
  85 002c 02       		.uleb128 0x2
  86 002d 01       		.byte	0x1
  87 002e 08       		.byte	0x8
  88 002f B4010000 		.4byte	.LASF1
  89 0033 02       		.uleb128 0x2
  90 0034 02       		.byte	0x2
  91 0035 05       		.byte	0x5
  92 0036 FC010000 		.4byte	.LASF2
  93 003a 02       		.uleb128 0x2
  94 003b 02       		.byte	0x2
  95 003c 07       		.byte	0x7
  96 003d D7010000 		.4byte	.LASF3
  97 0041 02       		.uleb128 0x2
  98 0042 04       		.byte	0x4
  99 0043 05       		.byte	0x5
 100 0044 C7010000 		.4byte	.LASF4
 101 0048 02       		.uleb128 0x2
 102 0049 04       		.byte	0x4
 103 004a 07       		.byte	0x7
 104 004b 7F010000 		.4byte	.LASF5
 105 004f 02       		.uleb128 0x2
 106 0050 08       		.byte	0x8
 107 0051 05       		.byte	0x5
 108 0052 00000000 		.4byte	.LASF6
 109 0056 02       		.uleb128 0x2
 110 0057 08       		.byte	0x8
 111 0058 07       		.byte	0x7
 112 0059 91010000 		.4byte	.LASF7
 113 005d 03       		.uleb128 0x3
 114 005e 04       		.byte	0x4
 115 005f 05       		.byte	0x5
 116 0060 696E7400 		.ascii	"int\000"
 117 0064 02       		.uleb128 0x2
 118 0065 04       		.byte	0x4
 119 0066 07       		.byte	0x7
 120 0067 25000000 		.4byte	.LASF8
 121 006b 02       		.uleb128 0x2
 122 006c 04       		.byte	0x4
 123 006d 04       		.byte	0x4
 124 006e F6010000 		.4byte	.LASF9
 125 0072 02       		.uleb128 0x2
 126 0073 08       		.byte	0x8
 127 0074 04       		.byte	0x4
 128 0075 D0010000 		.4byte	.LASF10
 129 0079 02       		.uleb128 0x2
ARM GAS  C:\Users\Helon\AppData\Local\Temp\cckFDblI.s 			page 7


 130 007a 01       		.byte	0x1
 131 007b 08       		.byte	0x8
 132 007c C2010000 		.4byte	.LASF11
 133 0080 02       		.uleb128 0x2
 134 0081 04       		.byte	0x4
 135 0082 07       		.byte	0x7
 136 0083 06020000 		.4byte	.LASF12
 137 0087 04       		.uleb128 0x4
 138 0088 46000000 		.4byte	.LASF13
 139 008c 01       		.byte	0x1
 140 008d 43       		.byte	0x43
 141 008e 00000000 		.4byte	.LFB2
 142 0092 08000000 		.4byte	.LFE2-.LFB2
 143 0096 01       		.uleb128 0x1
 144 0097 9C       		.byte	0x9c
 145 0098 A6000000 		.4byte	0xa6
 146 009c 05       		.uleb128 0x5
 147 009d 06000000 		.4byte	.LVL0
 148 00a1 C5000000 		.4byte	0xc5
 149 00a5 00       		.byte	0
 150 00a6 04       		.uleb128 0x4
 151 00a7 A8010000 		.4byte	.LASF14
 152 00ab 01       		.byte	0x1
 153 00ac 98       		.byte	0x98
 154 00ad 00000000 		.4byte	.LFB3
 155 00b1 08000000 		.4byte	.LFE3-.LFB3
 156 00b5 01       		.uleb128 0x1
 157 00b6 9C       		.byte	0x9c
 158 00b7 C5000000 		.4byte	0xc5
 159 00bb 05       		.uleb128 0x5
 160 00bc 06000000 		.4byte	.LVL1
 161 00c0 CC000000 		.4byte	0xcc
 162 00c4 00       		.byte	0
 163 00c5 06       		.uleb128 0x6
 164 00c6 32000000 		.4byte	.LASF15
 165 00ca 02       		.byte	0x2
 166 00cb 49       		.byte	0x49
 167 00cc 06       		.uleb128 0x6
 168 00cd 0E000000 		.4byte	.LASF16
 169 00d1 02       		.byte	0x2
 170 00d2 4A       		.byte	0x4a
 171 00d3 00       		.byte	0
 172              		.section	.debug_abbrev,"",%progbits
 173              	.Ldebug_abbrev0:
 174 0000 01       		.uleb128 0x1
 175 0001 11       		.uleb128 0x11
 176 0002 01       		.byte	0x1
 177 0003 25       		.uleb128 0x25
 178 0004 0E       		.uleb128 0xe
 179 0005 13       		.uleb128 0x13
 180 0006 0B       		.uleb128 0xb
 181 0007 03       		.uleb128 0x3
 182 0008 0E       		.uleb128 0xe
 183 0009 1B       		.uleb128 0x1b
 184 000a 0E       		.uleb128 0xe
 185 000b 55       		.uleb128 0x55
 186 000c 17       		.uleb128 0x17
ARM GAS  C:\Users\Helon\AppData\Local\Temp\cckFDblI.s 			page 8


 187 000d 11       		.uleb128 0x11
 188 000e 01       		.uleb128 0x1
 189 000f 10       		.uleb128 0x10
 190 0010 17       		.uleb128 0x17
 191 0011 00       		.byte	0
 192 0012 00       		.byte	0
 193 0013 02       		.uleb128 0x2
 194 0014 24       		.uleb128 0x24
 195 0015 00       		.byte	0
 196 0016 0B       		.uleb128 0xb
 197 0017 0B       		.uleb128 0xb
 198 0018 3E       		.uleb128 0x3e
 199 0019 0B       		.uleb128 0xb
 200 001a 03       		.uleb128 0x3
 201 001b 0E       		.uleb128 0xe
 202 001c 00       		.byte	0
 203 001d 00       		.byte	0
 204 001e 03       		.uleb128 0x3
 205 001f 24       		.uleb128 0x24
 206 0020 00       		.byte	0
 207 0021 0B       		.uleb128 0xb
 208 0022 0B       		.uleb128 0xb
 209 0023 3E       		.uleb128 0x3e
 210 0024 0B       		.uleb128 0xb
 211 0025 03       		.uleb128 0x3
 212 0026 08       		.uleb128 0x8
 213 0027 00       		.byte	0
 214 0028 00       		.byte	0
 215 0029 04       		.uleb128 0x4
 216 002a 2E       		.uleb128 0x2e
 217 002b 01       		.byte	0x1
 218 002c 3F       		.uleb128 0x3f
 219 002d 19       		.uleb128 0x19
 220 002e 03       		.uleb128 0x3
 221 002f 0E       		.uleb128 0xe
 222 0030 3A       		.uleb128 0x3a
 223 0031 0B       		.uleb128 0xb
 224 0032 3B       		.uleb128 0x3b
 225 0033 0B       		.uleb128 0xb
 226 0034 27       		.uleb128 0x27
 227 0035 19       		.uleb128 0x19
 228 0036 11       		.uleb128 0x11
 229 0037 01       		.uleb128 0x1
 230 0038 12       		.uleb128 0x12
 231 0039 06       		.uleb128 0x6
 232 003a 40       		.uleb128 0x40
 233 003b 18       		.uleb128 0x18
 234 003c 9742     		.uleb128 0x2117
 235 003e 19       		.uleb128 0x19
 236 003f 01       		.uleb128 0x1
 237 0040 13       		.uleb128 0x13
 238 0041 00       		.byte	0
 239 0042 00       		.byte	0
 240 0043 05       		.uleb128 0x5
 241 0044 898201   		.uleb128 0x4109
 242 0047 00       		.byte	0
 243 0048 11       		.uleb128 0x11
ARM GAS  C:\Users\Helon\AppData\Local\Temp\cckFDblI.s 			page 9


 244 0049 01       		.uleb128 0x1
 245 004a 31       		.uleb128 0x31
 246 004b 13       		.uleb128 0x13
 247 004c 00       		.byte	0
 248 004d 00       		.byte	0
 249 004e 06       		.uleb128 0x6
 250 004f 2E       		.uleb128 0x2e
 251 0050 00       		.byte	0
 252 0051 3F       		.uleb128 0x3f
 253 0052 19       		.uleb128 0x19
 254 0053 03       		.uleb128 0x3
 255 0054 0E       		.uleb128 0xe
 256 0055 3A       		.uleb128 0x3a
 257 0056 0B       		.uleb128 0xb
 258 0057 3B       		.uleb128 0x3b
 259 0058 0B       		.uleb128 0xb
 260 0059 27       		.uleb128 0x27
 261 005a 19       		.uleb128 0x19
 262 005b 3C       		.uleb128 0x3c
 263 005c 19       		.uleb128 0x19
 264 005d 00       		.byte	0
 265 005e 00       		.byte	0
 266 005f 00       		.byte	0
 267              		.section	.debug_aranges,"",%progbits
 268 0000 24000000 		.4byte	0x24
 269 0004 0200     		.2byte	0x2
 270 0006 00000000 		.4byte	.Ldebug_info0
 271 000a 04       		.byte	0x4
 272 000b 00       		.byte	0
 273 000c 0000     		.2byte	0
 274 000e 0000     		.2byte	0
 275 0010 00000000 		.4byte	.LFB2
 276 0014 08000000 		.4byte	.LFE2-.LFB2
 277 0018 00000000 		.4byte	.LFB3
 278 001c 08000000 		.4byte	.LFE3-.LFB3
 279 0020 00000000 		.4byte	0
 280 0024 00000000 		.4byte	0
 281              		.section	.debug_ranges,"",%progbits
 282              	.Ldebug_ranges0:
 283 0000 00000000 		.4byte	.LFB2
 284 0004 08000000 		.4byte	.LFE2
 285 0008 00000000 		.4byte	.LFB3
 286 000c 08000000 		.4byte	.LFE3
 287 0010 00000000 		.4byte	0
 288 0014 00000000 		.4byte	0
 289              		.section	.debug_line,"",%progbits
 290              	.Ldebug_line0:
 291 0000 82000000 		.section	.debug_str,"MS",%progbits,1
 291      02005000 
 291      00000201 
 291      FB0E0D00 
 291      01010101 
 292              	.LASF6:
 293 0000 6C6F6E67 		.ascii	"long long int\000"
 293      206C6F6E 
 293      6720696E 
 293      7400
ARM GAS  C:\Users\Helon\AppData\Local\Temp\cckFDblI.s 			page 10


 294              	.LASF16:
 295 000e 55415254 		.ascii	"UART_UartRestoreConfig\000"
 295      5F556172 
 295      74526573 
 295      746F7265 
 295      436F6E66 
 296              	.LASF8:
 297 0025 756E7369 		.ascii	"unsigned int\000"
 297      676E6564 
 297      20696E74 
 297      00
 298              	.LASF15:
 299 0032 55415254 		.ascii	"UART_UartSaveConfig\000"
 299      5F556172 
 299      74536176 
 299      65436F6E 
 299      66696700 
 300              	.LASF13:
 301 0046 55415254 		.ascii	"UART_Sleep\000"
 301      5F536C65 
 301      657000
 302              	.LASF19:
 303 0051 473A5C43 		.ascii	"G:\\Company\\Jetronic\\CYPRESS\\CYPRESS_BLE_Study\\"
 303      6F6D7061 
 303      6E795C4A 
 303      6574726F 
 303      6E69635C 
 304 007f 54726F75 		.ascii	"Troughput\\Troughpur_Central_Peripheral_V2.7\\Troug"
 304      67687075 
 304      745C5472 
 304      6F756768 
 304      7075725F 
 305 00b0 68707574 		.ascii	"hput_Central_Peripheral.cydsn\000"
 305      5F43656E 
 305      7472616C 
 305      5F506572 
 305      69706865 
 306              	.LASF18:
 307 00ce 2E5C4765 		.ascii	".\\Generated_Source\\PSoC4\\UART_PM.c\000"
 307      6E657261 
 307      7465645F 
 307      536F7572 
 307      63655C50 
 308              	.LASF17:
 309 00f1 474E5520 		.ascii	"GNU C 4.9.3 20150303 (release) [ARM/embedded-4_9-br"
 309      4320342E 
 309      392E3320 
 309      32303135 
 309      30333033 
 310 0124 616E6368 		.ascii	"anch revision 221220] -mcpu=cortex-m0 -mthumb -g -O"
 310      20726576 
 310      6973696F 
 310      6E203232 
 310      31323230 
 311 0157 73202D66 		.ascii	"s -ffunction-sections -ffat-lto-objects\000"
 311      66756E63 
 311      74696F6E 
ARM GAS  C:\Users\Helon\AppData\Local\Temp\cckFDblI.s 			page 11


 311      2D736563 
 311      74696F6E 
 312              	.LASF5:
 313 017f 6C6F6E67 		.ascii	"long unsigned int\000"
 313      20756E73 
 313      69676E65 
 313      6420696E 
 313      7400
 314              	.LASF7:
 315 0191 6C6F6E67 		.ascii	"long long unsigned int\000"
 315      206C6F6E 
 315      6720756E 
 315      7369676E 
 315      65642069 
 316              	.LASF14:
 317 01a8 55415254 		.ascii	"UART_Wakeup\000"
 317      5F57616B 
 317      65757000 
 318              	.LASF1:
 319 01b4 756E7369 		.ascii	"unsigned char\000"
 319      676E6564 
 319      20636861 
 319      7200
 320              	.LASF11:
 321 01c2 63686172 		.ascii	"char\000"
 321      00
 322              	.LASF4:
 323 01c7 6C6F6E67 		.ascii	"long int\000"
 323      20696E74 
 323      00
 324              	.LASF10:
 325 01d0 646F7562 		.ascii	"double\000"
 325      6C6500
 326              	.LASF3:
 327 01d7 73686F72 		.ascii	"short unsigned int\000"
 327      7420756E 
 327      7369676E 
 327      65642069 
 327      6E7400
 328              	.LASF0:
 329 01ea 7369676E 		.ascii	"signed char\000"
 329      65642063 
 329      68617200 
 330              	.LASF9:
 331 01f6 666C6F61 		.ascii	"float\000"
 331      7400
 332              	.LASF2:
 333 01fc 73686F72 		.ascii	"short int\000"
 333      7420696E 
 333      7400
 334              	.LASF12:
 335 0206 73697A65 		.ascii	"sizetype\000"
 335      74797065 
 335      00
 336              		.ident	"GCC: (GNU Tools for ARM Embedded Processors) 4.9.3 20150303 (release) [ARM/embedded-4_9-br
