ARM GAS  C:\Users\Helon\AppData\Local\Temp\ccXAhOCC.s 			page 1


   1              		.cpu cortex-m0
   2              		.fpu softvfp
   3              		.eabi_attribute 20, 1
   4              		.eabi_attribute 21, 1
   5              		.eabi_attribute 23, 3
   6              		.eabi_attribute 24, 1
   7              		.eabi_attribute 25, 1
   8              		.eabi_attribute 26, 1
   9              		.eabi_attribute 30, 4
  10              		.eabi_attribute 34, 0
  11              		.eabi_attribute 18, 4
  12              		.code	16
  13              		.file	"WriteUserSFlash.c"
  14              		.text
  15              	.Ltext0:
  16              		.cfi_sections	.debug_frame
  17              		.section	.text.WriteUserSFlashRow,"ax",%progbits
  18              		.align	2
  19              		.global	WriteUserSFlashRow
  20              		.code	16
  21              		.thumb_func
  22              		.type	WriteUserSFlashRow, %function
  23              	WriteUserSFlashRow:
  24              	.LFB35:
  25              		.file 1 ".\\WriteUserSFlash.c"
   1:.\WriteUserSFlash.c **** /*******************************************************************************
   2:.\WriteUserSFlash.c **** * File Name: WriteUserSFlash.c
   3:.\WriteUserSFlash.c **** *
   4:.\WriteUserSFlash.c **** * Version: 1.0
   5:.\WriteUserSFlash.c **** *
   6:.\WriteUserSFlash.c **** * Description:
   7:.\WriteUserSFlash.c **** *  This file contains the source code for User SFlash Write API.
   8:.\WriteUserSFlash.c **** *
   9:.\WriteUserSFlash.c **** * Owner:
  10:.\WriteUserSFlash.c **** *  sey@cypress.com, kris@cypress.com
  11:.\WriteUserSFlash.c **** *
  12:.\WriteUserSFlash.c **** * Hardware Dependency:
  13:.\WriteUserSFlash.c **** *  1. PSoC 4 BLE device
  14:.\WriteUserSFlash.c **** *
  15:.\WriteUserSFlash.c **** * Code Tested With:
  16:.\WriteUserSFlash.c **** *  1. PSoC Creator 3.1 SP1
  17:.\WriteUserSFlash.c **** *  2. ARM GCC 4.8.4
  18:.\WriteUserSFlash.c **** *
  19:.\WriteUserSFlash.c **** ********************************************************************************
  20:.\WriteUserSFlash.c **** * Copyright 2015, Cypress Semiconductor Corporation.  All rights reserved.
  21:.\WriteUserSFlash.c **** * You may use this file only in accordance with the license, terms, conditions,
  22:.\WriteUserSFlash.c **** * disclaimers, and limitations in the end user license agreement accompanying
  23:.\WriteUserSFlash.c **** * the software package with which this file was provided.
  24:.\WriteUserSFlash.c **** *******************************************************************************/
  25:.\WriteUserSFlash.c **** 
  26:.\WriteUserSFlash.c **** #include <Project.h>
  27:.\WriteUserSFlash.c **** #include <WriteUserSFlash.h>
  28:.\WriteUserSFlash.c **** 
  29:.\WriteUserSFlash.c **** 
  30:.\WriteUserSFlash.c **** /*******************************************************************************
  31:.\WriteUserSFlash.c **** * Function Name: WriteUserSFlashRow
  32:.\WriteUserSFlash.c **** ********************************************************************************
ARM GAS  C:\Users\Helon\AppData\Local\Temp\ccXAhOCC.s 			page 2


  33:.\WriteUserSFlash.c **** * Summary:
  34:.\WriteUserSFlash.c **** *        This routine calls the PSoC 4 BLE device supervisory ROM APIs to update
  35:.\WriteUserSFlash.c **** * the user configuration area of Supervisory Flash (SFlash).  
  36:.\WriteUserSFlash.c **** *
  37:.\WriteUserSFlash.c **** * Parameters:
  38:.\WriteUserSFlash.c **** *  userRowNUmber - User config SFlash row number to which data is to be written
  39:.\WriteUserSFlash.c **** *  dataPointer - Pointer to the data to be written. This API writes one row of
  40:.\WriteUserSFlash.c **** *                user config SFlash row at a time.
  41:.\WriteUserSFlash.c **** *
  42:.\WriteUserSFlash.c **** * Return:
  43:.\WriteUserSFlash.c **** *  uint32 - state of the user config SFlash write operation.
  44:.\WriteUserSFlash.c **** *
  45:.\WriteUserSFlash.c **** *******************************************************************************/
  46:.\WriteUserSFlash.c **** #if defined (__GNUC__)
  47:.\WriteUserSFlash.c **** #pragma GCC optimize ("O0")
  48:.\WriteUserSFlash.c **** #endif /* End of #if defined (__GNUC__) */
  49:.\WriteUserSFlash.c **** uint32 WriteUserSFlashRow(uint8 userRowNUmber, uint32 *dataPointer)
  50:.\WriteUserSFlash.c **** {
  26              		.loc 1 50 0
  27              		.cfi_startproc
  28              	.LVL0:
  29 0000 80B5     		push	{r7, lr}
  30              		.cfi_def_cfa_offset 8
  31              		.cfi_offset 7, -8
  32              		.cfi_offset 14, -4
  33 0002 8CB0     		sub	sp, sp, #48
  34              		.cfi_def_cfa_offset 56
  35 0004 00AF     		add	r7, sp, #0
  36              		.cfi_def_cfa_register 7
  37 0006 021C     		mov	r2, r0
  38 0008 3960     		str	r1, [r7]
  39 000a FB1D     		add	r3, r7, #7
  40 000c 1A70     		strb	r2, [r3]
  51:.\WriteUserSFlash.c **** //    uint8 localCount;
  52:.\WriteUserSFlash.c **** 	volatile uint32 retValue=0;
  41              		.loc 1 52 0
  42 000e 0023     		mov	r3, #0
  43 0010 FB62     		str	r3, [r7, #44]
  53:.\WriteUserSFlash.c **** //	volatile uint32 cmdDataBuffer[(CY_FLASH_SIZEOF_ROW/4) + 2];
  54:.\WriteUserSFlash.c ****     volatile uint32 cmdDataBuffer[3];
  55:.\WriteUserSFlash.c **** 	volatile uint32 reg1,reg2,reg3,reg4,reg5,reg6;
  56:.\WriteUserSFlash.c **** 	
  57:.\WriteUserSFlash.c **** 	/* Store the clock settings temporarily */
  58:.\WriteUserSFlash.c ****     reg1 =	CY_GET_XTND_REG32((void CYFAR *)(CYREG_CLK_SELECT));
  44              		.loc 1 58 0
  45 0012 2B4B     		ldr	r3, .L3
  46 0014 1B68     		ldr	r3, [r3]
  47 0016 FB61     		str	r3, [r7, #28]
  59:.\WriteUserSFlash.c ****     reg2 =  CY_GET_XTND_REG32((void CYFAR *)(CYREG_CLK_IMO_CONFIG));
  48              		.loc 1 59 0
  49 0018 2A4B     		ldr	r3, .L3+4
  50 001a 1B68     		ldr	r3, [r3]
  51 001c BB61     		str	r3, [r7, #24]
  60:.\WriteUserSFlash.c ****     reg3 =  CY_GET_XTND_REG32((void CYFAR *)(CYREG_PWR_BG_TRIM4));
  52              		.loc 1 60 0
  53 001e 2A4B     		ldr	r3, .L3+8
  54 0020 1B68     		ldr	r3, [r3]
ARM GAS  C:\Users\Helon\AppData\Local\Temp\ccXAhOCC.s 			page 3


  55 0022 7B61     		str	r3, [r7, #20]
  61:.\WriteUserSFlash.c ****     reg4 =  CY_GET_XTND_REG32((void CYFAR *)(CYREG_PWR_BG_TRIM5));
  56              		.loc 1 61 0
  57 0024 294B     		ldr	r3, .L3+12
  58 0026 1B68     		ldr	r3, [r3]
  59 0028 3B61     		str	r3, [r7, #16]
  62:.\WriteUserSFlash.c ****     reg5 =  CY_GET_XTND_REG32((void CYFAR *)(CYREG_CLK_IMO_TRIM1));
  60              		.loc 1 62 0
  61 002a 294B     		ldr	r3, .L3+16
  62 002c 1B68     		ldr	r3, [r3]
  63 002e FB60     		str	r3, [r7, #12]
  63:.\WriteUserSFlash.c ****     reg6 =  CY_GET_XTND_REG32((void CYFAR *)(CYREG_CLK_IMO_TRIM2));
  64              		.loc 1 63 0
  65 0030 284B     		ldr	r3, .L3+20
  66 0032 1B68     		ldr	r3, [r3]
  67 0034 BB60     		str	r3, [r7, #8]
  64:.\WriteUserSFlash.c **** 	
  65:.\WriteUserSFlash.c **** 	/* Initialize the clock necessary for flash programming */
  66:.\WriteUserSFlash.c **** 	CY_SET_REG32(CYREG_CPUSS_SYSARG, 0x0000e8b6);
  68              		.loc 1 66 0
  69 0036 284B     		ldr	r3, .L3+24
  70 0038 284A     		ldr	r2, .L3+28
  71 003a 1A60     		str	r2, [r3]
  67:.\WriteUserSFlash.c **** 	CY_SET_REG32(CYREG_CPUSS_SYSREQ, 0x80000015);
  72              		.loc 1 67 0
  73 003c 284B     		ldr	r3, .L3+32
  74 003e 294A     		ldr	r2, .L3+36
  75 0040 1A60     		str	r2, [r3]
  68:.\WriteUserSFlash.c **** 	
  69:.\WriteUserSFlash.c **** 	/******* Initialize SRAM parameters for the LOAD FLASH command ******/
  70:.\WriteUserSFlash.c **** 	/* byte 3 (i.e. 00) is the Macro_select */
  71:.\WriteUserSFlash.c **** 	/* byte 2 (i.e. 00) is the Start addr of page latch ËøôÈáåÁöÑÂâç6‰∏™Â≠óËäÇÊòØÂ≠òMACÂú∞ÂùÄ‰∏çËÉΩ‰øÆ
  72:.\WriteUserSFlash.c **** 	/* byte 1 (i.e. d7) is the key 2  */
  73:.\WriteUserSFlash.c **** 	/* byte 0 (i.e. b6) is the key 1  */
  74:.\WriteUserSFlash.c ****   	cmdDataBuffer[0]=0x0006d7b6;
  76              		.loc 1 74 0
  77 0042 2023     		mov	r3, #32
  78 0044 FB18     		add	r3, r7, r3
  79 0046 284A     		ldr	r2, .L3+40
  80 0048 1A60     		str	r2, [r3]
  75:.\WriteUserSFlash.c **** 	
  76:.\WriteUserSFlash.c **** 	/****** Initialize SRAM parameters for the LOAD FLASH command ******/
  77:.\WriteUserSFlash.c **** 	/* byte 3,2 and 1 are null */
  78:.\WriteUserSFlash.c **** 	/* byte 0 (i.e. 7F) is the number of bytes to be written */
  79:.\WriteUserSFlash.c **** 	cmdDataBuffer[1]=0x00000001;//ËøôÈáåÂè™ÂÜô‰∏Ä‰∏™Â≠óËäÇÁöÑÊï∞ÊçÆÔºåÊúÄÂ§ö‰∏ÄÊ¨°ÂèØÂÜô128‰∏™Â≠óËäÇÁö
  81              		.loc 1 79 0
  82 004a 2023     		mov	r3, #32
  83 004c FB18     		add	r3, r7, r3
  84 004e 0122     		mov	r2, #1
  85 0050 5A60     		str	r2, [r3, #4]
  80:.\WriteUserSFlash.c ****     
  81:.\WriteUserSFlash.c **** 	/* Initialize the SRAM buffer with data bytes */
  82:.\WriteUserSFlash.c ****     cmdDataBuffer[2] = *dataPointer;
  86              		.loc 1 82 0
  87 0052 3B68     		ldr	r3, [r7]
  88 0054 1A68     		ldr	r2, [r3]
  89 0056 2023     		mov	r3, #32
ARM GAS  C:\Users\Helon\AppData\Local\Temp\ccXAhOCC.s 			page 4


  90 0058 FB18     		add	r3, r7, r3
  91 005a 9A60     		str	r2, [r3, #8]
  83:.\WriteUserSFlash.c **** //    for(localCount = 0; localCount < (CY_FLASH_SIZEOF_ROW/4); localCount++)    
  84:.\WriteUserSFlash.c **** //	{
  85:.\WriteUserSFlash.c **** //		cmdDataBuffer[localCount + 2] = dataPointer[localCount]; 
  86:.\WriteUserSFlash.c **** //	}
  87:.\WriteUserSFlash.c **** 	
  88:.\WriteUserSFlash.c **** 	/* Write the following to registers to execute a LOAD FLASH bytes */
  89:.\WriteUserSFlash.c **** 	CY_SET_REG32(CYREG_CPUSS_SYSARG, &cmdDataBuffer[0]);
  92              		.loc 1 89 0
  93 005c 1E4B     		ldr	r3, .L3+24
  94 005e 2022     		mov	r2, #32
  95 0060 BA18     		add	r2, r7, r2
  96 0062 1A60     		str	r2, [r3]
  90:.\WriteUserSFlash.c **** 	CY_SET_REG32(CYREG_CPUSS_SYSREQ, LOAD_FLASH);
  97              		.loc 1 90 0
  98 0064 1E4B     		ldr	r3, .L3+32
  99 0066 214A     		ldr	r2, .L3+44
 100 0068 1A60     		str	r2, [r3]
  91:.\WriteUserSFlash.c **** 	
  92:.\WriteUserSFlash.c ****     /****** Initialize SRAM parameters for the WRITE ROW command ******/
  93:.\WriteUserSFlash.c **** 	/* byte 3 & 2 are null */
  94:.\WriteUserSFlash.c **** 	/* byte 1 (i.e. 0xeb) is the key 2  */
  95:.\WriteUserSFlash.c **** 	/* byte 0 (i.e. 0xb6) is the key 1  */
  96:.\WriteUserSFlash.c **** 	cmdDataBuffer[0] = 0x0000ebb6;
 101              		.loc 1 96 0
 102 006a 2023     		mov	r3, #32
 103 006c FB18     		add	r3, r7, r3
 104 006e 204A     		ldr	r2, .L3+48
 105 0070 1A60     		str	r2, [r3]
  97:.\WriteUserSFlash.c ****     
  98:.\WriteUserSFlash.c **** 	/* byte 7,6 and 5 are null */
  99:.\WriteUserSFlash.c **** 	/* byte 4 is desired SFlash user row 
 100:.\WriteUserSFlash.c **** 	 * Allowed values 0 - row 4
 101:.\WriteUserSFlash.c **** 	                  1 - row 5 
 102:.\WriteUserSFlash.c **** 					  2 - row 6
 103:.\WriteUserSFlash.c **** 					  3 - row 7 */
 104:.\WriteUserSFlash.c **** 	cmdDataBuffer[1] = (uint32) userRowNUmber;
 106              		.loc 1 104 0
 107 0072 FB1D     		add	r3, r7, #7
 108 0074 1A78     		ldrb	r2, [r3]
 109 0076 2023     		mov	r3, #32
 110 0078 FB18     		add	r3, r7, r3
 111 007a 5A60     		str	r2, [r3, #4]
 105:.\WriteUserSFlash.c **** 	
 106:.\WriteUserSFlash.c **** 	/* Write the following to registers to execute a WRITE USER SFlash ROW command */
 107:.\WriteUserSFlash.c **** 	CY_SET_REG32(CYREG_CPUSS_SYSARG, &cmdDataBuffer[0]);
 112              		.loc 1 107 0
 113 007c 164B     		ldr	r3, .L3+24
 114 007e 2022     		mov	r2, #32
 115 0080 BA18     		add	r2, r7, r2
 116 0082 1A60     		str	r2, [r3]
 108:.\WriteUserSFlash.c **** 	CY_SET_REG32(CYREG_CPUSS_SYSREQ, WRITE_USER_SFLASH_ROW);
 117              		.loc 1 108 0
 118 0084 164B     		ldr	r3, .L3+32
 119 0086 1B4A     		ldr	r2, .L3+52
 120 0088 1A60     		str	r2, [r3]
ARM GAS  C:\Users\Helon\AppData\Local\Temp\ccXAhOCC.s 			page 5


 109:.\WriteUserSFlash.c ****     
 110:.\WriteUserSFlash.c **** 	/* Read back SYSARG for the result. 0xA0000000 = SUCCESS; */
 111:.\WriteUserSFlash.c **** 	retValue = CY_GET_REG32(CYREG_CPUSS_SYSARG);
 121              		.loc 1 111 0
 122 008a 134B     		ldr	r3, .L3+24
 123 008c 1B68     		ldr	r3, [r3]
 124 008e FB62     		str	r3, [r7, #44]
 112:.\WriteUserSFlash.c **** 	
 113:.\WriteUserSFlash.c **** 	/* Restore the clock settings after the flash programming is done */
 114:.\WriteUserSFlash.c ****     CY_SET_XTND_REG32((void CYFAR *)(CYREG_CLK_SELECT),reg1);
 125              		.loc 1 114 0
 126 0090 0B4B     		ldr	r3, .L3
 127 0092 FA69     		ldr	r2, [r7, #28]
 128 0094 1A60     		str	r2, [r3]
 115:.\WriteUserSFlash.c ****     CY_SET_XTND_REG32((void CYFAR *)(CYREG_CLK_IMO_CONFIG),reg2);
 129              		.loc 1 115 0
 130 0096 0B4B     		ldr	r3, .L3+4
 131 0098 BA69     		ldr	r2, [r7, #24]
 132 009a 1A60     		str	r2, [r3]
 116:.\WriteUserSFlash.c ****     CY_SET_XTND_REG32((void CYFAR *)(CYREG_PWR_BG_TRIM4),reg3);
 133              		.loc 1 116 0
 134 009c 0A4B     		ldr	r3, .L3+8
 135 009e 7A69     		ldr	r2, [r7, #20]
 136 00a0 1A60     		str	r2, [r3]
 117:.\WriteUserSFlash.c ****     CY_SET_XTND_REG32((void CYFAR *)(CYREG_PWR_BG_TRIM5),reg4);
 137              		.loc 1 117 0
 138 00a2 0A4B     		ldr	r3, .L3+12
 139 00a4 3A69     		ldr	r2, [r7, #16]
 140 00a6 1A60     		str	r2, [r3]
 118:.\WriteUserSFlash.c ****     CY_SET_XTND_REG32((void CYFAR *)(CYREG_CLK_IMO_TRIM1),reg5);
 141              		.loc 1 118 0
 142 00a8 094B     		ldr	r3, .L3+16
 143 00aa FA68     		ldr	r2, [r7, #12]
 144 00ac 1A60     		str	r2, [r3]
 119:.\WriteUserSFlash.c ****     CY_SET_XTND_REG32((void CYFAR *)(CYREG_CLK_IMO_TRIM2),reg6);  
 145              		.loc 1 119 0
 146 00ae 094B     		ldr	r3, .L3+20
 147 00b0 BA68     		ldr	r2, [r7, #8]
 148 00b2 1A60     		str	r2, [r3]
 120:.\WriteUserSFlash.c **** 	
 121:.\WriteUserSFlash.c **** 	return retValue;
 149              		.loc 1 121 0
 150 00b4 FB6A     		ldr	r3, [r7, #44]
 122:.\WriteUserSFlash.c **** }
 151              		.loc 1 122 0
 152 00b6 181C     		mov	r0, r3
 153              	.LVL1:
 154 00b8 BD46     		mov	sp, r7
 155 00ba 0CB0     		add	sp, sp, #48
 156              		@ sp needed
 157 00bc 80BD     		pop	{r7, pc}
 158              	.L4:
 159 00be C046     		.align	2
 160              	.L3:
 161 00c0 00010B40 		.word	1074462976
 162 00c4 08010B40 		.word	1074462984
 163 00c8 1CFF0B40 		.word	1074528028
ARM GAS  C:\Users\Helon\AppData\Local\Temp\ccXAhOCC.s 			page 6


 164 00cc 20FF0B40 		.word	1074528032
 165 00d0 28FF0B40 		.word	1074528040
 166 00d4 2CFF0B40 		.word	1074528044
 167 00d8 08001040 		.word	1074790408
 168 00dc B6E80000 		.word	59574
 169 00e0 04001040 		.word	1074790404
 170 00e4 15000080 		.word	-2147483627
 171 00e8 B6D70600 		.word	448438
 172 00ec 04000080 		.word	-2147483644
 173 00f0 B6EB0000 		.word	60342
 174 00f4 18000080 		.word	-2147483624
 175              		.cfi_endproc
 176              	.LFE35:
 177              		.size	WriteUserSFlashRow, .-WriteUserSFlashRow
 178              		.section	.text.ReadDataFromSFlash,"ax",%progbits
 179              		.align	1
 180              		.global	ReadDataFromSFlash
 181              		.code	16
 182              		.thumb_func
 183              		.type	ReadDataFromSFlash, %function
 184              	ReadDataFromSFlash:
 185              	.LFB36:
 123:.\WriteUserSFlash.c **** #if defined (__GNUC__)
 124:.\WriteUserSFlash.c **** #pragma GCC reset_options
 125:.\WriteUserSFlash.c **** #endif /* End of #if defined (__GNUC__) */
 126:.\WriteUserSFlash.c **** 
 127:.\WriteUserSFlash.c **** /*******************************************************************************
 128:.\WriteUserSFlash.c **** * Function Name: ReadDataFromSFlash
 129:.\WriteUserSFlash.c **** ********************************************************************************
 130:.\WriteUserSFlash.c **** *
 131:.\WriteUserSFlash.c **** *
 132:.\WriteUserSFlash.c **** * 
 133:.\WriteUserSFlash.c **** *  ËØªÂèñSFlash‰∏≠ÁöÑÁ¨¨‰∏Ä‰∏™Êï∞ÊçÆ
 134:.\WriteUserSFlash.c **** * \param  none
 135:.\WriteUserSFlash.c **** * \return
 136:.\WriteUserSFlash.c **** *  None
 137:.\WriteUserSFlash.c **** *       SFlash‰∏≠Êúâ506BytesÂ≠óËäÇÁöÑÁî®Êà∑ÂèØÈÖçÁΩÆÁöÑÁ©∫Èó¥
 138:.\WriteUserSFlash.c **** ******************************************************************************/
 139:.\WriteUserSFlash.c **** uint8_t ReadDataFromSFlash()
 140:.\WriteUserSFlash.c **** {
 186              		.loc 1 140 0
 187              		.cfi_startproc
 188              	.LVL2:
 141:.\WriteUserSFlash.c ****     uint8_t FlashData=0;
 142:.\WriteUserSFlash.c ****     uint8_t *sflashPtr=(uint8_t *)USER_SFLASH_BASE_ADDRESS;//SFlashÁöÑÈ¶ñÂú∞ÂùÄ
 143:.\WriteUserSFlash.c ****     sflashPtr=sflashPtr+6;
 144:.\WriteUserSFlash.c ****     FlashData=*sflashPtr;
 145:.\WriteUserSFlash.c ****     return FlashData;
 189              		.loc 1 145 0
 190 0000 014B     		ldr	r3, .L6
 191              	.LVL3:
 146:.\WriteUserSFlash.c **** }
 192              		.loc 1 146 0
 193              		@ sp needed
 145:.\WriteUserSFlash.c **** }
 194              		.loc 1 145 0
 195 0002 1878     		ldrb	r0, [r3]
ARM GAS  C:\Users\Helon\AppData\Local\Temp\ccXAhOCC.s 			page 7


 196              		.loc 1 146 0
 197 0004 7047     		bx	lr
 198              	.L7:
 199 0006 C046     		.align	2
 200              	.L6:
 201 0008 06F2FF0F 		.word	268431878
 202              		.cfi_endproc
 203              	.LFE36:
 204              		.size	ReadDataFromSFlash, .-ReadDataFromSFlash
 205              		.text
 206              	.Letext0:
 207              		.file 2 "c:\\program files (x86)\\cypress\\psoc creator\\3.3\\psoc creator\\import\\gnu\\arm\\4.9.
 208              		.file 3 "c:\\program files (x86)\\cypress\\psoc creator\\3.3\\psoc creator\\import\\gnu\\arm\\4.9.
 209              		.file 4 "Generated_Source\\PSoC4/cytypes.h"
 210              		.section	.debug_info,"",%progbits
 211              	.Ldebug_info0:
 212 0000 C0010000 		.4byte	0x1c0
 213 0004 0400     		.2byte	0x4
 214 0006 00000000 		.4byte	.Ldebug_abbrev0
 215 000a 04       		.byte	0x4
 216 000b 01       		.uleb128 0x1
 217 000c 19000000 		.4byte	.LASF30
 218 0010 01       		.byte	0x1
 219 0011 47010000 		.4byte	.LASF31
 220 0015 77010000 		.4byte	.LASF32
 221 0019 00000000 		.4byte	.Ldebug_ranges0+0
 222 001d 00000000 		.4byte	0
 223 0021 00000000 		.4byte	.Ldebug_line0
 224 0025 02       		.uleb128 0x2
 225 0026 01       		.byte	0x1
 226 0027 06       		.byte	0x6
 227 0028 4D020000 		.4byte	.LASF0
 228 002c 03       		.uleb128 0x3
 229 002d 06000000 		.4byte	.LASF9
 230 0031 02       		.byte	0x2
 231 0032 1D       		.byte	0x1d
 232 0033 37000000 		.4byte	0x37
 233 0037 02       		.uleb128 0x2
 234 0038 01       		.byte	0x1
 235 0039 08       		.byte	0x8
 236 003a 09010000 		.4byte	.LASF1
 237 003e 02       		.uleb128 0x2
 238 003f 02       		.byte	0x2
 239 0040 05       		.byte	0x5
 240 0041 27020000 		.4byte	.LASF2
 241 0045 02       		.uleb128 0x2
 242 0046 02       		.byte	0x2
 243 0047 07       		.byte	0x7
 244 0048 59020000 		.4byte	.LASF3
 245 004c 02       		.uleb128 0x2
 246 004d 04       		.byte	0x4
 247 004e 05       		.byte	0x5
 248 004f 31020000 		.4byte	.LASF4
 249 0053 02       		.uleb128 0x2
 250 0054 04       		.byte	0x4
 251 0055 07       		.byte	0x7
 252 0056 2F010000 		.4byte	.LASF5
ARM GAS  C:\Users\Helon\AppData\Local\Temp\ccXAhOCC.s 			page 8


 253 005a 02       		.uleb128 0x2
 254 005b 08       		.byte	0x8
 255 005c 05       		.byte	0x5
 256 005d 0F020000 		.4byte	.LASF6
 257 0061 02       		.uleb128 0x2
 258 0062 08       		.byte	0x8
 259 0063 07       		.byte	0x7
 260 0064 E8000000 		.4byte	.LASF7
 261 0068 04       		.uleb128 0x4
 262 0069 04       		.byte	0x4
 263 006a 05       		.byte	0x5
 264 006b 696E7400 		.ascii	"int\000"
 265 006f 02       		.uleb128 0x2
 266 0070 04       		.byte	0x4
 267 0071 07       		.byte	0x7
 268 0072 BD000000 		.4byte	.LASF8
 269 0076 03       		.uleb128 0x3
 270 0077 F9010000 		.4byte	.LASF10
 271 007b 03       		.byte	0x3
 272 007c 15       		.byte	0x15
 273 007d 2C000000 		.4byte	0x2c
 274 0081 03       		.uleb128 0x3
 275 0082 41010000 		.4byte	.LASF11
 276 0086 04       		.byte	0x4
 277 0087 C2       		.byte	0xc2
 278 0088 37000000 		.4byte	0x37
 279 008c 03       		.uleb128 0x3
 280 008d 62010000 		.4byte	.LASF12
 281 0091 04       		.byte	0x4
 282 0092 C4       		.byte	0xc4
 283 0093 53000000 		.4byte	0x53
 284 0097 02       		.uleb128 0x2
 285 0098 04       		.byte	0x4
 286 0099 04       		.byte	0x4
 287 009a DD000000 		.4byte	.LASF13
 288 009e 02       		.uleb128 0x2
 289 009f 08       		.byte	0x8
 290 00a0 04       		.byte	0x4
 291 00a1 5B010000 		.4byte	.LASF14
 292 00a5 02       		.uleb128 0x2
 293 00a6 01       		.byte	0x1
 294 00a7 08       		.byte	0x8
 295 00a8 F4010000 		.4byte	.LASF15
 296 00ac 05       		.uleb128 0x5
 297 00ad 00000000 		.4byte	.LASF16
 298 00b1 04       		.byte	0x4
 299 00b2 6E01     		.2byte	0x16e
 300 00b4 B8000000 		.4byte	0xb8
 301 00b8 06       		.uleb128 0x6
 302 00b9 8C000000 		.4byte	0x8c
 303 00bd 02       		.uleb128 0x2
 304 00be 04       		.byte	0x4
 305 00bf 07       		.byte	0x7
 306 00c0 06020000 		.4byte	.LASF17
 307 00c4 07       		.uleb128 0x7
 308 00c5 1C010000 		.4byte	.LASF33
 309 00c9 01       		.byte	0x1
ARM GAS  C:\Users\Helon\AppData\Local\Temp\ccXAhOCC.s 			page 9


 310 00ca 31       		.byte	0x31
 311 00cb 8C000000 		.4byte	0x8c
 312 00cf 00000000 		.4byte	.LFB35
 313 00d3 F8000000 		.4byte	.LFE35-.LFB35
 314 00d7 01       		.uleb128 0x1
 315 00d8 9C       		.byte	0x9c
 316 00d9 6A010000 		.4byte	0x16a
 317 00dd 08       		.uleb128 0x8
 318 00de 3F020000 		.4byte	.LASF18
 319 00e2 01       		.byte	0x1
 320 00e3 31       		.byte	0x31
 321 00e4 81000000 		.4byte	0x81
 322 00e8 00000000 		.4byte	.LLST0
 323 00ec 09       		.uleb128 0x9
 324 00ed A7000000 		.4byte	.LASF19
 325 00f1 01       		.byte	0x1
 326 00f2 31       		.byte	0x31
 327 00f3 6A010000 		.4byte	0x16a
 328 00f7 01       		.uleb128 0x1
 329 00f8 51       		.byte	0x51
 330 00f9 0A       		.uleb128 0xa
 331 00fa 10000000 		.4byte	.LASF20
 332 00fe 01       		.byte	0x1
 333 00ff 34       		.byte	0x34
 334 0100 B8000000 		.4byte	0xb8
 335 0104 02       		.uleb128 0x2
 336 0105 91       		.byte	0x91
 337 0106 74       		.sleb128 -12
 338 0107 0A       		.uleb128 0xa
 339 0108 69010000 		.4byte	.LASF21
 340 010c 01       		.byte	0x1
 341 010d 36       		.byte	0x36
 342 010e 80010000 		.4byte	0x180
 343 0112 02       		.uleb128 0x2
 344 0113 91       		.byte	0x91
 345 0114 68       		.sleb128 -24
 346 0115 0A       		.uleb128 0xa
 347 0116 E3000000 		.4byte	.LASF22
 348 011a 01       		.byte	0x1
 349 011b 37       		.byte	0x37
 350 011c B8000000 		.4byte	0xb8
 351 0120 02       		.uleb128 0x2
 352 0121 91       		.byte	0x91
 353 0122 64       		.sleb128 -28
 354 0123 0A       		.uleb128 0xa
 355 0124 3A020000 		.4byte	.LASF23
 356 0128 01       		.byte	0x1
 357 0129 37       		.byte	0x37
 358 012a B8000000 		.4byte	0xb8
 359 012e 02       		.uleb128 0x2
 360 012f 91       		.byte	0x91
 361 0130 60       		.sleb128 -32
 362 0131 0A       		.uleb128 0xa
 363 0132 FF000000 		.4byte	.LASF24
 364 0136 01       		.byte	0x1
 365 0137 37       		.byte	0x37
 366 0138 B8000000 		.4byte	0xb8
ARM GAS  C:\Users\Helon\AppData\Local\Temp\ccXAhOCC.s 			page 10


 367 013c 02       		.uleb128 0x2
 368 013d 91       		.byte	0x91
 369 013e 5C       		.sleb128 -36
 370 013f 0A       		.uleb128 0xa
 371 0140 04010000 		.4byte	.LASF25
 372 0144 01       		.byte	0x1
 373 0145 37       		.byte	0x37
 374 0146 B8000000 		.4byte	0xb8
 375 014a 02       		.uleb128 0x2
 376 014b 91       		.byte	0x91
 377 014c 58       		.sleb128 -40
 378 014d 0A       		.uleb128 0xa
 379 014e 01020000 		.4byte	.LASF26
 380 0152 01       		.byte	0x1
 381 0153 37       		.byte	0x37
 382 0154 B8000000 		.4byte	0xb8
 383 0158 02       		.uleb128 0x2
 384 0159 91       		.byte	0x91
 385 015a 54       		.sleb128 -44
 386 015b 0A       		.uleb128 0xa
 387 015c 17010000 		.4byte	.LASF27
 388 0160 01       		.byte	0x1
 389 0161 37       		.byte	0x37
 390 0162 B8000000 		.4byte	0xb8
 391 0166 02       		.uleb128 0x2
 392 0167 91       		.byte	0x91
 393 0168 50       		.sleb128 -48
 394 0169 00       		.byte	0
 395 016a 0B       		.uleb128 0xb
 396 016b 04       		.byte	0x4
 397 016c 8C000000 		.4byte	0x8c
 398 0170 0C       		.uleb128 0xc
 399 0171 8C000000 		.4byte	0x8c
 400 0175 80010000 		.4byte	0x180
 401 0179 0D       		.uleb128 0xd
 402 017a BD000000 		.4byte	0xbd
 403 017e 02       		.byte	0x2
 404 017f 00       		.byte	0
 405 0180 06       		.uleb128 0x6
 406 0181 70010000 		.4byte	0x170
 407 0185 0E       		.uleb128 0xe
 408 0186 CA000000 		.4byte	.LASF34
 409 018a 01       		.byte	0x1
 410 018b 8B       		.byte	0x8b
 411 018c 76000000 		.4byte	0x76
 412 0190 00000000 		.4byte	.LFB36
 413 0194 0C000000 		.4byte	.LFE36-.LFB36
 414 0198 01       		.uleb128 0x1
 415 0199 9C       		.byte	0x9c
 416 019a BD010000 		.4byte	0x1bd
 417 019e 0F       		.uleb128 0xf
 418 019f 1D020000 		.4byte	.LASF28
 419 01a3 01       		.byte	0x1
 420 01a4 8D       		.byte	0x8d
 421 01a5 76000000 		.4byte	0x76
 422 01a9 21000000 		.4byte	.LLST1
 423 01ad 10       		.uleb128 0x10
ARM GAS  C:\Users\Helon\AppData\Local\Temp\ccXAhOCC.s 			page 11


 424 01ae B3000000 		.4byte	.LASF29
 425 01b2 01       		.byte	0x1
 426 01b3 8E       		.byte	0x8e
 427 01b4 BD010000 		.4byte	0x1bd
 428 01b8 06F2FF0F 		.4byte	0xffff206
 429 01bc 00       		.byte	0
 430 01bd 0B       		.uleb128 0xb
 431 01be 04       		.byte	0x4
 432 01bf 76000000 		.4byte	0x76
 433 01c3 00       		.byte	0
 434              		.section	.debug_abbrev,"",%progbits
 435              	.Ldebug_abbrev0:
 436 0000 01       		.uleb128 0x1
 437 0001 11       		.uleb128 0x11
 438 0002 01       		.byte	0x1
 439 0003 25       		.uleb128 0x25
 440 0004 0E       		.uleb128 0xe
 441 0005 13       		.uleb128 0x13
 442 0006 0B       		.uleb128 0xb
 443 0007 03       		.uleb128 0x3
 444 0008 0E       		.uleb128 0xe
 445 0009 1B       		.uleb128 0x1b
 446 000a 0E       		.uleb128 0xe
 447 000b 55       		.uleb128 0x55
 448 000c 17       		.uleb128 0x17
 449 000d 11       		.uleb128 0x11
 450 000e 01       		.uleb128 0x1
 451 000f 10       		.uleb128 0x10
 452 0010 17       		.uleb128 0x17
 453 0011 00       		.byte	0
 454 0012 00       		.byte	0
 455 0013 02       		.uleb128 0x2
 456 0014 24       		.uleb128 0x24
 457 0015 00       		.byte	0
 458 0016 0B       		.uleb128 0xb
 459 0017 0B       		.uleb128 0xb
 460 0018 3E       		.uleb128 0x3e
 461 0019 0B       		.uleb128 0xb
 462 001a 03       		.uleb128 0x3
 463 001b 0E       		.uleb128 0xe
 464 001c 00       		.byte	0
 465 001d 00       		.byte	0
 466 001e 03       		.uleb128 0x3
 467 001f 16       		.uleb128 0x16
 468 0020 00       		.byte	0
 469 0021 03       		.uleb128 0x3
 470 0022 0E       		.uleb128 0xe
 471 0023 3A       		.uleb128 0x3a
 472 0024 0B       		.uleb128 0xb
 473 0025 3B       		.uleb128 0x3b
 474 0026 0B       		.uleb128 0xb
 475 0027 49       		.uleb128 0x49
 476 0028 13       		.uleb128 0x13
 477 0029 00       		.byte	0
 478 002a 00       		.byte	0
 479 002b 04       		.uleb128 0x4
 480 002c 24       		.uleb128 0x24
ARM GAS  C:\Users\Helon\AppData\Local\Temp\ccXAhOCC.s 			page 12


 481 002d 00       		.byte	0
 482 002e 0B       		.uleb128 0xb
 483 002f 0B       		.uleb128 0xb
 484 0030 3E       		.uleb128 0x3e
 485 0031 0B       		.uleb128 0xb
 486 0032 03       		.uleb128 0x3
 487 0033 08       		.uleb128 0x8
 488 0034 00       		.byte	0
 489 0035 00       		.byte	0
 490 0036 05       		.uleb128 0x5
 491 0037 16       		.uleb128 0x16
 492 0038 00       		.byte	0
 493 0039 03       		.uleb128 0x3
 494 003a 0E       		.uleb128 0xe
 495 003b 3A       		.uleb128 0x3a
 496 003c 0B       		.uleb128 0xb
 497 003d 3B       		.uleb128 0x3b
 498 003e 05       		.uleb128 0x5
 499 003f 49       		.uleb128 0x49
 500 0040 13       		.uleb128 0x13
 501 0041 00       		.byte	0
 502 0042 00       		.byte	0
 503 0043 06       		.uleb128 0x6
 504 0044 35       		.uleb128 0x35
 505 0045 00       		.byte	0
 506 0046 49       		.uleb128 0x49
 507 0047 13       		.uleb128 0x13
 508 0048 00       		.byte	0
 509 0049 00       		.byte	0
 510 004a 07       		.uleb128 0x7
 511 004b 2E       		.uleb128 0x2e
 512 004c 01       		.byte	0x1
 513 004d 3F       		.uleb128 0x3f
 514 004e 19       		.uleb128 0x19
 515 004f 03       		.uleb128 0x3
 516 0050 0E       		.uleb128 0xe
 517 0051 3A       		.uleb128 0x3a
 518 0052 0B       		.uleb128 0xb
 519 0053 3B       		.uleb128 0x3b
 520 0054 0B       		.uleb128 0xb
 521 0055 27       		.uleb128 0x27
 522 0056 19       		.uleb128 0x19
 523 0057 49       		.uleb128 0x49
 524 0058 13       		.uleb128 0x13
 525 0059 11       		.uleb128 0x11
 526 005a 01       		.uleb128 0x1
 527 005b 12       		.uleb128 0x12
 528 005c 06       		.uleb128 0x6
 529 005d 40       		.uleb128 0x40
 530 005e 18       		.uleb128 0x18
 531 005f 9742     		.uleb128 0x2117
 532 0061 19       		.uleb128 0x19
 533 0062 01       		.uleb128 0x1
 534 0063 13       		.uleb128 0x13
 535 0064 00       		.byte	0
 536 0065 00       		.byte	0
 537 0066 08       		.uleb128 0x8
ARM GAS  C:\Users\Helon\AppData\Local\Temp\ccXAhOCC.s 			page 13


 538 0067 05       		.uleb128 0x5
 539 0068 00       		.byte	0
 540 0069 03       		.uleb128 0x3
 541 006a 0E       		.uleb128 0xe
 542 006b 3A       		.uleb128 0x3a
 543 006c 0B       		.uleb128 0xb
 544 006d 3B       		.uleb128 0x3b
 545 006e 0B       		.uleb128 0xb
 546 006f 49       		.uleb128 0x49
 547 0070 13       		.uleb128 0x13
 548 0071 02       		.uleb128 0x2
 549 0072 17       		.uleb128 0x17
 550 0073 00       		.byte	0
 551 0074 00       		.byte	0
 552 0075 09       		.uleb128 0x9
 553 0076 05       		.uleb128 0x5
 554 0077 00       		.byte	0
 555 0078 03       		.uleb128 0x3
 556 0079 0E       		.uleb128 0xe
 557 007a 3A       		.uleb128 0x3a
 558 007b 0B       		.uleb128 0xb
 559 007c 3B       		.uleb128 0x3b
 560 007d 0B       		.uleb128 0xb
 561 007e 49       		.uleb128 0x49
 562 007f 13       		.uleb128 0x13
 563 0080 02       		.uleb128 0x2
 564 0081 18       		.uleb128 0x18
 565 0082 00       		.byte	0
 566 0083 00       		.byte	0
 567 0084 0A       		.uleb128 0xa
 568 0085 34       		.uleb128 0x34
 569 0086 00       		.byte	0
 570 0087 03       		.uleb128 0x3
 571 0088 0E       		.uleb128 0xe
 572 0089 3A       		.uleb128 0x3a
 573 008a 0B       		.uleb128 0xb
 574 008b 3B       		.uleb128 0x3b
 575 008c 0B       		.uleb128 0xb
 576 008d 49       		.uleb128 0x49
 577 008e 13       		.uleb128 0x13
 578 008f 02       		.uleb128 0x2
 579 0090 18       		.uleb128 0x18
 580 0091 00       		.byte	0
 581 0092 00       		.byte	0
 582 0093 0B       		.uleb128 0xb
 583 0094 0F       		.uleb128 0xf
 584 0095 00       		.byte	0
 585 0096 0B       		.uleb128 0xb
 586 0097 0B       		.uleb128 0xb
 587 0098 49       		.uleb128 0x49
 588 0099 13       		.uleb128 0x13
 589 009a 00       		.byte	0
 590 009b 00       		.byte	0
 591 009c 0C       		.uleb128 0xc
 592 009d 01       		.uleb128 0x1
 593 009e 01       		.byte	0x1
 594 009f 49       		.uleb128 0x49
ARM GAS  C:\Users\Helon\AppData\Local\Temp\ccXAhOCC.s 			page 14


 595 00a0 13       		.uleb128 0x13
 596 00a1 01       		.uleb128 0x1
 597 00a2 13       		.uleb128 0x13
 598 00a3 00       		.byte	0
 599 00a4 00       		.byte	0
 600 00a5 0D       		.uleb128 0xd
 601 00a6 21       		.uleb128 0x21
 602 00a7 00       		.byte	0
 603 00a8 49       		.uleb128 0x49
 604 00a9 13       		.uleb128 0x13
 605 00aa 2F       		.uleb128 0x2f
 606 00ab 0B       		.uleb128 0xb
 607 00ac 00       		.byte	0
 608 00ad 00       		.byte	0
 609 00ae 0E       		.uleb128 0xe
 610 00af 2E       		.uleb128 0x2e
 611 00b0 01       		.byte	0x1
 612 00b1 3F       		.uleb128 0x3f
 613 00b2 19       		.uleb128 0x19
 614 00b3 03       		.uleb128 0x3
 615 00b4 0E       		.uleb128 0xe
 616 00b5 3A       		.uleb128 0x3a
 617 00b6 0B       		.uleb128 0xb
 618 00b7 3B       		.uleb128 0x3b
 619 00b8 0B       		.uleb128 0xb
 620 00b9 49       		.uleb128 0x49
 621 00ba 13       		.uleb128 0x13
 622 00bb 11       		.uleb128 0x11
 623 00bc 01       		.uleb128 0x1
 624 00bd 12       		.uleb128 0x12
 625 00be 06       		.uleb128 0x6
 626 00bf 40       		.uleb128 0x40
 627 00c0 18       		.uleb128 0x18
 628 00c1 9742     		.uleb128 0x2117
 629 00c3 19       		.uleb128 0x19
 630 00c4 01       		.uleb128 0x1
 631 00c5 13       		.uleb128 0x13
 632 00c6 00       		.byte	0
 633 00c7 00       		.byte	0
 634 00c8 0F       		.uleb128 0xf
 635 00c9 34       		.uleb128 0x34
 636 00ca 00       		.byte	0
 637 00cb 03       		.uleb128 0x3
 638 00cc 0E       		.uleb128 0xe
 639 00cd 3A       		.uleb128 0x3a
 640 00ce 0B       		.uleb128 0xb
 641 00cf 3B       		.uleb128 0x3b
 642 00d0 0B       		.uleb128 0xb
 643 00d1 49       		.uleb128 0x49
 644 00d2 13       		.uleb128 0x13
 645 00d3 02       		.uleb128 0x2
 646 00d4 17       		.uleb128 0x17
 647 00d5 00       		.byte	0
 648 00d6 00       		.byte	0
 649 00d7 10       		.uleb128 0x10
 650 00d8 34       		.uleb128 0x34
 651 00d9 00       		.byte	0
ARM GAS  C:\Users\Helon\AppData\Local\Temp\ccXAhOCC.s 			page 15


 652 00da 03       		.uleb128 0x3
 653 00db 0E       		.uleb128 0xe
 654 00dc 3A       		.uleb128 0x3a
 655 00dd 0B       		.uleb128 0xb
 656 00de 3B       		.uleb128 0x3b
 657 00df 0B       		.uleb128 0xb
 658 00e0 49       		.uleb128 0x49
 659 00e1 13       		.uleb128 0x13
 660 00e2 1C       		.uleb128 0x1c
 661 00e3 06       		.uleb128 0x6
 662 00e4 00       		.byte	0
 663 00e5 00       		.byte	0
 664 00e6 00       		.byte	0
 665              		.section	.debug_loc,"",%progbits
 666              	.Ldebug_loc0:
 667              	.LLST0:
 668 0000 00000000 		.4byte	.LVL0
 669 0004 B8000000 		.4byte	.LVL1
 670 0008 0100     		.2byte	0x1
 671 000a 50       		.byte	0x50
 672 000b B8000000 		.4byte	.LVL1
 673 000f F8000000 		.4byte	.LFE35
 674 0013 0400     		.2byte	0x4
 675 0015 F3       		.byte	0xf3
 676 0016 01       		.uleb128 0x1
 677 0017 50       		.byte	0x50
 678 0018 9F       		.byte	0x9f
 679 0019 00000000 		.4byte	0
 680 001d 00000000 		.4byte	0
 681              	.LLST1:
 682 0021 00000000 		.4byte	.LVL2
 683 0025 02000000 		.4byte	.LVL3
 684 0029 0500     		.2byte	0x5
 685 002b 0C       		.byte	0xc
 686 002c 06F2FF0F 		.4byte	0xffff206
 687 0030 02000000 		.4byte	.LVL3
 688 0034 0C000000 		.4byte	.LFE36
 689 0038 0200     		.2byte	0x2
 690 003a 73       		.byte	0x73
 691 003b 00       		.sleb128 0
 692 003c 00000000 		.4byte	0
 693 0040 00000000 		.4byte	0
 694              		.section	.debug_aranges,"",%progbits
 695 0000 24000000 		.4byte	0x24
 696 0004 0200     		.2byte	0x2
 697 0006 00000000 		.4byte	.Ldebug_info0
 698 000a 04       		.byte	0x4
 699 000b 00       		.byte	0
 700 000c 0000     		.2byte	0
 701 000e 0000     		.2byte	0
 702 0010 00000000 		.4byte	.LFB35
 703 0014 F8000000 		.4byte	.LFE35-.LFB35
 704 0018 00000000 		.4byte	.LFB36
 705 001c 0C000000 		.4byte	.LFE36-.LFB36
 706 0020 00000000 		.4byte	0
 707 0024 00000000 		.4byte	0
 708              		.section	.debug_ranges,"",%progbits
ARM GAS  C:\Users\Helon\AppData\Local\Temp\ccXAhOCC.s 			page 16


 709              	.Ldebug_ranges0:
 710 0000 00000000 		.4byte	.LFB35
 711 0004 F8000000 		.4byte	.LFE35
 712 0008 00000000 		.4byte	.LFB36
 713 000c 0C000000 		.4byte	.LFE36
 714 0010 00000000 		.4byte	0
 715 0014 00000000 		.4byte	0
 716              		.section	.debug_line,"",%progbits
 717              	.Ldebug_line0:
 718 0000 8A010000 		.section	.debug_str,"MS",%progbits,1
 718      02004601 
 718      00000201 
 718      FB0E0D00 
 718      01010101 
 719              	.LASF16:
 720 0000 72656733 		.ascii	"reg32\000"
 720      3200
 721              	.LASF9:
 722 0006 5F5F7569 		.ascii	"__uint8_t\000"
 722      6E74385F 
 722      7400
 723              	.LASF20:
 724 0010 72657456 		.ascii	"retValue\000"
 724      616C7565 
 724      00
 725              	.LASF30:
 726 0019 474E5520 		.ascii	"GNU C 4.9.3 20150303 (release) [ARM/embedded-4_9-br"
 726      4320342E 
 726      392E3320 
 726      32303135 
 726      30333033 
 727 004c 616E6368 		.ascii	"anch revision 221220] -mcpu=cortex-m0 -mthumb -g -O"
 727      20726576 
 727      6973696F 
 727      6E203232 
 727      31323230 
 728 007f 73202D66 		.ascii	"s -ffunction-sections -ffat-lto-objects\000"
 728      66756E63 
 728      74696F6E 
 728      2D736563 
 728      74696F6E 
 729              	.LASF19:
 730 00a7 64617461 		.ascii	"dataPointer\000"
 730      506F696E 
 730      74657200 
 731              	.LASF29:
 732 00b3 73666C61 		.ascii	"sflashPtr\000"
 732      73685074 
 732      7200
 733              	.LASF8:
 734 00bd 756E7369 		.ascii	"unsigned int\000"
 734      676E6564 
 734      20696E74 
 734      00
 735              	.LASF34:
 736 00ca 52656164 		.ascii	"ReadDataFromSFlash\000"
 736      44617461 
ARM GAS  C:\Users\Helon\AppData\Local\Temp\ccXAhOCC.s 			page 17


 736      46726F6D 
 736      53466C61 
 736      736800
 737              	.LASF13:
 738 00dd 666C6F61 		.ascii	"float\000"
 738      7400
 739              	.LASF22:
 740 00e3 72656731 		.ascii	"reg1\000"
 740      00
 741              	.LASF7:
 742 00e8 6C6F6E67 		.ascii	"long long unsigned int\000"
 742      206C6F6E 
 742      6720756E 
 742      7369676E 
 742      65642069 
 743              	.LASF24:
 744 00ff 72656733 		.ascii	"reg3\000"
 744      00
 745              	.LASF25:
 746 0104 72656734 		.ascii	"reg4\000"
 746      00
 747              	.LASF1:
 748 0109 756E7369 		.ascii	"unsigned char\000"
 748      676E6564 
 748      20636861 
 748      7200
 749              	.LASF27:
 750 0117 72656736 		.ascii	"reg6\000"
 750      00
 751              	.LASF33:
 752 011c 57726974 		.ascii	"WriteUserSFlashRow\000"
 752      65557365 
 752      7253466C 
 752      61736852 
 752      6F7700
 753              	.LASF5:
 754 012f 6C6F6E67 		.ascii	"long unsigned int\000"
 754      20756E73 
 754      69676E65 
 754      6420696E 
 754      7400
 755              	.LASF11:
 756 0141 75696E74 		.ascii	"uint8\000"
 756      3800
 757              	.LASF31:
 758 0147 2E5C5772 		.ascii	".\\WriteUserSFlash.c\000"
 758      69746555 
 758      73657253 
 758      466C6173 
 758      682E6300 
 759              	.LASF14:
 760 015b 646F7562 		.ascii	"double\000"
 760      6C6500
 761              	.LASF12:
 762 0162 75696E74 		.ascii	"uint32\000"
 762      333200
 763              	.LASF21:
ARM GAS  C:\Users\Helon\AppData\Local\Temp\ccXAhOCC.s 			page 18


 764 0169 636D6444 		.ascii	"cmdDataBuffer\000"
 764      61746142 
 764      75666665 
 764      7200
 765              	.LASF32:
 766 0177 473A5C43 		.ascii	"G:\\Company\\Jetronic\\CYPRESS\\CYPRESS_BLE_Study\\"
 766      6F6D7061 
 766      6E795C4A 
 766      6574726F 
 766      6E69635C 
 767 01a5 54726F75 		.ascii	"Troughput\\Troughpur_Central_Peripheral_V2.7\\Troug"
 767      67687075 
 767      745C5472 
 767      6F756768 
 767      7075725F 
 768 01d6 68707574 		.ascii	"hput_Central_Peripheral.cydsn\000"
 768      5F43656E 
 768      7472616C 
 768      5F506572 
 768      69706865 
 769              	.LASF15:
 770 01f4 63686172 		.ascii	"char\000"
 770      00
 771              	.LASF10:
 772 01f9 75696E74 		.ascii	"uint8_t\000"
 772      385F7400 
 773              	.LASF26:
 774 0201 72656735 		.ascii	"reg5\000"
 774      00
 775              	.LASF17:
 776 0206 73697A65 		.ascii	"sizetype\000"
 776      74797065 
 776      00
 777              	.LASF6:
 778 020f 6C6F6E67 		.ascii	"long long int\000"
 778      206C6F6E 
 778      6720696E 
 778      7400
 779              	.LASF28:
 780 021d 466C6173 		.ascii	"FlashData\000"
 780      68446174 
 780      6100
 781              	.LASF2:
 782 0227 73686F72 		.ascii	"short int\000"
 782      7420696E 
 782      7400
 783              	.LASF4:
 784 0231 6C6F6E67 		.ascii	"long int\000"
 784      20696E74 
 784      00
 785              	.LASF23:
 786 023a 72656732 		.ascii	"reg2\000"
 786      00
 787              	.LASF18:
 788 023f 75736572 		.ascii	"userRowNUmber\000"
 788      526F774E 
 788      556D6265 
ARM GAS  C:\Users\Helon\AppData\Local\Temp\ccXAhOCC.s 			page 19


 788      7200
 789              	.LASF0:
 790 024d 7369676E 		.ascii	"signed char\000"
 790      65642063 
 790      68617200 
 791              	.LASF3:
 792 0259 73686F72 		.ascii	"short unsigned int\000"
 792      7420756E 
 792      7369676E 
 792      65642069 
 792      6E7400
 793              		.ident	"GCC: (GNU Tools for ARM Embedded Processors) 4.9.3 20150303 (release) [ARM/embedded-4_9-br
